<?xml version="1.0" encoding="utf-8"?>
<TestRun id="f3a70f5a-1f9e-462d-9ff5-dbd4175b5c1f" name="Admin@DESKTOP-UIGURGP 2026-08-19 13:44:50" runUser="DESKTOP-UIGURGP\Admin" xmlns="http://microsoft.com/schemas/VisualStudio/TeamTest/2010">
  <Times creation="2026-08-19T13:44:50.4108061+03:00" queuing="2026-08-19T13:44:50.4108062+03:00" start="2026-08-19T13:44:49.6385165+03:00" finish="2026-08-19T13:44:52.9802868+03:00" />
  <TestSettings name="default" id="1b9bb7b1-ded2-44e3-8be9-3ad70f60cae9">
    <Deployment runDeploymentRoot="Admin_DESKTOP-UIGURGP_2026-08-19_13_44_50" />
  </TestSettings>
  <Results>
    <UnitTestResult executionId="1888b05e-ac0c-4507-bf2d-4a3014549dc7" testId="6c40a7f7-e734-c809-1e3a-ab390e213763" testName="LiteCad.Tests.ParallelLinesAddSegmentAuditTests.Audit_ParallelLinesAddSegment_PipelineTrace(tolerance: 20)" computerName="DESKTOP-UIGURGP" duration="00:00:00.0000557" startTime="2026-08-19T13:44:50.4612468+03:00" endTime="2026-08-19T13:44:50.4613071+03:00" testType="13cdc9d9-ddb5-4fa4-a97d-d965ccfc6d4b" outcome="Passed" testListId="8c84fa94-04c1-424b-9868-57a2d4851a1d" relativeResultsDirectory="1888b05e-ac0c-4507-bf2d-4a3014549dc7">
      <Output>
        <StdOut>=== AddSegment audit [exact repro y=20] (tolerance=20) ===&#xD;
Existing: (0,0) -&gt; (100,0)&#xD;
New:      (0,20) -&gt; (120,20)&#xD;
&#xD;
--- Geometry2D pre-checks ---&#xD;
AreDirectionsParallel: True&#xD;
DistanceToLine existingStart-&gt;new segment: 20 (&lt;=tol ? True)&#xD;
DistanceToLine existingEnd-&gt;new segment:   20 (&lt;=tol ? True)&#xD;
AreSegmentsCollinear: True&#xD;
TryGetCollinearSegmentOverlap: TRUE overlap=(0,20)-&gt;(100,20)&#xD;
TryGetSegmentIntersection: FALSE&#xD;
IsPointOnSegmentInterior newStart on existing: False&#xD;
IsPointOnSegmentInterior newEnd on existing:   False&#xD;
IsPointOnSegmentInterior existingEnd on new:    False&#xD;
IsPointOnSegmentInterior existingStart on new:  False&#xD;
&#xD;
--- Simulated AddSegment(new) pipeline ---&#xD;
Initial breakpoints: (0,20), (120,20)&#xD;
RemoveCollinearOverlaps WOULD TrimEdgeOverlap on existing with overlap=(0,20)-&gt;(100,20)&#xD;
  TrimEdgeOverlap params on existing: tStart=0, tEnd=1&#xD;
Final breakpoints after SortPointsAlongSegment: (0,20), (120,20)&#xD;
Would create 1 sub-segment(s) from breakpoints&#xD;
&#xD;
--- After AddSegment(existing) ---&#xD;
Edges=1, Vertices=2&#xD;
  Vertex (0, 0)&#xD;
  Vertex (100, 0)&#xD;
  Edge (0,0) -&gt; (100,0)&#xD;
&#xD;
--- After AddSegment(new) ---&#xD;
Edges=2, Vertices=4&#xD;
  Vertex (0, 0)&#xD;
  Vertex (100, 0)&#xD;
  Vertex (0, 20)&#xD;
  Vertex (120, 20)&#xD;
  Edge (0,0) -&gt; (100,0)&#xD;
  Edge (0,20) -&gt; (120,20)</StdOut>
      </Output>
    </UnitTestResult>
    <UnitTestResult executionId="9e17dae3-7c31-4dfa-8e7f-88d4ee84fa69" testId="08c9673e-7208-35a1-1000-1f9b3793bfd1" testName="LiteCad.Tests.SectorToolTests.Sector_ExactInputAbove360_CreatesOnlyOneFullCircle" computerName="DESKTOP-UIGURGP" duration="00:00:00.0042054" startTime="2026-08-19T13:44:52.6589138+03:00" endTime="2026-08-19T13:44:52.6630297+03:00" testType="13cdc9d9-ddb5-4fa4-a97d-d965ccfc6d4b" outcome="Passed" testListId="8c84fa94-04c1-424b-9868-57a2d4851a1d" relativeResultsDirectory="9e17dae3-7c31-4dfa-8e7f-88d4ee84fa69" />
    <UnitTestResult executionId="f8f07482-52af-4c16-a0ad-5ca768ce332d" testId="053b8e65-c3e6-71f5-70bf-72e96282803f" testName="LiteCad.Tests.FirstClosedSquareRegressionTests.NewDocument_ClearsSuppression_AllowsFirstSquareFace" computerName="DESKTOP-UIGURGP" duration="00:00:00.0007643" startTime="2026-08-19T13:44:51.2148105+03:00" endTime="2026-08-19T13:44:51.2154281+03:00" testType="13cdc9d9-ddb5-4fa4-a97d-d965ccfc6d4b" outcome="Passed" testListId="8c84fa94-04c1-424b-9868-57a2d4851a1d" relativeResultsDirectory="f8f07482-52af-4c16-a0ad-5ca768ce332d" />
    <UnitTestResult executionId="ad0a2079-b51a-4043-8923-9635fbd45d5c" testId="4bd39bcf-bea5-74c7-586a-6458130b569a" testName="LiteCad.Tests.MoveExactInputEnterCommitTests.MoveOrtho_ExactDistance_EnterCommitsImmediately" computerName="DESKTOP-UIGURGP" duration="00:00:00.0204318" startTime="2026-08-19T13:44:52.1975798+03:00" endTime="2026-08-19T13:44:52.2179197+03:00" testType="13cdc9d9-ddb5-4fa4-a97d-d965ccfc6d4b" outcome="Passed" testListId="8c84fa94-04c1-424b-9868-57a2d4851a1d" relativeResultsDirectory="ad0a2079-b51a-4043-8923-9635fbd45d5c" />
    <UnitTestResult executionId="2f0c3df4-453e-49dc-bcbc-0d09f42545f1" testId="b241ffbb-cfbf-2ada-863e-87cffb2547ef" testName="LiteCad.Tests.PolygonBuilderTests.SyncFaces_SuppressedFaceGeometryKey_IsNotRecreated" computerName="DESKTOP-UIGURGP" duration="00:00:00.0002040" startTime="2026-08-19T13:44:50.3896672+03:00" endTime="2026-08-19T13:44:50.3897912+03:00" testType="13cdc9d9-ddb5-4fa4-a97d-d965ccfc6d4b" outcome="Passed" testListId="8c84fa94-04c1-424b-9868-57a2d4851a1d" relativeResultsDirectory="2f0c3df4-453e-49dc-bcbc-0d09f42545f1" />
    <UnitTestResult executionId="67fd49a9-e187-4efc-bbdf-fb3bc650260d" testId="e049d646-a1c4-782d-5313-defed808dbbb" testName="LiteCad.Tests.FirstClosedSquareRegressionTests.LineToolFlow_FirstThenSecondClosedSquare_BothCreateFaces" computerName="DESKTOP-UIGURGP" duration="00:00:00.0004307" startTime="2026-08-19T13:44:51.2177601+03:00" endTime="2026-08-19T13:44:51.2180328+03:00" testType="13cdc9d9-ddb5-4fa4-a97d-d965ccfc6d4b" outcome="Passed" testListId="8c84fa94-04c1-424b-9868-57a2d4851a1d" relativeResultsDirectory="67fd49a9-e187-4efc-bbdf-fb3bc650260d">
      <Output>
        <StdOut>edges=4, vertices=4, faces=1, suppressed=0&#xD;
  edge d293992b-903f-4edf-a3bd-dcf2b8875998: (0,0) -&gt; (100,0)&#xD;
  edge 1f82da35-1f05-4d17-9e42-c8c608575472: (100,0) -&gt; (100,100)&#xD;
  edge e1e099fb-37f4-4354-8270-c7cdb22af85c: (100,100) -&gt; (0,100)&#xD;
  edge 58304b02-b2b3-405f-ba97-4d0617f4c238: (0,100) -&gt; (0,0)&#xD;
edges=8, vertices=8, faces=2, suppressed=0&#xD;
  edge d293992b-903f-4edf-a3bd-dcf2b8875998: (0,0) -&gt; (100,0)&#xD;
  edge 1f82da35-1f05-4d17-9e42-c8c608575472: (100,0) -&gt; (100,100)&#xD;
  edge e1e099fb-37f4-4354-8270-c7cdb22af85c: (100,100) -&gt; (0,100)&#xD;
  edge 58304b02-b2b3-405f-ba97-4d0617f4c238: (0,100) -&gt; (0,0)&#xD;
  edge 5ea78140-1b30-4a56-b1a7-04987b5f0bac: (200,0) -&gt; (300,0)&#xD;
  edge d83f3e31-6a8f-4b8a-a10f-3299bc433064: (300,0) -&gt; (300,100)&#xD;
  edge 2ac013e9-9acc-4368-93c9-f2a02cfbe70e: (300,100) -&gt; (200,100)&#xD;
  edge c59da51f-0f22-43fe-ad95-f98f69493c64: (200,100) -&gt; (200,0)</StdOut>
      </Output>
    </UnitTestResult>
    <UnitTestResult executionId="3306f36c-dc55-4758-838d-40cb4c7ec44e" testId="7bae5737-cc22-a261-275c-4c4eba4c124f" testName="LiteCad.Tests.TopologyTests.Square_CreatesFourCanonicalVertices" computerName="DESKTOP-UIGURGP" duration="00:00:00.0001828" startTime="2026-08-19T13:44:50.3856601+03:00" endTime="2026-08-19T13:44:50.3857034+03:00" testType="13cdc9d9-ddb5-4fa4-a97d-d965ccfc6d4b" outcome="Passed" testListId="8c84fa94-04c1-424b-9868-57a2d4851a1d" relativeResultsDirectory="3306f36c-dc55-4758-838d-40cb4c7ec44e" />
    <UnitTestResult executionId="3e97ec7f-827e-487f-8d8a-05bd8b67263d" testId="9685fd93-f93f-d55d-66bc-ead0ba8e0470" testName="LiteCad.Tests.MoveToolTests.RightClickDuringActiveMove_CancelsPreviewAndRestoresDocument" computerName="DESKTOP-UIGURGP" duration="00:00:00.0013337" startTime="2026-08-19T13:44:51.8526019+03:00" endTime="2026-08-19T13:44:51.8537968+03:00" testType="13cdc9d9-ddb5-4fa4-a97d-d965ccfc6d4b" outcome="Passed" testListId="8c84fa94-04c1-424b-9868-57a2d4851a1d" relativeResultsDirectory="3e97ec7f-827e-487f-8d8a-05bd8b67263d" />
    <UnitTestResult executionId="b4612ad1-4692-43f9-bb12-596ec9b9f177" testId="7c3588ad-fa72-3e33-5645-9d6bf63e617f" testName="LiteCad.Tests.RotateToolTests.RotateTool_RequiresSelection" computerName="DESKTOP-UIGURGP" duration="00:00:00.0371248" startTime="2026-08-19T13:44:50.3931901+03:00" endTime="2026-08-19T13:44:50.4298643+03:00" testType="13cdc9d9-ddb5-4fa4-a97d-d965ccfc6d4b" outcome="Passed" testListId="8c84fa94-04c1-424b-9868-57a2d4851a1d" relativeResultsDirectory="b4612ad1-4692-43f9-bb12-596ec9b9f177" />
    <UnitTestResult executionId="490f919f-84b2-4abb-af09-745d7bf1f4b1" testId="0d2a17c4-6850-fe91-42f2-9366af325bf9" testName="LiteCad.Tests.TopologyTests.DiagonalCreatesTwoFaces" computerName="DESKTOP-UIGURGP" duration="00:00:00.0002412" startTime="2026-08-19T13:44:50.3861096+03:00" endTime="2026-08-19T13:44:50.3861513+03:00" testType="13cdc9d9-ddb5-4fa4-a97d-d965ccfc6d4b" outcome="Passed" testListId="8c84fa94-04c1-424b-9868-57a2d4851a1d" relativeResultsDirectory="490f919f-84b2-4abb-af09-745d7bf1f4b1" />
    <UnitTestResult executionId="df65dcd5-68b2-4f76-a1d9-91d7e687aafe" testId="9a57e412-a6f3-ada7-fe15-2aa3af4c212c" testName="LiteCad.Tests.ArcToolTests.Arc_AfterSecondClick_ShowsRadiusInput" computerName="DESKTOP-UIGURGP" duration="00:00:00.0064342" startTime="2026-08-19T13:44:52.4951975+03:00" endTime="2026-08-19T13:44:52.5010208+03:00" testType="13cdc9d9-ddb5-4fa4-a97d-d965ccfc6d4b" outcome="Passed" testListId="8c84fa94-04c1-424b-9868-57a2d4851a1d" relativeResultsDirectory="df65dcd5-68b2-4f76-a1d9-91d7e687aafe" />
    <UnitTestResult executionId="fb5f4ed0-1d08-4cd9-827b-488292e06998" testId="1e6d4a8b-6456-bc8b-67f6-b9ead60249d4" testName="LiteCad.Tests.TopologyTests.SquareCornerProducesOneVertexSnap" computerName="DESKTOP-UIGURGP" duration="00:00:00.0163804" startTime="2026-08-19T13:44:50.3405420+03:00" endTime="2026-08-19T13:44:50.3546136+03:00" testType="13cdc9d9-ddb5-4fa4-a97d-d965ccfc6d4b" outcome="Passed" testListId="8c84fa94-04c1-424b-9868-57a2d4851a1d" relativeResultsDirectory="fb5f4ed0-1d08-4cd9-827b-488292e06998" />
    <UnitTestResult executionId="9a84ac25-a024-4205-8207-154b69facb6a" testId="5d8c4cc3-d23a-4d48-cb8b-94e7196c40bd" testName="LiteCad.Tests.StretchToolTests.ApplyStretch_MovesSelectedEdgePerpendicular" computerName="DESKTOP-UIGURGP" duration="00:00:00.0004908" startTime="2026-08-19T13:44:52.8262074+03:00" endTime="2026-08-19T13:44:52.8262672+03:00" testType="13cdc9d9-ddb5-4fa4-a97d-d965ccfc6d4b" outcome="Passed" testListId="8c84fa94-04c1-424b-9868-57a2d4851a1d" relativeResultsDirectory="9a84ac25-a024-4205-8207-154b69facb6a" />
    <UnitTestResult executionId="c5d938ca-b2e9-44bd-90b6-0c0090348c0f" testId="6d37833c-2583-0a63-00fd-bbb9ee8ab215" testName="LiteCad.Tests.MoveToolTests.MoveVertex_PreservesVertexId" computerName="DESKTOP-UIGURGP" duration="00:00:00.0004948" startTime="2026-08-19T13:44:51.8636623+03:00" endTime="2026-08-19T13:44:51.8637390+03:00" testType="13cdc9d9-ddb5-4fa4-a97d-d965ccfc6d4b" outcome="Passed" testListId="8c84fa94-04c1-424b-9868-57a2d4851a1d" relativeResultsDirectory="c5d938ca-b2e9-44bd-90b6-0c0090348c0f" />
    <UnitTestResult executionId="63c66e17-60ca-4c70-ad0d-d2c13c38d56f" testId="5fc65d66-3fbc-1f71-b4c6-9ba27e009509" testName="LiteCad.Tests.StretchToolTests.Stretch_LeftClick_InvalidEdgeDoesNothing" computerName="DESKTOP-UIGURGP" duration="00:00:00.0070864" startTime="2026-08-19T13:44:52.7672667+03:00" endTime="2026-08-19T13:44:52.7742612+03:00" testType="13cdc9d9-ddb5-4fa4-a97d-d965ccfc6d4b" outcome="Passed" testListId="8c84fa94-04c1-424b-9868-57a2d4851a1d" relativeResultsDirectory="63c66e17-60ca-4c70-ad0d-d2c13c38d56f" />
    <UnitTestResult executionId="4ff38c07-1e6e-4271-bdcc-47fcb0392ecd" testId="acf17400-e84e-ea37-139d-86a4d624741b" testName="LiteCad.Tests.SnapTopologyDiagnosticsTests.Square_DoesNotCreateDuplicateVertexPositionsWithinTolerance" computerName="DESKTOP-UIGURGP" duration="00:00:00.0027118" startTime="2026-08-19T13:44:52.6860179+03:00" endTime="2026-08-19T13:44:52.6887112+03:00" testType="13cdc9d9-ddb5-4fa4-a97d-d965ccfc6d4b" outcome="Passed" testListId="8c84fa94-04c1-424b-9868-57a2d4851a1d" relativeResultsDirectory="4ff38c07-1e6e-4271-bdcc-47fcb0392ecd">
      <Output>
        <StdOut>=== Exact LineTool square (tolerance=12) ===&#xD;
Edge count: 4&#xD;
Vertex count: 4&#xD;
&#xD;
Canonical vertices:&#xD;
  42f2abc4-5b62-440e-be1d-1cd7543e419d: (0, 0)&#xD;
  8fab806e-8ad6-4283-ab30-ab201c73bb54: (100, 0)&#xD;
  b4fe7512-c0fd-4b34-8b5e-5320ad1a4ab7: (100, 100)&#xD;
  8e3aac07-3c7d-4471-b8cd-1d0c66458922: (0, 100)&#xD;
&#xD;
All Edge endpoints:&#xD;
  94cdfbbe-e3ac-4cfd-8b83-fa50a1864c11: Start=(0, 0) End=(100, 0)&#xD;
  0a3bdbfe-21cf-450b-8097-4167d5dad42e: Start=(100, 0) End=(100, 100)&#xD;
  ed19265a-a516-4c7a-a811-f8717d97e832: Start=(100, 100) End=(0, 100)&#xD;
  2e7d9a77-15df-415a-9b36-f685af4fa035: Start=(0, 100) End=(0, 0)&#xD;
&#xD;
Expected corners: 4&#xD;
  Corner (0, 0): visible-snaps=1, vertex-snaps=1&#xD;
  Corner (0, 100): visible-snaps=1, vertex-snaps=1&#xD;
  Corner (100, 0): visible-snaps=1, vertex-snaps=1&#xD;
  Corner (100, 100): visible-snaps=1, vertex-snaps=1</StdOut>
      </Output>
    </UnitTestResult>
    <UnitTestResult executionId="5ce52f35-a030-47dd-8605-46fed605f9df" testId="4802faa0-2eac-4e15-f524-4491449aaf31" testName="LiteCad.Tests.CopyToolTests.CopyTool_ActivateWithSelection_IsActive_Sta" computerName="DESKTOP-UIGURGP" duration="00:00:00.0010058" startTime="2026-08-19T13:44:52.4560132+03:00" endTime="2026-08-19T13:44:52.4569291+03:00" testType="13cdc9d9-ddb5-4fa4-a97d-d965ccfc6d4b" outcome="Passed" testListId="8c84fa94-04c1-424b-9868-57a2d4851a1d" relativeResultsDirectory="5ce52f35-a030-47dd-8605-46fed605f9df" />
    <UnitTestResult executionId="dfe31c1e-1906-40ce-a0d8-a29fbe34b1fd" testId="05f59013-f83f-ed01-a2c4-2fab24ae4220" testName="LiteCad.Tests.CircleToolTests.Circle_EnterCommitsImmediately" computerName="DESKTOP-UIGURGP" duration="00:00:00.0078619" startTime="2026-08-19T13:44:52.5963524+03:00" endTime="2026-08-19T13:44:52.6033998+03:00" testType="13cdc9d9-ddb5-4fa4-a97d-d965ccfc6d4b" outcome="Failed" testListId="8c84fa94-04c1-424b-9868-57a2d4851a1d" relativeResultsDirectory="dfe31c1e-1906-40ce-a0d8-a29fbe34b1fd">
      <Output>
        <ErrorInfo>
          <Message>System.ArgumentNullException : Value cannot be null. (Parameter 'inputSource')</Message>
          <StackTrace>   at System.ArgumentNullException.Throw(String paramName)&#xD;
   at System.ArgumentNullException.ThrowIfNull(Object argument, String paramName)&#xD;
   at System.Windows.Input.KeyEventArgs..ctor(KeyboardDevice keyboard, PresentationSource inputSource, Int32 timestamp, Key key)&#xD;
   at LiteCad.Tests.CircleToolTests.CreateEnterKey() in C:\Users\Admin\source\repos\LiteCad\LiteCad.Tests\CircleToolTests.cs:line 300&#xD;
   at LiteCad.Tests.CircleToolTests.CircleInteractiveHarness.PressEnter() in C:\Users\Admin\source\repos\LiteCad\LiteCad.Tests\CircleToolTests.cs:line 419&#xD;
   at LiteCad.Tests.CircleToolTests.&lt;&gt;c.&lt;Circle_EnterCommitsImmediately&gt;b__12_0() in C:\Users\Admin\source\repos\LiteCad\LiteCad.Tests\CircleToolTests.cs:line 168&#xD;
   at LiteCad.Tests.CircleToolTests.&lt;&gt;c__DisplayClass21_0.&lt;RunSta&gt;b__0() in C:\Users\Admin\source\repos\LiteCad\LiteCad.Tests\CircleToolTests.cs:line 266&#xD;
--- End of stack trace from previous location ---&#xD;
   at LiteCad.Tests.CircleToolTests.RunSta(Action action) in C:\Users\Admin\source\repos\LiteCad\LiteCad.Tests\CircleToolTests.cs:line 280&#xD;
   at LiteCad.Tests.CircleToolTests.Circle_EnterCommitsImmediately() in C:\Users\Admin\source\repos\LiteCad\LiteCad.Tests\CircleToolTests.cs:line 162&#xD;
   at System.Reflection.MethodBaseInvoker.InterpretedInvoke_Method(Object obj, IntPtr* args)&#xD;
   at System.Reflection.MethodBaseInvoker.InvokeWithNoArgs(Object obj, BindingFlags invokeAttr)</StackTrace>
        </ErrorInfo>
      </Output>
    </UnitTestResult>
    <UnitTestResult executionId="c4930f8a-162d-4f2d-805f-4968bd3d6c4b" testId="10ea2048-a6a7-c315-9ece-0d3268eb6ad9" testName="LiteCad.Tests.MoveToolTests.MoveVertex_RebuildsFace" computerName="DESKTOP-UIGURGP" duration="00:00:00.0003468" startTime="2026-08-19T13:44:51.8545982+03:00" endTime="2026-08-19T13:44:51.8548548+03:00" testType="13cdc9d9-ddb5-4fa4-a97d-d965ccfc6d4b" outcome="Passed" testListId="8c84fa94-04c1-424b-9868-57a2d4851a1d" relativeResultsDirectory="c4930f8a-162d-4f2d-805f-4968bd3d6c4b" />
    <UnitTestResult executionId="3e6f367f-d64c-42d7-afac-be6980ff0ef9" testId="da895449-3d31-6bf1-a495-d4f598a9c47a" testName="LiteCad.Tests.HandToolTests.Pan_UpdatesPanOffsetByScreenDelta" computerName="DESKTOP-UIGURGP" duration="00:00:00.0009768" startTime="2026-08-19T13:44:52.1931855+03:00" endTime="2026-08-19T13:44:52.1940163+03:00" testType="13cdc9d9-ddb5-4fa4-a97d-d965ccfc6d4b" outcome="Passed" testListId="8c84fa94-04c1-424b-9868-57a2d4851a1d" relativeResultsDirectory="3e6f367f-d64c-42d7-afac-be6980ff0ef9" />
    <UnitTestResult executionId="129eec52-583f-4c5a-b5fa-4d4261e8f360" testId="dc16c0f0-227f-090b-077c-29376233385d" testName="LiteCad.Tests.PolygonBuilderTests.SyncFaces_TwoTrianglesFromDiagonal_SumAreaEqualsSquareArea" computerName="DESKTOP-UIGURGP" duration="00:00:00.0004160" startTime="2026-08-19T13:44:50.3899014+03:00" endTime="2026-08-19T13:44:50.3902391+03:00" testType="13cdc9d9-ddb5-4fa4-a97d-d965ccfc6d4b" outcome="Passed" testListId="8c84fa94-04c1-424b-9868-57a2d4851a1d" relativeResultsDirectory="129eec52-583f-4c5a-b5fa-4d4261e8f360" />
    <UnitTestResult executionId="e89c3337-2bbc-4e92-9d6b-a5451f36a7bd" testId="064957fe-8f8a-9584-fc1b-d236344e6a7c" testName="LiteCad.Tests.MoveExactInputTests.UndoRedoStillWorks" computerName="DESKTOP-UIGURGP" duration="00:00:00.0203620" startTime="2026-08-19T13:44:51.0854776+03:00" endTime="2026-08-19T13:44:51.1057379+03:00" testType="13cdc9d9-ddb5-4fa4-a97d-d965ccfc6d4b" outcome="Passed" testListId="8c84fa94-04c1-424b-9868-57a2d4851a1d" relativeResultsDirectory="e89c3337-2bbc-4e92-9d6b-a5451f36a7bd" />
    <UnitTestResult executionId="62b0c5b3-c3ea-41f9-987a-6b43e05b08e5" testId="cd59c953-34a1-19bf-a3e5-7ea18be607ef" testName="LiteCad.Tests.TopologyToleranceTests.ParallelOffset20_NoOverlap" computerName="DESKTOP-UIGURGP" duration="00:00:00.0003117" startTime="2026-08-19T13:44:51.2856572+03:00" endTime="2026-08-19T13:44:51.2857355+03:00" testType="13cdc9d9-ddb5-4fa4-a97d-d965ccfc6d4b" outcome="Passed" testListId="8c84fa94-04c1-424b-9868-57a2d4851a1d" relativeResultsDirectory="62b0c5b3-c3ea-41f9-987a-6b43e05b08e5" />
    <UnitTestResult executionId="5f8e7007-52bb-4b6d-8bb3-425001b725b1" testId="95bf116d-4f5e-4410-5142-55c82f197476" testName="LiteCad.Tests.SectorToolTests.Sector_ExactInputAbove360_NoDuplicateSecondRevolution" computerName="DESKTOP-UIGURGP" duration="00:00:00.0064179" startTime="2026-08-19T13:44:52.6727427+03:00" endTime="2026-08-19T13:44:52.6790261+03:00" testType="13cdc9d9-ddb5-4fa4-a97d-d965ccfc6d4b" outcome="Passed" testListId="8c84fa94-04c1-424b-9868-57a2d4851a1d" relativeResultsDirectory="5f8e7007-52bb-4b6d-8bb3-425001b725b1" />
    <UnitTestResult executionId="53df7010-07ec-4525-b028-8a96c0d1dd39" testId="9b8ef517-953b-ce46-eaf4-18e6d9ce135e" testName="LiteCad.Tests.PolygonBuilderTests.SyncFaces_SquareWithInnerSquare_CreatesTwoSolidFaces" computerName="DESKTOP-UIGURGP" duration="00:00:00.0034156" startTime="2026-08-19T13:44:50.3881779+03:00" endTime="2026-08-19T13:44:50.3889384+03:00" testType="13cdc9d9-ddb5-4fa4-a97d-d965ccfc6d4b" outcome="Passed" testListId="8c84fa94-04c1-424b-9868-57a2d4851a1d" relativeResultsDirectory="53df7010-07ec-4525-b028-8a96c0d1dd39" />
    <UnitTestResult executionId="86eb8c1e-6fd8-4634-86a7-9459e3e1af67" testId="b6e4357f-3bca-553f-211e-afc98b391b04" testName="LiteCad.Tests.MoveExactInputDistanceSemanticsTests.XNegativeUnchanged" computerName="DESKTOP-UIGURGP" duration="00:00:00.0209922" startTime="2026-08-19T13:44:51.5811571+03:00" endTime="2026-08-19T13:44:51.5969681+03:00" testType="13cdc9d9-ddb5-4fa4-a97d-d965ccfc6d4b" outcome="Passed" testListId="8c84fa94-04c1-424b-9868-57a2d4851a1d" relativeResultsDirectory="86eb8c1e-6fd8-4634-86a7-9459e3e1af67" />
    <UnitTestResult executionId="25b71c65-1561-43ad-8972-9bfa4c3b8ba7" testId="d2f50a7a-f489-c8b6-0116-67ed1197cb33" testName="LiteCad.Tests.StretchToolTests.StretchDistanceInput_EnterCommitsImmediately" computerName="DESKTOP-UIGURGP" duration="00:00:00.0072481" startTime="2026-08-19T13:44:52.8181738+03:00" endTime="2026-08-19T13:44:52.8253664+03:00" testType="13cdc9d9-ddb5-4fa4-a97d-d965ccfc6d4b" outcome="Passed" testListId="8c84fa94-04c1-424b-9868-57a2d4851a1d" relativeResultsDirectory="25b71c65-1561-43ad-8972-9bfa4c3b8ba7" />
    <UnitTestResult executionId="497503ae-366f-4e4a-9c6b-19f57a4543bf" testId="8f62298f-8faa-2415-871a-e96e0d67fef9" testName="LiteCad.Tests.RotateToolTests.RotateTool_PreviewDoesNotModifyDocument" computerName="DESKTOP-UIGURGP" duration="00:00:00.0040879" startTime="2026-08-19T13:44:50.4467659+03:00" endTime="2026-08-19T13:44:50.4508626+03:00" testType="13cdc9d9-ddb5-4fa4-a97d-d965ccfc6d4b" outcome="Passed" testListId="8c84fa94-04c1-424b-9868-57a2d4851a1d" relativeResultsDirectory="497503ae-366f-4e4a-9c6b-19f57a4543bf" />
    <UnitTestResult executionId="72f2d0d6-0a02-48f2-a2ec-ef3cdb100166" testId="353d7f99-e6c0-5773-f690-d5e0d09e02b9" testName="LiteCad.Tests.SectorToolTests.Sector_AngleEnter_CommitsSector" computerName="DESKTOP-UIGURGP" duration="00:00:00.0141737" startTime="2026-08-19T13:44:52.6151626+03:00" endTime="2026-08-19T13:44:52.6257459+03:00" testType="13cdc9d9-ddb5-4fa4-a97d-d965ccfc6d4b" outcome="Passed" testListId="8c84fa94-04c1-424b-9868-57a2d4851a1d" relativeResultsDirectory="72f2d0d6-0a02-48f2-a2ec-ef3cdb100166" />
    <UnitTestResult executionId="477f3f3c-20bd-4a2f-8a8e-e115a2e2d20c" testId="cbccfa1d-ac2e-c69f-527f-17dd06622786" testName="LiteCad.Tests.StretchToolTests.TryCreatePlan_RectangleBottomEdge_Succeeds" computerName="DESKTOP-UIGURGP" duration="00:00:00.0002065" startTime="2026-08-19T13:44:52.8271510+03:00" endTime="2026-08-19T13:44:52.8272291+03:00" testType="13cdc9d9-ddb5-4fa4-a97d-d965ccfc6d4b" outcome="Passed" testListId="8c84fa94-04c1-424b-9868-57a2d4851a1d" relativeResultsDirectory="477f3f3c-20bd-4a2f-8a8e-e115a2e2d20c" />
    <UnitTestResult executionId="4e7f68e7-24cd-46e6-8b6d-4e9a4e111a25" testId="3825e2fb-149d-075b-1d6b-c60501d864eb" testName="LiteCad.Tests.MovePropertiesOrthoTests.MoveOrthoToggle_ChangesOrthoEnabled" computerName="DESKTOP-UIGURGP" duration="00:00:00.0292217" startTime="2026-08-19T13:44:51.7473549+03:00" endTime="2026-08-19T13:44:51.7760033+03:00" testType="13cdc9d9-ddb5-4fa4-a97d-d965ccfc6d4b" outcome="Passed" testListId="8c84fa94-04c1-424b-9868-57a2d4851a1d" relativeResultsDirectory="4e7f68e7-24cd-46e6-8b6d-4e9a4e111a25" />
    <UnitTestResult executionId="7ebf0046-bc1c-4a45-906a-a8740ec8007b" testId="17efa056-0e2b-3e0c-e481-f3e767c457ba" testName="LiteCad.Tests.NestedContourFaceTests.TwoIndependentOuterContours_TwoSolidFaces" computerName="DESKTOP-UIGURGP" duration="00:00:00.0004567" startTime="2026-08-19T13:44:51.2235529+03:00" endTime="2026-08-19T13:44:51.2238426+03:00" testType="13cdc9d9-ddb5-4fa4-a97d-d965ccfc6d4b" outcome="Passed" testListId="8c84fa94-04c1-424b-9868-57a2d4851a1d" relativeResultsDirectory="7ebf0046-bc1c-4a45-906a-a8740ec8007b" />
    <UnitTestResult executionId="66aa5666-3de6-4b64-854b-69fcebb39cbb" testId="672d5ab8-6f86-4410-e853-a5c3bf6dc2e6" testName="LiteCad.Tests.FaceRestorationTests.Test2_DeleteOneEdge_FaceCountIsZero" computerName="DESKTOP-UIGURGP" duration="00:00:00.0002001" startTime="2026-08-19T13:44:50.3386635+03:00" endTime="2026-08-19T13:44:50.3387068+03:00" testType="13cdc9d9-ddb5-4fa4-a97d-d965ccfc6d4b" outcome="Passed" testListId="8c84fa94-04c1-424b-9868-57a2d4851a1d" relativeResultsDirectory="66aa5666-3de6-4b64-854b-69fcebb39cbb" />
    <UnitTestResult executionId="fcd8a605-6645-4fcc-a064-eee5201226f5" testId="172d6c13-7a46-b211-f664-7ef39f6c7235" testName="LiteCad.Tests.EraserToolTests.Eraser_RightClick" computerName="DESKTOP-UIGURGP" duration="00:00:00.0014806" startTime="2026-08-19T13:44:52.5210147+03:00" endTime="2026-08-19T13:44:52.5223951+03:00" testType="13cdc9d9-ddb5-4fa4-a97d-d965ccfc6d4b" outcome="Passed" testListId="8c84fa94-04c1-424b-9868-57a2d4851a1d" relativeResultsDirectory="fcd8a605-6645-4fcc-a064-eee5201226f5" />
    <UnitTestResult executionId="7e5e57fb-a4c1-4d4f-a3ef-2f8a508f63cc" testId="2b8e7c6d-d5ab-317a-3a6b-a6c846ff2248" testName="LiteCad.Tests.MoveExactInputEnterCommitTests.MoveMouseOnly_StillRequiresSecondClick" computerName="DESKTOP-UIGURGP" duration="00:00:00.0178474" startTime="2026-08-19T13:44:52.2904852+03:00" endTime="2026-08-19T13:44:52.3081630+03:00" testType="13cdc9d9-ddb5-4fa4-a97d-d965ccfc6d4b" outcome="Passed" testListId="8c84fa94-04c1-424b-9868-57a2d4851a1d" relativeResultsDirectory="7e5e57fb-a4c1-4d4f-a3ef-2f8a508f63cc" />
    <UnitTestResult executionId="5d09ee9d-c8df-4ecd-b675-c2da591cff2a" testId="5fd22205-fb3a-8a8b-23a9-6442c7ebeac6" testName="LiteCad.Tests.NestedContourFaceTests.K_DeleteA_DoesNotDeleteB" computerName="DESKTOP-UIGURGP" duration="00:00:00.0002591" startTime="2026-08-19T13:44:51.2185800+03:00" endTime="2026-08-19T13:44:51.2187533+03:00" testType="13cdc9d9-ddb5-4fa4-a97d-d965ccfc6d4b" outcome="Passed" testListId="8c84fa94-04c1-424b-9868-57a2d4851a1d" relativeResultsDirectory="5d09ee9d-c8df-4ecd-b675-c2da591cff2a" />
    <UnitTestResult executionId="177a29ed-5d9d-42b8-b3b7-ac6f8bb7ee3f" testId="fe66ccfa-2621-a7ee-776b-369b9cf6277a" testName="LiteCad.Tests.CircleToolTests.Circle_PreviewDoesNotMutateDocument" computerName="DESKTOP-UIGURGP" duration="00:00:00.0010949" startTime="2026-08-19T13:44:52.5352350+03:00" endTime="2026-08-19T13:44:52.5361743+03:00" testType="13cdc9d9-ddb5-4fa4-a97d-d965ccfc6d4b" outcome="Passed" testListId="8c84fa94-04c1-424b-9868-57a2d4851a1d" relativeResultsDirectory="177a29ed-5d9d-42b8-b3b7-ac6f8bb7ee3f" />
    <UnitTestResult executionId="f4a7a7eb-9836-47b0-867c-51466c7f80b6" testId="1da1d1af-3aa4-30c9-bbf3-21a8595f94bc" testName="LiteCad.Tests.MoveToolTests.ActivatingMove_ShowsVertexHandlesForAllVertices" computerName="DESKTOP-UIGURGP" duration="00:00:00.0015333" startTime="2026-08-19T13:44:51.8650482+03:00" endTime="2026-08-19T13:44:51.8663796+03:00" testType="13cdc9d9-ddb5-4fa4-a97d-d965ccfc6d4b" outcome="Passed" testListId="8c84fa94-04c1-424b-9868-57a2d4851a1d" relativeResultsDirectory="f4a7a7eb-9836-47b0-867c-51466c7f80b6" />
    <UnitTestResult executionId="ed7c4a07-4577-4fea-a70f-83523dcf864a" testId="12804470-82b8-3932-5899-9da722f7fac9" testName="LiteCad.Tests.MoveExactInputDistanceSemanticsTests.OrthoLeft_Distance200_ProducesMinus200" computerName="DESKTOP-UIGURGP" duration="00:00:00.0201200" startTime="2026-08-19T13:44:51.4209009+03:00" endTime="2026-08-19T13:44:51.4404980+03:00" testType="13cdc9d9-ddb5-4fa4-a97d-d965ccfc6d4b" outcome="Passed" testListId="8c84fa94-04c1-424b-9868-57a2d4851a1d" relativeResultsDirectory="ed7c4a07-4577-4fea-a70f-83523dcf864a" />
    <UnitTestResult executionId="d6fd78c3-b397-4389-a95b-7d58a95d6e53" testId="9c658896-c6ae-0853-1219-fa8213cad655" testName="LiteCad.Tests.MoveExactInputTests.ToggleOrtho_DoesNotMixInputValues" computerName="DESKTOP-UIGURGP" duration="00:00:00.0243489" startTime="2026-08-19T13:44:51.0610648+03:00" endTime="2026-08-19T13:44:51.0852926+03:00" testType="13cdc9d9-ddb5-4fa4-a97d-d965ccfc6d4b" outcome="Passed" testListId="8c84fa94-04c1-424b-9868-57a2d4851a1d" relativeResultsDirectory="d6fd78c3-b397-4389-a95b-7d58a95d6e53" />
    <UnitTestResult executionId="8c1f40b8-ced3-4c16-a2e4-357c87924292" testId="009d9743-b46f-0cc7-ffd2-adaab6f524cc" testName="LiteCad.Tests.LineToolSnapContractTests.SecondPoint_NearSquareCorner_StillSnapsToEndpoint" computerName="DESKTOP-UIGURGP" duration="00:00:00.0007117" startTime="2026-08-19T13:44:52.6913616+03:00" endTime="2026-08-19T13:44:52.6920081+03:00" testType="13cdc9d9-ddb5-4fa4-a97d-d965ccfc6d4b" outcome="Passed" testListId="8c84fa94-04c1-424b-9868-57a2d4851a1d" relativeResultsDirectory="8c1f40b8-ced3-4c16-a2e4-357c87924292" />
    <UnitTestResult executionId="b1d10fd0-1dc4-422c-aa60-93523d849096" testId="643ffe7e-feb4-e063-7939-b21dacba080d" testName="LiteCad.Tests.StretchToolTests.ValidRoomWallStretchStillWorks" computerName="DESKTOP-UIGURGP" duration="00:00:00.0080221" startTime="2026-08-19T13:44:52.7288553+03:00" endTime="2026-08-19T13:44:52.7367706+03:00" testType="13cdc9d9-ddb5-4fa4-a97d-d965ccfc6d4b" outcome="Passed" testListId="8c84fa94-04c1-424b-9868-57a2d4851a1d" relativeResultsDirectory="b1d10fd0-1dc4-422c-aa60-93523d849096" />
    <UnitTestResult executionId="87be9212-2c20-4659-9fe7-d2f4ef3dfe22" testId="d2b698e0-a57c-b753-de10-79d56cd0b9ea" testName="LiteCad.Tests.MoveExactInputDistanceSemanticsTests.EnterCommitsCorrectSignedDelta" computerName="DESKTOP-UIGURGP" duration="00:00:00.0171716" startTime="2026-08-19T13:44:51.5419652+03:00" endTime="2026-08-19T13:44:51.5590555+03:00" testType="13cdc9d9-ddb5-4fa4-a97d-d965ccfc6d4b" outcome="Passed" testListId="8c84fa94-04c1-424b-9868-57a2d4851a1d" relativeResultsDirectory="87be9212-2c20-4659-9fe7-d2f4ef3dfe22" />
    <UnitTestResult executionId="d6baa403-ad0b-42e1-ac8f-0400b3e6c1b2" testId="28415765-f951-a594-67da-3a87a188e6c4" testName="LiteCad.Tests.PolygonBuilderTests.SyncFaces_TwoAdjacentSquares_CreatesTwoFacesWithSharedEdge" computerName="DESKTOP-UIGURGP" duration="00:00:00.0008634" startTime="2026-08-19T13:44:50.3880288+03:00" endTime="2026-08-19T13:44:50.3880720+03:00" testType="13cdc9d9-ddb5-4fa4-a97d-d965ccfc6d4b" outcome="Passed" testListId="8c84fa94-04c1-424b-9868-57a2d4851a1d" relativeResultsDirectory="d6baa403-ad0b-42e1-ac8f-0400b3e6c1b2" />
    <UnitTestResult executionId="1815ec7e-80e8-4493-98e9-9a11450a8bc8" testId="c2c50cc3-1b2a-ba08-9d42-696d15d27612" testName="LiteCad.Tests.SectorGeometryTests.IsFullCircle_DetectsCompleteRevolution(angle: 90, expected: False)" computerName="DESKTOP-UIGURGP" duration="00:00:00.0000066" startTime="2026-08-19T13:44:52.1699152+03:00" endTime="2026-08-19T13:44:52.1699755+03:00" testType="13cdc9d9-ddb5-4fa4-a97d-d965ccfc6d4b" outcome="Passed" testListId="8c84fa94-04c1-424b-9868-57a2d4851a1d" relativeResultsDirectory="1815ec7e-80e8-4493-98e9-9a11450a8bc8" />
    <UnitTestResult executionId="7b5f7f2f-46b9-4ac3-a5d8-037c9ceff4a0" testId="837559a3-c5b5-2593-4791-1e0792c39b85" testName="LiteCad.Tests.CopyToolTests.CopyRedo_RestoresCopiedGeometry" computerName="DESKTOP-UIGURGP" duration="00:00:00.0019928" startTime="2026-08-19T13:44:52.4026790+03:00" endTime="2026-08-19T13:44:52.4045811+03:00" testType="13cdc9d9-ddb5-4fa4-a97d-d965ccfc6d4b" outcome="Passed" testListId="8c84fa94-04c1-424b-9868-57a2d4851a1d" relativeResultsDirectory="7b5f7f2f-46b9-4ac3-a5d8-037c9ceff4a0" />
    <UnitTestResult executionId="9a92e3e4-372c-4773-83b1-99a717c140d5" testId="fe3142ab-744c-9f56-b5fd-44cc35da5e36" testName="LiteCad.Tests.ArcToolTests.Arc_InvalidRadiusInput_IsPreserved" computerName="DESKTOP-UIGURGP" duration="00:00:00.0073793" startTime="2026-08-19T13:44:52.5023050+03:00" endTime="2026-08-19T13:44:52.5096270+03:00" testType="13cdc9d9-ddb5-4fa4-a97d-d965ccfc6d4b" outcome="Passed" testListId="8c84fa94-04c1-424b-9868-57a2d4851a1d" relativeResultsDirectory="9a92e3e4-372c-4773-83b1-99a717c140d5" />
    <UnitTestResult executionId="c9531e18-74aa-47b1-9d34-241c320074b2" testId="17657e27-1699-c9da-b1d0-dffab8353195" testName="LiteCad.Tests.NestedContourFaceTests.ContainmentTree_IsDerivedAndMatchesNestedStructure" computerName="DESKTOP-UIGURGP" duration="00:00:00.0008591" startTime="2026-08-19T13:44:51.2318274+03:00" endTime="2026-08-19T13:44:51.2324958+03:00" testType="13cdc9d9-ddb5-4fa4-a97d-d965ccfc6d4b" outcome="Passed" testListId="8c84fa94-04c1-424b-9868-57a2d4851a1d" relativeResultsDirectory="c9531e18-74aa-47b1-9d34-241c320074b2" />
    <UnitTestResult executionId="77d6ee38-9e62-45c6-bed7-532621b89afb" testId="c7e192fb-a942-bb9b-3fb7-ae98778f5fdc" testName="LiteCad.Tests.DocumentHistoryTests.SquareThenDiagonal_Undo_RestoresOneValidFace" computerName="DESKTOP-UIGURGP" duration="00:00:00.0021610" startTime="2026-08-19T13:44:52.1735032+03:00" endTime="2026-08-19T13:44:52.1735703+03:00" testType="13cdc9d9-ddb5-4fa4-a97d-d965ccfc6d4b" outcome="Passed" testListId="8c84fa94-04c1-424b-9868-57a2d4851a1d" relativeResultsDirectory="77d6ee38-9e62-45c6-bed7-532621b89afb" />
    <UnitTestResult executionId="3dd0b8d3-6228-4575-828c-2eac89681eec" testId="a1acb193-f0c3-a9ae-60f3-f351975a4cea" testName="LiteCad.Tests.SnapServiceTests.SquareCorner_ReturnsExactlyOneGeometricSnap" computerName="DESKTOP-UIGURGP" duration="00:00:00.0003698" startTime="2026-08-19T13:44:52.4623288+03:00" endTime="2026-08-19T13:44:52.4626056+03:00" testType="13cdc9d9-ddb5-4fa4-a97d-d965ccfc6d4b" outcome="Passed" testListId="8c84fa94-04c1-424b-9868-57a2d4851a1d" relativeResultsDirectory="3dd0b8d3-6228-4575-828c-2eac89681eec" />
    <UnitTestResult executionId="982f60e5-663e-4012-9cb0-2b17e4aefb4e" testId="29e33d1a-e7b5-815f-5467-29897742b768" testName="LiteCad.Tests.NestedContourFaceTests.D_NestedFourContours_FourSolidFaces" computerName="DESKTOP-UIGURGP" duration="00:00:00.0005592" startTime="2026-08-19T13:44:51.2197901+03:00" endTime="2026-08-19T13:44:51.2202413+03:00" testType="13cdc9d9-ddb5-4fa4-a97d-d965ccfc6d4b" outcome="Passed" testListId="8c84fa94-04c1-424b-9868-57a2d4851a1d" relativeResultsDirectory="982f60e5-663e-4012-9cb0-2b17e4aefb4e" />
    <UnitTestResult executionId="1dfe7333-8aa0-43fc-b11e-1d92044bcb1f" testId="8ff71eb6-84b8-9b95-0e8e-e7f66390e320" testName="LiteCad.Tests.SectorToolTests.Sector_ExactAngle270_Applies270" computerName="DESKTOP-UIGURGP" duration="00:00:00.0019153" startTime="2026-08-19T13:44:52.6828691+03:00" endTime="2026-08-19T13:44:52.6846797+03:00" testType="13cdc9d9-ddb5-4fa4-a97d-d965ccfc6d4b" outcome="Passed" testListId="8c84fa94-04c1-424b-9868-57a2d4851a1d" relativeResultsDirectory="1dfe7333-8aa0-43fc-b11e-1d92044bcb1f" />
    <UnitTestResult executionId="7fa63aae-3d2c-4dfc-ba7a-fc886bd2c1f0" testId="48636cb2-5253-b6d0-26e5-a23b0315d5ec" testName="LiteCad.Tests.RectangleToolTests.EmptyDocument_CreateRectangle_CreatesFourVerticesFourEdgesAndOneFace" computerName="DESKTOP-UIGURGP" duration="00:00:00.0012095" startTime="2026-08-19T13:44:51.6256216+03:00" endTime="2026-08-19T13:44:51.6266874+03:00" testType="13cdc9d9-ddb5-4fa4-a97d-d965ccfc6d4b" outcome="Passed" testListId="8c84fa94-04c1-424b-9868-57a2d4851a1d" relativeResultsDirectory="7fa63aae-3d2c-4dfc-ba7a-fc886bd2c1f0" />
    <UnitTestResult executionId="e944d88e-5c19-497d-8fae-b68be6f210ce" testId="5e688c0a-a180-683b-3418-7880f21d8021" testName="LiteCad.Tests.MoveExactInputTests.MoveOrthoOn_ShowsDistanceField" computerName="DESKTOP-UIGURGP" duration="00:00:00.0234073" startTime="2026-08-19T13:44:50.9766161+03:00" endTime="2026-08-19T13:44:50.9991725+03:00" testType="13cdc9d9-ddb5-4fa4-a97d-d965ccfc6d4b" outcome="Passed" testListId="8c84fa94-04c1-424b-9868-57a2d4851a1d" relativeResultsDirectory="e944d88e-5c19-497d-8fae-b68be6f210ce" />
    <UnitTestResult executionId="33e66328-f2de-4ace-a1a6-33a6f6a7fe66" testId="40f0d483-b8e4-fda7-0adc-e0c35c6ae93c" testName="LiteCad.Tests.MoveExactInputTests.MoveOrthoHorizontalPositiveDistance" computerName="DESKTOP-UIGURGP" duration="00:00:00.0196742" startTime="2026-08-19T13:44:51.1458386+03:00" endTime="2026-08-19T13:44:51.1654100+03:00" testType="13cdc9d9-ddb5-4fa4-a97d-d965ccfc6d4b" outcome="Passed" testListId="8c84fa94-04c1-424b-9868-57a2d4851a1d" relativeResultsDirectory="33e66328-f2de-4ace-a1a6-33a6f6a7fe66" />
    <UnitTestResult executionId="770bfd17-752b-49d8-9cd5-de5609cd57f6" testId="eeb946d2-d68e-58f6-3acc-3ec51f6d5281" testName="LiteCad.Tests.SectorGeometryTests.ComputeSegmentCount_MatchesSpec(angleDegrees: 10, expectedCount: 1)" computerName="DESKTOP-UIGURGP" duration="00:00:00.0000075" startTime="2026-08-19T13:44:52.1722885+03:00" endTime="2026-08-19T13:44:52.1723898+03:00" testType="13cdc9d9-ddb5-4fa4-a97d-d965ccfc6d4b" outcome="Passed" testListId="8c84fa94-04c1-424b-9868-57a2d4851a1d" relativeResultsDirectory="770bfd17-752b-49d8-9cd5-de5609cd57f6" />
    <UnitTestResult executionId="08c94a48-fb4b-44eb-8e55-6b8504890c97" testId="546355f6-599d-ba94-016f-20b43d8db9dd" testName="LiteCad.Tests.NestedContourFaceTests.H_FaceBAreaRemains4_AfterCAdded" computerName="DESKTOP-UIGURGP" duration="00:00:00.0003089" startTime="2026-08-19T13:44:51.2205686+03:00" endTime="2026-08-19T13:44:51.2207855+03:00" testType="13cdc9d9-ddb5-4fa4-a97d-d965ccfc6d4b" outcome="Passed" testListId="8c84fa94-04c1-424b-9868-57a2d4851a1d" relativeResultsDirectory="08c94a48-fb4b-44eb-8e55-6b8504890c97" />
    <UnitTestResult executionId="f116a2b9-74da-4466-ba9b-66774c551a97" testId="63caef0d-ad06-226a-c9ea-16c5f561fb49" testName="LiteCad.Tests.NestedContourFaceTests.G_FaceAAreaRemains16_AfterBAndCAdded" computerName="DESKTOP-UIGURGP" duration="00:00:00.0003646" startTime="2026-08-19T13:44:51.2194388+03:00" endTime="2026-08-19T13:44:51.2196617+03:00" testType="13cdc9d9-ddb5-4fa4-a97d-d965ccfc6d4b" outcome="Passed" testListId="8c84fa94-04c1-424b-9868-57a2d4851a1d" relativeResultsDirectory="f116a2b9-74da-4466-ba9b-66774c551a97" />
    <UnitTestResult executionId="f83e80dc-4926-4e5e-b5f2-4dc388a13c0d" testId="540bfaf5-6f15-08f3-9725-19ab73e0c152" testName="LiteCad.Tests.CircleToolTests.Circle_AlwaysUses36Segments" computerName="DESKTOP-UIGURGP" duration="00:00:00.0046089" startTime="2026-08-19T13:44:52.5411068+03:00" endTime="2026-08-19T13:44:52.5456403+03:00" testType="13cdc9d9-ddb5-4fa4-a97d-d965ccfc6d4b" outcome="Passed" testListId="8c84fa94-04c1-424b-9868-57a2d4851a1d" relativeResultsDirectory="f83e80dc-4926-4e5e-b5f2-4dc388a13c0d" />
    <UnitTestResult executionId="e3ea5000-2331-44ff-b6e1-bb5fc2545e2b" testId="e0cdba91-8dbf-3e14-a203-085a06f0a187" testName="LiteCad.Tests.MoveToolTests.ObjectMove_ContinuesToWorkAfterVertexHandleChanges" computerName="DESKTOP-UIGURGP" duration="00:00:00.0005613" startTime="2026-08-19T13:44:51.8770388+03:00" endTime="2026-08-19T13:44:51.8774785+03:00" testType="13cdc9d9-ddb5-4fa4-a97d-d965ccfc6d4b" outcome="Passed" testListId="8c84fa94-04c1-424b-9868-57a2d4851a1d" relativeResultsDirectory="e3ea5000-2331-44ff-b6e1-bb5fc2545e2b" />
    <UnitTestResult executionId="f7d88fb0-4e6d-487f-a6bd-f599ec00a6d2" testId="d8fd5c3b-331c-1df1-4fcc-fdafa4811e79" testName="LiteCad.Tests.TopologyToleranceTests.CrossingLineStillSplits" computerName="DESKTOP-UIGURGP" duration="00:00:00.0013551" startTime="2026-08-19T13:44:51.2825547+03:00" endTime="2026-08-19T13:44:51.2837858+03:00" testType="13cdc9d9-ddb5-4fa4-a97d-d965ccfc6d4b" outcome="Passed" testListId="8c84fa94-04c1-424b-9868-57a2d4851a1d" relativeResultsDirectory="f7d88fb0-4e6d-487f-a6bd-f599ec00a6d2" />
    <UnitTestResult executionId="20e4b5c7-e4c0-4bb8-b193-206e17bba66a" testId="33a0c392-13f1-e19a-6da4-679ac725f055" testName="LiteCad.Tests.MoveExactInputTests.MoveOrthoVerticalNegativeDistance" computerName="DESKTOP-UIGURGP" duration="00:00:00.0193788" startTime="2026-08-19T13:44:51.0191410+03:00" endTime="2026-08-19T13:44:51.0384481+03:00" testType="13cdc9d9-ddb5-4fa4-a97d-d965ccfc6d4b" outcome="Passed" testListId="8c84fa94-04c1-424b-9868-57a2d4851a1d" relativeResultsDirectory="20e4b5c7-e4c0-4bb8-b193-206e17bba66a" />
    <UnitTestResult executionId="77d0a09b-7aa6-4b7b-81fc-bdda4c2e6f93" testId="b3ad2a2d-90af-b6fa-13db-f8a009e72919" testName="LiteCad.Tests.SectorToolTests.Sector_ExactAngle1000_Applies360" computerName="DESKTOP-UIGURGP" duration="00:00:00.0001247" startTime="2026-08-19T13:44:52.6724012+03:00" endTime="2026-08-19T13:44:52.6724538+03:00" testType="13cdc9d9-ddb5-4fa4-a97d-d965ccfc6d4b" outcome="Passed" testListId="8c84fa94-04c1-424b-9868-57a2d4851a1d" relativeResultsDirectory="77d0a09b-7aa6-4b7b-81fc-bdda4c2e6f93" />
    <UnitTestResult executionId="be794d39-87e3-4cf0-a205-e55b5d2ab3b0" testId="22ebb754-0467-6069-18e5-ca7bd9c1b0ec" testName="LiteCad.Tests.StretchToolTests.StretchRebuildsFaces" computerName="DESKTOP-UIGURGP" duration="00:00:00.0074975" startTime="2026-08-19T13:44:52.7826283+03:00" endTime="2026-08-19T13:44:52.7897488+03:00" testType="13cdc9d9-ddb5-4fa4-a97d-d965ccfc6d4b" outcome="Passed" testListId="8c84fa94-04c1-424b-9868-57a2d4851a1d" relativeResultsDirectory="be794d39-87e3-4cf0-a205-e55b5d2ab3b0" />
    <UnitTestResult executionId="54b7dd24-6e9c-4338-b175-9baf6a390af8" testId="d745db1d-d8b8-9cde-1061-e8d9f080e607" testName="LiteCad.Tests.ParallelLinesAddSegmentAuditTests.Audit_ParallelLinesAddSegment_PipelineTrace(tolerance: 30)" computerName="DESKTOP-UIGURGP" duration="00:00:00.0000550" startTime="2026-08-19T13:44:50.4613907+03:00" endTime="2026-08-19T13:44:50.4614492+03:00" testType="13cdc9d9-ddb5-4fa4-a97d-d965ccfc6d4b" outcome="Passed" testListId="8c84fa94-04c1-424b-9868-57a2d4851a1d" relativeResultsDirectory="54b7dd24-6e9c-4338-b175-9baf6a390af8">
      <Output>
        <StdOut>=== AddSegment audit [exact repro y=20] (tolerance=30) ===&#xD;
Existing: (0,0) -&gt; (100,0)&#xD;
New:      (0,20) -&gt; (120,20)&#xD;
&#xD;
--- Geometry2D pre-checks ---&#xD;
AreDirectionsParallel: True&#xD;
DistanceToLine existingStart-&gt;new segment: 20 (&lt;=tol ? True)&#xD;
DistanceToLine existingEnd-&gt;new segment:   20 (&lt;=tol ? True)&#xD;
AreSegmentsCollinear: True&#xD;
TryGetCollinearSegmentOverlap: TRUE overlap=(0,20)-&gt;(100,20)&#xD;
TryGetSegmentIntersection: FALSE&#xD;
IsPointOnSegmentInterior newStart on existing: False&#xD;
IsPointOnSegmentInterior newEnd on existing:   False&#xD;
IsPointOnSegmentInterior existingEnd on new:    False&#xD;
IsPointOnSegmentInterior existingStart on new:  False&#xD;
&#xD;
--- Simulated AddSegment(new) pipeline ---&#xD;
Initial breakpoints: (0,20), (120,20)&#xD;
RemoveCollinearOverlaps WOULD TrimEdgeOverlap on existing with overlap=(0,20)-&gt;(100,20)&#xD;
  TrimEdgeOverlap params on existing: tStart=0, tEnd=1&#xD;
Final breakpoints after SortPointsAlongSegment: (0,20), (120,20)&#xD;
Would create 1 sub-segment(s) from breakpoints&#xD;
&#xD;
--- After AddSegment(existing) ---&#xD;
Edges=1, Vertices=2&#xD;
  Vertex (0, 0)&#xD;
  Vertex (100, 0)&#xD;
  Edge (0,0) -&gt; (100,0)&#xD;
&#xD;
--- After AddSegment(new) ---&#xD;
Edges=2, Vertices=4&#xD;
  Vertex (0, 0)&#xD;
  Vertex (100, 0)&#xD;
  Vertex (0, 20)&#xD;
  Vertex (120, 20)&#xD;
  Edge (0,0) -&gt; (100,0)&#xD;
  Edge (0,20) -&gt; (120,20)</StdOut>
      </Output>
    </UnitTestResult>
    <UnitTestResult executionId="f49d16de-25be-4203-9d70-e69fef6a95f1" testId="4627c9f1-9d6c-7113-d0eb-8ad9ea4c10d9" testName="LiteCad.Tests.MoveToolTests.ClickingVertex_EntersVertexMoveMode" computerName="DESKTOP-UIGURGP" duration="00:00:00.0017775" startTime="2026-08-19T13:44:51.8589802+03:00" endTime="2026-08-19T13:44:51.8606944+03:00" testType="13cdc9d9-ddb5-4fa4-a97d-d965ccfc6d4b" outcome="Passed" testListId="8c84fa94-04c1-424b-9868-57a2d4851a1d" relativeResultsDirectory="f49d16de-25be-4203-9d70-e69fef6a95f1" />
    <UnitTestResult executionId="d928cbce-4f79-46f1-88df-3253b621d202" testId="9ec3bf81-a3ac-9fe8-5255-1cbe9a8e79db" testName="LiteCad.Tests.CircleToolTests.Circle_CreatesFace" computerName="DESKTOP-UIGURGP" duration="00:00:00.0030799" startTime="2026-08-19T13:44:52.5685885+03:00" endTime="2026-08-19T13:44:52.5710943+03:00" testType="13cdc9d9-ddb5-4fa4-a97d-d965ccfc6d4b" outcome="Passed" testListId="8c84fa94-04c1-424b-9868-57a2d4851a1d" relativeResultsDirectory="d928cbce-4f79-46f1-88df-3253b621d202" />
    <UnitTestResult executionId="ff7dae52-1ce6-44a1-a76b-181f19c11ffa" testId="caae216f-8d0f-7c0f-659d-d0c210c70d8b" testName="LiteCad.Tests.ResourceMigrationTests.MoveInputMode_DoesNotDependOnDistanceLabelText" computerName="DESKTOP-UIGURGP" duration="00:00:00.0258465" startTime="2026-08-19T13:44:51.2335874+03:00" endTime="2026-08-19T13:44:51.2594094+03:00" testType="13cdc9d9-ddb5-4fa4-a97d-d965ccfc6d4b" outcome="Passed" testListId="8c84fa94-04c1-424b-9868-57a2d4851a1d" relativeResultsDirectory="ff7dae52-1ce6-44a1-a76b-181f19c11ffa" />
    <UnitTestResult executionId="9273f2d6-8188-462a-b1ce-34308738c2e8" testId="f187ec8a-c271-fc6f-88ee-3986986c83a0" testName="LiteCad.Tests.MoveToolTests.MoveVertex_UpdatesConnectedEdges" computerName="DESKTOP-UIGURGP" duration="00:00:00.0016589" startTime="2026-08-19T13:44:51.8433965+03:00" endTime="2026-08-19T13:44:51.8450427+03:00" testType="13cdc9d9-ddb5-4fa4-a97d-d965ccfc6d4b" outcome="Passed" testListId="8c84fa94-04c1-424b-9868-57a2d4851a1d" relativeResultsDirectory="9273f2d6-8188-462a-b1ce-34308738c2e8" />
    <UnitTestResult executionId="163d90a1-888c-495f-803f-c0c1f9f61994" testId="aed97f4f-e446-0691-0ced-9b5b28678aa7" testName="LiteCad.Tests.FirstClosedSquareRegressionTests.AfterExplicitFaceDelete_FirstLocationBlocked_SecondLocationCreatesFace" computerName="DESKTOP-UIGURGP" duration="00:00:00.0004497" startTime="2026-08-19T13:44:51.2167770+03:00" endTime="2026-08-19T13:44:51.2170246+03:00" testType="13cdc9d9-ddb5-4fa4-a97d-d965ccfc6d4b" outcome="Passed" testListId="8c84fa94-04c1-424b-9868-57a2d4851a1d" relativeResultsDirectory="163d90a1-888c-495f-803f-c0c1f9f61994" />
    <UnitTestResult executionId="8c06bedd-9a7d-409a-af58-0b1515742863" testId="3762bbef-eca7-4ddb-2a2e-ad9c7d75e804" testName="LiteCad.Tests.SnapServiceTests.CrossingLines_ReturnSingleIntersectionSnapWhenNoVertexAtCrossing" computerName="DESKTOP-UIGURGP" duration="00:00:00.0038330" startTime="2026-08-19T13:44:52.4627281+03:00" endTime="2026-08-19T13:44:52.4665341+03:00" testType="13cdc9d9-ddb5-4fa4-a97d-d965ccfc6d4b" outcome="Passed" testListId="8c84fa94-04c1-424b-9868-57a2d4851a1d" relativeResultsDirectory="8c06bedd-9a7d-409a-af58-0b1515742863" />
    <UnitTestResult executionId="d90a4922-7782-457f-ba61-8943312c84d8" testId="a123a490-7632-bc21-8b05-2f303baaf9ec" testName="LiteCad.Tests.MoveExactInputEnterCommitTests.MoveInput_InvalidValueIsNotCleared" computerName="DESKTOP-UIGURGP" duration="00:00:00.0190417" startTime="2026-08-19T13:44:52.3834825+03:00" endTime="2026-08-19T13:44:52.4023884+03:00" testType="13cdc9d9-ddb5-4fa4-a97d-d965ccfc6d4b" outcome="Passed" testListId="8c84fa94-04c1-424b-9868-57a2d4851a1d" relativeResultsDirectory="d90a4922-7782-457f-ba61-8943312c84d8" />
    <UnitTestResult executionId="644bdb0f-b420-405c-86b4-26d23b23dd98" testId="e09daa4d-ea9a-cf0b-1f16-ad645417fc40" testName="LiteCad.Tests.MovePropertiesOrthoTests.MoveProperties_ContainOrthoToggle" computerName="DESKTOP-UIGURGP" duration="00:00:00.0214145" startTime="2026-08-19T13:44:51.8218627+03:00" endTime="2026-08-19T13:44:51.8431842+03:00" testType="13cdc9d9-ddb5-4fa4-a97d-d965ccfc6d4b" outcome="Passed" testListId="8c84fa94-04c1-424b-9868-57a2d4851a1d" relativeResultsDirectory="644bdb0f-b420-405c-86b4-26d23b23dd98" />
    <UnitTestResult executionId="9318bb0b-c55c-4caa-a5f8-5dcfb053dea6" testId="48e60577-c0bf-480e-dcb9-7db32e07e47b" testName="LiteCad.Tests.ArcToolTests.Arc_RadiusInput_CommitsOpenArc" computerName="DESKTOP-UIGURGP" duration="00:00:00.0039550" startTime="2026-08-19T13:44:52.4726817+03:00" endTime="2026-08-19T13:44:52.4765119+03:00" testType="13cdc9d9-ddb5-4fa4-a97d-d965ccfc6d4b" outcome="Passed" testListId="8c84fa94-04c1-424b-9868-57a2d4851a1d" relativeResultsDirectory="9318bb0b-c55c-4caa-a5f8-5dcfb053dea6" />
    <UnitTestResult executionId="a30844c7-9fba-476b-8f8f-68670647904d" testId="6dd6b108-a831-17ca-3b7d-9deefe034914" testName="LiteCad.Tests.StretchToolTests.StretchPreservesConnectedPerpendicularEdges" computerName="DESKTOP-UIGURGP" duration="00:00:00.0092349" startTime="2026-08-19T13:44:52.7106160+03:00" endTime="2026-08-19T13:44:52.7180298+03:00" testType="13cdc9d9-ddb5-4fa4-a97d-d965ccfc6d4b" outcome="Passed" testListId="8c84fa94-04c1-424b-9868-57a2d4851a1d" relativeResultsDirectory="a30844c7-9fba-476b-8f8f-68670647904d" />
    <UnitTestResult executionId="d1fff0d0-ecb6-4256-ba97-1b9a41629eb1" testId="aa2e6c14-1c65-f8bb-829c-cb9ac19c53dd" testName="LiteCad.Tests.PolygonBuilderTests.SyncFaces_SquareWithDiagonal_CreatesTwoFacesSharingDiagonalEdge" computerName="DESKTOP-UIGURGP" duration="00:00:00.0064940" startTime="2026-08-19T13:44:50.3878753+03:00" endTime="2026-08-19T13:44:50.3879199+03:00" testType="13cdc9d9-ddb5-4fa4-a97d-d965ccfc6d4b" outcome="Passed" testListId="8c84fa94-04c1-424b-9868-57a2d4851a1d" relativeResultsDirectory="d1fff0d0-ecb6-4256-ba97-1b9a41629eb1" />
    <UnitTestResult executionId="acb7b67b-abfe-4c43-9716-cc6023aa0dbe" testId="439c001e-1e49-c245-3210-8016f5547a3c" testName="LiteCad.Tests.HandToolTests.AfterHandTool_DeactivatedLineToolStillCreatesEdge" computerName="DESKTOP-UIGURGP" duration="00:00:00.0029814" startTime="2026-08-19T13:44:52.1949110+03:00" endTime="2026-08-19T13:44:52.1970932+03:00" testType="13cdc9d9-ddb5-4fa4-a97d-d965ccfc6d4b" outcome="Passed" testListId="8c84fa94-04c1-424b-9868-57a2d4851a1d" relativeResultsDirectory="acb7b67b-abfe-4c43-9716-cc6023aa0dbe" />
    <UnitTestResult executionId="26461cdf-8d9b-400b-99af-9a0bfe530970" testId="876d02cf-ae3b-a7bf-8685-f59726d8951e" testName="LiteCad.Tests.TopologyTests.OverlappingEdgeDoesNotDuplicate" computerName="DESKTOP-UIGURGP" duration="00:00:00.0001392" startTime="2026-08-19T13:44:50.3859627+03:00" endTime="2026-08-19T13:44:50.3860043+03:00" testType="13cdc9d9-ddb5-4fa4-a97d-d965ccfc6d4b" outcome="Passed" testListId="8c84fa94-04c1-424b-9868-57a2d4851a1d" relativeResultsDirectory="26461cdf-8d9b-400b-99af-9a0bfe530970" />
    <UnitTestResult executionId="49707177-450e-42fa-a75a-c97a8a963a85" testId="b35abe1c-0a48-2ef3-ccd1-322eaf5f1151" testName="LiteCad.Tests.SnapServiceTests.FindBestSnap_PrefersVertexOverCloserMidpoint" computerName="DESKTOP-UIGURGP" duration="00:00:00.0004972" startTime="2026-08-19T13:44:52.4678345+03:00" endTime="2026-08-19T13:44:52.4678893+03:00" testType="13cdc9d9-ddb5-4fa4-a97d-d965ccfc6d4b" outcome="Passed" testListId="8c84fa94-04c1-424b-9868-57a2d4851a1d" relativeResultsDirectory="49707177-450e-42fa-a75a-c97a8a963a85" />
    <UnitTestResult executionId="3c29cdb2-f025-457d-882e-003c5c1fe446" testId="436c143a-f7b9-fb83-4c26-e0e69cba39c5" testName="LiteCad.Tests.EraserToolTests.Eraser_ClickPolygon_DeletesAccordingToExistingDeleteSemantics" computerName="DESKTOP-UIGURGP" duration="00:00:00.0022942" startTime="2026-08-19T13:44:52.5187463+03:00" endTime="2026-08-19T13:44:52.5208716+03:00" testType="13cdc9d9-ddb5-4fa4-a97d-d965ccfc6d4b" outcome="Passed" testListId="8c84fa94-04c1-424b-9868-57a2d4851a1d" relativeResultsDirectory="3c29cdb2-f025-457d-882e-003c5c1fe446" />
    <UnitTestResult executionId="a7abe2f7-8235-4a88-9489-811d643b1b78" testId="ceb02fdf-71c7-2d6c-a3f4-6d67832ee8bf" testName="LiteCad.Tests.FirstClosedSquareRegressionTests.NewDocument_FirstClosedSquare_CreatesFace" computerName="DESKTOP-UIGURGP" duration="00:00:00.0001563" startTime="2026-08-19T13:44:51.2155592+03:00" endTime="2026-08-19T13:44:51.2156743+03:00" testType="13cdc9d9-ddb5-4fa4-a97d-d965ccfc6d4b" outcome="Passed" testListId="8c84fa94-04c1-424b-9868-57a2d4851a1d" relativeResultsDirectory="a7abe2f7-8235-4a88-9489-811d643b1b78">
      <Output>
        <StdOut>edges=4, vertices=4, faces=1, suppressed=0&#xD;
  edge 7288f279-9972-4428-90ae-6206693a200d: (0,0) -&gt; (1,0)&#xD;
  edge 807ba94b-8be1-491f-b42d-171662a831d0: (1,0) -&gt; (1,1)&#xD;
  edge aa2040c3-bf98-4a54-abc2-108c215a2f1c: (1,1) -&gt; (0,1)&#xD;
  edge 4d43fe31-d338-47a1-9db1-f2bb6b0bb433: (0,1) -&gt; (0,0)</StdOut>
      </Output>
    </UnitTestResult>
    <UnitTestResult executionId="e3026bd3-e46a-41db-a8ae-6491dafeb58b" testId="bd78b85a-30db-d973-b664-95da3d03ef4f" testName="LiteCad.Tests.DocumentHistoryTests.SquareThenDiagonal_UndoThenRedo_RestoresTwoValidFaces" computerName="DESKTOP-UIGURGP" duration="00:00:00.0005450" startTime="2026-08-19T13:44:52.1823059+03:00" endTime="2026-08-19T13:44:52.1823697+03:00" testType="13cdc9d9-ddb5-4fa4-a97d-d965ccfc6d4b" outcome="Passed" testListId="8c84fa94-04c1-424b-9868-57a2d4851a1d" relativeResultsDirectory="e3026bd3-e46a-41db-a8ae-6491dafeb58b" />
    <UnitTestResult executionId="53d8c7ee-93fb-47b8-b632-3dae97a98c74" testId="0f024a89-6bd4-68e5-b78d-fd51e0eb24aa" testName="LiteCad.Tests.StretchToolTests.Stretch_LeftClick_SelectsValidEdge" computerName="DESKTOP-UIGURGP" duration="00:00:00.0063169" startTime="2026-08-19T13:44:52.8040809+03:00" endTime="2026-08-19T13:44:52.8102885+03:00" testType="13cdc9d9-ddb5-4fa4-a97d-d965ccfc6d4b" outcome="Passed" testListId="8c84fa94-04c1-424b-9868-57a2d4851a1d" relativeResultsDirectory="53d8c7ee-93fb-47b8-b632-3dae97a98c74" />
    <UnitTestResult executionId="43df183b-6108-4d46-834e-40e5fabfde3a" testId="1354c250-7154-fabb-ef65-dae07873d27b" testName="LiteCad.Tests.RectangleSizeInputTests.Alt_SwitchesBackToWidth" computerName="DESKTOP-UIGURGP" duration="00:00:00.0229966" startTime="2026-08-19T13:44:52.0258918+03:00" endTime="2026-08-19T13:44:52.0487898+03:00" testType="13cdc9d9-ddb5-4fa4-a97d-d965ccfc6d4b" outcome="Passed" testListId="8c84fa94-04c1-424b-9868-57a2d4851a1d" relativeResultsDirectory="43df183b-6108-4d46-834e-40e5fabfde3a" />
    <UnitTestResult executionId="d6bad7c0-ee4f-4b45-8adb-6f2eabac4bfd" testId="a7599c73-a94f-4e17-b149-48507a2e8672" testName="LiteCad.Tests.CopyToolTests.CopyCommit_RequiresLeftClick" computerName="DESKTOP-UIGURGP" duration="00:00:00.0011785" startTime="2026-08-19T13:44:52.4578791+03:00" endTime="2026-08-19T13:44:52.4589723+03:00" testType="13cdc9d9-ddb5-4fa4-a97d-d965ccfc6d4b" outcome="Passed" testListId="8c84fa94-04c1-424b-9868-57a2d4851a1d" relativeResultsDirectory="d6bad7c0-ee4f-4b45-8adb-6f2eabac4bfd" />
    <UnitTestResult executionId="63bc9940-81a4-4d29-aa13-46e23bb96ff1" testId="29430226-7cb3-f724-ebc2-df4d1c9addac" testName="LiteCad.Tests.StretchToolTests.ApplyStretch_PreservesOuterVertices" computerName="DESKTOP-UIGURGP" duration="00:00:00.0004951" startTime="2026-08-19T13:44:52.7208187+03:00" endTime="2026-08-19T13:44:52.7211849+03:00" testType="13cdc9d9-ddb5-4fa4-a97d-d965ccfc6d4b" outcome="Passed" testListId="8c84fa94-04c1-424b-9868-57a2d4851a1d" relativeResultsDirectory="63bc9940-81a4-4d29-aa13-46e23bb96ff1" />
    <UnitTestResult executionId="3938c79d-af86-45e7-86d3-9629657c1db5" testId="693395cb-fd83-df13-a63a-b07eb83a2ae9" testName="LiteCad.Tests.CircleToolTests.Circle_ExactRadiusInput" computerName="DESKTOP-UIGURGP" duration="00:00:00.0065370" startTime="2026-08-19T13:44:52.5285039+03:00" endTime="2026-08-19T13:44:52.5350539+03:00" testType="13cdc9d9-ddb5-4fa4-a97d-d965ccfc6d4b" outcome="Passed" testListId="8c84fa94-04c1-424b-9868-57a2d4851a1d" relativeResultsDirectory="3938c79d-af86-45e7-86d3-9629657c1db5" />
    <UnitTestResult executionId="ad28753e-8b1a-4bb4-bd77-77fe809c39f2" testId="a9509bfb-c11f-41f9-482e-e523b56cee9a" testName="LiteCad.Tests.MoveExactInputDistanceSemanticsTests.YPositiveUnchanged" computerName="DESKTOP-UIGURGP" duration="00:00:00.0167273" startTime="2026-08-19T13:44:51.5592345+03:00" endTime="2026-08-19T13:44:51.5758591+03:00" testType="13cdc9d9-ddb5-4fa4-a97d-d965ccfc6d4b" outcome="Passed" testListId="8c84fa94-04c1-424b-9868-57a2d4851a1d" relativeResultsDirectory="ad28753e-8b1a-4bb4-bd77-77fe809c39f2" />
    <UnitTestResult executionId="87983f03-e739-4b32-b438-5fc864ff514e" testId="f8f642cc-ce5e-18c5-f2de-13dd165661f2" testName="LiteCad.Tests.TopologyTests.DeleteEdgeRemovesAffectedFace" computerName="DESKTOP-UIGURGP" duration="00:00:00.0026973" startTime="2026-08-19T13:44:50.3823725+03:00" endTime="2026-08-19T13:44:50.3824369+03:00" testType="13cdc9d9-ddb5-4fa4-a97d-d965ccfc6d4b" outcome="Passed" testListId="8c84fa94-04c1-424b-9868-57a2d4851a1d" relativeResultsDirectory="87983f03-e739-4b32-b438-5fc864ff514e" />
    <UnitTestResult executionId="15e5f3e1-799d-4bc4-8b32-eb977e3c5704" testId="3582bf48-12d9-a26a-8fe2-99bdd1d38122" testName="LiteCad.Tests.SectorToolTests.Sector_90Degrees_CreatesElevenEdges" computerName="DESKTOP-UIGURGP" duration="00:00:00.0017794" startTime="2026-08-19T13:44:52.6360052+03:00" endTime="2026-08-19T13:44:52.6377182+03:00" testType="13cdc9d9-ddb5-4fa4-a97d-d965ccfc6d4b" outcome="Passed" testListId="8c84fa94-04c1-424b-9868-57a2d4851a1d" relativeResultsDirectory="15e5f3e1-799d-4bc4-8b32-eb977e3c5704" />
    <UnitTestResult executionId="341d7fa0-2768-47f5-ad46-2b6d4afbf194" testId="3a3cae8b-33e6-1e2e-52bb-aecac4bcf00c" testName="LiteCad.Tests.SnapServiceTests.LineToolFlow_StartFromExistingCorner_ReturnsCanonicalVertexSnap" computerName="DESKTOP-UIGURGP" duration="00:00:00.0005161" startTime="2026-08-19T13:44:52.4618039+03:00" endTime="2026-08-19T13:44:52.4622028+03:00" testType="13cdc9d9-ddb5-4fa4-a97d-d965ccfc6d4b" outcome="Passed" testListId="8c84fa94-04c1-424b-9868-57a2d4851a1d" relativeResultsDirectory="341d7fa0-2768-47f5-ad46-2b6d4afbf194" />
    <UnitTestResult executionId="d6f9d510-8c72-4629-9def-706c71103f93" testId="b766a1a5-ef8e-081e-8845-a84c8c4e1424" testName="LiteCad.Tests.FaceRestorationTests.Test5_SquareWithDiagonal_TwoFacesShareDiagonal" computerName="DESKTOP-UIGURGP" duration="00:00:00.0007982" startTime="2026-08-19T13:44:50.3389636+03:00" endTime="2026-08-19T13:44:50.3390043+03:00" testType="13cdc9d9-ddb5-4fa4-a97d-d965ccfc6d4b" outcome="Passed" testListId="8c84fa94-04c1-424b-9868-57a2d4851a1d" relativeResultsDirectory="d6f9d510-8c72-4629-9def-706c71103f93" />
    <UnitTestResult executionId="7586e54f-1ffd-49c7-8630-6b9bd0601ecc" testId="804e6201-05fc-10c5-bec7-180328faaee2" testName="LiteCad.Tests.MoveExactInputTests.MoveOrthoOff_AltCyclesXAndY" computerName="DESKTOP-UIGURGP" duration="00:00:00.0223346" startTime="2026-08-19T13:44:51.0386383+03:00" endTime="2026-08-19T13:44:51.0608934+03:00" testType="13cdc9d9-ddb5-4fa4-a97d-d965ccfc6d4b" outcome="Passed" testListId="8c84fa94-04c1-424b-9868-57a2d4851a1d" relativeResultsDirectory="7586e54f-1ffd-49c7-8630-6b9bd0601ecc" />
    <UnitTestResult executionId="61647524-b2f1-4609-a77c-f2bf375b8d0e" testId="120430db-0b00-0b4f-c33f-7a85f82d0be0" testName="LiteCad.Tests.StretchToolTests.TryCreatePlan_LShapeCorner_Fails" computerName="DESKTOP-UIGURGP" duration="00:00:00.0004526" startTime="2026-08-19T13:44:52.7824463+03:00" endTime="2026-08-19T13:44:52.7824993+03:00" testType="13cdc9d9-ddb5-4fa4-a97d-d965ccfc6d4b" outcome="Passed" testListId="8c84fa94-04c1-424b-9868-57a2d4851a1d" relativeResultsDirectory="61647524-b2f1-4609-a77c-f2bf375b8d0e" />
    <UnitTestResult executionId="3faca561-a922-404d-94ce-40c9bf907247" testId="fd7ee24a-1f64-2b32-6a24-498eb385dffe" testName="LiteCad.Tests.CircleToolTests.Circle_ClosesContour" computerName="DESKTOP-UIGURGP" duration="00:00:00.0042517" startTime="2026-08-19T13:44:52.5835453+03:00" endTime="2026-08-19T13:44:52.5877078+03:00" testType="13cdc9d9-ddb5-4fa4-a97d-d965ccfc6d4b" outcome="Passed" testListId="8c84fa94-04c1-424b-9868-57a2d4851a1d" relativeResultsDirectory="3faca561-a922-404d-94ce-40c9bf907247" />
    <UnitTestResult executionId="176b18bd-deff-4da3-963e-3866cc1c8d3a" testId="2ea41c95-86f9-0130-dfd1-f92cdcf0b73f" testName="LiteCad.Tests.DocumentHistoryTests.UndoRedo_RebuildsFacesWithoutDuplicateOrDanglingReferences" computerName="DESKTOP-UIGURGP" duration="00:00:00.0013135" startTime="2026-08-19T13:44:52.1825338+03:00" endTime="2026-08-19T13:44:52.1835017+03:00" testType="13cdc9d9-ddb5-4fa4-a97d-d965ccfc6d4b" outcome="Passed" testListId="8c84fa94-04c1-424b-9868-57a2d4851a1d" relativeResultsDirectory="176b18bd-deff-4da3-963e-3866cc1c8d3a" />
    <UnitTestResult executionId="cd46ab77-4edd-4c9d-8b1e-76e40098f0a2" testId="118f95cc-429a-cfd5-2356-f3a91d932f7c" testName="LiteCad.Tests.MoveExactInputDistanceSemanticsTests.OrthoDown_Distance200_ProducesMinus200" computerName="DESKTOP-UIGURGP" duration="00:00:00.0158123" startTime="2026-08-19T13:44:51.4744827+03:00" endTime="2026-08-19T13:44:51.4902452+03:00" testType="13cdc9d9-ddb5-4fa4-a97d-d965ccfc6d4b" outcome="Passed" testListId="8c84fa94-04c1-424b-9868-57a2d4851a1d" relativeResultsDirectory="cd46ab77-4edd-4c9d-8b1e-76e40098f0a2" />
    <UnitTestResult executionId="9fd69de7-fd2b-4a7b-b0b8-93b4dd449eb8" testId="15db72b2-7a54-26df-0875-d47d2913f8a1" testName="LiteCad.Tests.FaceIdentityTests.CreateLoop_SameLoopWithCyclicallyShiftedStart_ProducesSameIdentity" computerName="DESKTOP-UIGURGP" duration="00:00:00.0003105" startTime="2026-08-19T13:44:52.6142506+03:00" endTime="2026-08-19T13:44:52.6143057+03:00" testType="13cdc9d9-ddb5-4fa4-a97d-d965ccfc6d4b" outcome="Passed" testListId="8c84fa94-04c1-424b-9868-57a2d4851a1d" relativeResultsDirectory="9fd69de7-fd2b-4a7b-b0b8-93b4dd449eb8" />
    <UnitTestResult executionId="20fe16f2-382a-4c32-bf0f-83c60c730548" testId="67dd6d5f-2ce4-7d46-d93e-7b2a870ae7c9" testName="LiteCad.Tests.FaceIdentityTests.CreateLoop_DifferentBoundaries_ProduceDifferentIdentities" computerName="DESKTOP-UIGURGP" duration="00:00:00.0002904" startTime="2026-08-19T13:44:52.6127476+03:00" endTime="2026-08-19T13:44:52.6128180+03:00" testType="13cdc9d9-ddb5-4fa4-a97d-d965ccfc6d4b" outcome="Passed" testListId="8c84fa94-04c1-424b-9868-57a2d4851a1d" relativeResultsDirectory="20fe16f2-382a-4c32-bf0f-83c60c730548" />
    <UnitTestResult executionId="ef31a65c-e0e7-41c7-b235-4c61904097cc" testId="a876adb2-d8e1-8c11-c81c-05096f2bdbe8" testName="LiteCad.Tests.MoveToolTests.MovingVertexViaTool_ChangesVertexPositionOnly" computerName="DESKTOP-UIGURGP" duration="00:00:00.0034761" startTime="2026-08-19T13:44:51.8489743+03:00" endTime="2026-08-19T13:44:51.8524303+03:00" testType="13cdc9d9-ddb5-4fa4-a97d-d965ccfc6d4b" outcome="Passed" testListId="8c84fa94-04c1-424b-9868-57a2d4851a1d" relativeResultsDirectory="ef31a65c-e0e7-41c7-b235-4c61904097cc" />
    <UnitTestResult executionId="1f9e0e21-6f93-4587-8132-4cab29c68fb1" testId="767255fa-0090-4ff7-1684-43a1e68a2b01" testName="LiteCad.Tests.SectorToolTests.Sector_ExactAngleAbove360_ClampedToSingleFullCircle(inputAngle: 360, expectedEdges: 36, hasRadialEdges: False)" computerName="DESKTOP-UIGURGP" duration="00:00:00.0042547" startTime="2026-08-19T13:44:52.6522593+03:00" endTime="2026-08-19T13:44:52.6564192+03:00" testType="13cdc9d9-ddb5-4fa4-a97d-d965ccfc6d4b" outcome="Passed" testListId="8c84fa94-04c1-424b-9868-57a2d4851a1d" relativeResultsDirectory="1f9e0e21-6f93-4587-8132-4cab29c68fb1" />
    <UnitTestResult executionId="399182df-3967-4f1c-a841-b3a5ccfc3209" testId="d81399d2-bea7-1ee2-22c6-f929395d226c" testName="LiteCad.Tests.MoveExactInputEnterCommitTests.RedoAfterEnterCommit_RestoresMovedState" computerName="DESKTOP-UIGURGP" duration="00:00:00.0181207" startTime="2026-08-19T13:44:52.2356236+03:00" endTime="2026-08-19T13:44:52.2536288+03:00" testType="13cdc9d9-ddb5-4fa4-a97d-d965ccfc6d4b" outcome="Passed" testListId="8c84fa94-04c1-424b-9868-57a2d4851a1d" relativeResultsDirectory="399182df-3967-4f1c-a841-b3a5ccfc3209" />
    <UnitTestResult executionId="9dd52601-9e83-4d3d-9516-41e3dbc7ce34" testId="00cc7e4a-d44d-74b7-bd71-c7464371aea6" testName="LiteCad.Tests.DocumentHistoryTests.SplitTopology_Undo_HasNoDanglingLoopEdgeIds" computerName="DESKTOP-UIGURGP" duration="00:00:00.0004785" startTime="2026-08-19T13:44:52.1836716+03:00" endTime="2026-08-19T13:44:52.1840526+03:00" testType="13cdc9d9-ddb5-4fa4-a97d-d965ccfc6d4b" outcome="Passed" testListId="8c84fa94-04c1-424b-9868-57a2d4851a1d" relativeResultsDirectory="9dd52601-9e83-4d3d-9516-41e3dbc7ce34" />
    <UnitTestResult executionId="c326803b-6a5c-44a8-837b-085fb99236d4" testId="2fe78002-b8e6-67b0-137f-b93cbe7c1bb9" testName="LiteCad.Tests.SectorToolTests.Sector_ExactRadiusInput_FixesStartPoint" computerName="DESKTOP-UIGURGP" duration="00:00:00.0079120" startTime="2026-08-19T13:44:52.6379319+03:00" endTime="2026-08-19T13:44:52.6457026+03:00" testType="13cdc9d9-ddb5-4fa4-a97d-d965ccfc6d4b" outcome="Passed" testListId="8c84fa94-04c1-424b-9868-57a2d4851a1d" relativeResultsDirectory="c326803b-6a5c-44a8-837b-085fb99236d4" />
    <UnitTestResult executionId="6ecc7332-a516-4436-a1bf-236cc3f98001" testId="5f92207b-f280-959e-a9e0-f6a6c1159e9b" testName="LiteCad.Tests.MoveToolTests.MoveSelection_UndoRedo" computerName="DESKTOP-UIGURGP" duration="00:00:00.0011781" startTime="2026-08-19T13:44:51.8639439+03:00" endTime="2026-08-19T13:44:51.8647727+03:00" testType="13cdc9d9-ddb5-4fa4-a97d-d965ccfc6d4b" outcome="Passed" testListId="8c84fa94-04c1-424b-9868-57a2d4851a1d" relativeResultsDirectory="6ecc7332-a516-4436-a1bf-236cc3f98001" />
    <UnitTestResult executionId="4a9499b2-1900-47ad-9c26-bfd2bda45c7c" testId="6faba1e1-5d15-c2a9-c619-61611cc1992b" testName="LiteCad.Tests.LineToolSnapContractTests.FirstPoint_OnEdgeInterior_AllowsOnEdgeSnap" computerName="DESKTOP-UIGURGP" duration="00:00:00.0002041" startTime="2026-08-19T13:44:52.6925910+03:00" endTime="2026-08-19T13:44:52.6926810+03:00" testType="13cdc9d9-ddb5-4fa4-a97d-d965ccfc6d4b" outcome="Passed" testListId="8c84fa94-04c1-424b-9868-57a2d4851a1d" relativeResultsDirectory="4a9499b2-1900-47ad-9c26-bfd2bda45c7c" />
    <UnitTestResult executionId="5192937f-a0a5-446a-944e-940b2b8805ce" testId="fd400712-875c-e653-6906-ee272e13d996" testName="LiteCad.Tests.TopologyTests.NearCoincidentPointsReuseVertex" computerName="DESKTOP-UIGURGP" duration="00:00:00.0001697" startTime="2026-08-19T13:44:50.3854628+03:00" endTime="2026-08-19T13:44:50.3855210+03:00" testType="13cdc9d9-ddb5-4fa4-a97d-d965ccfc6d4b" outcome="Passed" testListId="8c84fa94-04c1-424b-9868-57a2d4851a1d" relativeResultsDirectory="5192937f-a0a5-446a-944e-940b2b8805ce" />
    <UnitTestResult executionId="fe23dfb3-9c86-4b7f-830c-1a6e0795269e" testId="6b47d465-0aba-74bb-5b46-18c42a716570" testName="LiteCad.Tests.RectangleToolTests.Rectangle_SizeInputCreatesCorrectArea" computerName="DESKTOP-UIGURGP" duration="00:00:00.0016707" startTime="2026-08-19T13:44:51.6298765+03:00" endTime="2026-08-19T13:44:51.6312012+03:00" testType="13cdc9d9-ddb5-4fa4-a97d-d965ccfc6d4b" outcome="Passed" testListId="8c84fa94-04c1-424b-9868-57a2d4851a1d" relativeResultsDirectory="fe23dfb3-9c86-4b7f-830c-1a6e0795269e" />
    <UnitTestResult executionId="77010f76-dbcb-4fcc-9530-f1a94e6e9c7b" testId="55c4d7c9-1a77-3691-23a9-aa6ea67285fb" testName="LiteCad.Tests.ResourceMigrationTests.ToolId_IsIndependentFromDisplayText" computerName="DESKTOP-UIGURGP" duration="00:00:00.0004212" startTime="2026-08-19T13:44:51.2784393+03:00" endTime="2026-08-19T13:44:51.2786580+03:00" testType="13cdc9d9-ddb5-4fa4-a97d-d965ccfc6d4b" outcome="Passed" testListId="8c84fa94-04c1-424b-9868-57a2d4851a1d" relativeResultsDirectory="77010f76-dbcb-4fcc-9530-f1a94e6e9c7b" />
    <UnitTestResult executionId="3d0f37e3-f6f6-436d-bc3d-b5ab05640afe" testId="947043cc-76b0-30e6-5cf8-538d0036804f" testName="LiteCad.Tests.LanguageSelectorTests.Popup_ClosesAfterSelection" computerName="DESKTOP-UIGURGP" duration="00:00:00.0501709" startTime="2026-08-19T13:44:51.3286930+03:00" endTime="2026-08-19T13:44:51.3787878+03:00" testType="13cdc9d9-ddb5-4fa4-a97d-d965ccfc6d4b" outcome="Passed" testListId="8c84fa94-04c1-424b-9868-57a2d4851a1d" relativeResultsDirectory="3d0f37e3-f6f6-436d-bc3d-b5ab05640afe" />
    <UnitTestResult executionId="c8a11a5a-d558-44e9-abae-705194bd885b" testId="60b76acf-c368-658c-4f02-8eb853cf7abb" testName="LiteCad.Tests.CircleToolTests.Circle_UndoRedo" computerName="DESKTOP-UIGURGP" duration="00:00:00.0067179" startTime="2026-08-19T13:44:52.5767624+03:00" endTime="2026-08-19T13:44:52.5833689+03:00" testType="13cdc9d9-ddb5-4fa4-a97d-d965ccfc6d4b" outcome="Passed" testListId="8c84fa94-04c1-424b-9868-57a2d4851a1d" relativeResultsDirectory="c8a11a5a-d558-44e9-abae-705194bd885b" />
    <UnitTestResult executionId="76e1c968-f2a8-4055-b898-4ac14a2905e9" testId="43ad0cd8-09f4-e945-8108-a629a993a5b7" testName="LiteCad.Tests.MoveExactInputDistanceSemanticsTests.OrthoUp_Distance200_ProducesPlus200" computerName="DESKTOP-UIGURGP" duration="00:00:00.0168000" startTime="2026-08-19T13:44:51.5081557+03:00" endTime="2026-08-19T13:44:51.5248633+03:00" testType="13cdc9d9-ddb5-4fa4-a97d-d965ccfc6d4b" outcome="Passed" testListId="8c84fa94-04c1-424b-9868-57a2d4851a1d" relativeResultsDirectory="76e1c968-f2a8-4055-b898-4ac14a2905e9" />
    <UnitTestResult executionId="d1fbec18-d1b7-4b1e-bdf8-fe5e02275ed3" testId="7cd5b277-f4bb-2dfc-df1b-9d4f188bab5a" testName="LiteCad.Tests.ArcToolTests.Arc_PreviewDoesNotMutateDocument" computerName="DESKTOP-UIGURGP" duration="00:00:00.0011557" startTime="2026-08-19T13:44:52.4924645+03:00" endTime="2026-08-19T13:44:52.4934803+03:00" testType="13cdc9d9-ddb5-4fa4-a97d-d965ccfc6d4b" outcome="Passed" testListId="8c84fa94-04c1-424b-9868-57a2d4851a1d" relativeResultsDirectory="d1fbec18-d1b7-4b1e-bdf8-fe5e02275ed3" />
    <UnitTestResult executionId="7a87eafb-15ef-4bf0-aa08-28cd20395d1f" testId="afa209cf-021b-91a6-5ce1-76448b8f7ab0" testName="LiteCad.Tests.NestedContourFaceTests.C_NestedThreeContours_ThreeSolidFaces" computerName="DESKTOP-UIGURGP" duration="00:00:00.0006754" startTime="2026-08-19T13:44:51.2223576+03:00" endTime="2026-08-19T13:44:51.2224621+03:00" testType="13cdc9d9-ddb5-4fa4-a97d-d965ccfc6d4b" outcome="Passed" testListId="8c84fa94-04c1-424b-9868-57a2d4851a1d" relativeResultsDirectory="7a87eafb-15ef-4bf0-aa08-28cd20395d1f" />
    <UnitTestResult executionId="21959af1-8569-42cf-b883-bbaede5af145" testId="4a562c84-56c3-5573-261d-3baf94e03ebf" testName="LiteCad.Tests.StretchToolTests.Stretch_EnterCreatesSingleUndo" computerName="DESKTOP-UIGURGP" duration="00:00:00.0067892" startTime="2026-08-19T13:44:52.7603965+03:00" endTime="2026-08-19T13:44:52.7670926+03:00" testType="13cdc9d9-ddb5-4fa4-a97d-d965ccfc6d4b" outcome="Passed" testListId="8c84fa94-04c1-424b-9868-57a2d4851a1d" relativeResultsDirectory="21959af1-8569-42cf-b883-bbaede5af145" />
    <UnitTestResult executionId="ca38b148-75b1-456d-b293-2b162f61fce2" testId="480e0772-c416-5ae3-423d-71eeab3a103b" testName="LiteCad.Tests.ParallelLinesAddSegmentAuditTests.Audit_ParallelLinesAddSegment_PipelineTrace(tolerance: 0,0001)" computerName="DESKTOP-UIGURGP" duration="00:00:00.0034496" startTime="2026-08-19T13:44:50.4571226+03:00" endTime="2026-08-19T13:44:50.4597378+03:00" testType="13cdc9d9-ddb5-4fa4-a97d-d965ccfc6d4b" outcome="Passed" testListId="8c84fa94-04c1-424b-9868-57a2d4851a1d" relativeResultsDirectory="ca38b148-75b1-456d-b293-2b162f61fce2">
      <Output>
        <StdOut>=== AddSegment audit [exact repro y=20] (tolerance=0,0001) ===&#xD;
Existing: (0,0) -&gt; (100,0)&#xD;
New:      (0,20) -&gt; (120,20)&#xD;
&#xD;
--- Geometry2D pre-checks ---&#xD;
AreDirectionsParallel: True&#xD;
DistanceToLine existingStart-&gt;new segment: 20 (&lt;=tol ? False)&#xD;
DistanceToLine existingEnd-&gt;new segment:   20 (&lt;=tol ? False)&#xD;
AreSegmentsCollinear: False&#xD;
TryGetCollinearSegmentOverlap: FALSE&#xD;
TryGetSegmentIntersection: FALSE&#xD;
IsPointOnSegmentInterior newStart on existing: False&#xD;
IsPointOnSegmentInterior newEnd on existing:   False&#xD;
IsPointOnSegmentInterior existingEnd on new:    False&#xD;
IsPointOnSegmentInterior existingStart on new:  False&#xD;
&#xD;
--- Simulated AddSegment(new) pipeline ---&#xD;
Initial breakpoints: (0,20), (120,20)&#xD;
RemoveCollinearOverlaps: no collinear overlap (existing edge skipped)&#xD;
Final breakpoints after SortPointsAlongSegment: (0,20), (120,20)&#xD;
Would create 1 sub-segment(s) from breakpoints&#xD;
&#xD;
--- After AddSegment(existing) ---&#xD;
Edges=1, Vertices=2&#xD;
  Vertex (0, 0)&#xD;
  Vertex (100, 0)&#xD;
  Edge (0,0) -&gt; (100,0)&#xD;
&#xD;
--- After AddSegment(new) ---&#xD;
Edges=2, Vertices=4&#xD;
  Vertex (0, 0)&#xD;
  Vertex (100, 0)&#xD;
  Vertex (0, 20)&#xD;
  Vertex (120, 20)&#xD;
  Edge (0,0) -&gt; (100,0)&#xD;
  Edge (0,20) -&gt; (120,20)</StdOut>
      </Output>
    </UnitTestResult>
    <UnitTestResult executionId="1a31ae76-abef-47f9-a481-b59b91edaf35" testId="ac19c1a2-7869-4bc1-231a-9316a15d5092" testName="LiteCad.Tests.MovePropertiesOrthoTests.MoveOrthoToggle_RestoresStateWhenReturningToMove" computerName="DESKTOP-UIGURGP" duration="00:00:00.0246762" startTime="2026-08-19T13:44:51.7761889+03:00" endTime="2026-08-19T13:44:51.8007623+03:00" testType="13cdc9d9-ddb5-4fa4-a97d-d965ccfc6d4b" outcome="Passed" testListId="8c84fa94-04c1-424b-9868-57a2d4851a1d" relativeResultsDirectory="1a31ae76-abef-47f9-a481-b59b91edaf35" />
    <UnitTestResult executionId="1789d83b-0a67-4ab6-8b5c-5d93b18c1764" testId="f097e39d-eb94-c5fe-fb8c-d0ca9b80ffad" testName="LiteCad.Tests.RotateToolTests.RotateTool_CommitRotatesSelection" computerName="DESKTOP-UIGURGP" duration="00:00:00.0016253" startTime="2026-08-19T13:44:50.4526875+03:00" endTime="2026-08-19T13:44:50.4542539+03:00" testType="13cdc9d9-ddb5-4fa4-a97d-d965ccfc6d4b" outcome="Passed" testListId="8c84fa94-04c1-424b-9868-57a2d4851a1d" relativeResultsDirectory="1789d83b-0a67-4ab6-8b5c-5d93b18c1764" />
    <UnitTestResult executionId="39b34ad4-2d2f-4c9c-8e86-7c7c2111b6cb" testId="7f36601e-3359-c9b4-2ddb-ffc3fdd49b5e" testName="LiteCad.Tests.MovePropertiesOrthoTests.MoveOrthoToggle_HiddenForLineTool" computerName="DESKTOP-UIGURGP" duration="00:00:00.0485221" startTime="2026-08-19T13:44:51.6442134+03:00" endTime="2026-08-19T13:44:51.6929696+03:00" testType="13cdc9d9-ddb5-4fa4-a97d-d965ccfc6d4b" outcome="Passed" testListId="8c84fa94-04c1-424b-9868-57a2d4851a1d" relativeResultsDirectory="39b34ad4-2d2f-4c9c-8e86-7c7c2111b6cb" />
    <UnitTestResult executionId="9bfa2061-eff6-4273-bc9d-d8b7b6770c53" testId="a6688f70-b2d7-8b31-4cff-541964c135ef" testName="LiteCad.Tests.SectorGeometryTests.IsFullCircle_DetectsCompleteRevolution(angle: -360, expected: True)" computerName="DESKTOP-UIGURGP" duration="00:00:00.0000040" startTime="2026-08-19T13:44:52.1700883+03:00" endTime="2026-08-19T13:44:52.1701482+03:00" testType="13cdc9d9-ddb5-4fa4-a97d-d965ccfc6d4b" outcome="Passed" testListId="8c84fa94-04c1-424b-9868-57a2d4851a1d" relativeResultsDirectory="9bfa2061-eff6-4273-bc9d-d8b7b6770c53" />
    <UnitTestResult executionId="f21fb96c-1ff8-469b-83ce-08856158bd2d" testId="36748bbf-a94e-e003-b8a1-18d4ba8c7016" testName="LiteCad.Tests.EdgeOperationsTests.SquareThenInteriorToInteriorLine_CreatesValidSplitTopology" computerName="DESKTOP-UIGURGP" duration="00:00:00.0048864" startTime="2026-08-19T13:44:50.3875075+03:00" endTime="2026-08-19T13:44:50.3875565+03:00" testType="13cdc9d9-ddb5-4fa4-a97d-d965ccfc6d4b" outcome="Passed" testListId="8c84fa94-04c1-424b-9868-57a2d4851a1d" relativeResultsDirectory="f21fb96c-1ff8-469b-83ce-08856158bd2d" />
    <UnitTestResult executionId="dfe7d393-6f26-4df6-ac1e-1cfdee5bc9a6" testId="e188929c-de1e-39a6-5941-dde124e63fbc" testName="LiteCad.Tests.MoveExactInputTests.MoveOrthoOff_ShowsXYFields" computerName="DESKTOP-UIGURGP" duration="00:00:00.0282672" startTime="2026-08-19T13:44:50.9029934+03:00" endTime="2026-08-19T13:44:50.9312755+03:00" testType="13cdc9d9-ddb5-4fa4-a97d-d965ccfc6d4b" outcome="Passed" testListId="8c84fa94-04c1-424b-9868-57a2d4851a1d" relativeResultsDirectory="dfe7d393-6f26-4df6-ac1e-1cfdee5bc9a6" />
    <UnitTestResult executionId="6ebf9e61-379c-4f55-a575-af4e1c9b324f" testId="94edbb89-53a4-4032-a99e-6c7756fae59f" testName="LiteCad.Tests.RectangleSizeInputTests.Alt_SwitchesFromWidthToHeight" computerName="DESKTOP-UIGURGP" duration="00:00:00.0217544" startTime="2026-08-19T13:44:51.9062992+03:00" endTime="2026-08-19T13:44:51.9279503+03:00" testType="13cdc9d9-ddb5-4fa4-a97d-d965ccfc6d4b" outcome="Passed" testListId="8c84fa94-04c1-424b-9868-57a2d4851a1d" relativeResultsDirectory="6ebf9e61-379c-4f55-a575-af4e1c9b324f" />
    <UnitTestResult executionId="aee272eb-678d-42af-80c1-9a4daecafb82" testId="ccd8c519-a84f-fd29-9a63-edb5b99195d1" testName="LiteCad.Tests.HandToolTests.Pan_DoesNotRecordUndo" computerName="DESKTOP-UIGURGP" duration="00:00:00.0046754" startTime="2026-08-19T13:44:52.1849645+03:00" endTime="2026-08-19T13:44:52.1895868+03:00" testType="13cdc9d9-ddb5-4fa4-a97d-d965ccfc6d4b" outcome="Passed" testListId="8c84fa94-04c1-424b-9868-57a2d4851a1d" relativeResultsDirectory="aee272eb-678d-42af-80c1-9a4daecafb82" />
    <UnitTestResult executionId="3e5c24ce-2711-4f92-8141-1964b76a1f25" testId="81f9715c-47d6-4d00-83cf-0d37ef98cf21" testName="LiteCad.Tests.MoveExactInputTests.ExistingObjectMoveStillWorks" computerName="DESKTOP-UIGURGP" duration="00:00:00.4416446" startTime="2026-08-19T13:44:50.4619917+03:00" endTime="2026-08-19T13:44:50.9028035+03:00" testType="13cdc9d9-ddb5-4fa4-a97d-d965ccfc6d4b" outcome="Passed" testListId="8c84fa94-04c1-424b-9868-57a2d4851a1d" relativeResultsDirectory="3e5c24ce-2711-4f92-8141-1964b76a1f25" />
    <UnitTestResult executionId="7d530f41-53c3-4970-9a42-38f6fbfbbb0e" testId="867ef145-a97a-e078-839c-d7bf1b2071ec" testName="LiteCad.Tests.StretchToolTests.ApplyStretch_UndoRedo" computerName="DESKTOP-UIGURGP" duration="00:00:00.0024441" startTime="2026-08-19T13:44:52.6934923+03:00" endTime="2026-08-19T13:44:52.6952832+03:00" testType="13cdc9d9-ddb5-4fa4-a97d-d965ccfc6d4b" outcome="Passed" testListId="8c84fa94-04c1-424b-9868-57a2d4851a1d" relativeResultsDirectory="7d530f41-53c3-4970-9a42-38f6fbfbbb0e" />
    <UnitTestResult executionId="9e362553-c0a3-4aa1-a686-20ec57f07709" testId="5582d219-4630-cb18-c999-4c6726daff54" testName="LiteCad.Tests.RectangleSizeInputTests.AfterAltSwitch_CanContinueTyping" computerName="DESKTOP-UIGURGP" duration="00:00:00.0267139" startTime="2026-08-19T13:44:51.9281192+03:00" endTime="2026-08-19T13:44:51.9547703+03:00" testType="13cdc9d9-ddb5-4fa4-a97d-d965ccfc6d4b" outcome="Passed" testListId="8c84fa94-04c1-424b-9868-57a2d4851a1d" relativeResultsDirectory="9e362553-c0a3-4aa1-a686-20ec57f07709" />
    <UnitTestResult executionId="e04e7712-e39a-4137-9ac7-c73ac192ad0a" testId="1117b3fa-e62a-c648-b598-1d93af3f9c2b" testName="LiteCad.Tests.CopyToolTests.CopySingleEdge_CreatesIndependentCopy" computerName="DESKTOP-UIGURGP" duration="00:00:00.0004991" startTime="2026-08-19T13:44:52.4311783+03:00" endTime="2026-08-19T13:44:52.4315907+03:00" testType="13cdc9d9-ddb5-4fa4-a97d-d965ccfc6d4b" outcome="Passed" testListId="8c84fa94-04c1-424b-9868-57a2d4851a1d" relativeResultsDirectory="e04e7712-e39a-4137-9ac7-c73ac192ad0a" />
    <UnitTestResult executionId="d48a1742-a116-4f50-bb06-61d376ddbb9e" testId="43d02cc2-8d8f-d572-c25d-3cc430a5f77c" testName="LiteCad.Tests.RectangleToolTests.Rectangle_DeleteEdge" computerName="DESKTOP-UIGURGP" duration="00:00:00.0013672" startTime="2026-08-19T13:44:51.6374780+03:00" endTime="2026-08-19T13:44:51.6381862+03:00" testType="13cdc9d9-ddb5-4fa4-a97d-d965ccfc6d4b" outcome="Passed" testListId="8c84fa94-04c1-424b-9868-57a2d4851a1d" relativeResultsDirectory="d48a1742-a116-4f50-bb06-61d376ddbb9e" />
    <UnitTestResult executionId="b423a54c-097b-4e77-8895-4713a8801de2" testId="6cdccbab-7d40-01d3-e84e-a51a1b5853ef" testName="LiteCad.Tests.CopyToolTests.CopyEscape_Cancels" computerName="DESKTOP-UIGURGP" duration="00:00:00.0151936" startTime="2026-08-19T13:44:52.4326621+03:00" endTime="2026-08-19T13:44:52.4477945+03:00" testType="13cdc9d9-ddb5-4fa4-a97d-d965ccfc6d4b" outcome="Passed" testListId="8c84fa94-04c1-424b-9868-57a2d4851a1d" relativeResultsDirectory="b423a54c-097b-4e77-8895-4713a8801de2" />
    <UnitTestResult executionId="fc0684c9-d0f3-4e42-bb92-d485a0078cf4" testId="8349b9c3-8fa4-e15c-18b7-be3e51f2f4bd" testName="LiteCad.Tests.MoveExactInputTests.MoveOrthoVerticalPositiveDistance" computerName="DESKTOP-UIGURGP" duration="00:00:00.0228805" startTime="2026-08-19T13:44:50.9315602+03:00" endTime="2026-08-19T13:44:50.9542014+03:00" testType="13cdc9d9-ddb5-4fa4-a97d-d965ccfc6d4b" outcome="Passed" testListId="8c84fa94-04c1-424b-9868-57a2d4851a1d" relativeResultsDirectory="fc0684c9-d0f3-4e42-bb92-d485a0078cf4" />
    <UnitTestResult executionId="cd340668-8d13-4067-8f66-f9c7861d90de" testId="ca3f2fc6-6378-eede-ae80-c71966150dec" testName="LiteCad.Tests.SectorGeometryTests.IsFullCircle_DetectsCompleteRevolution(angle: 360, expected: True)" computerName="DESKTOP-UIGURGP" duration="00:00:00.0002878" startTime="2026-08-19T13:44:52.1693149+03:00" endTime="2026-08-19T13:44:52.1695495+03:00" testType="13cdc9d9-ddb5-4fa4-a97d-d965ccfc6d4b" outcome="Passed" testListId="8c84fa94-04c1-424b-9868-57a2d4851a1d" relativeResultsDirectory="cd340668-8d13-4067-8f66-f9c7861d90de" />
[...]
    <TestEntry testId="8abf4d90-0c41-c6fb-5d25-b21d6a3038c2" executionId="ed7d338c-8b04-434d-a7a3-ebd4d3d65203" testListId="8c84fa94-04c1-424b-9868-57a2d4851a1d" />
    <TestEntry testId="ff50d2b4-4205-b389-46a6-e0afddd9ddf2" executionId="f3afd039-9ed3-45a9-a45b-80df8c1ca1ee" testListId="8c84fa94-04c1-424b-9868-57a2d4851a1d" />
    <TestEntry testId="d8dd67f7-dcba-87a9-a1c2-0edaa5f893cd" executionId="6d95328f-729f-4324-86fd-f378b56f73fa" testListId="8c84fa94-04c1-424b-9868-57a2d4851a1d" />
    <TestEntry testId="888510db-1b9c-138c-cbb0-c33220c62f64" executionId="e771798e-9219-4409-a1f0-8c2280b6ecbb" testListId="8c84fa94-04c1-424b-9868-57a2d4851a1d" />
    <TestEntry testId="1fd180a2-4697-50fd-99d6-a36b06582d24" executionId="18a957d9-87ca-4d04-9031-58ade6c39e57" testListId="8c84fa94-04c1-424b-9868-57a2d4851a1d" />
    <TestEntry testId="822ac997-84d8-a6cb-cc98-8eb090b0a550" executionId="d829c137-eaef-496c-adfd-7d9c67a2b427" testListId="8c84fa94-04c1-424b-9868-57a2d4851a1d" />
    <TestEntry testId="30e94e7f-86c9-d778-0ea3-81d0a8828c50" executionId="290ff7e4-da96-42b9-af0f-7904eaca19a3" testListId="8c84fa94-04c1-424b-9868-57a2d4851a1d" />
    <TestEntry testId="cd7d85c5-96f0-b4cf-7397-a4de809888b0" executionId="670f7c8c-0846-4ab8-8104-9525e041956a" testListId="8c84fa94-04c1-424b-9868-57a2d4851a1d" />
    <TestEntry testId="945e7315-a8a4-dd06-1439-fffb5238dcad" executionId="7dadc7dd-4b69-46ba-bfe3-c9c89927fd96" testListId="8c84fa94-04c1-424b-9868-57a2d4851a1d" />
    <TestEntry testId="e592e66e-5483-c978-c579-f2827197bfe9" executionId="e21d8911-489d-482c-be16-25c4c95d5547" testListId="8c84fa94-04c1-424b-9868-57a2d4851a1d" />
    <TestEntry testId="a8a091f9-c780-1402-08b6-96487c07fc21" executionId="ba99456a-ed19-4338-a68e-5916b84674a8" testListId="8c84fa94-04c1-424b-9868-57a2d4851a1d" />
    <TestEntry testId="9bc9d0ab-78e6-5154-72c0-d1f9605a8329" executionId="2c94eafe-c723-4c77-a056-6bd6f4302e4f" testListId="8c84fa94-04c1-424b-9868-57a2d4851a1d" />
    <TestEntry testId="1c8bc08c-f9e5-e041-4ece-75c515a268ea" executionId="e2607cbb-8e33-4da9-8307-0615ca3d7d28" testListId="8c84fa94-04c1-424b-9868-57a2d4851a1d" />
    <TestEntry testId="1047f530-85b3-4389-7eef-349453bddd35" executionId="0c8efdd4-5b97-4c14-86e4-1cbca2850d9d" testListId="8c84fa94-04c1-424b-9868-57a2d4851a1d" />
    <TestEntry testId="d4d3b88b-b9b1-4425-a2bf-efbc0715d400" executionId="fb2ef1d0-02d5-4dcb-b60e-47ffc33e4612" testListId="8c84fa94-04c1-424b-9868-57a2d4851a1d" />
    <TestEntry testId="96f5c845-6962-7ad5-f92d-7f57b6ccf283" executionId="19d3357a-180e-4951-bf07-1392687adbcf" testListId="8c84fa94-04c1-424b-9868-57a2d4851a1d" />
    <TestEntry testId="1c6bb9b5-49f1-66ea-42a5-be7c7d798728" executionId="2cffb240-8ca6-4b95-ab64-4ad4d18d6c44" testListId="8c84fa94-04c1-424b-9868-57a2d4851a1d" />
    <TestEntry testId="17a638d9-670c-dcab-d625-d9969e3b0089" executionId="a887a505-3689-4a8d-a07a-11894133a4b5" testListId="8c84fa94-04c1-424b-9868-57a2d4851a1d" />
    <TestEntry testId="035a0e86-b3d4-fd1e-1d24-406bbfe91de9" executionId="e42845d7-282c-4712-bbd5-d982734b1ec2" testListId="8c84fa94-04c1-424b-9868-57a2d4851a1d" />
    <TestEntry testId="7f3acbfe-eb08-8838-e405-943bb853167e" executionId="a6bcdbcc-1c8c-4012-9238-45486a8ada84" testListId="8c84fa94-04c1-424b-9868-57a2d4851a1d" />
    <TestEntry testId="ce36f3a7-bf1d-e9da-2bed-bb69bf10b6ce" executionId="510fa5c9-7f2d-4591-8908-57470f3ad7ce" testListId="8c84fa94-04c1-424b-9868-57a2d4851a1d" />
    <TestEntry testId="534a7f39-5d5c-860f-adcb-f31b44cbba29" executionId="36fac97c-352c-4c67-8cdb-76527a42869d" testListId="8c84fa94-04c1-424b-9868-57a2d4851a1d" />
    <TestEntry testId="14987321-c957-99b1-ada4-668abc0a1c26" executionId="cc902a2b-5308-449d-8c0f-c7281c86744f" testListId="8c84fa94-04c1-424b-9868-57a2d4851a1d" />
    <TestEntry testId="083988f0-f113-f1b9-11ec-52dc885cbe08" executionId="771b05de-1e75-4f24-a2ef-e9b997dd3dcf" testListId="8c84fa94-04c1-424b-9868-57a2d4851a1d" />
    <TestEntry testId="f182f826-1250-85ad-b075-5ee7dfc15305" executionId="274d10cc-43f2-4876-a18e-d6155d24efbf" testListId="8c84fa94-04c1-424b-9868-57a2d4851a1d" />
    <TestEntry testId="add57aa9-e836-dad0-8361-768a92bf8b53" executionId="e41d040d-435b-45b6-8b10-df3672de8aa2" testListId="8c84fa94-04c1-424b-9868-57a2d4851a1d" />
    <TestEntry testId="e75994ad-c170-5813-d714-439a7db364ec" executionId="83ff50e9-ac5f-4f61-b735-95212fd3954a" testListId="8c84fa94-04c1-424b-9868-57a2d4851a1d" />
    <TestEntry testId="799127e9-0a06-be24-408e-1165dbd86eab" executionId="5b0e8ba2-8534-4fe4-8ffa-72d5aa589041" testListId="8c84fa94-04c1-424b-9868-57a2d4851a1d" />
    <TestEntry testId="9de74993-cb46-708a-6f54-1c7d8a6e8f81" executionId="058d257d-7e6e-44e9-907d-5e21bf124753" testListId="8c84fa94-04c1-424b-9868-57a2d4851a1d" />
    <TestEntry testId="5187347d-9b1a-e465-d87f-35fd9bc4a05f" executionId="8ca89ea2-df2e-4a35-bd98-b37b8c7c8f2d" testListId="8c84fa94-04c1-424b-9868-57a2d4851a1d" />
    <TestEntry testId="07faed42-57b7-8e1b-ac7b-8513e0c5e344" executionId="579d1fab-cbe5-43c9-ab60-4e03d9e33a10" testListId="8c84fa94-04c1-424b-9868-57a2d4851a1d" />
    <TestEntry testId="2b7e67ac-492f-6d61-2b57-c2e021dd99a2" executionId="a978c0d6-3715-4c4b-8e9d-264921a06f1b" testListId="8c84fa94-04c1-424b-9868-57a2d4851a1d" />
    <TestEntry testId="844ff9e4-68e6-4976-06bd-5cb49cae5712" executionId="ecf4f855-14cf-45c4-bc80-3a0f4e124c8f" testListId="8c84fa94-04c1-424b-9868-57a2d4851a1d" />
    <TestEntry testId="cc8c0d47-3a7d-3521-9f3d-71105d000033" executionId="c48ec3fe-f53f-48cd-8faa-c08bb946415e" testListId="8c84fa94-04c1-424b-9868-57a2d4851a1d" />
    <TestEntry testId="cde4a6a2-ddc3-e701-3be5-2a26b89fbd76" executionId="e9d2987b-5f05-470c-85f6-a470fcd4adad" testListId="8c84fa94-04c1-424b-9868-57a2d4851a1d" />
    <TestEntry testId="a64bd268-a4e9-4121-c0a4-592cb7a651c8" executionId="fa27b193-eee7-4474-a954-cfaae07a7694" testListId="8c84fa94-04c1-424b-9868-57a2d4851a1d" />
    <TestEntry testId="eabf70d2-32d4-bf64-8440-a2018324db99" executionId="1a4d39a0-ec10-4d2d-a2c3-f8c74b7d9f3f" testListId="8c84fa94-04c1-424b-9868-57a2d4851a1d" />
    <TestEntry testId="37e61746-5462-0c0e-d16c-b2fe91f51d9c" executionId="e1698667-5632-41ca-8834-c804094ca252" testListId="8c84fa94-04c1-424b-9868-57a2d4851a1d" />
    <TestEntry testId="1872cfb9-bc39-8e69-de23-581fb053cf55" executionId="00510f46-b3a2-4c98-bf97-af7247d2cdbd" testListId="8c84fa94-04c1-424b-9868-57a2d4851a1d" />
    <TestEntry testId="a654b565-67c1-4692-12ad-11c8f162dfb4" executionId="1d02614d-2b75-42a9-8ecc-2e63edbe8b49" testListId="8c84fa94-04c1-424b-9868-57a2d4851a1d" />
    <TestEntry testId="5c8caa87-6fe9-cead-3c7f-5cf3e86274a6" executionId="2da1cbad-181a-4a67-b143-e5d240372f58" testListId="8c84fa94-04c1-424b-9868-57a2d4851a1d" />
    <TestEntry testId="b4427a26-5566-80d2-ffc1-ac57c5e89bba" executionId="edec0dc8-eb63-4a03-b077-7e6ca546d1a9" testListId="8c84fa94-04c1-424b-9868-57a2d4851a1d" />
    <TestEntry testId="6b09edd7-79bd-01fd-a02d-e1b313a4ec6e" executionId="ae6359f4-bf2c-4b93-98d4-3acd041f9a24" testListId="8c84fa94-04c1-424b-9868-57a2d4851a1d" />
    <TestEntry testId="d515588a-eb8e-b8fa-7302-c029d5efa176" executionId="c2469373-2b12-40ac-aeb4-f1934ed0ee5d" testListId="8c84fa94-04c1-424b-9868-57a2d4851a1d" />
    <TestEntry testId="77a63704-7092-345c-9d01-78f2101c9787" executionId="600a62c3-cf47-43bd-b863-24913cd6c1cb" testListId="8c84fa94-04c1-424b-9868-57a2d4851a1d" />
    <TestEntry testId="a7afb73c-c27a-5970-ccbd-644d9111a7cc" executionId="3a328fe3-3bf1-4a56-be90-b811988368ae" testListId="8c84fa94-04c1-424b-9868-57a2d4851a1d" />
    <TestEntry testId="6620677c-672d-7804-82e4-efe08c653b89" executionId="49648e7f-8219-4b4e-b6bf-82e62311e8a5" testListId="8c84fa94-04c1-424b-9868-57a2d4851a1d" />
    <TestEntry testId="243458a0-5dea-3f4e-40a5-283676aa52ca" executionId="725268d9-f3b7-40aa-99b2-95262c633901" testListId="8c84fa94-04c1-424b-9868-57a2d4851a1d" />
    <TestEntry testId="4a884c03-3da4-2992-955f-047f99302392" executionId="3d2a2d61-81d4-4e4a-8a03-73f5a8809f2a" testListId="8c84fa94-04c1-424b-9868-57a2d4851a1d" />
  </TestEntries>
  <TestLists>
    <TestList name="Список результатов" id="8c84fa94-04c1-424b-9868-57a2d4851a1d" />
    <TestList name="Все загруженные результаты" id="19431567-8539-422a-85d7-44ee4e166bda" />
  </TestLists>
  <ResultSummary outcome="Failed">
    <Counters total="345" executed="345" passed="340" failed="5" error="0" timeout="0" aborted="0" inconclusive="0" passedButRunAborted="0" notRunnable="0" notExecuted="0" disconnected="0" warning="0" completed="0" inProgress="0" pending="0" />
    <Output>
      <StdOut>[xUnit.net 00:00:00.00] xUnit.net VSTest Adapter v3.1.4+50e68bbb8b (64-bit .NET 10.0.11)&#xD;
[xUnit.net 00:00:00.09]   Discovering: LiteCad.Tests&#xD;
[xUnit.net 00:00:00.17]   Discovered:  LiteCad.Tests&#xD;
[xUnit.net 00:00:00.22]   Starting:    LiteCad.Tests&#xD;
[xUnit.net 00:00:02.52]       System.ArgumentNullException : Value cannot be null. (Parameter 'inputSource')&#xD;
[xUnit.net 00:00:02.52]       Stack Trace:&#xD;
[xUnit.net 00:00:02.52]            at System.ArgumentNullException.Throw(String paramName)&#xD;
[xUnit.net 00:00:02.52]            at System.ArgumentNullException.ThrowIfNull(Object argument, String paramName)&#xD;
[xUnit.net 00:00:02.52]            at System.Windows.Input.KeyEventArgs..ctor(KeyboardDevice keyboard, PresentationSource inputSource, Int32 timestamp, Key key)&#xD;
[xUnit.net 00:00:02.52]         C:\Users\Admin\source\repos\LiteCad\LiteCad.Tests\CircleToolTests.cs(300,0): at LiteCad.Tests.CircleToolTests.CreateEnterKey()&#xD;
[xUnit.net 00:00:02.52]         C:\Users\Admin\source\repos\LiteCad\LiteCad.Tests\CircleToolTests.cs(419,0): at LiteCad.Tests.CircleToolTests.CircleInteractiveHarness.PressEnter()&#xD;
[xUnit.net 00:00:02.52]         C:\Users\Admin\source\repos\LiteCad\LiteCad.Tests\CircleToolTests.cs(184,0): at LiteCad.Tests.CircleToolTests.&lt;&gt;c.&lt;Circle_InputClearsAfterCommit&gt;b__13_0()&#xD;
[xUnit.net 00:00:02.52]         C:\Users\Admin\source\repos\LiteCad\LiteCad.Tests\CircleToolTests.cs(266,0): at LiteCad.Tests.CircleToolTests.&lt;&gt;c__DisplayClass21_0.&lt;RunSta&gt;b__0()&#xD;
[xUnit.net 00:00:02.52]         --- End of stack trace from previous location ---&#xD;
[xUnit.net 00:00:02.53]         C:\Users\Admin\source\repos\LiteCad\LiteCad.Tests\CircleToolTests.cs(280,0): at LiteCad.Tests.CircleToolTests.RunSta(Action action)&#xD;
[xUnit.net 00:00:02.53]         C:\Users\Admin\source\repos\LiteCad\LiteCad.Tests\CircleToolTests.cs(178,0): at LiteCad.Tests.CircleToolTests.Circle_InputClearsAfterCommit()&#xD;
[xUnit.net 00:00:02.53]            at System.Reflection.MethodBaseInvoker.InterpretedInvoke_Method(Object obj, IntPtr* args)&#xD;
[xUnit.net 00:00:02.53]            at System.Reflection.MethodBaseInvoker.InvokeWithNoArgs(Object obj, BindingFlags invokeAttr)&#xD;
[xUnit.net 00:00:02.55]       System.ArgumentNullException : Value cannot be null. (Parameter 'inputSource')&#xD;
[xUnit.net 00:00:02.55]       Stack Trace:&#xD;
[xUnit.net 00:00:02.55]            at System.ArgumentNullException.Throw(String paramName)&#xD;
[xUnit.net 00:00:02.55]            at System.ArgumentNullException.ThrowIfNull(Object argument, String paramName)&#xD;
[xUnit.net 00:00:02.55]            at System.Windows.Input.KeyEventArgs..ctor(KeyboardDevice keyboard, PresentationSource inputSource, Int32 timestamp, Key key)&#xD;
[xUnit.net 00:00:02.55]         C:\Users\Admin\source\repos\LiteCad\LiteCad.Tests\CircleToolTests.cs(300,0): at LiteCad.Tests.CircleToolTests.CreateEnterKey()&#xD;
[xUnit.net 00:00:02.55]         C:\Users\Admin\source\repos\LiteCad\LiteCad.Tests\CircleToolTests.cs(419,0): at LiteCad.Tests.CircleToolTests.CircleInteractiveHarness.PressEnter()&#xD;
[xUnit.net 00:00:02.55]         C:\Users\Admin\source\repos\LiteCad\LiteCad.Tests\CircleToolTests.cs(199,0): at LiteCad.Tests.CircleToolTests.&lt;&gt;c.&lt;Circle_InvalidInputPreserved&gt;b__14_0()&#xD;
[xUnit.net 00:00:02.55]         C:\Users\Admin\source\repos\LiteCad\LiteCad.Tests\CircleToolTests.cs(266,0): at LiteCad.Tests.CircleToolTests.&lt;&gt;c__DisplayClass21_0.&lt;RunSta&gt;b__0()&#xD;
[xUnit.net 00:00:02.55]         --- End of stack trace from previous location ---&#xD;
[xUnit.net 00:00:02.55]         C:\Users\Admin\source\repos\LiteCad\LiteCad.Tests\CircleToolTests.cs(280,0): at LiteCad.Tests.CircleToolTests.RunSta(Action action)&#xD;
[xUnit.net 00:00:02.55]         C:\Users\Admin\source\repos\LiteCad\LiteCad.Tests\CircleToolTests.cs(193,0): at LiteCad.Tests.CircleToolTests.Circle_InvalidInputPreserved()&#xD;
[xUnit.net 00:00:02.55]            at System.Reflection.MethodBaseInvoker.InterpretedInvoke_Method(Object obj, IntPtr* args)&#xD;
[xUnit.net 00:00:02.55]            at System.Reflection.MethodBaseInvoker.InvokeWithNoArgs(Object obj, BindingFlags invokeAttr)&#xD;
[xUnit.net 00:00:02.56]       System.ArgumentNullException : Value cannot be null. (Parameter 'inputSource')&#xD;
[xUnit.net 00:00:02.56]       Stack Trace:&#xD;
[xUnit.net 00:00:02.56]            at System.ArgumentNullException.Throw(String paramName)&#xD;
[xUnit.net 00:00:02.56]            at System.ArgumentNullException.ThrowIfNull(Object argument, String paramName)&#xD;
[xUnit.net 00:00:02.56]            at System.Windows.Input.KeyEventArgs..ctor(KeyboardDevice keyboard, PresentationSource inputSource, Int32 timestamp, Key key)&#xD;
[xUnit.net 00:00:02.56]         C:\Users\Admin\source\repos\LiteCad\LiteCad.Tests\CircleToolTests.cs(300,0): at LiteCad.Tests.CircleToolTests.CreateEnterKey()&#xD;
[xUnit.net 00:00:02.56]         C:\Users\Admin\source\repos\LiteCad\LiteCad.Tests\CircleToolTests.cs(419,0): at LiteCad.Tests.CircleToolTests.CircleInteractiveHarness.PressEnter()&#xD;
[xUnit.net 00:00:02.56]         C:\Users\Admin\source\repos\LiteCad\LiteCad.Tests\CircleToolTests.cs(168,0): at LiteCad.Tests.CircleToolTests.&lt;&gt;c.&lt;Circle_EnterCommitsImmediately&gt;b__12_0()&#xD;
[xUnit.net 00:00:02.56]         C:\Users\Admin\source\repos\LiteCad\LiteCad.Tests\CircleToolTests.cs(266,0): at LiteCad.Tests.CircleToolTests.&lt;&gt;c__DisplayClass21_0.&lt;RunSta&gt;b__0()&#xD;
[xUnit.net 00:00:02.56]         --- End of stack trace from previous location ---&#xD;
[xUnit.net 00:00:02.56]         C:\Users\Admin\source\repos\LiteCad\LiteCad.Tests\CircleToolTests.cs(280,0): at LiteCad.Tests.CircleToolTests.RunSta(Action action)&#xD;
[xUnit.net 00:00:02.56]         C:\Users\Admin\source\repos\LiteCad\LiteCad.Tests\CircleToolTests.cs(162,0): at LiteCad.Tests.CircleToolTests.Circle_EnterCommitsImmediately()&#xD;
[xUnit.net 00:00:02.56]            at System.Reflection.MethodBaseInvoker.InterpretedInvoke_Method(Object obj, IntPtr* args)&#xD;
[xUnit.net 00:00:02.56]            at System.Reflection.MethodBaseInvoker.InvokeWithNoArgs(Object obj, BindingFlags invokeAttr)&#xD;
[xUnit.net 00:00:02.67]       System.ArgumentNullException : Value cannot be null. (Parameter 'inputSource')&#xD;
[xUnit.net 00:00:02.67]       Stack Trace:&#xD;
[xUnit.net 00:00:02.67]            at System.ArgumentNullException.Throw(String paramName)&#xD;
[xUnit.net 00:00:02.67]            at System.ArgumentNullException.ThrowIfNull(Object argument, String paramName)&#xD;
[xUnit.net 00:00:02.67]            at System.Windows.Input.KeyEventArgs..ctor(KeyboardDevice keyboard, PresentationSource inputSource, Int32 timestamp, Key key)&#xD;
[xUnit.net 00:00:02.67]         C:\Users\Admin\source\repos\LiteCad\LiteCad.Tests\StretchToolTests.cs(704,0): at LiteCad.Tests.StretchToolTests.StretchHarness.PressDistanceEnter()&#xD;
[xUnit.net 00:00:02.67]         C:\Users\Admin\source\repos\LiteCad\LiteCad.Tests\StretchToolTests.cs(363,0): at LiteCad.Tests.StretchToolTests.&lt;&gt;c.&lt;StretchDistanceInput_InvalidValuePreserved&gt;b__22_0()&#xD;
[xUnit.net 00:00:02.67]         C:\Users\Admin\source\repos\LiteCad\LiteCad.Tests\StretchToolTests.cs(588,0): at LiteCad.Tests.StretchToolTests.&lt;&gt;c__DisplayClass40_0.&lt;RunSta&gt;b__0()&#xD;
[xUnit.net 00:00:02.67]         --- End of stack trace from previous location ---&#xD;
[xUnit.net 00:00:02.67]         C:\Users\Admin\source\repos\LiteCad\LiteCad.Tests\StretchToolTests.cs(602,0): at LiteCad.Tests.StretchToolTests.RunSta(Action action)&#xD;
[xUnit.net 00:00:02.67]         C:\Users\Admin\source\repos\LiteCad\LiteCad.Tests\StretchToolTests.cs(355,0): at LiteCad.Tests.StretchToolTests.StretchDistanceInput_InvalidValuePreserved()&#xD;
[xUnit.net 00:00:02.67]            at System.Reflection.MethodBaseInvoker.InterpretedInvoke_Method(Object obj, IntPtr* args)&#xD;
[xUnit.net 00:00:02.67]            at System.Reflection.MethodBaseInvoker.InvokeWithNoArgs(Object obj, BindingFlags invokeAttr)&#xD;
[xUnit.net 00:00:02.74]       System.ArgumentNullException : Value cannot be null. (Parameter 'inputSource')&#xD;
[xUnit.net 00:00:02.74]       Stack Trace:&#xD;
[xUnit.net 00:00:02.74]            at System.ArgumentNullException.Throw(String paramName)&#xD;
[xUnit.net 00:00:02.74]            at System.ArgumentNullException.ThrowIfNull(Object argument, String paramName)&#xD;
[xUnit.net 00:00:02.74]            at System.Windows.Input.KeyEventArgs..ctor(KeyboardDevice keyboard, PresentationSource inputSource, Int32 timestamp, Key key)&#xD;
[xUnit.net 00:00:02.74]         C:\Users\Admin\source\repos\LiteCad\LiteCad.Tests\StretchToolTests.cs(704,0): at LiteCad.Tests.StretchToolTests.StretchHarness.PressDistanceEnter()&#xD;
[xUnit.net 00:00:02.74]         C:\Users\Admin\source\repos\LiteCad\LiteCad.Tests\StretchToolTests.cs(347,0): at LiteCad.Tests.StretchToolTests.&lt;&gt;c.&lt;StretchDistanceInput_ClearsAfterCommit&gt;b__21_0()&#xD;
[xUnit.net 00:00:02.74]         C:\Users\Admin\source\repos\LiteCad\LiteCad.Tests\StretchToolTests.cs(588,0): at LiteCad.Tests.StretchToolTests.&lt;&gt;c__DisplayClass40_0.&lt;RunSta&gt;b__0()&#xD;
[xUnit.net 00:00:02.74]         --- End of stack trace from previous location ---&#xD;
[xUnit.net 00:00:02.74]         C:\Users\Admin\source\repos\LiteCad\LiteCad.Tests\StretchToolTests.cs(602,0): at LiteCad.Tests.StretchToolTests.RunSta(Action action)&#xD;
[xUnit.net 00:00:02.74]         C:\Users\Admin\source\repos\LiteCad\LiteCad.Tests\StretchToolTests.cs(339,0): at LiteCad.Tests.StretchToolTests.StretchDistanceInput_ClearsAfterCommit()&#xD;
[xUnit.net 00:00:02.74]            at System.Reflection.MethodBaseInvoker.InterpretedInvoke_Method(Object obj, IntPtr* args)&#xD;
[xUnit.net 00:00:02.74]            at System.Reflection.MethodBaseInvoker.InvokeWithNoArgs(Object obj, BindingFlags invokeAttr)&#xD;
[xUnit.net 00:00:02.79]   Finished:    LiteCad.Tests&#xD;
</StdOut>
    </Output>
    <RunInfos>
      <RunInfo computerName="DESKTOP-UIGURGP" outcome="Error" timestamp="2026-08-19T13:44:52.5633991+03:00">
        <Text>[xUnit.net 00:00:02.52]     LiteCad.Tests.CircleToolTests.Circle_InputClearsAfterCommit [FAIL]</Text>
      </RunInfo>
      <RunInfo computerName="DESKTOP-UIGURGP" outcome="Error" timestamp="2026-08-19T13:44:52.5957031+03:00">
        <Text>[xUnit.net 00:00:02.55]     LiteCad.Tests.CircleToolTests.Circle_InvalidInputPreserved [FAIL]</Text>
      </RunInfo>
      <RunInfo computerName="DESKTOP-UIGURGP" outcome="Error" timestamp="2026-08-19T13:44:52.6036453+03:00">
        <Text>[xUnit.net 00:00:02.56]     LiteCad.Tests.CircleToolTests.Circle_EnterCommitsImmediately [FAIL]</Text>
      </RunInfo>
      <RunInfo computerName="DESKTOP-UIGURGP" outcome="Error" timestamp="2026-08-19T13:44:52.7089328+03:00">
        <Text>[xUnit.net 00:00:02.67]     LiteCad.Tests.StretchToolTests.StretchDistanceInput_InvalidValuePreserved [FAIL]</Text>
      </RunInfo>
      <RunInfo computerName="DESKTOP-UIGURGP" outcome="Error" timestamp="2026-08-19T13:44:52.7819011+03:00">
        <Text>[xUnit.net 00:00:02.74]     LiteCad.Tests.StretchToolTests.StretchDistanceInput_ClearsAfterCommit [FAIL]</Text>
      </RunInfo>
    </RunInfos>
  </ResultSummary>
</TestRun>