<?xml version="1.0" encoding="utf-8"?>
<TestRun id="16dd1b99-06ad-4262-9944-07ce36b5c5a6" name="Admin@DESKTOP-UIGURGP 2026-08-20 18:13:34" runUser="DESKTOP-UIGURGP\Admin" xmlns="http://microsoft.com/schemas/VisualStudio/TeamTest/2010">
  <Times creation="2026-08-20T18:13:34.4820183+03:00" queuing="2026-08-20T18:13:34.4820185+03:00" start="2026-08-20T18:13:33.6785712+03:00" finish="2026-08-20T18:13:36.8898354+03:00" />
  <TestSettings name="default" id="0587bf01-7a0b-4778-8848-f9b7bb4f19e1">
    <Deployment runDeploymentRoot="Admin_DESKTOP-UIGURGP_2026-08-20_18_13_34" />
  </TestSettings>
  <Results>
    <UnitTestResult executionId="9f378c11-8c24-44a7-a236-9a14ca6b1cf8" testId="9de74993-cb46-708a-6f54-1c7d8a6e8f81" testName="LiteCad.Tests.StretchToolTests.StretchTool_CommitStretchesRectangle" computerName="DESKTOP-UIGURGP" duration="00:00:00.0016501" startTime="2026-08-20T18:13:36.5157157+03:00" endTime="2026-08-20T18:13:36.5174322+03:00" testType="13cdc9d9-ddb5-4fa4-a97d-d965ccfc6d4b" outcome="Passed" testListId="8c84fa94-04c1-424b-9868-57a2d4851a1d" relativeResultsDirectory="9f378c11-8c24-44a7-a236-9a14ca6b1cf8" />
    <UnitTestResult executionId="415daf25-4cd6-4dd9-8402-c3c5ee47b4f6" testId="436c143a-f7b9-fb83-4c26-e0e69cba39c5" testName="LiteCad.Tests.EraserToolTests.Eraser_ClickPolygon_DeletesAccordingToExistingDeleteSemantics" computerName="DESKTOP-UIGURGP" duration="00:00:00.0023769" startTime="2026-08-20T18:13:36.2942000+03:00" endTime="2026-08-20T18:13:36.2966818+03:00" testType="13cdc9d9-ddb5-4fa4-a97d-d965ccfc6d4b" outcome="Passed" testListId="8c84fa94-04c1-424b-9868-57a2d4851a1d" relativeResultsDirectory="415daf25-4cd6-4dd9-8402-c3c5ee47b4f6" />
    <UnitTestResult executionId="221affde-fff8-4192-a6ef-f559a44b57ac" testId="d4d3b88b-b9b1-4425-a2bf-efbc0715d400" testName="LiteCad.Tests.MoveToolTests.MoveSelection_NoDanglingReferences" computerName="DESKTOP-UIGURGP" duration="00:00:00.0002507" startTime="2026-08-20T18:13:35.5020652+03:00" endTime="2026-08-20T18:13:35.5023841+03:00" testType="13cdc9d9-ddb5-4fa4-a97d-d965ccfc6d4b" outcome="Passed" testListId="8c84fa94-04c1-424b-9868-57a2d4851a1d" relativeResultsDirectory="221affde-fff8-4192-a6ef-f559a44b57ac" />
    <UnitTestResult executionId="1cf9f20b-bae5-4bd7-a784-8a5868dec385" testId="a32794a9-835b-08f8-25a8-ecc56bcd3422" testName="LiteCad.Tests.EraserToolTests.Eraser_OneClick_OneObject" computerName="DESKTOP-UIGURGP" duration="00:00:00.0013567" startTime="2026-08-20T18:13:36.3047793+03:00" endTime="2026-08-20T18:13:36.3062028+03:00" testType="13cdc9d9-ddb5-4fa4-a97d-d965ccfc6d4b" outcome="Passed" testListId="8c84fa94-04c1-424b-9868-57a2d4851a1d" relativeResultsDirectory="1cf9f20b-bae5-4bd7-a784-8a5868dec385" />
    <UnitTestResult executionId="351b0816-f3ac-4ac7-a38f-be9e732645ae" testId="8554ef7b-52ce-486a-fb11-1103a93f930e" testName="LiteCad.Tests.DimensionToolTests.RemoveInvalid_DeletingSecondVertex_RemovesDimension" computerName="DESKTOP-UIGURGP" duration="00:00:00.0001594" startTime="2026-08-20T18:13:35.7578929+03:00" endTime="2026-08-20T18:13:35.7581214+03:00" testType="13cdc9d9-ddb5-4fa4-a97d-d965ccfc6d4b" outcome="Passed" testListId="8c84fa94-04c1-424b-9868-57a2d4851a1d" relativeResultsDirectory="351b0816-f3ac-4ac7-a38f-be9e732645ae" />
    <UnitTestResult executionId="c42d3c75-08ed-4ef4-9c3c-fa1a61177a9a" testId="ecc060c8-0c3e-4e0e-4408-60f9343deb3e" testName="LiteCad.Tests.OffsetTopologyTests.ScenarioA_NestedSquares_CreateIndependentFacesWithRingHole" computerName="DESKTOP-UIGURGP" duration="00:00:00.0003639" startTime="2026-08-20T18:13:36.3515805+03:00" endTime="2026-08-20T18:13:36.3520379+03:00" testType="13cdc9d9-ddb5-4fa4-a97d-d965ccfc6d4b" outcome="Passed" testListId="8c84fa94-04c1-424b-9868-57a2d4851a1d" relativeResultsDirectory="c42d3c75-08ed-4ef4-9c3c-fa1a61177a9a" />
    <UnitTestResult executionId="5d9f40d2-82bf-4648-a731-0beee26aa36a" testId="94edbb89-53a4-4032-a99e-6c7756fae59f" testName="LiteCad.Tests.RectangleSizeInputTests.Alt_SwitchesFromWidthToHeight" computerName="DESKTOP-UIGURGP" duration="00:00:00.0073062" startTime="2026-08-20T18:13:35.9187971+03:00" endTime="2026-08-20T18:13:35.9263867+03:00" testType="13cdc9d9-ddb5-4fa4-a97d-d965ccfc6d4b" outcome="Failed" testListId="8c84fa94-04c1-424b-9868-57a2d4851a1d" relativeResultsDirectory="5d9f40d2-82bf-4648-a731-0beee26aa36a">
      <Output>
        <ErrorInfo>
          <Message>System.InvalidOperationException : PresentationSource is unavailable for the visual tree.</Message>
          <StackTrace>   at LiteCad.Tests.WpfTestUtilities.RequirePresentationSource(Visual visual) in C:\Users\Admin\source\repos\LiteCad\LiteCad.Tests\WpfTestUtilities.cs:line 39&#xD;
   at LiteCad.Tests.WpfTestUtilities.CreateKeyDown(Visual visual, Key key) in C:\Users\Admin\source\repos\LiteCad\LiteCad.Tests\WpfTestUtilities.cs:line 46&#xD;
   at LiteCad.Tests.RectangleSizeInputTests.RectangleSizeInputTestHost.PressAlt() in C:\Users\Admin\source\repos\LiteCad\LiteCad.Tests\RectangleSizeInputTests.cs:line 264&#xD;
   at LiteCad.Tests.RectangleSizeInputTests.&lt;&gt;c.&lt;Alt_SwitchesFromWidthToHeight&gt;b__1_0() in C:\Users\Admin\source\repos\LiteCad\LiteCad.Tests\RectangleSizeInputTests.cs:line 36&#xD;
   at LiteCad.Tests.RectangleSizeInputTests.&lt;&gt;c__DisplayClass12_0.&lt;RunSta&gt;b__0() in C:\Users\Admin\source\repos\LiteCad\LiteCad.Tests\RectangleSizeInputTests.cs:line 200&#xD;
--- End of stack trace from previous location ---&#xD;
   at LiteCad.Tests.RectangleSizeInputTests.RunSta(Action action) in C:\Users\Admin\source\repos\LiteCad\LiteCad.Tests\RectangleSizeInputTests.cs:line 214&#xD;
   at LiteCad.Tests.RectangleSizeInputTests.Alt_SwitchesFromWidthToHeight() in C:\Users\Admin\source\repos\LiteCad\LiteCad.Tests\RectangleSizeInputTests.cs:line 32&#xD;
   at System.Reflection.MethodBaseInvoker.InterpretedInvoke_Method(Object obj, IntPtr* args)&#xD;
   at System.Reflection.MethodBaseInvoker.InvokeWithNoArgs(Object obj, BindingFlags invokeAttr)</StackTrace>
        </ErrorInfo>
      </Output>
    </UnitTestResult>
    <UnitTestResult executionId="4ea12ac7-01ae-429d-aeb6-ac7e1730bfa6" testId="60def55e-a26f-680e-a3ac-54eeebe435eb" testName="LiteCad.Tests.ExtendToolTests.Extend_LineToIntersection_KeepsSingleEdgeWithNewLength" computerName="DESKTOP-UIGURGP" duration="00:00:00.0005664" startTime="2026-08-20T18:13:36.3436893+03:00" endTime="2026-08-20T18:13:36.3443276+03:00" testType="13cdc9d9-ddb5-4fa4-a97d-d965ccfc6d4b" outcome="Passed" testListId="8c84fa94-04c1-424b-9868-57a2d4851a1d" relativeResultsDirectory="4ea12ac7-01ae-429d-aeb6-ac7e1730bfa6" />
    <UnitTestResult executionId="474db49b-cef6-4495-8149-05841631d25b" testId="5e688c0a-a180-683b-3418-7880f21d8021" testName="LiteCad.Tests.MoveExactInputTests.MoveOrthoOn_ShowsDistanceField" computerName="DESKTOP-UIGURGP" duration="00:00:00.0067296" startTime="2026-08-20T18:13:36.0439889+03:00" endTime="2026-08-20T18:13:36.0508266+03:00" testType="13cdc9d9-ddb5-4fa4-a97d-d965ccfc6d4b" outcome="Passed" testListId="8c84fa94-04c1-424b-9868-57a2d4851a1d" relativeResultsDirectory="474db49b-cef6-4495-8149-05841631d25b" />
    <UnitTestResult executionId="5d749a3d-6b72-4b8c-9316-731815dbfec6" testId="40f0d483-b8e4-fda7-0adc-e0c35c6ae93c" testName="LiteCad.Tests.MoveExactInputTests.MoveOrthoHorizontalPositiveDistance" computerName="DESKTOP-UIGURGP" duration="00:00:00.0073434" startTime="2026-08-20T18:13:36.1120916+03:00" endTime="2026-08-20T18:13:36.1195586+03:00" testType="13cdc9d9-ddb5-4fa4-a97d-d965ccfc6d4b" outcome="Passed" testListId="8c84fa94-04c1-424b-9868-57a2d4851a1d" relativeResultsDirectory="5d749a3d-6b72-4b8c-9316-731815dbfec6" />
    <UnitTestResult executionId="6006cc83-9ebd-4509-988b-5f0afa1fa273" testId="023e7088-3d66-c2e4-efe5-a14ad4f88af3" testName="LiteCad.Tests.CircleToolTests.Circle_Radius1000" computerName="DESKTOP-UIGURGP" duration="00:00:00.0025984" startTime="2026-08-20T18:13:36.2149155+03:00" endTime="2026-08-20T18:13:36.2175922+03:00" testType="13cdc9d9-ddb5-4fa4-a97d-d965ccfc6d4b" outcome="Passed" testListId="8c84fa94-04c1-424b-9868-57a2d4851a1d" relativeResultsDirectory="6006cc83-9ebd-4509-988b-5f0afa1fa273" />
    <UnitTestResult executionId="ec72adeb-c0e4-4f65-b179-a515153757cd" testId="aa2e6c14-1c65-f8bb-829c-cb9ac19c53dd" testName="LiteCad.Tests.PolygonBuilderTests.SyncFaces_SquareWithDiagonal_CreatesTwoFacesSharingDiagonalEdge" computerName="DESKTOP-UIGURGP" duration="00:00:00.0037111" startTime="2026-08-20T18:13:35.7591018+03:00" endTime="2026-08-20T18:13:35.7628938+03:00" testType="13cdc9d9-ddb5-4fa4-a97d-d965ccfc6d4b" outcome="Passed" testListId="8c84fa94-04c1-424b-9868-57a2d4851a1d" relativeResultsDirectory="ec72adeb-c0e4-4f65-b179-a515153757cd" />
    <UnitTestResult executionId="bea11ba2-007c-44a0-a432-3844f4e5d64f" testId="6b6bc52a-cefe-8de4-dfc2-48a811725686" testName="LiteCad.Tests.OffsetToolTests.OffsetTool_PreviewDoesNotModifyDocument" computerName="DESKTOP-UIGURGP" duration="00:00:00.0011428" startTime="2026-08-20T18:13:36.3182996+03:00" endTime="2026-08-20T18:13:36.3195103+03:00" testType="13cdc9d9-ddb5-4fa4-a97d-d965ccfc6d4b" outcome="Passed" testListId="8c84fa94-04c1-424b-9868-57a2d4851a1d" relativeResultsDirectory="bea11ba2-007c-44a0-a432-3844f4e5d64f" />
    <UnitTestResult executionId="3f29eea3-7838-4c31-aac4-b3537a9d6343" testId="2fe78002-b8e6-67b0-137f-b93cbe7c1bb9" testName="LiteCad.Tests.SectorToolTests.Sector_ExactRadiusInput_FixesStartPoint" computerName="DESKTOP-UIGURGP" duration="00:00:00.0171840" startTime="2026-08-20T18:13:35.5945883+03:00" endTime="2026-08-20T18:13:35.6119927+03:00" testType="13cdc9d9-ddb5-4fa4-a97d-d965ccfc6d4b" outcome="Passed" testListId="8c84fa94-04c1-424b-9868-57a2d4851a1d" relativeResultsDirectory="3f29eea3-7838-4c31-aac4-b3537a9d6343" />
    <UnitTestResult executionId="6e88f2da-8f65-47b3-aa33-499403e88918" testId="12804470-82b8-3932-5899-9da722f7fac9" testName="LiteCad.Tests.MoveExactInputDistanceSemanticsTests.OrthoLeft_Distance200_ProducesMinus200" computerName="DESKTOP-UIGURGP" duration="00:00:00.0099378" startTime="2026-08-20T18:13:35.3020275+03:00" endTime="2026-08-20T18:13:35.3121223+03:00" testType="13cdc9d9-ddb5-4fa4-a97d-d965ccfc6d4b" outcome="Passed" testListId="8c84fa94-04c1-424b-9868-57a2d4851a1d" relativeResultsDirectory="6e88f2da-8f65-47b3-aa33-499403e88918" />
    <UnitTestResult executionId="9302056a-0218-4fd4-82f4-1d98672a1f4b" testId="a0f76e4d-9e67-3c46-e80d-c69c81b65eb4" testName="LiteCad.Tests.OffsetOperationsTests.ExecuteObjectOffset_PreservesOriginalFace" computerName="DESKTOP-UIGURGP" duration="00:00:00.0016312" startTime="2026-08-20T18:13:36.1472163+03:00" endTime="2026-08-20T18:13:36.1489176+03:00" testType="13cdc9d9-ddb5-4fa4-a97d-d965ccfc6d4b" outcome="Passed" testListId="8c84fa94-04c1-424b-9868-57a2d4851a1d" relativeResultsDirectory="9302056a-0218-4fd4-82f4-1d98672a1f4b" />
    <UnitTestResult executionId="24e4b173-bb59-4fb5-9838-d71d1db52751" testId="4627c9f1-9d6c-7113-d0eb-8ad9ea4c10d9" testName="LiteCad.Tests.MoveToolTests.ClickingVertex_EntersVertexMoveMode" computerName="DESKTOP-UIGURGP" duration="00:00:00.0014492" startTime="2026-08-20T18:13:35.4862589+03:00" endTime="2026-08-20T18:13:35.4877840+03:00" testType="13cdc9d9-ddb5-4fa4-a97d-d965ccfc6d4b" outcome="Passed" testListId="8c84fa94-04c1-424b-9868-57a2d4851a1d" relativeResultsDirectory="24e4b173-bb59-4fb5-9838-d71d1db52751" />
    <UnitTestResult executionId="931754db-cd78-4f2c-b069-39e99e17e40a" testId="c0e16006-5a6a-335b-5f33-8492db57c9a4" testName="LiteCad.Tests.SnapTopologyDiagnosticsTests.Square_ScreenSpaceCoordinates_ReportsTopology" computerName="DESKTOP-UIGURGP" duration="00:00:00.0011186" startTime="2026-08-20T18:13:34.4079251+03:00" endTime="2026-08-20T18:13:34.4091096+03:00" testType="13cdc9d9-ddb5-4fa4-a97d-d965ccfc6d4b" outcome="Passed" testListId="8c84fa94-04c1-424b-9868-57a2d4851a1d" relativeResultsDirectory="931754db-cd78-4f2c-b069-39e99e17e40a">
      <Output>
        <StdOut>=== Screen-space square (tolerance=12) ===&#xD;
Edge count: 4&#xD;
Vertex count: 4&#xD;
&#xD;
Canonical vertices:&#xD;
  bd5e48ab-5086-455d-9160-4fcbd5950a34: (-100, 100)&#xD;
  a5433051-73d8-4710-9cbd-febe8139079c: (100, 100)&#xD;
  181c470c-8ad8-4dea-82d8-a5796630d88a: (100, -100)&#xD;
  61d80b67-e7f2-4b61-b52b-a0380bad0754: (-100, -100)&#xD;
&#xD;
All Edge endpoints:&#xD;
  ba306b3d-8661-47d0-9446-01e424729632: Start=(-100, 100) End=(100, 100)&#xD;
  4f0e9d56-c97a-4304-9111-66864c56774f: Start=(100, 100) End=(100, -100)&#xD;
  962bdad2-91b8-40ce-b626-a4f4c7e0fc7d: Start=(100, -100) End=(-100, -100)&#xD;
  8c46d3ae-eb0d-4e2b-bda8-f49b58e7340f: Start=(-100, -100) End=(-100, 100)&#xD;
&#xD;
Expected corners: 4&#xD;
  Corner (-100, -100): visible-snaps=1, vertex-snaps=1&#xD;
  Corner (-100, 100): visible-snaps=1, vertex-snaps=1&#xD;
  Corner (100, -100): visible-snaps=1, vertex-snaps=1&#xD;
  Corner (100, 100): visible-snaps=1, vertex-snaps=1</StdOut>
      </Output>
    </UnitTestResult>
    <UnitTestResult executionId="e23415e7-6b3b-4b10-b733-ca9b10e76a94" testId="6566f48c-684d-d6fb-4283-50bd3c3c7f78" testName="LiteCad.Tests.RectangleToolTests.Rectangle_UndoIsSingleOperation" computerName="DESKTOP-UIGURGP" duration="00:00:00.0009117" startTime="2026-08-20T18:13:35.5447745+03:00" endTime="2026-08-20T18:13:35.5457575+03:00" testType="13cdc9d9-ddb5-4fa4-a97d-d965ccfc6d4b" outcome="Passed" testListId="8c84fa94-04c1-424b-9868-57a2d4851a1d" relativeResultsDirectory="e23415e7-6b3b-4b10-b733-ca9b10e76a94" />
    <UnitTestResult executionId="815766bf-a9ca-4966-8b94-0264a5528130" testId="5dfb9b31-1881-dca9-b1c0-a7ea6c98b8de" testName="LiteCad.Tests.LanguageSelectorTests.SelectingRussian_SavesRussian" computerName="DESKTOP-UIGURGP" duration="00:00:00.0018314" startTime="2026-08-20T18:13:35.8876895+03:00" endTime="2026-08-20T18:13:35.8896674+03:00" testType="13cdc9d9-ddb5-4fa4-a97d-d965ccfc6d4b" outcome="Passed" testListId="8c84fa94-04c1-424b-9868-57a2d4851a1d" relativeResultsDirectory="815766bf-a9ca-4966-8b94-0264a5528130" />
    <UnitTestResult executionId="767ae886-1339-4792-8225-7518b0c6bf07" testId="439c001e-1e49-c245-3210-8016f5547a3c" testName="LiteCad.Tests.HandToolTests.AfterHandTool_DeactivatedLineToolStillCreatesEdge" computerName="DESKTOP-UIGURGP" duration="00:00:00.0054856" startTime="2026-08-20T18:13:34.8660696+03:00" endTime="2026-08-20T18:13:34.8717850+03:00" testType="13cdc9d9-ddb5-4fa4-a97d-d965ccfc6d4b" outcome="Passed" testListId="8c84fa94-04c1-424b-9868-57a2d4851a1d" relativeResultsDirectory="767ae886-1339-4792-8225-7518b0c6bf07" />
    <UnitTestResult executionId="5e8b997f-0a16-4e4d-a179-3678717469f0" testId="a27b8122-f948-17e9-7d17-d2547989aa10" testName="LiteCad.Tests.NestedContourFaceTests.A_SingleContour_OneSolidFace" computerName="DESKTOP-UIGURGP" duration="00:00:00.0003407" startTime="2026-08-20T18:13:34.4535688+03:00" endTime="2026-08-20T18:13:34.4540050+03:00" testType="13cdc9d9-ddb5-4fa4-a97d-d965ccfc6d4b" outcome="Passed" testListId="8c84fa94-04c1-424b-9868-57a2d4851a1d" relativeResultsDirectory="5e8b997f-0a16-4e4d-a179-3678717469f0" />
    <UnitTestResult executionId="5c377191-0275-4c75-a736-1c45b8f6c53c" testId="791d497c-3676-1976-25bf-5f9b03841dea" testName="LiteCad.Tests.UnitDisplayFormatterTests.TryParseSigned_AllowsEmptyInput" computerName="DESKTOP-UIGURGP" duration="00:00:00.0000710" startTime="2026-08-20T18:13:36.1546454+03:00" endTime="2026-08-20T18:13:36.1547767+03:00" testType="13cdc9d9-ddb5-4fa4-a97d-d965ccfc6d4b" outcome="Passed" testListId="8c84fa94-04c1-424b-9868-57a2d4851a1d" relativeResultsDirectory="5c377191-0275-4c75-a736-1c45b8f6c53c" />
    <UnitTestResult executionId="29d94500-cd17-4709-9323-9bd9b46a3897" testId="5e171952-bf78-474c-e6c0-dc52c97e55a9" testName="LiteCad.Tests.MirrorPropertiesOrthoTests.MirrorOrthoToggle_HiddenForMoveTool" computerName="DESKTOP-UIGURGP" duration="00:00:00.0105816" startTime="2026-08-20T18:13:35.1993096+03:00" endTime="2026-08-20T18:13:35.2100467+03:00" testType="13cdc9d9-ddb5-4fa4-a97d-d965ccfc6d4b" outcome="Passed" testListId="8c84fa94-04c1-424b-9868-57a2d4851a1d" relativeResultsDirectory="29d94500-cd17-4709-9323-9bd9b46a3897" />
    <UnitTestResult executionId="3ce17630-3d79-4d6f-8600-6fa1ed7b3075" testId="1117b3fa-e62a-c648-b598-1d93af3f9c2b" testName="LiteCad.Tests.CopyToolTests.CopySingleEdge_CreatesIndependentCopy" computerName="DESKTOP-UIGURGP" duration="00:00:00.0007738" startTime="2026-08-20T18:13:35.7080857+03:00" endTime="2026-08-20T18:13:35.7089676+03:00" testType="13cdc9d9-ddb5-4fa4-a97d-d965ccfc6d4b" outcome="Passed" testListId="8c84fa94-04c1-424b-9868-57a2d4851a1d" relativeResultsDirectory="3ce17630-3d79-4d6f-8600-6fa1ed7b3075" />
    <UnitTestResult executionId="e451a4c0-2f02-44a2-9f19-4b86e0f69b03" testId="4972d3ca-9fb6-d7d0-502c-15c9baa553f1" testName="LiteCad.Tests.TopologyTests.OutsideToleranceCreatesDifferentVertex" computerName="DESKTOP-UIGURGP" duration="00:00:00.0001797" startTime="2026-08-20T18:13:35.2600942+03:00" endTime="2026-08-20T18:13:35.2603416+03:00" testType="13cdc9d9-ddb5-4fa4-a97d-d965ccfc6d4b" outcome="Passed" testListId="8c84fa94-04c1-424b-9868-57a2d4851a1d" relativeResultsDirectory="e451a4c0-2f02-44a2-9f19-4b86e0f69b03" />
    <UnitTestResult executionId="647cf9e6-8a09-4eae-8e2c-2ca7750e890d" testId="caae216f-8d0f-7c0f-659d-d0c210c70d8b" testName="LiteCad.Tests.ResourceMigrationTests.MoveInputMode_DoesNotDependOnDistanceLabelText" computerName="DESKTOP-UIGURGP" duration="00:00:00.0088851" startTime="2026-08-20T18:13:35.7767561+03:00" endTime="2026-08-20T18:13:35.7857397+03:00" testType="13cdc9d9-ddb5-4fa4-a97d-d965ccfc6d4b" outcome="Passed" testListId="8c84fa94-04c1-424b-9868-57a2d4851a1d" relativeResultsDirectory="647cf9e6-8a09-4eae-8e2c-2ca7750e890d" />
    <UnitTestResult executionId="6eb9cf77-94f1-409f-836b-97a6fec93e5f" testId="c676fcd6-9f7f-84f7-5da6-644b90c6a7c7" testName="LiteCad.Tests.OffsetToolTests.OffsetTool_RightClickCancelsAndClearsSelection" computerName="DESKTOP-UIGURGP" duration="00:00:00.0017884" startTime="2026-08-20T18:13:36.3251225+03:00" endTime="2026-08-20T18:13:36.3270232+03:00" testType="13cdc9d9-ddb5-4fa4-a97d-d965ccfc6d4b" outcome="Passed" testListId="8c84fa94-04c1-424b-9868-57a2d4851a1d" relativeResultsDirectory="6eb9cf77-94f1-409f-836b-97a6fec93e5f" />
    <UnitTestResult executionId="bbbda465-4a45-4742-8236-8580556789ce" testId="eeb946d2-d68e-58f6-3acc-3ec51f6d5281" testName="LiteCad.Tests.SectorGeometryTests.ComputeSegmentCount_MatchesSpec(angleDegrees: 10, expectedCount: 1)" computerName="DESKTOP-UIGURGP" duration="00:00:00.0000050" startTime="2026-08-20T18:13:36.3357643+03:00" endTime="2026-08-20T18:13:36.3358195+03:00" testType="13cdc9d9-ddb5-4fa4-a97d-d965ccfc6d4b" outcome="Passed" testListId="8c84fa94-04c1-424b-9868-57a2d4851a1d" relativeResultsDirectory="bbbda465-4a45-4742-8236-8580556789ce" />
    <UnitTestResult executionId="130703d4-d172-4183-a7d2-f241e7d7012d" testId="20cd3d91-1bb9-5a28-e064-ed948aae16e0" testName="LiteCad.Tests.DimensionToolTests.Geometry_VerticalLayout_IsCorrect" computerName="DESKTOP-UIGURGP" duration="00:00:00.0001455" startTime="2026-08-20T18:13:35.7539597+03:00" endTime="2026-08-20T18:13:35.7541807+03:00" testType="13cdc9d9-ddb5-4fa4-a97d-d965ccfc6d4b" outcome="Passed" testListId="8c84fa94-04c1-424b-9868-57a2d4851a1d" relativeResultsDirectory="130703d4-d172-4183-a7d2-f241e7d7012d" />
    <UnitTestResult executionId="c45b48b2-611c-421a-b226-2ef3173cabd5" testId="95248dac-7827-4026-6132-89994c313fc6" testName="LiteCad.Tests.ArcToolTests.Arc_180Degrees_CreatesEighteenEdges" computerName="DESKTOP-UIGURGP" duration="00:00:00.0013871" startTime="2026-08-20T18:13:36.3950889+03:00" endTime="2026-08-20T18:13:36.3965518+03:00" testType="13cdc9d9-ddb5-4fa4-a97d-d965ccfc6d4b" outcome="Passed" testListId="8c84fa94-04c1-424b-9868-57a2d4851a1d" relativeResultsDirectory="c45b48b2-611c-421a-b226-2ef3173cabd5" />
    <UnitTestResult executionId="6164847b-161a-48e1-a141-c1108999d5ce" testId="98aaee7b-1e65-5353-628d-4409a1ad7d0b" testName="LiteCad.Tests.NestedContourFaceTests.J_DeleteB_DoesNotDeleteA" computerName="DESKTOP-UIGURGP" duration="00:00:00.0046240" startTime="2026-08-20T18:13:34.4136068+03:00" endTime="2026-08-20T18:13:34.4183591+03:00" testType="13cdc9d9-ddb5-4fa4-a97d-d965ccfc6d4b" outcome="Passed" testListId="8c84fa94-04c1-424b-9868-57a2d4851a1d" relativeResultsDirectory="6164847b-161a-48e1-a141-c1108999d5ce" />
    <UnitTestResult executionId="edc0d322-17e3-4255-a34f-ca4b53657302" testId="f563a34c-716e-3ef4-2454-bc1e72bbe354" testName="LiteCad.Tests.NestedContourFaceTests.L_RepeatedSync_PreservesFaceIdentitySet" computerName="DESKTOP-UIGURGP" duration="00:00:00.0066601" startTime="2026-08-20T18:13:34.4605515+03:00" endTime="2026-08-20T18:13:34.4672934+03:00" testType="13cdc9d9-ddb5-4fa4-a97d-d965ccfc6d4b" outcome="Passed" testListId="8c84fa94-04c1-424b-9868-57a2d4851a1d" relativeResultsDirectory="edc0d322-17e3-4255-a34f-ca4b53657302" />
    <UnitTestResult executionId="6ac22e15-cf3d-4f3d-975b-4f2be85d96d9" testId="aacc2c01-077f-e76c-115f-6d2ae073beb3" testName="LiteCad.Tests.MoveToolTests.MoveVertex_UndoRedo" computerName="DESKTOP-UIGURGP" duration="00:00:00.0004872" startTime="2026-08-20T18:13:35.4759332+03:00" endTime="2026-08-20T18:13:35.4764888+03:00" testType="13cdc9d9-ddb5-4fa4-a97d-d965ccfc6d4b" outcome="Passed" testListId="8c84fa94-04c1-424b-9868-57a2d4851a1d" relativeResultsDirectory="6ac22e15-cf3d-4f3d-975b-4f2be85d96d9" />
    <UnitTestResult executionId="c45da0cb-f85c-41e0-a065-bfa440bd0cf5" testId="46eb526f-69e4-4835-3d32-2ab03245f839" testName="LiteCad.Tests.StretchToolTests.StretchRejectsNonParallelConnections" computerName="DESKTOP-UIGURGP" duration="00:00:00.0001800" startTime="2026-08-20T18:13:36.4952874+03:00" endTime="2026-08-20T18:13:36.4955336+03:00" testType="13cdc9d9-ddb5-4fa4-a97d-d965ccfc6d4b" outcome="Passed" testListId="8c84fa94-04c1-424b-9868-57a2d4851a1d" relativeResultsDirectory="c45da0cb-f85c-41e0-a065-bfa440bd0cf5" />
    <UnitTestResult executionId="808a691c-c4be-4756-b005-90df85cf5b6a" testId="68ff756a-dfa0-e490-52f7-9aa50b35ebe2" testName="LiteCad.Tests.MirrorPropertiesOrthoTests.MirrorProperties_ContainOrthoToggle" computerName="DESKTOP-UIGURGP" duration="00:00:00.0090252" startTime="2026-08-20T18:13:35.2375104+03:00" endTime="2026-08-20T18:13:35.2466852+03:00" testType="13cdc9d9-ddb5-4fa4-a97d-d965ccfc6d4b" outcome="Passed" testListId="8c84fa94-04c1-424b-9868-57a2d4851a1d" relativeResultsDirectory="808a691c-c4be-4756-b005-90df85cf5b6a" />
    <UnitTestResult executionId="5a0d3a88-7bb1-4556-85b3-28ef19386ce4" testId="fe0bdebb-5dfe-c777-a831-177e01d06601" testName="LiteCad.Tests.SnapTopologyDiagnosticsTests.Square_ImpreciseCornerEndpoints_PreservesDistinctTopologyVertices" computerName="DESKTOP-UIGURGP" duration="00:00:00.0010315" startTime="2026-08-20T18:13:34.4061579+03:00" endTime="2026-08-20T18:13:34.4073174+03:00" testType="13cdc9d9-ddb5-4fa4-a97d-d965ccfc6d4b" outcome="Passed" testListId="8c84fa94-04c1-424b-9868-57a2d4851a1d" relativeResultsDirectory="5a0d3a88-7bb1-4556-85b3-28ef19386ce4">
      <Output>
        <StdOut>=== Imprecise corner square (tolerance=12) ===&#xD;
Edge count: 5&#xD;
Vertex count: 6&#xD;
&#xD;
Canonical vertices:&#xD;
  290a6dab-61c4-4840-baa2-80bee1ae4be6: (0, 0)&#xD;
  2c856487-a0ca-46f2-9cf9-5d677c47d049: (100, 0)&#xD;
  ff864a8e-f259-407f-9de3-25c59195b26e: (100, 0,0010000000474974513)&#xD;
  13cf253e-c6e3-4b9a-814e-36bbbee5d66a: (100, 100)&#xD;
  8a698986-fb5d-4aee-b80a-3e5026c5b9c2: (0, 99,999000549316406)&#xD;
  57bb98d0-8db8-42f0-8fe1-a84dbc243d13: (0, 100)&#xD;
&#xD;
All Edge endpoints:&#xD;
  8caa4762-7e54-4eac-a35e-acd34097d486: Start=(0, 0) End=(100, 0)&#xD;
  24f61d32-ce0a-4a99-aab6-7dcd24d46191: Start=(100, 0,0010000000474974513) End=(100, 100)&#xD;
  b47d061f-8053-4681-8104-b1ffbf79a03b: Start=(100, 100) End=(0, 99,999000549316406)&#xD;
  4cf75f7d-147c-444e-811a-eb727d1c7470: Start=(0, 100) End=(0, 99,999000549316406)&#xD;
  27b579ec-a7c7-4a8a-9410-5b301459815f: Start=(0, 99,999000549316406) End=(0, 0)&#xD;
&#xD;
Expected corners: 6&#xD;
  Corner (0, 0): visible-snaps=1, vertex-snaps=1&#xD;
  Corner (0, 99,9990005): visible-snaps=1, vertex-snaps=1&#xD;
  Corner (0, 100): visible-snaps=1, vertex-snaps=1&#xD;
  Corner (100, 0): visible-snaps=1, vertex-snaps=1&#xD;
  Corner (100, 0,00100000005): visible-snaps=1, vertex-snaps=1&#xD;
  Corner (100, 100): visible-snaps=1, vertex-snaps=1</StdOut>
      </Output>
    </UnitTestResult>
    <UnitTestResult executionId="a0cdc037-861e-4b72-9daf-ea237762a0d2" testId="17657e27-1699-c9da-b1d0-dffab8353195" testName="LiteCad.Tests.NestedContourFaceTests.ContainmentTree_IsDerivedAndMatchesNestedStructure" computerName="DESKTOP-UIGURGP" duration="00:00:00.0010121" startTime="2026-08-20T18:13:34.4679605+03:00" endTime="2026-08-20T18:13:34.4690418+03:00" testType="13cdc9d9-ddb5-4fa4-a97d-d965ccfc6d4b" outcome="Passed" testListId="8c84fa94-04c1-424b-9868-57a2d4851a1d" relativeResultsDirectory="a0cdc037-861e-4b72-9daf-ea237762a0d2" />
    <UnitTestResult executionId="fe9920e3-008e-4389-96b2-7e5108c49f2b" testId="fd400712-875c-e653-6906-ee272e13d996" testName="LiteCad.Tests.TopologyTests.NearCoincidentPointsReuseVertex" computerName="DESKTOP-UIGURGP" duration="00:00:00.0001510" startTime="2026-08-20T18:13:35.2637999+03:00" endTime="2026-08-20T18:13:35.2640149+03:00" testType="13cdc9d9-ddb5-4fa4-a97d-d965ccfc6d4b" outcome="Passed" testListId="8c84fa94-04c1-424b-9868-57a2d4851a1d" relativeResultsDirectory="fe9920e3-008e-4389-96b2-7e5108c49f2b" />
    <UnitTestResult executionId="d9f6719c-0e9d-427c-a533-3468fa4532cd" testId="96edbfd2-9711-1deb-5df9-a294822d7aed" testName="LiteCad.Tests.OffsetTopologyTests.ScenarioB_OffsetOutwardNearSeparateFace_PreservesNeighborFace" computerName="DESKTOP-UIGURGP" duration="00:00:00.0010084" startTime="2026-08-20T18:13:36.3479791+03:00" endTime="2026-08-20T18:13:36.3490641+03:00" testType="13cdc9d9-ddb5-4fa4-a97d-d965ccfc6d4b" outcome="Passed" testListId="8c84fa94-04c1-424b-9868-57a2d4851a1d" relativeResultsDirectory="d9f6719c-0e9d-427c-a533-3468fa4532cd" />
    <UnitTestResult executionId="ef8e13b1-545f-478d-a2ac-40f349d08933" testId="2ea41c95-86f9-0130-dfd1-f92cdcf0b73f" testName="LiteCad.Tests.DocumentHistoryTests.UndoRedo_RebuildsFacesWithoutDuplicateOrDanglingReferences" computerName="DESKTOP-UIGURGP" duration="00:00:00.0013296" startTime="2026-08-20T18:13:35.4510878+03:00" endTime="2026-08-20T18:13:35.4525021+03:00" testType="13cdc9d9-ddb5-4fa4-a97d-d965ccfc6d4b" outcome="Passed" testListId="8c84fa94-04c1-424b-9868-57a2d4851a1d" relativeResultsDirectory="ef8e13b1-545f-478d-a2ac-40f349d08933" />
    <UnitTestResult executionId="3b397bef-b001-4210-a955-30ae1ce44784" testId="a291d0ca-13ea-b0c1-b55e-bcd4ea08bf6a" testName="LiteCad.Tests.RectangleToolTests.Rectangle_ExactSizeInput_Comma" computerName="DESKTOP-UIGURGP" duration="00:00:00.0016461" startTime="2026-08-20T18:13:35.5517765+03:00" endTime="2026-08-20T18:13:35.5535326+03:00" testType="13cdc9d9-ddb5-4fa4-a97d-d965ccfc6d4b" outcome="Passed" testListId="8c84fa94-04c1-424b-9868-57a2d4851a1d" relativeResultsDirectory="3b397bef-b001-4210-a955-30ae1ce44784" />
    <UnitTestResult executionId="778fe519-a19b-424f-956c-fdc7d99fcfd2" testId="29430226-7cb3-f724-ebc2-df4d1c9addac" testName="LiteCad.Tests.StretchToolTests.ApplyStretch_PreservesOuterVertices" computerName="DESKTOP-UIGURGP" duration="00:00:00.0004681" startTime="2026-08-20T18:13:36.5175730+03:00" endTime="2026-08-20T18:13:36.5181079+03:00" testType="13cdc9d9-ddb5-4fa4-a97d-d965ccfc6d4b" outcome="Passed" testListId="8c84fa94-04c1-424b-9868-57a2d4851a1d" relativeResultsDirectory="778fe519-a19b-424f-956c-fdc7d99fcfd2" />
    <UnitTestResult executionId="c1c9169f-929c-46d0-a0e1-3cbf4c48a487" testId="dc95ad98-bef3-7941-0f7d-3a9c135cc85e" testName="LiteCad.Tests.ResourceMigrationTests.StringsResx_IsEmbeddedResource" computerName="DESKTOP-UIGURGP" duration="00:00:00.0002317" startTime="2026-08-20T18:13:35.7890260+03:00" endTime="2026-08-20T18:13:35.7893236+03:00" testType="13cdc9d9-ddb5-4fa4-a97d-d965ccfc6d4b" outcome="Passed" testListId="8c84fa94-04c1-424b-9868-57a2d4851a1d" relativeResultsDirectory="c1c9169f-929c-46d0-a0e1-3cbf4c48a487" />
    <UnitTestResult executionId="7123ffee-5cc4-4420-935b-e83f73c171cb" testId="346a60d8-d0c4-b359-1b17-5ad37b55b589" testName="LiteCad.Tests.ExtendToolTests.Extend_DoesNotInsertIntermediateEdge" computerName="DESKTOP-UIGURGP" duration="00:00:00.0015173" startTime="2026-08-20T18:13:36.3392849+03:00" endTime="2026-08-20T18:13:36.3408803+03:00" testType="13cdc9d9-ddb5-4fa4-a97d-d965ccfc6d4b" outcome="Passed" testListId="8c84fa94-04c1-424b-9868-57a2d4851a1d" relativeResultsDirectory="7123ffee-5cc4-4420-935b-e83f73c171cb" />
    <UnitTestResult executionId="55c51c48-4d5f-43e6-a1a1-403afadd5809" testId="126d79ec-c6c1-b4a3-a104-5e89de73f34d" testName="LiteCad.Tests.DimensionToolTests.Create_PositiveOffset_StoresValue" computerName="DESKTOP-UIGURGP" duration="00:00:00.0001218" startTime="2026-08-20T18:13:35.7566097+03:00" endTime="2026-08-20T18:13:35.7568004+03:00" testType="13cdc9d9-ddb5-4fa4-a97d-d965ccfc6d4b" outcome="Passed" testListId="8c84fa94-04c1-424b-9868-57a2d4851a1d" relativeResultsDirectory="55c51c48-4d5f-43e6-a1a1-403afadd5809" />
    <UnitTestResult executionId="67d3b8a5-7e5c-4336-90c8-009e5b90c72b" testId="c4604b26-752c-e0d0-b29b-d61ea9a6a6d0" testName="LiteCad.Tests.RectangleToolTests.Rectangle_RedoRestores" computerName="DESKTOP-UIGURGP" duration="00:00:00.0011622" startTime="2026-08-20T18:13:35.5537306+03:00" endTime="2026-08-20T18:13:35.5549689+03:00" testType="13cdc9d9-ddb5-4fa4-a97d-d965ccfc6d4b" outcome="Passed" testListId="8c84fa94-04c1-424b-9868-57a2d4851a1d" relativeResultsDirectory="67d3b8a5-7e5c-4336-90c8-009e5b90c72b" />
    <UnitTestResult executionId="084ff4c2-aa66-42bc-bb5a-c839e1159c72" testId="68bdafe8-e2ea-d405-0e52-0454e181be04" testName="LiteCad.Tests.MoveExactInputTests.PreviewDoesNotMutateDocument" computerName="DESKTOP-UIGURGP" duration="00:00:00.0070188" startTime="2026-08-20T18:13:36.1040716+03:00" endTime="2026-08-20T18:13:36.1112219+03:00" testType="13cdc9d9-ddb5-4fa4-a97d-d965ccfc6d4b" outcome="Passed" testListId="8c84fa94-04c1-424b-9868-57a2d4851a1d" relativeResultsDirectory="084ff4c2-aa66-42bc-bb5a-c839e1159c72" />
    <UnitTestResult executionId="6ac889a6-f2cb-4f2c-a7b9-6ff452941253" testId="695013f2-e95f-8b47-f739-35fb543973a1" testName="LiteCad.Tests.SnapServiceTests.MidpointAtExistingVertex_ReturnsOnlyVertexSnap" computerName="DESKTOP-UIGURGP" duration="00:00:00.0003476" startTime="2026-08-20T18:13:35.7754317+03:00" endTime="2026-08-20T18:13:35.7758463+03:00" testType="13cdc9d9-ddb5-4fa4-a97d-d965ccfc6d4b" outcome="Passed" testListId="8c84fa94-04c1-424b-9868-57a2d4851a1d" relativeResultsDirectory="6ac889a6-f2cb-4f2c-a7b9-6ff452941253" />
    <UnitTestResult executionId="ef593696-a6d2-4d4c-8ca1-1433ecfe88eb" testId="b4a32bc0-f1c4-fa5e-d64c-ca6a081fcd92" testName="LiteCad.Tests.TopologyTests.DiagonalSplitsSquareEdges" computerName="DESKTOP-UIGURGP" duration="00:00:00.0001945" startTime="2026-08-20T18:13:35.2662379+03:00" endTime="2026-08-20T18:13:35.2665102+03:00" testType="13cdc9d9-ddb5-4fa4-a97d-d965ccfc6d4b" outcome="Passed" testListId="8c84fa94-04c1-424b-9868-57a2d4851a1d" relativeResultsDirectory="ef593696-a6d2-4d4c-8ca1-1433ecfe88eb" />
    <UnitTestResult executionId="7e0a2a4b-c15b-4e04-901c-9d957227644f" testId="c6a95d96-fb44-5617-0825-5d12ec60a6b6" testName="LiteCad.Tests.EdgeOperationsTests.AddSegment_OnPartialOverlap_TrimsExistingAndAddsNewSegment" computerName="DESKTOP-UIGURGP" duration="00:00:00.0008515" startTime="2026-08-20T18:13:35.5558855+03:00" endTime="2026-08-20T18:13:35.5568077+03:00" testType="13cdc9d9-ddb5-4fa4-a97d-d965ccfc6d4b" outcome="Passed" testListId="8c84fa94-04c1-424b-9868-57a2d4851a1d" relativeResultsDirectory="7e0a2a4b-c15b-4e04-901c-9d957227644f" />
    <UnitTestResult executionId="adfe5ef2-a1a6-4363-aa03-8154a86a897f" testId="eb9e6bea-a2db-9ef3-5f07-4fb63a6fe85c" testName="LiteCad.Tests.DocumentHistoryTests.Undo_RestoresSnapServiceCornerVertexId" computerName="DESKTOP-UIGURGP" duration="00:00:00.0103664" startTime="2026-08-20T18:13:35.4378947+03:00" endTime="2026-08-20T18:13:35.4484581+03:00" testType="13cdc9d9-ddb5-4fa4-a97d-d965ccfc6d4b" outcome="Passed" testListId="8c84fa94-04c1-424b-9868-57a2d4851a1d" relativeResultsDirectory="adfe5ef2-a1a6-4363-aa03-8154a86a897f" />
    <UnitTestResult executionId="316cb12c-f7c8-4d3f-ac0b-7d13c566f25b" testId="10ea2048-a6a7-c315-9ece-0d3268eb6ad9" testName="LiteCad.Tests.MoveToolTests.MoveVertex_RebuildsFace" computerName="DESKTOP-UIGURGP" duration="00:00:00.0003637" startTime="2026-08-20T18:13:35.4811184+03:00" endTime="2026-08-20T18:13:35.4815483+03:00" testType="13cdc9d9-ddb5-4fa4-a97d-d965ccfc6d4b" outcome="Passed" testListId="8c84fa94-04c1-424b-9868-57a2d4851a1d" relativeResultsDirectory="316cb12c-f7c8-4d3f-ac0b-7d13c566f25b" />
    <UnitTestResult executionId="379a898d-c13d-41d3-90fe-579a72aabd4a" testId="5d726e4c-8480-6d9e-5d6b-473ad502cee4" testName="LiteCad.Tests.MirrorToolTests.MirrorTool_CommitMirrorsSelection" computerName="DESKTOP-UIGURGP" duration="00:00:00.0013106" startTime="2026-08-20T18:13:34.5431491+03:00" endTime="2026-08-20T18:13:34.5445302+03:00" testType="13cdc9d9-ddb5-4fa4-a97d-d965ccfc6d4b" outcome="Passed" testListId="8c84fa94-04c1-424b-9868-57a2d4851a1d" relativeResultsDirectory="379a898d-c13d-41d3-90fe-579a72aabd4a" />
    <UnitTestResult executionId="598890cb-d069-47d5-9ba7-09afefda8dfb" testId="d1777029-f2e5-4c4b-4222-31d86030a707" testName="LiteCad.Tests.RectangleToolTests.RectangleSizeInputParser_ParsesFormats(input: &quot;4000 × 3000&quot;, width: 4000, height: 3000)" computerName="DESKTOP-UIGURGP" duration="00:00:00.0004804" startTime="2026-08-20T18:13:35.5323798+03:00" endTime="2026-08-20T18:13:35.5329275+03:00" testType="13cdc9d9-ddb5-4fa4-a97d-d965ccfc6d4b" outcome="Passed" testListId="8c84fa94-04c1-424b-9868-57a2d4851a1d" relativeResultsDirectory="598890cb-d069-47d5-9ba7-09afefda8dfb" />
    <UnitTestResult executionId="befc8a00-c7a1-466e-b0cf-3a6ed136d1e5" testId="d2cf0e02-c7ec-97c3-7aa1-a35e51755459" testName="LiteCad.Tests.LanguageSelectorTests.Language_IsNotPartOfCadDocument" computerName="DESKTOP-UIGURGP" duration="00:00:00.0016455" startTime="2026-08-20T18:13:35.9001840+03:00" endTime="2026-08-20T18:13:35.9019734+03:00" testType="13cdc9d9-ddb5-4fa4-a97d-d965ccfc6d4b" outcome="Passed" testListId="8c84fa94-04c1-424b-9868-57a2d4851a1d" relativeResultsDirectory="befc8a00-c7a1-466e-b0cf-3a6ed136d1e5" />
    <UnitTestResult executionId="25b0cdb9-a6fb-4a8d-bc49-e4ab68001752" testId="1e425588-77fa-95f6-9001-315b610a0146" testName="LiteCad.Tests.DimensionToolPropertiesTests.DimensionProperties_VisibleWhenToolActiveWithoutSelection" computerName="DESKTOP-UIGURGP" duration="00:00:00.0091025" startTime="2026-08-20T18:13:35.8248146+03:00" endTime="2026-08-20T18:13:35.8340247+03:00" testType="13cdc9d9-ddb5-4fa4-a97d-d965ccfc6d4b" outcome="Passed" testListId="8c84fa94-04c1-424b-9868-57a2d4851a1d" relativeResultsDirectory="25b0cdb9-a6fb-4a8d-bc49-e4ab68001752" />
    <UnitTestResult executionId="5e1814b1-e1c9-48c6-8d43-b7427a05a857" testId="1fd180a2-4697-50fd-99d6-a36b06582d24" testName="LiteCad.Tests.MoveToolTests.MoveMultipleEdges_AsOneSelection" computerName="DESKTOP-UIGURGP" duration="00:00:00.0006560" startTime="2026-08-20T18:13:35.4802363+03:00" endTime="2026-08-20T18:13:35.4809661+03:00" testType="13cdc9d9-ddb5-4fa4-a97d-d965ccfc6d4b" outcome="Passed" testListId="8c84fa94-04c1-424b-9868-57a2d4851a1d" relativeResultsDirectory="5e1814b1-e1c9-48c6-8d43-b7427a05a857" />
    <UnitTestResult executionId="85e2ce97-73ca-4f11-b871-0ffb1c2c6537" testId="ccb958a8-5fe4-2959-dd45-dcdac2f8aeb0" testName="LiteCad.Tests.MoveExactInputEnterCommitTests.EnterDoesNotCommitTwice" computerName="DESKTOP-UIGURGP" duration="00:00:00.0063890" startTime="2026-08-20T18:13:35.1576355+03:00" endTime="2026-08-20T18:13:35.1641536+03:00" testType="13cdc9d9-ddb5-4fa4-a97d-d965ccfc6d4b" outcome="Passed" testListId="8c84fa94-04c1-424b-9868-57a2d4851a1d" relativeResultsDirectory="85e2ce97-73ca-4f11-b871-0ffb1c2c6537" />
    <UnitTestResult executionId="4a00f0cf-e1b7-4284-b7a8-31214de04875" testId="ceb02fdf-71c7-2d6c-a3f4-6d67832ee8bf" testName="LiteCad.Tests.FirstClosedSquareRegressionTests.NewDocument_FirstClosedSquare_CreatesFace" computerName="DESKTOP-UIGURGP" duration="00:00:00.0002460" startTime="2026-08-20T18:13:36.3295122+03:00" endTime="2026-08-20T18:13:36.3298156+03:00" testType="13cdc9d9-ddb5-4fa4-a97d-d965ccfc6d4b" outcome="Passed" testListId="8c84fa94-04c1-424b-9868-57a2d4851a1d" relativeResultsDirectory="4a00f0cf-e1b7-4284-b7a8-31214de04875">
      <Output>
        <StdOut>edges=4, vertices=4, faces=1, suppressed=0&#xD;
  edge f47d6d8e-6e24-481d-bb7a-496c6220853c: (0,0) -&gt; (1,0)&#xD;
  edge 4a5b7596-1d0f-4f21-8394-ef13148462c4: (1,0) -&gt; (1,1)&#xD;
  edge 9da910fd-6d29-4e2a-a6e2-0428c8218f5e: (1,1) -&gt; (0,1)&#xD;
  edge 6524d963-9568-4ac4-8eaa-05a9e4449dd6: (0,1) -&gt; (0,0)</StdOut>
      </Output>
    </UnitTestResult>
    <UnitTestResult executionId="f69cc65c-e146-4cc0-8d22-75b99e8e1786" testId="82d492a1-769b-7861-8b4d-ecc231b0774b" testName="LiteCad.Tests.RectangleSizeInputTests.Enter_AppliesTypedSizes" computerName="DESKTOP-UIGURGP" duration="00:00:00.0072310" startTime="2026-08-20T18:13:35.9855582+03:00" endTime="2026-08-20T18:13:35.9930197+03:00" testType="13cdc9d9-ddb5-4fa4-a97d-d965ccfc6d4b" outcome="Failed" testListId="8c84fa94-04c1-424b-9868-57a2d4851a1d" relativeResultsDirectory="f69cc65c-e146-4cc0-8d22-75b99e8e1786">
      <Output>
        <ErrorInfo>
          <Message>System.InvalidOperationException : PresentationSource is unavailable for the visual tree.</Message>
          <StackTrace>   at LiteCad.Tests.WpfTestUtilities.RequirePresentationSource(Visual visual) in C:\Users\Admin\source\repos\LiteCad\LiteCad.Tests\WpfTestUtilities.cs:line 39&#xD;
   at LiteCad.Tests.WpfTestUtilities.CreateKeyDown(Visual visual, Key key) in C:\Users\Admin\source\repos\LiteCad\LiteCad.Tests\WpfTestUtilities.cs:line 46&#xD;
   at LiteCad.Tests.RectangleSizeInputTests.RectangleSizeInputTestHost.CommitRectangleSize() in C:\Users\Admin\source\repos\LiteCad\LiteCad.Tests\RectangleSizeInputTests.cs:line 267&#xD;
   at LiteCad.Tests.RectangleSizeInputTests.&lt;&gt;c.&lt;Enter_AppliesTypedSizes&gt;b__9_0() in C:\Users\Admin\source\repos\LiteCad\LiteCad.Tests\RectangleSizeInputTests.cs:line 168&#xD;
   at LiteCad.Tests.RectangleSizeInputTests.&lt;&gt;c__DisplayClass12_0.&lt;RunSta&gt;b__0() in C:\Users\Admin\source\repos\LiteCad\LiteCad.Tests\RectangleSizeInputTests.cs:line 200&#xD;
--- End of stack trace from previous location ---&#xD;
   at LiteCad.Tests.RectangleSizeInputTests.RunSta(Action action) in C:\Users\Admin\source\repos\LiteCad\LiteCad.Tests\RectangleSizeInputTests.cs:line 214&#xD;
   at LiteCad.Tests.RectangleSizeInputTests.Enter_AppliesTypedSizes() in C:\Users\Admin\source\repos\LiteCad\LiteCad.Tests\RectangleSizeInputTests.cs:line 162&#xD;
   at System.Reflection.MethodBaseInvoker.InterpretedInvoke_Method(Object obj, IntPtr* args)&#xD;
   at System.Reflection.MethodBaseInvoker.InvokeWithNoArgs(Object obj, BindingFlags invokeAttr)</StackTrace>
        </ErrorInfo>
      </Output>
    </UnitTestResult>
    <UnitTestResult executionId="1b8dc209-18a4-4369-b172-bcc98bb98f15" testId="b35abe1c-0a48-2ef3-ccd1-322eaf5f1151" testName="LiteCad.Tests.SnapServiceTests.FindBestSnap_PrefersVertexOverCloserMidpoint" computerName="DESKTOP-UIGURGP" duration="00:00:00.0003798" startTime="2026-08-20T18:13:35.7741865+03:00" endTime="2026-08-20T18:13:35.7746326+03:00" testType="13cdc9d9-ddb5-4fa4-a97d-d965ccfc6d4b" outcome="Passed" testListId="8c84fa94-04c1-424b-9868-57a2d4851a1d" relativeResultsDirectory="1b8dc209-18a4-4369-b172-bcc98bb98f15" />
    <UnitTestResult executionId="3912f31e-9263-44c0-ab3e-ed08611f0031" testId="71f6120d-a385-aa6d-f7a3-5c8529af273c" testName="LiteCad.Tests.StretchToolTests.StretchTool_PreviewDoesNotMutateDocument" computerName="DESKTOP-UIGURGP" duration="00:00:00.0012335" startTime="2026-08-20T18:13:36.5636820+03:00" endTime="2026-08-20T18:13:36.5650079+03:00" testType="13cdc9d9-ddb5-4fa4-a97d-d965ccfc6d4b" outcome="Passed" testListId="8c84fa94-04c1-424b-9868-57a2d4851a1d" relativeResultsDirectory="3912f31e-9263-44c0-ab3e-ed08611f0031" />
    <UnitTestResult executionId="4d5d4f8f-13c4-40ea-8439-4c46b66f22bb" testId="d89e077e-06b6-5799-f687-9e8b66cb5bd7" testName="LiteCad.Tests.ParallelLinesAddSegmentAuditTests.Audit_ParallelLinesAddSegment_PipelineTrace(tolerance: 12)" computerName="DESKTOP-UIGURGP" duration="00:00:00.0007071" startTime="2026-08-20T18:13:36.2718978+03:00" endTime="2026-08-20T18:13:36.2770853+03:00" testType="13cdc9d9-ddb5-4fa4-a97d-d965ccfc6d4b" outcome="Passed" testListId="8c84fa94-04c1-424b-9868-57a2d4851a1d" relativeResultsDirectory="4d5d4f8f-13c4-40ea-8439-4c46b66f22bb">
      <Output>
        <StdOut>=== AddSegment audit [exact repro y=20] (tolerance=12) ===&#xD;
Existing: (0,0) -&gt; (100,0)&#xD;
New:      (0,20) -&gt; (120,20)&#xD;
&#xD;
--- Geometry2D pre-checks ---&#xD;
AreDirectionsParallel: True&#xD;
DistanceToLine existingStart-&gt;new segment: 20 (&lt;=tol ? False)&#xD;
DistanceToLine existingEnd-&gt;new segment:   20 (&lt;=tol ? False)&#xD;
AreSegmentsCollinear: False&#xD;
TryGetCollinearSegmentOverlap: FALSE&#xD;
TryGetSegmentIntersection: FALSE&#xD;
IsPointOnSegmentInterior newStart on existing: False&#xD;
IsPointOnSegmentInterior newEnd on existing:   False&#xD;
IsPointOnSegmentInterior existingEnd on new:    False&#xD;
IsPointOnSegmentInterior existingStart on new:  False&#xD;
&#xD;
--- Simulated AddSegment(new) pipeline ---&#xD;
Initial breakpoints: (0,20), (120,20)&#xD;
RemoveCollinearOverlaps: no collinear overlap (existing edge skipped)&#xD;
Final breakpoints after SortPointsAlongSegment: (0,20), (120,20)&#xD;
Would create 1 sub-segment(s) from breakpoints&#xD;
&#xD;
--- After AddSegment(existing) ---&#xD;
Edges=1, Vertices=2&#xD;
  Vertex (0, 0)&#xD;
  Vertex (100, 0)&#xD;
  Edge (0,0) -&gt; (100,0)&#xD;
&#xD;
--- After AddSegment(new) ---&#xD;
Edges=2, Vertices=4&#xD;
  Vertex (0, 0)&#xD;
  Vertex (100, 0)&#xD;
  Vertex (0, 20)&#xD;
  Vertex (120, 20)&#xD;
  Edge (0,0) -&gt; (100,0)&#xD;
  Edge (0,20) -&gt; (120,20)</StdOut>
      </Output>
    </UnitTestResult>
    <UnitTestResult executionId="e57e2511-e5d4-48fb-b9fc-c80e1ee1851c" testId="0f024a89-6bd4-68e5-b78d-fd51e0eb24aa" testName="LiteCad.Tests.StretchToolTests.Stretch_LeftClick_SelectsValidEdge" computerName="DESKTOP-UIGURGP" duration="00:00:00.0367661" startTime="2026-08-20T18:13:36.6489523+03:00" endTime="2026-08-20T18:13:36.6859839+03:00" testType="13cdc9d9-ddb5-4fa4-a97d-d965ccfc6d4b" outcome="Passed" testListId="8c84fa94-04c1-424b-9868-57a2d4851a1d" relativeResultsDirectory="e57e2511-e5d4-48fb-b9fc-c80e1ee1851c" />
    <UnitTestResult executionId="2cc35af5-274b-430c-aaa8-151628e7c4f3" testId="acf17400-e84e-ea37-139d-86a4d624741b" testName="LiteCad.Tests.SnapTopologyDiagnosticsTests.Square_DoesNotCreateDuplicateVertexPositionsWithinTolerance" computerName="DESKTOP-UIGURGP" duration="00:00:00.0566023" startTime="2026-08-20T18:13:34.3285484+03:00" endTime="2026-08-20T18:13:34.3960246+03:00" testType="13cdc9d9-ddb5-4fa4-a97d-d965ccfc6d4b" outcome="Passed" testListId="8c84fa94-04c1-424b-9868-57a2d4851a1d" relativeResultsDirectory="2cc35af5-274b-430c-aaa8-151628e7c4f3">
      <Output>
        <StdOut>=== Exact LineTool square (tolerance=12) ===&#xD;
Edge count: 4&#xD;
Vertex count: 4&#xD;
&#xD;
Canonical vertices:&#xD;
  c204c218-ca30-46fb-a0db-4ad87cd7b528: (0, 0)&#xD;
  03450ef6-5eac-4467-8f8a-7bcbe5e6b149: (100, 0)&#xD;
  9eafec59-1e2c-4d84-8da7-988d766ba29f: (100, 100)&#xD;
  f5fd6d10-c8ed-44bb-908d-a8dfec5670d7: (0, 100)&#xD;
&#xD;
All Edge endpoints:&#xD;
  32d727f2-a546-478f-b27f-388efcb4479d: Start=(0, 0) End=(100, 0)&#xD;
  31c7772c-1d52-46de-aa86-00d0b3d3ed82: Start=(100, 0) End=(100, 100)&#xD;
  4a9a25be-b72c-46e3-92c1-6eb0a272b90e: Start=(100, 100) End=(0, 100)&#xD;
  25c84040-e154-48da-9c1b-f683286e997f: Start=(0, 100) End=(0, 0)&#xD;
&#xD;
Expected corners: 4&#xD;
  Corner (0, 0): visible-snaps=1, vertex-snaps=1&#xD;
  Corner (0, 100): visible-snaps=1, vertex-snaps=1&#xD;
  Corner (100, 0): visible-snaps=1, vertex-snaps=1&#xD;
  Corner (100, 100): visible-snaps=1, vertex-snaps=1</StdOut>
      </Output>
    </UnitTestResult>
    <UnitTestResult executionId="a433d87a-d268-4512-be87-12642f5bb22f" testId="9f9e1ec5-76fe-5f14-976c-2ef74f0d434d" testName="LiteCad.Tests.MirrorToolTests.MirrorOperations_PreservesOriginalObjects" computerName="DESKTOP-UIGURGP" duration="00:00:00.0050792" startTime="2026-08-20T18:13:34.5147490+03:00" endTime="2026-08-20T18:13:34.5199390+03:00" testType="13cdc9d9-ddb5-4fa4-a97d-d965ccfc6d4b" outcome="Passed" testListId="8c84fa94-04c1-424b-9868-57a2d4851a1d" relativeResultsDirectory="a433d87a-d268-4512-be87-12642f5bb22f" />
    <UnitTestResult executionId="119c188a-ee95-463f-8077-0adddcc713dc" testId="24a74ee9-f13a-a8f3-8b02-9fdd3214b12e" testName="LiteCad.Tests.RectangleSizeInputTests.Alt_DoesNotCancelRectangle" computerName="DESKTOP-UIGURGP" duration="00:00:00.0062991" startTime="2026-08-20T18:13:35.9450398+03:00" endTime="2026-08-20T18:13:35.9515673+03:00" testType="13cdc9d9-ddb5-4fa4-a97d-d965ccfc6d4b" outcome="Failed" testListId="8c84fa94-04c1-424b-9868-57a2d4851a1d" relativeResultsDirectory="119c188a-ee95-463f-8077-0adddcc713dc">
      <Output>
        <ErrorInfo>
          <Message>System.InvalidOperationException : PresentationSource is unavailable for the visual tree.</Message>
          <StackTrace>   at LiteCad.Tests.WpfTestUtilities.RequirePresentationSource(Visual visual) in C:\Users\Admin\source\repos\LiteCad\LiteCad.Tests\WpfTestUtilities.cs:line 39&#xD;
   at LiteCad.Tests.WpfTestUtilities.CreateKeyDown(Visual visual, Key key) in C:\Users\Admin\source\repos\LiteCad\LiteCad.Tests\WpfTestUtilities.cs:line 46&#xD;
   at LiteCad.Tests.RectangleSizeInputTests.RectangleSizeInputTestHost.PressAlt() in C:\Users\Admin\source\repos\LiteCad\LiteCad.Tests\RectangleSizeInputTests.cs:line 264&#xD;
   at LiteCad.Tests.RectangleSizeInputTests.&lt;&gt;c.&lt;Alt_DoesNotCancelRectangle&gt;b__7_0() in C:\Users\Admin\source\repos\LiteCad\LiteCad.Tests\RectangleSizeInputTests.cs:line 135&#xD;
   at LiteCad.Tests.RectangleSizeInputTests.&lt;&gt;c__DisplayClass12_0.&lt;RunSta&gt;b__0() in C:\Users\Admin\source\repos\LiteCad\LiteCad.Tests\RectangleSizeInputTests.cs:line 200&#xD;
--- End of stack trace from previous location ---&#xD;
   at LiteCad.Tests.RectangleSizeInputTests.RunSta(Action action) in C:\Users\Admin\source\repos\LiteCad\LiteCad.Tests\RectangleSizeInputTests.cs:line 214&#xD;
   at LiteCad.Tests.RectangleSizeInputTests.Alt_DoesNotCancelRectangle() in C:\Users\Admin\source\repos\LiteCad\LiteCad.Tests\RectangleSizeInputTests.cs:line 131&#xD;
   at System.Reflection.MethodBaseInvoker.InterpretedInvoke_Method(Object obj, IntPtr* args)&#xD;
   at System.Reflection.MethodBaseInvoker.InvokeWithNoArgs(Object obj, BindingFlags invokeAttr)</StackTrace>
        </ErrorInfo>
      </Output>
    </UnitTestResult>
    <UnitTestResult executionId="f48dae76-7589-4738-b52e-1abd6572c11e" testId="5ece5ac9-72b6-4e7f-9162-455c721419aa" testName="LiteCad.Tests.RectangleSizeInputTests.Alt_RepeatedTenTimes_AlternatesFields" computerName="DESKTOP-UIGURGP" duration="00:00:00.0068661" startTime="2026-08-20T18:13:35.9778379+03:00" endTime="2026-08-20T18:13:35.9848993+03:00" testType="13cdc9d9-ddb5-4fa4-a97d-d965ccfc6d4b" outcome="Failed" testListId="8c84fa94-04c1-424b-9868-57a2d4851a1d" relativeResultsDirectory="f48dae76-7589-4738-b52e-1abd6572c11e">
      <Output>
        <ErrorInfo>
          <Message>System.InvalidOperationException : PresentationSource is unavailable for the visual tree.</Message>
          <StackTrace>   at LiteCad.Tests.WpfTestUtilities.RequirePresentationSource(Visual visual) in C:\Users\Admin\source\repos\LiteCad\LiteCad.Tests\WpfTestUtilities.cs:line 39&#xD;
   at LiteCad.Tests.WpfTestUtilities.CreateKeyDown(Visual visual, Key key) in C:\Users\Admin\source\repos\LiteCad\LiteCad.Tests\WpfTestUtilities.cs:line 46&#xD;
   at LiteCad.Tests.RectangleSizeInputTests.RectangleSizeInputTestHost.PressAlt() in C:\Users\Admin\source\repos\LiteCad\LiteCad.Tests\RectangleSizeInputTests.cs:line 264&#xD;
   at LiteCad.Tests.RectangleSizeInputTests.&lt;&gt;c.&lt;Alt_RepeatedTenTimes_AlternatesFields&gt;b__3_0() in C:\Users\Admin\source\repos\LiteCad\LiteCad.Tests\RectangleSizeInputTests.cs:line 69&#xD;
   at LiteCad.Tests.RectangleSizeInputTests.&lt;&gt;c__DisplayClass12_0.&lt;RunSta&gt;b__0() in C:\Users\Admin\source\repos\LiteCad\LiteCad.Tests\RectangleSizeInputTests.cs:line 200&#xD;
--- End of stack trace from previous location ---&#xD;
   at LiteCad.Tests.RectangleSizeInputTests.RunSta(Action action) in C:\Users\Admin\source\repos\LiteCad\LiteCad.Tests\RectangleSizeInputTests.cs:line 214&#xD;
   at LiteCad.Tests.RectangleSizeInputTests.Alt_RepeatedTenTimes_AlternatesFields() in C:\Users\Admin\source\repos\LiteCad\LiteCad.Tests\RectangleSizeInputTests.cs:line 61&#xD;
   at System.Reflection.MethodBaseInvoker.InterpretedInvoke_Method(Object obj, IntPtr* args)&#xD;
   at System.Reflection.MethodBaseInvoker.InvokeWithNoArgs(Object obj, BindingFlags invokeAttr)</StackTrace>
        </ErrorInfo>
      </Output>
    </UnitTestResult>
    <UnitTestResult executionId="4774148a-cd86-43f2-b366-0e8309eeb1d3" testId="8349b9c3-8fa4-e15c-18b7-be3e51f2f4bd" testName="LiteCad.Tests.MoveExactInputTests.MoveOrthoVerticalPositiveDistance" computerName="DESKTOP-UIGURGP" duration="00:00:00.0071929" startTime="2026-08-20T18:13:36.0282966+03:00" endTime="2026-08-20T18:13:36.0356158+03:00" testType="13cdc9d9-ddb5-4fa4-a97d-d965ccfc6d4b" outcome="Passed" testListId="8c84fa94-04c1-424b-9868-57a2d4851a1d" relativeResultsDirectory="4774148a-cd86-43f2-b366-0e8309eeb1d3" />
    <UnitTestResult executionId="94a23641-21fa-4575-92bb-80a80aa6aed8" testId="8b1123e1-c070-ee4f-961f-c4c3061c6faa" testName="LiteCad.Tests.RectangleToolTests.RectangleCornersUseCanonicalVertices" computerName="DESKTOP-UIGURGP" duration="00:00:00.0014220" startTime="2026-08-20T18:13:35.5484005+03:00" endTime="2026-08-20T18:13:35.5498875+03:00" testType="13cdc9d9-ddb5-4fa4-a97d-d965ccfc6d4b" outcome="Passed" testListId="8c84fa94-04c1-424b-9868-57a2d4851a1d" relativeResultsDirectory="94a23641-21fa-4575-92bb-80a80aa6aed8" />
    <UnitTestResult executionId="5391ba58-c438-4d80-b33a-1a7885a3b055" testId="172d6c13-7a46-b211-f664-7ef39f6c7235" testName="LiteCad.Tests.EraserToolTests.Eraser_RightClick" computerName="DESKTOP-UIGURGP" duration="00:00:00.0018825" startTime="2026-08-20T18:13:36.2968853+03:00" endTime="2026-08-20T18:13:36.2989159+03:00" testType="13cdc9d9-ddb5-4fa4-a97d-d965ccfc6d4b" outcome="Passed" testListId="8c84fa94-04c1-424b-9868-57a2d4851a1d" relativeResultsDirectory="5391ba58-c438-4d80-b33a-1a7885a3b055" />
    <UnitTestResult executionId="e298e226-5ef2-4bc2-95b8-3d7fb8584021" testId="2abbe7a5-5f7b-985e-e383-20541b590222" testName="LiteCad.Tests.MoveExactInputTests.MoveXYExactDelta" computerName="DESKTOP-UIGURGP" duration="00:00:00.0068519" startTime="2026-08-20T18:13:36.1272574+03:00" endTime="2026-08-20T18:13:36.1342104+03:00" testType="13cdc9d9-ddb5-4fa4-a97d-d965ccfc6d4b" outcome="Passed" testListId="8c84fa94-04c1-424b-9868-57a2d4851a1d" relativeResultsDirectory="e298e226-5ef2-4bc2-95b8-3d7fb8584021" />
    <UnitTestResult executionId="35185877-1956-4f4b-a9b3-c60aba1827af" testId="aed97f4f-e446-0691-0ced-9b5b28678aa7" testName="LiteCad.Tests.FirstClosedSquareRegressionTests.AfterExplicitFaceDelete_FirstLocationBlocked_SecondLocationCreatesFace" computerName="DESKTOP-UIGURGP" duration="00:00:00.0004244" startTime="2026-08-20T18:13:36.3319285+03:00" endTime="2026-08-20T18:13:36.3324209+03:00" testType="13cdc9d9-ddb5-4fa4-a97d-d965ccfc6d4b" outcome="Passed" testListId="8c84fa94-04c1-424b-9868-57a2d4851a1d" relativeResultsDirectory="35185877-1956-4f4b-a9b3-c60aba1827af" />
    <UnitTestResult executionId="d6980738-1294-497b-8592-9f041c767659" testId="14987321-c957-99b1-ada4-668abc0a1c26" testName="LiteCad.Tests.CopyToolTests.CopyTool_ActivateWithSelection_IsActive" computerName="DESKTOP-UIGURGP" duration="00:00:00.0003579" startTime="2026-08-20T18:13:35.7379949+03:00" endTime="2026-08-20T18:13:35.7384712+03:00" testType="13cdc9d9-ddb5-4fa4-a97d-d965ccfc6d4b" outcome="Passed" testListId="8c84fa94-04c1-424b-9868-57a2d4851a1d" relativeResultsDirectory="d6980738-1294-497b-8592-9f041c767659" />
    <UnitTestResult executionId="8003755d-2b06-4394-ae2a-fea96698f029" testId="5fc65d66-3fbc-1f71-b4c6-9ba27e009509" testName="LiteCad.Tests.StretchToolTests.Stretch_LeftClick_InvalidEdgeDoesNothing" computerName="DESKTOP-UIGURGP" duration="00:00:00.0064482" startTime="2026-08-20T18:13:36.5727784+03:00" endTime="2026-08-20T18:13:36.5793655+03:00" testType="13cdc9d9-ddb5-4fa4-a97d-d965ccfc6d4b" outcome="Passed" testListId="8c84fa94-04c1-424b-9868-57a2d4851a1d" relativeResultsDirectory="8003755d-2b06-4394-ae2a-fea96698f029" />
    <UnitTestResult executionId="e4f673a1-2214-45a8-8035-b190d4cfa453" testId="03c37b3c-6fe4-def5-3eeb-38205311b10b" testName="LiteCad.Tests.DimensionToolTests.Create_DefaultExtensionStyle_IsFull" computerName="DESKTOP-UIGURGP" duration="00:00:00.0001509" startTime="2026-08-20T18:13:35.7497345+03:00" endTime="2026-08-20T18:13:35.7499699+03:00" testType="13cdc9d9-ddb5-4fa4-a97d-d965ccfc6d4b" outcome="Passed" testListId="8c84fa94-04c1-424b-9868-57a2d4851a1d" relativeResultsDirectory="e4f673a1-2214-45a8-8035-b190d4cfa453" />
    <UnitTestResult executionId="b094fdce-8740-48d5-b3ae-fa9a28da3423" testId="36c84823-7f94-e67b-6275-cf5ded3ee22b" testName="LiteCad.Tests.SectorGeometryTests.ComputeSegmentCount_MatchesSpec(angleDegrees: 180, expectedCount: 18)" computerName="DESKTOP-UIGURGP" duration="00:00:00.0000050" startTime="2026-08-20T18:13:36.3365225+03:00" endTime="2026-08-20T18:13:36.3365785+03:00" testType="13cdc9d9-ddb5-4fa4-a97d-d965ccfc6d4b" outcome="Passed" testListId="8c84fa94-04c1-424b-9868-57a2d4851a1d" relativeResultsDirectory="b094fdce-8740-48d5-b3ae-fa9a28da3423" />
    <UnitTestResult executionId="69e12ec6-00f1-4c35-bedc-36abc90a37e7" testId="945e7315-a8a4-dd06-1439-fffb5238dcad" testName="LiteCad.Tests.EdgeOperationsTests.AddSegment_AndSyncFaces_SquareThenDiagonal_StillCreatesTwoFaces" computerName="DESKTOP-UIGURGP" duration="00:00:00.0003980" startTime="2026-08-20T18:13:35.5552582+03:00" endTime="2026-08-20T18:13:35.5557366+03:00" testType="13cdc9d9-ddb5-4fa4-a97d-d965ccfc6d4b" outcome="Passed" testListId="8c84fa94-04c1-424b-9868-57a2d4851a1d" relativeResultsDirectory="69e12ec6-00f1-4c35-bedc-36abc90a37e7" />
    <UnitTestResult executionId="c0d6961d-d0c0-473f-a761-b5a56191f03a" testId="5ce1ad82-efb5-c97b-a25c-d8663a196374" testName="LiteCad.Tests.RectangleToolTests.Rectangle_NestedSquares_CreateIndependentFacesWithRingHole" computerName="DESKTOP-UIGURGP" duration="00:00:00.0025404" startTime="2026-08-20T18:13:35.5420153+03:00" endTime="2026-08-20T18:13:35.5446249+03:00" testType="13cdc9d9-ddb5-4fa4-a97d-d965ccfc6d4b" outcome="Passed" testListId="8c84fa94-04c1-424b-9868-57a2d4851a1d" relativeResultsDirectory="c0d6961d-d0c0-473f-a761-b5a56191f03a" />
    <UnitTestResult executionId="18d80760-d2cb-4f89-bda7-9794c18993f3" testId="292875f7-8d3a-aba0-3571-a8256c6b920b" testName="LiteCad.Tests.ExtendToolTests.Extend_KeepsExistingFaceValid" computerName="DESKTOP-UIGURGP" duration="00:00:00.0006869" startTime="2026-08-20T18:13:36.3422933+03:00" endTime="2026-08-20T18:13:36.3430472+03:00" testType="13cdc9d9-ddb5-4fa4-a97d-d965ccfc6d4b" outcome="Passed" testListId="8c84fa94-04c1-424b-9868-57a2d4851a1d" relativeResultsDirectory="18d80760-d2cb-4f89-bda7-9794c18993f3" />
    <UnitTestResult executionId="6f93c201-afcf-42df-ad3c-b97cfb2f5762" testId="7bae5737-cc22-a261-275c-4c4eba4c124f" testName="LiteCad.Tests.TopologyTests.Square_CreatesFourCanonicalVertices" computerName="DESKTOP-UIGURGP" duration="00:00:00.0001753" startTime="2026-08-20T18:13:35.2646325+03:00" endTime="2026-08-20T18:13:35.2648767+03:00" testType="13cdc9d9-ddb5-4fa4-a97d-d965ccfc6d4b" outcome="Passed" testListId="8c84fa94-04c1-424b-9868-57a2d4851a1d" relativeResultsDirectory="6f93c201-afcf-42df-ad3c-b97cfb2f5762" />
    <UnitTestResult executionId="474107ba-41e1-4083-9c65-f6bc0e371a5e" testId="6b09edd7-79bd-01fd-a02d-e1b313a4ec6e" testName="LiteCad.Tests.FaceRestorationTests.Test4_RecreateSameEdgeMultipleTimes_RemainsStable" computerName="DESKTOP-UIGURGP" duration="00:00:00.0011554" startTime="2026-08-20T18:13:35.9069416+03:00" endTime="2026-08-20T18:13:35.9081659+03:00" testType="13cdc9d9-ddb5-4fa4-a97d-d965ccfc6d4b" outcome="Passed" testListId="8c84fa94-04c1-424b-9868-57a2d4851a1d" relativeResultsDirectory="474107ba-41e1-4083-9c65-f6bc0e371a5e" />
    <UnitTestResult executionId="f3c84c73-756e-47fb-90c4-1a330e2ac04c" testId="cd7d85c5-96f0-b4cf-7397-a4de809888b0" testName="LiteCad.Tests.FaceRestorationTests.Test1_CreateSquare_FaceCountIsOne" computerName="DESKTOP-UIGURGP" duration="00:00:00.0001789" startTime="2026-08-20T18:13:35.9040910+03:00" endTime="2026-08-20T18:13:35.9043359+03:00" testType="13cdc9d9-ddb5-4fa4-a97d-d965ccfc6d4b" outcome="Passed" testListId="8c84fa94-04c1-424b-9868-57a2d4851a1d" relativeResultsDirectory="f3c84c73-756e-47fb-90c4-1a330e2ac04c" />
    <UnitTestResult executionId="4611c0b2-9268-4fa8-b86d-0fd6ce8e4462" testId="cbccfa1d-ac2e-c69f-527f-17dd06622786" testName="LiteCad.Tests.StretchToolTests.TryCreatePlan_RectangleBottomEdge_Succeeds" computerName="DESKTOP-UIGURGP" duration="00:00:00.0002182" startTime="2026-08-20T18:13:36.7099100+03:00" endTime="2026-08-20T18:13:36.7102297+03:00" testType="13cdc9d9-ddb5-4fa4-a97d-d965ccfc6d4b" outcome="Passed" testListId="8c84fa94-04c1-424b-9868-57a2d4851a1d" relativeResultsDirectory="4611c0b2-9268-4fa8-b86d-0fd6ce8e4462" />
    <UnitTestResult executionId="c464c389-b658-4636-8f8c-778dec83f638" testId="90ab3801-40fd-254e-67be-cb545c58ac8c" testName="LiteCad.Tests.DimensionToolTests.RemoveInvalid_MovingSecondVertex_RemovesDimension" computerName="DESKTOP-UIGURGP" duration="00:00:00.0001490" startTime="2026-08-20T18:13:35.7555351+03:00" endTime="2026-08-20T18:13:35.7557602+03:00" testType="13cdc9d9-ddb5-4fa4-a97d-d965ccfc6d4b" outcome="Passed" testListId="8c84fa94-04c1-424b-9868-57a2d4851a1d" relativeResultsDirectory="c464c389-b658-4636-8f8c-778dec83f638" />
    <UnitTestResult executionId="ce16872a-b1f4-4f47-ae6e-6152cf7eb49a" testId="7c3588ad-fa72-3e33-5645-9d6bf63e617f" testName="LiteCad.Tests.RotateToolTests.RotateTool_RequiresSelection" computerName="DESKTOP-UIGURGP" duration="00:00:00.0034961" startTime="2026-08-20T18:13:35.4540671+03:00" endTime="2026-08-20T18:13:35.4576737+03:00" testType="13cdc9d9-ddb5-4fa4-a97d-d965ccfc6d4b" outcome="Passed" testListId="8c84fa94-04c1-424b-9868-57a2d4851a1d" relativeResultsDirectory="ce16872a-b1f4-4f47-ae6e-6152cf7eb49a" />
    <UnitTestResult executionId="10156ab0-d69e-4c99-8245-6c57bb159f6f" testId="d43e22a9-1f8c-02d3-6ffd-2ab626c8ec5c" testName="LiteCad.Tests.UnitDisplayFormatterTests.FormatLinear_Meters_TrimsTrailingZeros(internalValue: 1255, expected: &quot;1.26&quot;)" computerName="DESKTOP-UIGURGP" duration="00:00:00.0000120" startTime="2026-08-20T18:13:36.1525883+03:00" endTime="2026-08-20T18:13:36.1526546+03:00" testType="13cdc9d9-ddb5-4fa4-a97d-d965ccfc6d4b" outcome="Passed" testListId="8c84fa94-04c1-424b-9868-57a2d4851a1d" relativeResultsDirectory="10156ab0-d69e-4c99-8245-6c57bb159f6f" />
    <UnitTestResult executionId="8f98b200-4e5d-4c8b-bcad-97017707a1cb" testId="63fa69ab-886a-a690-f8da-f08686512c4d" testName="LiteCad.Tests.MirrorToolTests.MirrorTool_RequiresSelection" computerName="DESKTOP-UIGURGP" duration="00:00:00.0010666" startTime="2026-08-20T18:13:34.5496778+03:00" endTime="2026-08-20T18:13:34.5508405+03:00" testType="13cdc9d9-ddb5-4fa4-a97d-d965ccfc6d4b" outcome="Passed" testListId="8c84fa94-04c1-424b-9868-57a2d4851a1d" relativeResultsDirectory="8f98b200-4e5d-4c8b-bcad-97017707a1cb" />
    <UnitTestResult executionId="93639beb-c805-4994-80e1-133aa15fc31d" testId="65f23691-8e18-de11-07e1-6e394fa4c17b" testName="LiteCad.Tests.SnapServiceTests.NormalOnEdgeSnap_IsPreservedWhenNotAtVertex" computerName="DESKTOP-UIGURGP" duration="00:00:00.0001755" startTime="2026-08-20T18:13:35.7704701+03:00" endTime="2026-08-20T18:13:35.7707105+03:00" testType="13cdc9d9-ddb5-4fa4-a97d-d965ccfc6d4b" outcome="Passed" testListId="8c84fa94-04c1-424b-9868-57a2d4851a1d" relativeResultsDirectory="93639beb-c805-4994-80e1-133aa15fc31d" />
    <UnitTestResult executionId="a3503030-6761-4f56-81f3-05fda6e7d9a8" testId="7b7a0d8b-817b-b506-77a3-891843b21643" testName="LiteCad.Tests.DimensionToolTests.Create_BetweenTwoVertices_AddsDimension" computerName="DESKTOP-UIGURGP" duration="00:00:00.0003363" startTime="2026-08-20T18:13:35.7525270+03:00" endTime="2026-08-20T18:13:35.7529735+03:00" testType="13cdc9d9-ddb5-4fa4-a97d-d965ccfc6d4b" outcome="Passed" testListId="8c84fa94-04c1-424b-9868-57a2d4851a1d" relativeResultsDirectory="a3503030-6761-4f56-81f3-05fda6e7d9a8" />
    <UnitTestResult executionId="665ac5f3-92b9-4817-a509-4a9ee1a2ef9f" testId="71dcf0c0-a4ec-cd91-33ea-3fffb7b81aab" testName="LiteCad.Tests.FaceIdentityTests.CreateLoop_OuterAndInnerContours_AreDistinctIdentities" computerName="DESKTOP-UIGURGP" duration="00:00:00.0010162" startTime="2026-08-20T18:13:36.7191337+03:00" endTime="2026-08-20T18:13:36.7203164+03:00" testType="13cdc9d9-ddb5-4fa4-a97d-d965ccfc6d4b" outcome="Passed" testListId="8c84fa94-04c1-424b-9868-57a2d4851a1d" relativeResultsDirectory="665ac5f3-92b9-4817-a509-4a9ee1a2ef9f" />
    <UnitTestResult executionId="7688a039-8d27-4bd8-91b9-1d7a5dbc8ebd" testId="96504a08-04a8-fe73-3749-06ffdf367758" testName="LiteCad.Tests.EraserToolTests.Eraser_ClickVertex_DeletesAccordingToExistingDeleteSemantics" computerName="DESKTOP-UIGURGP" duration="00:00:00.0015129" startTime="2026-08-20T18:13:36.3030471+03:00" endTime="2026-08-20T18:13:36.3046304+03:00" testType="13cdc9d9-ddb5-4fa4-a97d-d965ccfc6d4b" outcome="Passed" testListId="8c84fa94-04c1-424b-9868-57a2d4851a1d" relativeResultsDirectory="7688a039-8d27-4bd8-91b9-1d7a5dbc8ebd" />
    <UnitTestResult executionId="e7b9c168-08b8-4bf1-a279-d5a5673a622d" testId="c2c50cc3-1b2a-ba08-9d42-696d15d27612" testName="LiteCad.Tests.SectorGeometryTests.IsFullCircle_DetectsCompleteRevolution(angle: 90, expected: False)" computerName="DESKTOP-UIGURGP" duration="00:00:00.0000062" startTime="2026-08-20T18:13:36.3346954+03:00" endTime="2026-08-20T18:13:36.3347541+03:00" testType="13cdc9d9-ddb5-4fa4-a97d-d965ccfc6d4b" outcome="Passed" testListId="8c84fa94-04c1-424b-9868-57a2d4851a1d" relativeResultsDirectory="e7b9c168-08b8-4bf1-a279-d5a5673a622d" />
    <UnitTestResult executionId="f699e661-1438-4a87-b406-841c8dd8cf20" testId="62049bb7-80af-433e-8d0c-b5928314eaae" testName="LiteCad.Tests.RectangleSizeInputTests.Alt_PreservesWidthText" computerName="DESKTOP-UIGURGP" duration="00:00:00.0083903" startTime="2026-08-20T18:13:35.9612140+03:00" endTime="2026-08-20T18:13:35.9698408+03:00" testType="13cdc9d9-ddb5-4fa4-a97d-d965ccfc6d4b" outcome="Failed" testListId="8c84fa94-04c1-424b-9868-57a2d4851a1d" relativeResultsDirectory="f699e661-1438-4a87-b406-841c8dd8cf20">
      <Output>
        <ErrorInfo>
          <Message>System.InvalidOperationException : PresentationSource is unavailable for the visual tree.</Message>
          <StackTrace>   at LiteCad.Tests.WpfTestUtilities.RequirePresentationSource(Visual visual) in C:\Users\Admin\source\repos\LiteCad\LiteCad.Tests\WpfTestUtilities.cs:line 39&#xD;
   at LiteCad.Tests.WpfTestUtilities.CreateKeyDown(Visual visual, Key key) in C:\Users\Admin\source\repos\LiteCad\LiteCad.Tests\WpfTestUtilities.cs:line 46&#xD;
   at LiteCad.Tests.RectangleSizeInputTests.RectangleSizeInputTestHost.PressAlt() in C:\Users\Admin\source\repos\LiteCad\LiteCad.Tests\RectangleSizeInputTests.cs:line 264&#xD;
   at LiteCad.Tests.RectangleSizeInputTests.&lt;&gt;c.&lt;Alt_PreservesWidthText&gt;b__4_0() in C:\Users\Admin\source\repos\LiteCad\LiteCad.Tests\RectangleSizeInputTests.cs:line 86&#xD;
   at LiteCad.Tests.RectangleSizeInputTests.&lt;&gt;c__DisplayClass12_0.&lt;RunSta&gt;b__0() in C:\Users\Admin\source\repos\LiteCad\LiteCad.Tests\RectangleSizeInputTests.cs:line 200&#xD;
--- End of stack trace from previous location ---&#xD;
   at LiteCad.Tests.RectangleSizeInputTests.RunSta(Action action) in C:\Users\Admin\source\repos\LiteCad\LiteCad.Tests\RectangleSizeInputTests.cs:line 214&#xD;
   at LiteCad.Tests.RectangleSizeInputTests.Alt_PreservesWidthText() in C:\Users\Admin\source\repos\LiteCad\LiteCad.Tests\RectangleSizeInputTests.cs:line 81&#xD;
   at System.Reflection.MethodBaseInvoker.InterpretedInvoke_Method(Object obj, IntPtr* args)&#xD;
   at System.Reflection.MethodBaseInvoker.InvokeWithNoArgs(Object obj, BindingFlags invokeAttr)</StackTrace>
        </ErrorInfo>
      </Output>
    </UnitTestResult>
    <UnitTestResult executionId="552e4283-00a6-46cd-a3c1-470f9cdda583" testId="da895449-3d31-6bf1-a495-d4f598a9c47a" testName="LiteCad.Tests.HandToolTests.Pan_UpdatesPanOffsetByScreenDelta" computerName="DESKTOP-UIGURGP" duration="00:00:00.0021372" startTime="2026-08-20T18:13:34.8634640+03:00" endTime="2026-08-20T18:13:34.8657773+03:00" testType="13cdc9d9-ddb5-4fa4-a97d-d965ccfc6d4b" outcome="Passed" testListId="8c84fa94-04c1-424b-9868-57a2d4851a1d" relativeResultsDirectory="552e4283-00a6-46cd-a3c1-470f9cdda583" />
    <UnitTestResult executionId="a7fd83fa-8268-467f-930e-232747baced4" testId="a64bd268-a4e9-4121-c0a4-592cb7a651c8" testName="LiteCad.Tests.MoveToolTests.MoveSingleEdge_RecreatesGeometry" computerName="DESKTOP-UIGURGP" duration="00:00:00.0009374" startTime="2026-08-20T18:13:35.4988688+03:00" endTime="2026-08-20T18:13:35.4998863+03:00" testType="13cdc9d9-ddb5-4fa4-a97d-d965ccfc6d4b" outcome="Passed" testListId="8c84fa94-04c1-424b-9868-57a2d4851a1d" relativeResultsDirectory="a7fd83fa-8268-467f-930e-232747baced4" />
    <UnitTestResult executionId="148f88a5-9afc-4c69-aefa-4cd9e3fafe1b" testId="295d6ffc-5d8a-3e48-ef52-abec651bcef6" testName="LiteCad.Tests.ResourceMigrationTests.PolygonTypeDisplay_MapsToResourceStrings" computerName="DESKTOP-UIGURGP" duration="00:00:00.0004201" startTime="2026-08-20T18:13:35.7761148+03:00" endTime="2026-08-20T18:13:35.7766093+03:00" testType="13cdc9d9-ddb5-4fa4-a97d-d965ccfc6d4b" outcome="Passed" testListId="8c84fa94-04c1-424b-9868-57a2d4851a1d" relativeResultsDirectory="148f88a5-9afc-4c69-aefa-4cd9e3fafe1b" />
    <UnitTestResult executionId="ed78eba9-35fa-4f93-b976-8e52bceb96f8" testId="d9669ea1-a585-073e-5655-96576bac54ea" testName="LiteCad.Tests.CircleToolTests.Circle_Creates36Edges" computerName="DESKTOP-UIGURGP" duration="00:00:00.0031500" startTime="2026-08-20T18:13:36.1660655+03:00" endTime="2026-08-20T18:13:36.1693008+03:00" testType="13cdc9d9-ddb5-4fa4-a97d-d965ccfc6d4b" outcome="Passed" testListId="8c84fa94-04c1-424b-9868-57a2d4851a1d" relativeResultsDirectory="ed78eba9-35fa-4f93-b976-8e52bceb96f8" />
    <UnitTestResult executionId="74cfbab5-668d-41f9-8a07-426c73130db6" testId="4905593b-6abe-d258-c47b-2fa4e91f6385" testName="LiteCad.Tests.MirrorToolTests.MirrorOperations_ReselectsMirroredPolygon" computerName="DESKTOP-UIGURGP" duration="00:00:00.0047831" startTime="2026-08-20T18:13:34.5303137+03:00" endTime="2026-08-20T18:13:34.5351804+03:00" testType="13cdc9d9-ddb5-4fa4-a97d-d965ccfc6d4b" outcome="Passed" testListId="8c84fa94-04c1-424b-9868-57a2d4851a1d" relativeResultsDirectory="74cfbab5-668d-41f9-8a07-426c73130db6" />
    <UnitTestResult executionId="c0256cad-e6cf-4c1e-b1c5-7693f02d5069" testId="e6cd306d-4dde-6d1c-290f-f2d72f426315" testName="LiteCad.Tests.UnitDisplayFormatterTests.FormatArea_SquareMeters_TrimsTrailingZeros(internalArea: 1250000, expected: &quot;1.25 m²&quot;)" computerName="DESKTOP-UIGURGP" duration="00:00:00.0000066" startTime="2026-08-20T18:13:36.1541622+03:00" endTime="2026-08-20T18:13:36.1542239+03:00" testType="13cdc9d9-ddb5-4fa4-a97d-d965ccfc6d4b" outcome="Passed" testListId="8c84fa94-04c1-424b-9868-57a2d4851a1d" relativeResultsDirectory="c0256cad-e6cf-4c1e-b1c5-7693f02d5069" />
    <UnitTestResult executionId="b1e9bae2-2d5e-4bd1-92de-01840e4d9cb6" testId="6b47d465-0aba-74bb-5b46-18c42a716570" testName="LiteCad.Tests.RectangleToolTests.Rectangle_SizeInputCreatesCorrectArea" computerName="DESKTOP-UIGURGP" duration="00:00:00.0012045" startTime="2026-08-20T18:13:35.5334325+03:00" endTime="2026-08-20T18:13:35.5347024+03:00" testType="13cdc9d9-ddb5-4fa4-a97d-d965ccfc6d4b" outcome="Passed" testListId="8c84fa94-04c1-424b-9868-57a2d4851a1d" relativeResultsDirectory="b1e9bae2-2d5e-4bd1-92de-01840e4d9cb6" />
    <UnitTestResult executionId="53316c55-5636-41ed-83b2-77c220b009a6" testId="3762bbef-eca7-4ddb-2a2e-ad9c7d75e804" testName="LiteCad.Tests.SnapServiceTests.CrossingLines_ReturnSingleIntersectionSnapWhenNoVertexAtCrossing" computerName="DESKTOP-UIGURGP" duration="00:00:00.0006041" startTime="2026-08-20T18:13:35.7720978+03:00" endTime="2026-08-20T18:13:35.7727706+03:00" testType="13cdc9d9-ddb5-4fa4-a97d-d965ccfc6d4b" outcome="Passed" testListId="8c84fa94-04c1-424b-9868-57a2d4851a1d" relativeResultsDirectory="53316c55-5636-41ed-83b2-77c220b009a6" />
    <UnitTestResult executionId="d985fc55-5d01-4cc2-b50c-bc8ed0c0cf13" testId="9747a508-4cca-5f90-85bf-24064ad4b40e" testName="LiteCad.Tests.MirrorToolTests.MirrorTool_UndoRemovesOnlyMirroredCopy" computerName="DESKTOP-UIGURGP" duration="00:00:00.0033042" startTime="2026-08-20T18:13:34.5201336+03:00" endTime="2026-08-20T18:13:34.5235245+03:00" testType="13cdc9d9-ddb5-4fa4-a97d-d965ccfc6d4b" outcome="Passed" testListId="8c84fa94-04c1-424b-9868-57a2d4851a1d" relativeResultsDirectory="d985fc55-5d01-4cc2-b50c-bc8ed0c0cf13" />
    <UnitTestResult executionId="bbb49877-6b0f-48e8-9699-ff188e83fc30" testId="f1de1de4-178c-3ac2-61f1-9865265a5c3e" testName="LiteCad.Tests.ExtendToolTests.Extend_RectangleEdge_PreservesTopology" computerName="DESKTOP-UIGURGP" duration="00:00:00.0005312" startTime="2026-08-20T18:13:36.3470399+03:00" endTime="2026-08-20T18:13:36.3476533+03:00" testType="13cdc9d9-ddb5-4fa4-a97d-d965ccfc6d4b" outcome="Passed" testListId="8c84fa94-04c1-424b-9868-57a2d4851a1d" relativeResultsDirectory="bbb49877-6b0f-48e8-9699-ff188e83fc30" />
    <UnitTestResult executionId="74daa8a3-162f-4ba8-a277-cead00893320" testId="7984213f-04fc-ebca-d345-23c01883db0f" testName="LiteCad.Tests.MirrorToolTests.MirrorOperations_MirrorsPointAcrossDiagonalAxis" computerName="DESKTOP-UIGURGP" duration="00:00:00.0001070" startTime="2026-08-20T18:13:34.5462816+03:00" endTime="2026-08-20T18:13:34.5464550+03:00" testType="13cdc9d9-ddb5-4fa4-a97d-d965ccfc6d4b" outcome="Passed" testListId="8c84fa94-04c1-424b-9868-57a2d4851a1d" relativeResultsDirectory="74daa8a3-162f-4ba8-a277-cead00893320" />
    <UnitTestResult executionId="8b2df274-faba-4b0b-a4df-65f9d77f54bc" testId="e592e66e-5483-c978-c579-f2827197bfe9" testName="LiteCad.Tests.MoveToolTests.MoveClosedSelection_RebuildsFace" computerName="DESKTOP-UIGURGP" duration="00:00:00.0003378" startTime="2026-08-20T18:13:35.4883363+03:00" endTime="2026-08-20T18:13:35.4887389+03:00" testType="13cdc9d9-ddb5-4fa4-a97d-d965ccfc6d4b" outcome="Passed" testListId="8c84fa94-04c1-424b-9868-57a2d4851a1d" relativeResultsDirectory="8b2df274-faba-4b0b-a4df-65f9d77f54bc" />
    <UnitTestResult executionId="3ee2a6a6-e168-4757-89f5-cce7ca89ed3a" testId="a8ad4951-85c5-2481-c8a9-910fa3d8a252" testName="LiteCad.Tests.DimensionOrthogonalTests.OrthoOn_DiagonalAnchors_DimensionLineIsAxisAligned" computerName="DESKTOP-UIGURGP" duration="00:00:00.0011904" startTime="2026-08-20T18:13:35.2667845+03:00" endTime="2026-08-20T18:13:35.2680534+03:00" testType="13cdc9d9-ddb5-4fa4-a97d-d965ccfc6d4b" outcome="Passed" testListId="8c84fa94-04c1-424b-9868-57a2d4851a1d" relativeResultsDirectory="3ee2a6a6-e168-4757-89f5-cce7ca89ed3a" />
    <UnitTestResult executionId="6ab057ef-8676-4846-8770-f992a9499dd3" testId="70006e4c-85f1-96c4-6fbe-0ab81ec26624" testName="LiteCad.Tests.RectangleToolTests.Rectangle_ExactSizeInput_WithSpaces" computerName="DESKTOP-UIGURGP" duration="00:00:00.0009326" startTime="2026-08-20T18:13:35.5500321+03:00" endTime="2026-08-20T18:13:35.5510390+03:00" testType="13cdc9d9-ddb5-4fa4-a97d-d965ccfc6d4b" outcome="Passed" testListId="8c84fa94-04c1-424b-9868-57a2d4851a1d" relativeResultsDirectory="6ab057ef-8676-4846-8770-f992a9499dd3" />
    <UnitTestResult executionId="9f4b60de-a377-4f67-9c12-c591d2f08067" testId="4dc4b63e-4be2-5c7b-bfb0-20942c2d1153" testName="LiteCad.Tests.RectangleToolTests.Rectangle_MouseFlow" computerName="DESKTOP-UIGURGP" duration="00:00:00.0018490" startTime="2026-08-20T18:13:35.5267353+03:00" endTime="2026-08-20T18:13:35.5286638+03:00" testType="13cdc9d9-ddb5-4fa4-a97d-d965ccfc6d4b" outcome="Passed" testListId="8c84fa94-04c1-424b-9868-57a2d4851a1d" relativeResultsDirectory="9f4b60de-a377-4f67-9c12-c591d2f08067" />
    <UnitTestResult executionId="0b87b954-c6c4-4e33-af39-9889c235af80" testId="118f95cc-429a-cfd5-2356-f3a91d932f7c" testName="LiteCad.Tests.MoveExactInputDistanceSemanticsTests.OrthoDown_Distance200_ProducesMinus200" computerName="DESKTOP-UIGURGP" duration="00:00:00.0062927" startTime="2026-08-20T18:13:35.3274005+03:00" endTime="2026-08-20T18:13:35.3337904+03:00" testType="13cdc9d9-ddb5-4fa4-a97d-d965ccfc6d4b" outcome="Passed" testListId="8c84fa94-04c1-424b-9868-57a2d4851a1d" relativeResultsDirectory="0b87b954-c6c4-4e33-af39-9889c235af80" />
    <UnitTestResult executionId="8ef6ccf0-ad85-49bf-9442-4b9bae217518" testId="f8f642cc-ce5e-18c5-f2de-13dd165661f2" testName="LiteCad.Tests.TopologyTests.DeleteEdgeRemovesAffectedFace" computerName="DESKTOP-UIGURGP" duration="00:00:00.0003319" startTime="2026-08-20T18:13:35.2576953+03:00" endTime="2026-08-20T18:13:35.2581047+03:00" testType="13cdc9d9-ddb5-4fa4-a97d-d965ccfc6d4b" outcome="Passed" testListId="8c84fa94-04c1-424b-9868-57a2d4851a1d" relativeResultsDirectory="8ef6ccf0-ad85-49bf-9442-4b9bae217518" />
    <UnitTestResult executionId="821f9d8a-7ced-4499-9a5b-6bf9ee2e467e" testId="b1f1c6b4-50b3-cfff-b7b2-f7a72575a666" testName="LiteCad.Tests.MirrorToolTests.MirrorOperations_MirrorsEdgeAcrossHorizontalAxis" computerName="DESKTOP-UIGURGP" duration="00:00:00.0006884" startTime="2026-08-20T18:13:34.5237016+03:00" endTime="2026-08-20T18:13:34.5244853+03:00" testType="13cdc9d9-ddb5-4fa4-a97d-d965ccfc6d4b" outcome="Passed" testListId="8c84fa94-04c1-424b-9868-57a2d4851a1d" relativeResultsDirectory="821f9d8a-7ced-4499-9a5b-6bf9ee2e467e" />
    <UnitTestResult executionId="1418acfe-79f7-446f-bc58-ea75325d81b4" testId="e78c11ef-87b3-d35e-c021-42c5f53218a5" testName="LiteCad.Tests.SectorToolTests.Sector_360Degrees_CreatesCircleWithoutRadialEdges" computerName="DESKTOP-UIGURGP" duration="00:00:00.0048151" startTime="2026-08-20T18:13:35.6769668+03:00" endTime="2026-08-20T18:13:35.6819021+03:00" testType="13cdc9d9-ddb5-4fa4-a97d-d965ccfc6d4b" outcome="Passed" testListId="8c84fa94-04c1-424b-9868-57a2d4851a1d" relativeResultsDirectory="1418acfe-79f7-446f-bc58-ea75325d81b4" />
    <UnitTestResult executionId="8bb9cd59-0162-4074-97c3-10161c8b1a2b" testId="9ec3bf81-a3ac-9fe8-5255-1cbe9a8e79db" testName="LiteCad.Tests.CircleToolTests.Circle_CreatesFace" computerName="DESKTOP-UIGURGP" duration="00:00:00.0027525" startTime="2026-08-20T18:13:36.2224533+03:00" endTime="2026-08-20T18:13:36.2252930+03:00" testType="13cdc9d9-ddb5-4fa4-a97d-d965ccfc6d4b" outcome="Passed" testListId="8c84fa94-04c1-424b-9868-57a2d4851a1d" relativeResultsDirectory="8bb9cd59-0162-4074-97c3-10161c8b1a2b" />
    <UnitTestResult executionId="a83866f6-6a35-4ebf-8994-0db7cd64f2e6" testId="a633b7e8-d303-5662-8b28-e4e6198032c3" testName="LiteCad.Tests.OffsetOperationsTests.ComputeOffsetLoop_RejectsExcessiveInwardOffset" computerName="DESKTOP-UIGURGP" duration="00:00:00.0001272" startTime="2026-08-20T18:13:36.1507050+03:00" endTime="2026-08-20T18:13:36.1508957+03:00" testType="13cdc9d9-ddb5-4fa4-a97d-d965ccfc6d4b" outcome="Passed" testListId="8c84fa94-04c1-424b-9868-57a2d4851a1d" relativeResultsDirectory="a83866f6-6a35-4ebf-8994-0db7cd64f2e6" />
    <UnitTestResult executionId="14da1e21-e970-49ce-a6d7-584d60116c47" testId="9a92b661-4690-22b7-a31e-b57b34f349e3" testName="LiteCad.Tests.DimensionToolTests.Create_NegativeOffset_StoresValue" computerName="DESKTOP-UIGURGP" duration="00:00:00.0001291" startTime="2026-08-20T18:13:35.7535904+03:00" endTime="2026-08-20T18:13:35.7537923+03:00" testType="13cdc9d9-ddb5-4fa4-a97d-d965ccfc6d4b" outcome="Passed" testListId="8c84fa94-04c1-424b-9868-57a2d4851a1d" relativeResultsDirectory="14da1e21-e970-49ce-a6d7-584d60116c47" />
    <UnitTestResult executionId="f3c1cc7a-47cb-4818-98e2-841b2e5b1266" testId="55e34941-32d1-31fa-8e35-e8c166580b42" testName="LiteCad.Tests.PolygonBuilderTests.SyncFaces_SimpleSquare_CreatesOneFaceWithFourEdges" computerName="DESKTOP-UIGURGP" duration="00:00:00.0005696" startTime="2026-08-20T18:13:35.7666347+03:00" endTime="2026-08-20T18:13:35.7672778+03:00" testType="13cdc9d9-ddb5-4fa4-a97d-d965ccfc6d4b" outcome="Passed" testListId="8c84fa94-04c1-424b-9868-57a2d4851a1d" relativeResultsDirectory="f3c1cc7a-47cb-4818-98e2-841b2e5b1266" />
    <UnitTestResult executionId="a85deb4e-6b54-4aa1-8475-715736fdb303" testId="945fed85-f250-c48b-d0f1-276036e9ce50" testName="LiteCad.Tests.RectangleToolTests.Rectangle_DragNegativeXAndY(width: 100, height: -80)" computerName="DESKTOP-UIGURGP" duration="00:00:00.0010635" startTime="2026-08-20T18:13:35.5253790+03:00" endTime="2026-08-20T18:13:35.5265404+03:00" testType="13cdc9d9-ddb5-4fa4-a97d-d965ccfc6d4b" outcome="Passed" testListId="8c84fa94-04c1-424b-9868-57a2d4851a1d" relativeResultsDirectory="a85deb4e-6b54-4aa1-8475-715736fdb303" />
    <UnitTestResult executionId="3b8c89bc-e294-43be-90fb-169efded76b7" testId="b5a8e354-d098-956b-651a-bc98ae1a2bd3" testName="LiteCad.Tests.MirrorToolTests.MirrorTool_PreviewDoesNotModifyDocument" computerName="DESKTOP-UIGURGP" duration="00:00:00.0426172" startTime="2026-08-20T18:13:34.4717748+03:00" endTime="2026-08-20T18:13:34.5145243+03:00" testType="13cdc9d9-ddb5-4fa4-a97d-d965ccfc6d4b" outcome="Passed" testListId="8c84fa94-04c1-424b-9868-57a2d4851a1d" relativeResultsDirectory="3b8c89bc-e294-43be-90fb-169efded76b7" />
    <UnitTestResult executionId="b93b05bc-a2e9-4970-8d8b-efb57d62ea56" testId="cd83c263-1df7-cab9-dd79-eb54c369955f" testName="LiteCad.Tests.OffsetTopologyTests.ScenarioC_OffsetCrossingExistingEdge_NoDuplicateEdges" computerName="DESKTOP-UIGURGP" duration="00:00:00.0011184" startTime="2026-08-20T18:13:36.3492117+03:00" endTime="2026-08-20T18:13:36.3503980+03:00" testType="13cdc9d9-ddb5-4fa4-a97d-d965ccfc6d4b" outcome="Passed" testListId="8c84fa94-04c1-424b-9868-57a2d4851a1d" relativeResultsDirectory="b93b05bc-a2e9-4970-8d8b-efb57d62ea56" />
    <UnitTestResult executionId="32c7f130-50b4-4af5-a849-09d88a38b58a" testId="6394baf9-f8cc-0d3f-4235-78bcc83c489f" testName="LiteCad.Tests.LanguageSelectorTests.SwitchingLanguage_DoesNotModifyTopology" computerName="DESKTOP-UIGURGP" duration="00:00:00.0020313" startTime="2026-08-20T18:13:35.8708884+03:00" endTime="2026-08-20T18:13:35.8731261+03:00" testType="13cdc9d9-ddb5-4fa4-a97d-d965ccfc6d4b" outcome="Passed" testListId="8c84fa94-04c1-424b-9868-57a2d4851a1d" relativeResultsDirectory="32c7f130-50b4-4af5-a849-09d88a38b58a" />
[...]
[xUnit.net 00:00:02.08]            at System.Reflection.MethodBaseInvoker.InterpretedInvoke_Method(Object obj, IntPtr* args)&#xD;
[xUnit.net 00:00:02.08]            at System.Reflection.MethodBaseInvoker.InvokeWithNoArgs(Object obj, BindingFlags invokeAttr)&#xD;
[xUnit.net 00:00:02.14]       System.InvalidOperationException : PresentationSource is unavailable for the visual tree.&#xD;
[xUnit.net 00:00:02.14]       Stack Trace:&#xD;
[xUnit.net 00:00:02.14]         C:\Users\Admin\source\repos\LiteCad\LiteCad.Tests\WpfTestUtilities.cs(39,0): at LiteCad.Tests.WpfTestUtilities.RequirePresentationSource(Visual visual)&#xD;
[xUnit.net 00:00:02.14]         C:\Users\Admin\source\repos\LiteCad\LiteCad.Tests\WpfTestUtilities.cs(46,0): at LiteCad.Tests.WpfTestUtilities.CreateKeyDown(Visual visual, Key key)&#xD;
[xUnit.net 00:00:02.14]         C:\Users\Admin\source\repos\LiteCad\LiteCad.Tests\CircleToolTests.cs(397,0): at LiteCad.Tests.CircleToolTests.CircleInteractiveHarness.PressEnter()&#xD;
[xUnit.net 00:00:02.14]         C:\Users\Admin\source\repos\LiteCad\LiteCad.Tests\CircleToolTests.cs(184,0): at LiteCad.Tests.CircleToolTests.&lt;&gt;c.&lt;Circle_InputClearsAfterCommit&gt;b__13_0()&#xD;
[xUnit.net 00:00:02.14]         C:\Users\Admin\source\repos\LiteCad\LiteCad.Tests\CircleToolTests.cs(266,0): at LiteCad.Tests.CircleToolTests.&lt;&gt;c__DisplayClass21_0.&lt;RunSta&gt;b__0()&#xD;
[xUnit.net 00:00:02.14]         --- End of stack trace from previous location ---&#xD;
[xUnit.net 00:00:02.14]         C:\Users\Admin\source\repos\LiteCad\LiteCad.Tests\CircleToolTests.cs(280,0): at LiteCad.Tests.CircleToolTests.RunSta(Action action)&#xD;
[xUnit.net 00:00:02.14]         C:\Users\Admin\source\repos\LiteCad\LiteCad.Tests\CircleToolTests.cs(178,0): at LiteCad.Tests.CircleToolTests.Circle_InputClearsAfterCommit()&#xD;
[xUnit.net 00:00:02.14]            at System.Reflection.MethodBaseInvoker.InterpretedInvoke_Method(Object obj, IntPtr* args)&#xD;
[xUnit.net 00:00:02.14]            at System.Reflection.MethodBaseInvoker.InvokeWithNoArgs(Object obj, BindingFlags invokeAttr)&#xD;
[xUnit.net 00:00:02.18]       System.InvalidOperationException : PresentationSource is unavailable for the visual tree.&#xD;
[xUnit.net 00:00:02.18]       Stack Trace:&#xD;
[xUnit.net 00:00:02.18]         C:\Users\Admin\source\repos\LiteCad\LiteCad.Tests\WpfTestUtilities.cs(39,0): at LiteCad.Tests.WpfTestUtilities.RequirePresentationSource(Visual visual)&#xD;
[xUnit.net 00:00:02.18]         C:\Users\Admin\source\repos\LiteCad\LiteCad.Tests\WpfTestUtilities.cs(46,0): at LiteCad.Tests.WpfTestUtilities.CreateKeyDown(Visual visual, Key key)&#xD;
[xUnit.net 00:00:02.18]         C:\Users\Admin\source\repos\LiteCad\LiteCad.Tests\CircleToolTests.cs(397,0): at LiteCad.Tests.CircleToolTests.CircleInteractiveHarness.PressEnter()&#xD;
[xUnit.net 00:00:02.18]         C:\Users\Admin\source\repos\LiteCad\LiteCad.Tests\CircleToolTests.cs(199,0): at LiteCad.Tests.CircleToolTests.&lt;&gt;c.&lt;Circle_InvalidInputPreserved&gt;b__14_0()&#xD;
[xUnit.net 00:00:02.18]         C:\Users\Admin\source\repos\LiteCad\LiteCad.Tests\CircleToolTests.cs(266,0): at LiteCad.Tests.CircleToolTests.&lt;&gt;c__DisplayClass21_0.&lt;RunSta&gt;b__0()&#xD;
[xUnit.net 00:00:02.18]         --- End of stack trace from previous location ---&#xD;
[xUnit.net 00:00:02.18]         C:\Users\Admin\source\repos\LiteCad\LiteCad.Tests\CircleToolTests.cs(280,0): at LiteCad.Tests.CircleToolTests.RunSta(Action action)&#xD;
[xUnit.net 00:00:02.18]         C:\Users\Admin\source\repos\LiteCad\LiteCad.Tests\CircleToolTests.cs(193,0): at LiteCad.Tests.CircleToolTests.Circle_InvalidInputPreserved()&#xD;
[xUnit.net 00:00:02.18]            at System.Reflection.MethodBaseInvoker.InterpretedInvoke_Method(Object obj, IntPtr* args)&#xD;
[xUnit.net 00:00:02.18]            at System.Reflection.MethodBaseInvoker.InvokeWithNoArgs(Object obj, BindingFlags invokeAttr)&#xD;
[xUnit.net 00:00:02.18]       System.InvalidOperationException : PresentationSource is unavailable for the visual tree.&#xD;
[xUnit.net 00:00:02.18]       Stack Trace:&#xD;
[xUnit.net 00:00:02.18]         C:\Users\Admin\source\repos\LiteCad\LiteCad.Tests\WpfTestUtilities.cs(39,0): at LiteCad.Tests.WpfTestUtilities.RequirePresentationSource(Visual visual)&#xD;
[xUnit.net 00:00:02.18]         C:\Users\Admin\source\repos\LiteCad\LiteCad.Tests\WpfTestUtilities.cs(46,0): at LiteCad.Tests.WpfTestUtilities.CreateKeyDown(Visual visual, Key key)&#xD;
[xUnit.net 00:00:02.18]         C:\Users\Admin\source\repos\LiteCad\LiteCad.Tests\CircleToolTests.cs(397,0): at LiteCad.Tests.CircleToolTests.CircleInteractiveHarness.PressEnter()&#xD;
[xUnit.net 00:00:02.18]         C:\Users\Admin\source\repos\LiteCad\LiteCad.Tests\CircleToolTests.cs(168,0): at LiteCad.Tests.CircleToolTests.&lt;&gt;c.&lt;Circle_EnterCommitsImmediately&gt;b__12_0()&#xD;
[xUnit.net 00:00:02.18]         C:\Users\Admin\source\repos\LiteCad\LiteCad.Tests\CircleToolTests.cs(266,0): at LiteCad.Tests.CircleToolTests.&lt;&gt;c__DisplayClass21_0.&lt;RunSta&gt;b__0()&#xD;
[xUnit.net 00:00:02.18]         --- End of stack trace from previous location ---&#xD;
[xUnit.net 00:00:02.18]         C:\Users\Admin\source\repos\LiteCad\LiteCad.Tests\CircleToolTests.cs(280,0): at LiteCad.Tests.CircleToolTests.RunSta(Action action)&#xD;
[xUnit.net 00:00:02.18]         C:\Users\Admin\source\repos\LiteCad\LiteCad.Tests\CircleToolTests.cs(162,0): at LiteCad.Tests.CircleToolTests.Circle_EnterCommitsImmediately()&#xD;
[xUnit.net 00:00:02.18]            at System.Reflection.MethodBaseInvoker.InterpretedInvoke_Method(Object obj, IntPtr* args)&#xD;
[xUnit.net 00:00:02.18]            at System.Reflection.MethodBaseInvoker.InvokeWithNoArgs(Object obj, BindingFlags invokeAttr)&#xD;
[xUnit.net 00:00:02.25]       Assert.Equal() Failure: Values are not within 2 decimal places&#xD;
[xUnit.net 00:00:02.25]       Expected: 36 (rounded from 36)&#xD;
[xUnit.net 00:00:02.25]       Actual:   20 (rounded from 20)&#xD;
[xUnit.net 00:00:02.25]       Stack Trace:&#xD;
[xUnit.net 00:00:02.25]         C:\Users\Admin\source\repos\LiteCad\LiteCad.Tests\OffsetToolTests.cs(66,0): at LiteCad.Tests.OffsetToolTests.&lt;&gt;c.&lt;OffsetTool_CommitCreatesNewFaceAndPreservesOriginal&gt;b__2_0()&#xD;
[xUnit.net 00:00:02.25]         C:\Users\Admin\source\repos\LiteCad\LiteCad.Tests\OffsetToolTests.cs(203,0): at LiteCad.Tests.OffsetToolTests.&lt;&gt;c__DisplayClass11_0.&lt;RunSta&gt;b__0()&#xD;
[xUnit.net 00:00:02.25]         --- End of stack trace from previous location ---&#xD;
[xUnit.net 00:00:02.25]         C:\Users\Admin\source\repos\LiteCad\LiteCad.Tests\OffsetToolTests.cs(217,0): at LiteCad.Tests.OffsetToolTests.RunSta(Action action)&#xD;
[xUnit.net 00:00:02.25]         C:\Users\Admin\source\repos\LiteCad\LiteCad.Tests\OffsetToolTests.cs(39,0): at LiteCad.Tests.OffsetToolTests.OffsetTool_CommitCreatesNewFaceAndPreservesOriginal()&#xD;
[xUnit.net 00:00:02.25]            at System.Reflection.MethodBaseInvoker.InterpretedInvoke_Method(Object obj, IntPtr* args)&#xD;
[xUnit.net 00:00:02.25]            at System.Reflection.MethodBaseInvoker.InvokeWithNoArgs(Object obj, BindingFlags invokeAttr)&#xD;
[xUnit.net 00:00:02.25]       System.InvalidOperationException : Presentation source was not available.&#xD;
[xUnit.net 00:00:02.25]       Stack Trace:&#xD;
[xUnit.net 00:00:02.25]         C:\Users\Admin\source\repos\LiteCad\LiteCad.Tests\OffsetToolTests.cs(234,0): at LiteCad.Tests.OffsetToolTests.CreateKeyEvent(Window window, Key key)&#xD;
[xUnit.net 00:00:02.25]         C:\Users\Admin\source\repos\LiteCad\LiteCad.Tests\OffsetToolTests.cs(132,0): at LiteCad.Tests.OffsetToolTests.&lt;&gt;c.&lt;OffsetTool_EscapeCancelsWithoutClearingSelection&gt;b__5_0()&#xD;
[xUnit.net 00:00:02.25]         C:\Users\Admin\source\repos\LiteCad\LiteCad.Tests\OffsetToolTests.cs(203,0): at LiteCad.Tests.OffsetToolTests.&lt;&gt;c__DisplayClass11_0.&lt;RunSta&gt;b__0()&#xD;
[xUnit.net 00:00:02.25]         --- End of stack trace from previous location ---&#xD;
[xUnit.net 00:00:02.25]         C:\Users\Admin\source\repos\LiteCad\LiteCad.Tests\OffsetToolTests.cs(217,0): at LiteCad.Tests.OffsetToolTests.RunSta(Action action)&#xD;
[xUnit.net 00:00:02.25]         C:\Users\Admin\source\repos\LiteCad\LiteCad.Tests\OffsetToolTests.cs(111,0): at LiteCad.Tests.OffsetToolTests.OffsetTool_EscapeCancelsWithoutClearingSelection()&#xD;
[xUnit.net 00:00:02.25]            at System.Reflection.MethodBaseInvoker.InterpretedInvoke_Method(Object obj, IntPtr* args)&#xD;
[xUnit.net 00:00:02.25]            at System.Reflection.MethodBaseInvoker.InvokeWithNoArgs(Object obj, BindingFlags invokeAttr)&#xD;
[xUnit.net 00:00:02.44]       System.InvalidOperationException : PresentationSource is unavailable for the visual tree.&#xD;
[xUnit.net 00:00:02.44]       Stack Trace:&#xD;
[xUnit.net 00:00:02.44]         C:\Users\Admin\source\repos\LiteCad\LiteCad.Tests\WpfTestUtilities.cs(39,0): at LiteCad.Tests.WpfTestUtilities.RequirePresentationSource(Visual visual)&#xD;
[xUnit.net 00:00:02.44]         C:\Users\Admin\source\repos\LiteCad\LiteCad.Tests\WpfTestUtilities.cs(46,0): at LiteCad.Tests.WpfTestUtilities.CreateKeyDown(Visual visual, Key key)&#xD;
[xUnit.net 00:00:02.44]         C:\Users\Admin\source\repos\LiteCad\LiteCad.Tests\StretchToolTests.cs(693,0): at LiteCad.Tests.StretchToolTests.StretchHarness.PressDistanceEnter()&#xD;
[xUnit.net 00:00:02.44]         C:\Users\Admin\source\repos\LiteCad\LiteCad.Tests\StretchToolTests.cs(363,0): at LiteCad.Tests.StretchToolTests.&lt;&gt;c.&lt;StretchDistanceInput_InvalidValuePreserved&gt;b__22_0()&#xD;
[xUnit.net 00:00:02.44]         C:\Users\Admin\source\repos\LiteCad\LiteCad.Tests\StretchToolTests.cs(588,0): at LiteCad.Tests.StretchToolTests.&lt;&gt;c__DisplayClass40_0.&lt;RunSta&gt;b__0()&#xD;
[xUnit.net 00:00:02.44]         --- End of stack trace from previous location ---&#xD;
[xUnit.net 00:00:02.44]         C:\Users\Admin\source\repos\LiteCad\LiteCad.Tests\StretchToolTests.cs(602,0): at LiteCad.Tests.StretchToolTests.RunSta(Action action)&#xD;
[xUnit.net 00:00:02.44]         C:\Users\Admin\source\repos\LiteCad\LiteCad.Tests\StretchToolTests.cs(355,0): at LiteCad.Tests.StretchToolTests.StretchDistanceInput_InvalidValuePreserved()&#xD;
[xUnit.net 00:00:02.44]            at System.Reflection.MethodBaseInvoker.InterpretedInvoke_Method(Object obj, IntPtr* args)&#xD;
[xUnit.net 00:00:02.44]            at System.Reflection.MethodBaseInvoker.InvokeWithNoArgs(Object obj, BindingFlags invokeAttr)&#xD;
[xUnit.net 00:00:02.52]       System.InvalidOperationException : PresentationSource is unavailable for the visual tree.&#xD;
[xUnit.net 00:00:02.52]       Stack Trace:&#xD;
[xUnit.net 00:00:02.52]         C:\Users\Admin\source\repos\LiteCad\LiteCad.Tests\WpfTestUtilities.cs(39,0): at LiteCad.Tests.WpfTestUtilities.RequirePresentationSource(Visual visual)&#xD;
[xUnit.net 00:00:02.52]         C:\Users\Admin\source\repos\LiteCad\LiteCad.Tests\WpfTestUtilities.cs(46,0): at LiteCad.Tests.WpfTestUtilities.CreateKeyDown(Visual visual, Key key)&#xD;
[xUnit.net 00:00:02.52]         C:\Users\Admin\source\repos\LiteCad\LiteCad.Tests\StretchToolTests.cs(693,0): at LiteCad.Tests.StretchToolTests.StretchHarness.PressDistanceEnter()&#xD;
[xUnit.net 00:00:02.52]         C:\Users\Admin\source\repos\LiteCad\LiteCad.Tests\StretchToolTests.cs(347,0): at LiteCad.Tests.StretchToolTests.&lt;&gt;c.&lt;StretchDistanceInput_ClearsAfterCommit&gt;b__21_0()&#xD;
[xUnit.net 00:00:02.52]         C:\Users\Admin\source\repos\LiteCad\LiteCad.Tests\StretchToolTests.cs(588,0): at LiteCad.Tests.StretchToolTests.&lt;&gt;c__DisplayClass40_0.&lt;RunSta&gt;b__0()&#xD;
[xUnit.net 00:00:02.52]         --- End of stack trace from previous location ---&#xD;
[xUnit.net 00:00:02.52]         C:\Users\Admin\source\repos\LiteCad\LiteCad.Tests\StretchToolTests.cs(602,0): at LiteCad.Tests.StretchToolTests.RunSta(Action action)&#xD;
[xUnit.net 00:00:02.52]         C:\Users\Admin\source\repos\LiteCad\LiteCad.Tests\StretchToolTests.cs(339,0): at LiteCad.Tests.StretchToolTests.StretchDistanceInput_ClearsAfterCommit()&#xD;
[xUnit.net 00:00:02.52]            at System.Reflection.MethodBaseInvoker.InterpretedInvoke_Method(Object obj, IntPtr* args)&#xD;
[xUnit.net 00:00:02.52]            at System.Reflection.MethodBaseInvoker.InvokeWithNoArgs(Object obj, BindingFlags invokeAttr)&#xD;
[xUnit.net 00:00:02.67]   Finished:    LiteCad.Tests&#xD;
</StdOut>
    </Output>
    <RunInfos>
      <RunInfo computerName="DESKTOP-UIGURGP" outcome="Error" timestamp="2026-08-20T18:13:35.1305077+03:00">
        <Text>[xUnit.net 00:00:01.06]     LiteCad.Tests.MoveExactInputEnterCommitTests.MoveInput_ClearsAfterSuccessfulEnter [FAIL]</Text>
      </RunInfo>
      <RunInfo computerName="DESKTOP-UIGURGP" outcome="Error" timestamp="2026-08-20T18:13:35.1720120+03:00">
        <Text>[xUnit.net 00:00:01.10]     LiteCad.Tests.MoveExactInputEnterCommitTests.MoveAfterExactCommit_StartsWithEmptyInput [FAIL]</Text>
      </RunInfo>
      <RunInfo computerName="DESKTOP-UIGURGP" outcome="Error" timestamp="2026-08-20T18:13:35.1805348+03:00">
        <Text>[xUnit.net 00:00:01.11]     LiteCad.Tests.MoveExactInputEnterCommitTests.MoveInput_InvalidValueIsNotCleared [FAIL]</Text>
      </RunInfo>
      <RunInfo computerName="DESKTOP-UIGURGP" outcome="Error" timestamp="2026-08-20T18:13:35.3722027+03:00">
        <Text>[xUnit.net 00:00:01.30]     LiteCad.Tests.MoveExactInputDistanceSemanticsTests.InputClearsAfterCommit [FAIL]</Text>
      </RunInfo>
      <RunInfo computerName="DESKTOP-UIGURGP" outcome="Error" timestamp="2026-08-20T18:13:35.3800299+03:00">
        <Text>[xUnit.net 00:00:01.31]     LiteCad.Tests.MoveExactInputDistanceSemanticsTests.EnterCommitsCorrectSignedDelta [FAIL]</Text>
      </RunInfo>
      <RunInfo computerName="DESKTOP-UIGURGP" outcome="Error" timestamp="2026-08-20T18:13:35.7166136+03:00">
        <Text>[xUnit.net 00:00:01.65]     LiteCad.Tests.CopyToolTests.CopyEscape_Cancels [FAIL]</Text>
      </RunInfo>
      <RunInfo computerName="DESKTOP-UIGURGP" outcome="Error" timestamp="2026-08-20T18:13:35.8873619+03:00">
        <Text>[xUnit.net 00:00:01.82]     LiteCad.Tests.LanguageSelectorTests.Popup_ClosesAfterSelection [FAIL]</Text>
      </RunInfo>
      <RunInfo computerName="DESKTOP-UIGURGP" outcome="Error" timestamp="2026-08-20T18:13:35.8997787+03:00">
        <Text>[xUnit.net 00:00:01.83]     LiteCad.Tests.LanguageSelectorTests.Selector_DisplaysCurrentLanguageCode [FAIL]</Text>
      </RunInfo>
      <RunInfo computerName="DESKTOP-UIGURGP" outcome="Error" timestamp="2026-08-20T18:13:35.9183859+03:00">
        <Text>[xUnit.net 00:00:01.85]     LiteCad.Tests.RectangleSizeInputTests.Escape_CancelsRectangle [FAIL]</Text>
      </RunInfo>
      <RunInfo computerName="DESKTOP-UIGURGP" outcome="Error" timestamp="2026-08-20T18:13:35.9266931+03:00">
        <Text>[xUnit.net 00:00:01.86]     LiteCad.Tests.RectangleSizeInputTests.Alt_SwitchesFromWidthToHeight [FAIL]</Text>
      </RunInfo>
      <RunInfo computerName="DESKTOP-UIGURGP" outcome="Error" timestamp="2026-08-20T18:13:35.9344856+03:00">
        <Text>[xUnit.net 00:00:01.86]     LiteCad.Tests.RectangleSizeInputTests.AfterAltSwitch_CanContinueTyping [FAIL]</Text>
      </RunInfo>
      <RunInfo computerName="DESKTOP-UIGURGP" outcome="Error" timestamp="2026-08-20T18:13:35.9447045+03:00">
        <Text>[xUnit.net 00:00:01.87]     LiteCad.Tests.RectangleSizeInputTests.FirstClick_ActivatesWidthField [FAIL]</Text>
      </RunInfo>
      <RunInfo computerName="DESKTOP-UIGURGP" outcome="Error" timestamp="2026-08-20T18:13:35.9519078+03:00">
        <Text>[xUnit.net 00:00:01.88]     LiteCad.Tests.RectangleSizeInputTests.Alt_DoesNotCancelRectangle [FAIL]</Text>
      </RunInfo>
      <RunInfo computerName="DESKTOP-UIGURGP" outcome="Error" timestamp="2026-08-20T18:13:35.9700883+03:00">
        <Text>[xUnit.net 00:00:01.90]     LiteCad.Tests.RectangleSizeInputTests.Alt_PreservesWidthText [FAIL]</Text>
      </RunInfo>
      <RunInfo computerName="DESKTOP-UIGURGP" outcome="Error" timestamp="2026-08-20T18:13:35.9773595+03:00">
        <Text>[xUnit.net 00:00:01.91]     LiteCad.Tests.RectangleSizeInputTests.Alt_SwitchesBackToWidth [FAIL]</Text>
      </RunInfo>
      <RunInfo computerName="DESKTOP-UIGURGP" outcome="Error" timestamp="2026-08-20T18:13:35.9851378+03:00">
        <Text>[xUnit.net 00:00:01.91]     LiteCad.Tests.RectangleSizeInputTests.Alt_RepeatedTenTimes_AlternatesFields [FAIL]</Text>
      </RunInfo>
      <RunInfo computerName="DESKTOP-UIGURGP" outcome="Error" timestamp="2026-08-20T18:13:35.9932454+03:00">
        <Text>[xUnit.net 00:00:01.92]     LiteCad.Tests.RectangleSizeInputTests.Enter_AppliesTypedSizes [FAIL]</Text>
      </RunInfo>
      <RunInfo computerName="DESKTOP-UIGURGP" outcome="Error" timestamp="2026-08-20T18:13:36.0003828+03:00">
        <Text>[xUnit.net 00:00:01.93]     LiteCad.Tests.RectangleSizeInputTests.Alt_PreservesHeightText [FAIL]</Text>
      </RunInfo>
      <RunInfo computerName="DESKTOP-UIGURGP" outcome="Error" timestamp="2026-08-20T18:13:36.0081288+03:00">
        <Text>[xUnit.net 00:00:01.94]     LiteCad.Tests.RectangleSizeInputTests.Alt_DoesNotCreateRectangle [FAIL]</Text>
      </RunInfo>
      <RunInfo computerName="DESKTOP-UIGURGP" outcome="Error" timestamp="2026-08-20T18:13:36.0589915+03:00">
        <Text>[xUnit.net 00:00:01.99]     LiteCad.Tests.MoveExactInputTests.MoveOrthoOn_AltDoesNothing [FAIL]</Text>
      </RunInfo>
      <RunInfo computerName="DESKTOP-UIGURGP" outcome="Error" timestamp="2026-08-20T18:13:36.0737657+03:00">
        <Text>[xUnit.net 00:00:02.00]     LiteCad.Tests.MoveExactInputTests.MoveOrthoOff_AltCyclesXAndY [FAIL]</Text>
      </RunInfo>
      <RunInfo computerName="DESKTOP-UIGURGP" outcome="Error" timestamp="2026-08-20T18:13:36.1463730+03:00">
        <Text>[xUnit.net 00:00:02.08]     LiteCad.Tests.OffsetOperationsTests.ExecuteObjectOffset_CreatesNewFaceAndSelectsIt [FAIL]</Text>
      </RunInfo>
      <RunInfo computerName="DESKTOP-UIGURGP" outcome="Error" timestamp="2026-08-20T18:13:36.2143230+03:00">
        <Text>[xUnit.net 00:00:02.14]     LiteCad.Tests.CircleToolTests.Circle_InputClearsAfterCommit [FAIL]</Text>
      </RunInfo>
      <RunInfo computerName="DESKTOP-UIGURGP" outcome="Error" timestamp="2026-08-20T18:13:36.2464292+03:00">
        <Text>[xUnit.net 00:00:02.18]     LiteCad.Tests.CircleToolTests.Circle_InvalidInputPreserved [FAIL]</Text>
      </RunInfo>
      <RunInfo computerName="DESKTOP-UIGURGP" outcome="Error" timestamp="2026-08-20T18:13:36.2545367+03:00">
        <Text>[xUnit.net 00:00:02.18]     LiteCad.Tests.CircleToolTests.Circle_EnterCommitsImmediately [FAIL]</Text>
      </RunInfo>
      <RunInfo computerName="DESKTOP-UIGURGP" outcome="Error" timestamp="2026-08-20T18:13:36.3161681+03:00">
        <Text>[xUnit.net 00:00:02.25]     LiteCad.Tests.OffsetToolTests.OffsetTool_CommitCreatesNewFaceAndPreservesOriginal [FAIL]</Text>
      </RunInfo>
      <RunInfo computerName="DESKTOP-UIGURGP" outcome="Error" timestamp="2026-08-20T18:13:36.3221735+03:00">
        <Text>[xUnit.net 00:00:02.25]     LiteCad.Tests.OffsetToolTests.OffsetTool_EscapeCancelsWithoutClearingSelection [FAIL]</Text>
      </RunInfo>
      <RunInfo computerName="DESKTOP-UIGURGP" outcome="Error" timestamp="2026-08-20T18:13:36.5063123+03:00">
        <Text>[xUnit.net 00:00:02.44]     LiteCad.Tests.StretchToolTests.StretchDistanceInput_InvalidValuePreserved [FAIL]</Text>
      </RunInfo>
      <RunInfo computerName="DESKTOP-UIGURGP" outcome="Error" timestamp="2026-08-20T18:13:36.5892001+03:00">
        <Text>[xUnit.net 00:00:02.52]     LiteCad.Tests.StretchToolTests.StretchDistanceInput_ClearsAfterCommit [FAIL]</Text>
      </RunInfo>
    </RunInfos>
  </ResultSummary>
</TestRun>