<?xml version="1.0" encoding="utf-8"?>
<TestRun id="b9a8a527-fdf5-4765-8f42-018fe847f297" name="Admin@DESKTOP-UIGURGP 2026-08-19 13:21:26" runUser="DESKTOP-UIGURGP\Admin" xmlns="http://microsoft.com/schemas/VisualStudio/TeamTest/2010">
  <Times creation="2026-08-19T13:21:26.3966033+03:00" queuing="2026-08-19T13:21:26.3966037+03:00" start="2026-08-19T13:21:25.0614582+03:00" finish="2026-08-19T13:21:28.7352302+03:00" />
  <TestSettings name="default" id="de083ccf-06ba-480c-b918-42397440d115">
    <Deployment runDeploymentRoot="Admin_DESKTOP-UIGURGP_2026-08-19_13_21_26" />
  </TestSettings>
  <Results>
    <UnitTestResult executionId="3fb0ddd5-9ee8-428e-94ea-cc801774fe9b" testId="0f3906df-12e3-01ed-73fd-502d7ce4b165" testName="LiteCad.Tests.FaceIdentityTests.SuppressThenDeleteRecreateEdge_RestoresFaceAfterTopologyInvalidation" computerName="DESKTOP-UIGURGP" duration="00:00:00.0003025" startTime="2026-08-19T13:21:27.9746796+03:00" endTime="2026-08-19T13:21:27.9748839+03:00" testType="13cdc9d9-ddb5-4fa4-a97d-d965ccfc6d4b" outcome="Passed" testListId="8c84fa94-04c1-424b-9868-57a2d4851a1d" relativeResultsDirectory="3fb0ddd5-9ee8-428e-94ea-cc801774fe9b" />
    <UnitTestResult executionId="ef60ed6d-1046-4c1b-ad35-79e6ad9c0549" testId="a530fcf9-6e7c-2252-f03f-d3a8e69bc91d" testName="LiteCad.Tests.RectangleToolTests.Rectangle_WithDiagonal" computerName="DESKTOP-UIGURGP" duration="00:00:00.0036811" startTime="2026-08-19T13:21:28.5011903+03:00" endTime="2026-08-19T13:21:28.5046066+03:00" testType="13cdc9d9-ddb5-4fa4-a97d-d965ccfc6d4b" outcome="Passed" testListId="8c84fa94-04c1-424b-9868-57a2d4851a1d" relativeResultsDirectory="ef60ed6d-1046-4c1b-ad35-79e6ad9c0549" />
    <UnitTestResult executionId="519e31f3-e84c-4efc-bab0-4ba44f6973c1" testId="9c658896-c6ae-0853-1219-fa8213cad655" testName="LiteCad.Tests.MoveExactInputTests.ToggleOrtho_DoesNotMixInputValues" computerName="DESKTOP-UIGURGP" duration="00:00:00.0259975" startTime="2026-08-19T13:21:26.8236974+03:00" endTime="2026-08-19T13:21:26.8486395+03:00" testType="13cdc9d9-ddb5-4fa4-a97d-d965ccfc6d4b" outcome="Passed" testListId="8c84fa94-04c1-424b-9868-57a2d4851a1d" relativeResultsDirectory="519e31f3-e84c-4efc-bab0-4ba44f6973c1" />
    <UnitTestResult executionId="f221dea1-e78f-4cf5-87f2-c41323cce2ed" testId="95248dac-7827-4026-6132-89994c313fc6" testName="LiteCad.Tests.ArcToolTests.Arc_180Degrees_CreatesEighteenEdges" computerName="DESKTOP-UIGURGP" duration="00:00:00.0013348" startTime="2026-08-19T13:21:27.6570693+03:00" endTime="2026-08-19T13:21:27.6582280+03:00" testType="13cdc9d9-ddb5-4fa4-a97d-d965ccfc6d4b" outcome="Passed" testListId="8c84fa94-04c1-424b-9868-57a2d4851a1d" relativeResultsDirectory="f221dea1-e78f-4cf5-87f2-c41323cce2ed" />
    <UnitTestResult executionId="15f90fb5-1358-43ad-9305-bd20b34001e8" testId="51dbe407-0fd8-2655-0c61-e66afd70a3b1" testName="LiteCad.Tests.ArcToolTests.Arc_360Degrees_CreatesThirtySixEdges" computerName="DESKTOP-UIGURGP" duration="00:00:00.0171263" startTime="2026-08-19T13:21:27.5697219+03:00" endTime="2026-08-19T13:21:27.5867155+03:00" testType="13cdc9d9-ddb5-4fa4-a97d-d965ccfc6d4b" outcome="Passed" testListId="8c84fa94-04c1-424b-9868-57a2d4851a1d" relativeResultsDirectory="15f90fb5-1358-43ad-9305-bd20b34001e8" />
    <UnitTestResult executionId="63974fe1-1015-4805-a7a0-66a66c919481" testId="fafed585-bef1-af71-f5a5-d3af111a66de" testName="LiteCad.Tests.RectangleToolTests.Rectangle_SnapToExistingCorner" computerName="DESKTOP-UIGURGP" duration="00:00:00.0017212" startTime="2026-08-19T13:21:28.4916907+03:00" endTime="2026-08-19T13:21:28.4932079+03:00" testType="13cdc9d9-ddb5-4fa4-a97d-d965ccfc6d4b" outcome="Passed" testListId="8c84fa94-04c1-424b-9868-57a2d4851a1d" relativeResultsDirectory="63974fe1-1015-4805-a7a0-66a66c919481" />
    <UnitTestResult executionId="94c28923-74f8-4bfe-97c3-7cfe48844125" testId="96504a08-04a8-fe73-3749-06ffdf367758" testName="LiteCad.Tests.EraserToolTests.Eraser_ClickVertex_DeletesAccordingToExistingDeleteSemantics" computerName="DESKTOP-UIGURGP" duration="00:00:00.0033770" startTime="2026-08-19T13:21:28.0464488+03:00" endTime="2026-08-19T13:21:28.0495919+03:00" testType="13cdc9d9-ddb5-4fa4-a97d-d965ccfc6d4b" outcome="Passed" testListId="8c84fa94-04c1-424b-9868-57a2d4851a1d" relativeResultsDirectory="94c28923-74f8-4bfe-97c3-7cfe48844125" />
    <UnitTestResult executionId="3e082ea7-0686-47bd-9290-6d92dd9b67eb" testId="120430db-0b00-0b4f-c33f-7a85f82d0be0" testName="LiteCad.Tests.StretchToolTests.TryCreatePlan_LShapeCorner_Fails" computerName="DESKTOP-UIGURGP" duration="00:00:00.0007873" startTime="2026-08-19T13:21:28.4073163+03:00" endTime="2026-08-19T13:21:28.4074127+03:00" testType="13cdc9d9-ddb5-4fa4-a97d-d965ccfc6d4b" outcome="Passed" testListId="8c84fa94-04c1-424b-9868-57a2d4851a1d" relativeResultsDirectory="3e082ea7-0686-47bd-9290-6d92dd9b67eb" />
    <UnitTestResult executionId="f99a129e-917e-4332-8cbf-6d3e9e597bef" testId="46eb526f-69e4-4835-3d32-2ab03245f839" testName="LiteCad.Tests.StretchToolTests.StretchRejectsNonParallelConnections" computerName="DESKTOP-UIGURGP" duration="00:00:00.0005081" startTime="2026-08-19T13:21:28.2187943+03:00" endTime="2026-08-19T13:21:28.2189344+03:00" testType="13cdc9d9-ddb5-4fa4-a97d-d965ccfc6d4b" outcome="Passed" testListId="8c84fa94-04c1-424b-9868-57a2d4851a1d" relativeResultsDirectory="f99a129e-917e-4332-8cbf-6d3e9e597bef" />
    <UnitTestResult executionId="bd5b5991-231d-4c92-ae61-122180b4988f" testId="f187ec8a-c271-fc6f-88ee-3986986c83a0" testName="LiteCad.Tests.MoveToolTests.MoveVertex_UpdatesConnectedEdges" computerName="DESKTOP-UIGURGP" duration="00:00:00.0017577" startTime="2026-08-19T13:21:26.9882083+03:00" endTime="2026-08-19T13:21:26.9899509+03:00" testType="13cdc9d9-ddb5-4fa4-a97d-d965ccfc6d4b" outcome="Passed" testListId="8c84fa94-04c1-424b-9868-57a2d4851a1d" relativeResultsDirectory="bd5b5991-231d-4c92-ae61-122180b4988f" />
    <UnitTestResult executionId="9d6e1273-e2ef-4206-a24d-a93845b582ae" testId="4c47973d-cbdd-ad29-5982-51ae30b606a8" testName="LiteCad.Tests.CircleToolTests.Circle_Radius100" computerName="DESKTOP-UIGURGP" duration="00:00:00.0130133" startTime="2026-08-19T13:21:27.8517035+03:00" endTime="2026-08-19T13:21:27.8618186+03:00" testType="13cdc9d9-ddb5-4fa4-a97d-d965ccfc6d4b" outcome="Passed" testListId="8c84fa94-04c1-424b-9868-57a2d4851a1d" relativeResultsDirectory="9d6e1273-e2ef-4206-a24d-a93845b582ae" />
    <UnitTestResult executionId="f0242345-0a3c-481b-91b1-72ef5c6e3d2b" testId="064957fe-8f8a-9584-fc1b-d236344e6a7c" testName="LiteCad.Tests.MoveExactInputTests.UndoRedoStillWorks" computerName="DESKTOP-UIGURGP" duration="00:00:00.0234365" startTime="2026-08-19T13:21:26.8489215+03:00" endTime="2026-08-19T13:21:26.8721632+03:00" testType="13cdc9d9-ddb5-4fa4-a97d-d965ccfc6d4b" outcome="Passed" testListId="8c84fa94-04c1-424b-9868-57a2d4851a1d" relativeResultsDirectory="f0242345-0a3c-481b-91b1-72ef5c6e3d2b" />
    <UnitTestResult executionId="3f7d7fe6-f837-410b-9e5f-122d1963b1a1" testId="17efa056-0e2b-3e0c-e481-f3e767c457ba" testName="LiteCad.Tests.NestedContourFaceTests.TwoIndependentOuterContours_TwoSolidFaces" computerName="DESKTOP-UIGURGP" duration="00:00:00.0002760" startTime="2026-08-19T13:21:28.0248204+03:00" endTime="2026-08-19T13:21:28.0250182+03:00" testType="13cdc9d9-ddb5-4fa4-a97d-d965ccfc6d4b" outcome="Passed" testListId="8c84fa94-04c1-424b-9868-57a2d4851a1d" relativeResultsDirectory="3f7d7fe6-f837-410b-9e5f-122d1963b1a1" />
    <UnitTestResult executionId="e48d11da-ff60-4186-8bfa-08a12817f2a5" testId="841a6c6b-99ae-b269-56b2-95a02a445e9f" testName="LiteCad.Tests.MoveExactInputEnterCommitTests.MoveInput_ClearsAfterSuccessfulEnter" computerName="DESKTOP-UIGURGP" duration="00:00:00.0155104" startTime="2026-08-19T13:21:27.1332765+03:00" endTime="2026-08-19T13:21:27.1486659+03:00" testType="13cdc9d9-ddb5-4fa4-a97d-d965ccfc6d4b" outcome="Passed" testListId="8c84fa94-04c1-424b-9868-57a2d4851a1d" relativeResultsDirectory="e48d11da-ff60-4186-8bfa-08a12817f2a5" />
    <UnitTestResult executionId="a4ee1e05-f7f1-4b97-b355-ece2745de6ff" testId="2fe78002-b8e6-67b0-137f-b93cbe7c1bb9" testName="LiteCad.Tests.SectorToolTests.Sector_ExactRadiusInput_FixesStartPoint" computerName="DESKTOP-UIGURGP" duration="00:00:00.0261820" startTime="2026-08-19T13:21:26.3559346+03:00" endTime="2026-08-19T13:21:26.3583316+03:00" testType="13cdc9d9-ddb5-4fa4-a97d-d965ccfc6d4b" outcome="Passed" testListId="8c84fa94-04c1-424b-9868-57a2d4851a1d" relativeResultsDirectory="a4ee1e05-f7f1-4b97-b355-ece2745de6ff" />
    <UnitTestResult executionId="bf9784f6-aef7-43e9-8c85-f233ba58aa4f" testId="8140fb7c-d8c3-152e-81b5-f350a22966bc" testName="LiteCad.Tests.CopyToolTests.CopyDoesNotShareEdgeReferencesWithOriginal" computerName="DESKTOP-UIGURGP" duration="00:00:00.0012375" startTime="2026-08-19T13:21:27.9793943+03:00" endTime="2026-08-19T13:21:27.9805469+03:00" testType="13cdc9d9-ddb5-4fa4-a97d-d965ccfc6d4b" outcome="Passed" testListId="8c84fa94-04c1-424b-9868-57a2d4851a1d" relativeResultsDirectory="bf9784f6-aef7-43e9-8c85-f233ba58aa4f" />
    <UnitTestResult executionId="e9ed3791-0e0c-4ab0-963b-4be3b8db0197" testId="0ef2c29b-ee3d-6c48-ddac-ab0a2771872f" testName="LiteCad.Tests.MoveToolTests.VertexHandle_UsesExistingVertexId" computerName="DESKTOP-UIGURGP" duration="00:00:00.0011573" startTime="2026-08-19T13:21:27.0072916+03:00" endTime="2026-08-19T13:21:27.0083601+03:00" testType="13cdc9d9-ddb5-4fa4-a97d-d965ccfc6d4b" outcome="Passed" testListId="8c84fa94-04c1-424b-9868-57a2d4851a1d" relativeResultsDirectory="e9ed3791-0e0c-4ab0-963b-4be3b8db0197" />
    <UnitTestResult executionId="9a0cdbd3-9e3d-4c85-8fa2-b0953f3b09e6" testId="5ece5ac9-72b6-4e7f-9162-455c721419aa" testName="LiteCad.Tests.RectangleSizeInputTests.Alt_RepeatedTenTimes_AlternatesFields" computerName="DESKTOP-UIGURGP" duration="00:00:00.0293661" startTime="2026-08-19T13:21:27.4555811+03:00" endTime="2026-08-19T13:21:27.4848525+03:00" testType="13cdc9d9-ddb5-4fa4-a97d-d965ccfc6d4b" outcome="Passed" testListId="8c84fa94-04c1-424b-9868-57a2d4851a1d" relativeResultsDirectory="9a0cdbd3-9e3d-4c85-8fa2-b0953f3b09e6" />
    <UnitTestResult executionId="1180ce1a-e377-4796-8cd9-377a3a1c79df" testId="0664bd19-bfb2-eb41-c008-2585b0fdd990" testName="LiteCad.Tests.MoveExactInputTests.MoveOrthoOn_AltDoesNothing" computerName="DESKTOP-UIGURGP" duration="00:00:00.0198525" startTime="2026-08-19T13:21:26.7532623+03:00" endTime="2026-08-19T13:21:26.7730257+03:00" testType="13cdc9d9-ddb5-4fa4-a97d-d965ccfc6d4b" outcome="Passed" testListId="8c84fa94-04c1-424b-9868-57a2d4851a1d" relativeResultsDirectory="1180ce1a-e377-4796-8cd9-377a3a1c79df" />
    <UnitTestResult executionId="15781a52-d000-4c6e-a799-e4a2861dd6b8" testId="4bd39bcf-bea5-74c7-586a-6458130b569a" testName="LiteCad.Tests.MoveExactInputEnterCommitTests.MoveOrtho_ExactDistance_EnterCommitsImmediately" computerName="DESKTOP-UIGURGP" duration="00:00:00.0196252" startTime="2026-08-19T13:21:27.0628968+03:00" endTime="2026-08-19T13:21:27.0824775+03:00" testType="13cdc9d9-ddb5-4fa4-a97d-d965ccfc6d4b" outcome="Passed" testListId="8c84fa94-04c1-424b-9868-57a2d4851a1d" relativeResultsDirectory="15781a52-d000-4c6e-a799-e4a2861dd6b8" />
    <UnitTestResult executionId="f5c27780-3ed3-4eef-994c-5f3e923c5330" testId="ca3f2fc6-6378-eede-ae80-c71966150dec" testName="LiteCad.Tests.SectorGeometryTests.IsFullCircle_DetectsCompleteRevolution(angle: 360, expected: True)" computerName="DESKTOP-UIGURGP" duration="00:00:00.0001203" startTime="2026-08-19T13:21:27.0478338+03:00" endTime="2026-08-19T13:21:27.0479297+03:00" testType="13cdc9d9-ddb5-4fa4-a97d-d965ccfc6d4b" outcome="Passed" testListId="8c84fa94-04c1-424b-9868-57a2d4851a1d" relativeResultsDirectory="f5c27780-3ed3-4eef-994c-5f3e923c5330" />
    <UnitTestResult executionId="280218ef-7c01-45ab-815e-1cb9b15e699b" testId="837559a3-c5b5-2593-4791-1e0792c39b85" testName="LiteCad.Tests.CopyToolTests.CopyRedo_RestoresCopiedGeometry" computerName="DESKTOP-UIGURGP" duration="00:00:00.0017438" startTime="2026-08-19T13:21:27.9750732+03:00" endTime="2026-08-19T13:21:27.9767940+03:00" testType="13cdc9d9-ddb5-4fa4-a97d-d965ccfc6d4b" outcome="Passed" testListId="8c84fa94-04c1-424b-9868-57a2d4851a1d" relativeResultsDirectory="280218ef-7c01-45ab-815e-1cb9b15e699b" />
    <UnitTestResult executionId="3d4ed439-4ef1-4864-83dc-e38fd12440c6" testId="083988f0-f113-f1b9-11ec-52dc885cbe08" testName="LiteCad.Tests.StretchToolTests.Stretch_UndoRedo" computerName="DESKTOP-UIGURGP" duration="00:00:00.0077660" startTime="2026-08-19T13:21:28.4474919+03:00" endTime="2026-08-19T13:21:28.4551616+03:00" testType="13cdc9d9-ddb5-4fa4-a97d-d965ccfc6d4b" outcome="Passed" testListId="8c84fa94-04c1-424b-9868-57a2d4851a1d" relativeResultsDirectory="3d4ed439-4ef1-4864-83dc-e38fd12440c6" />
    <UnitTestResult executionId="ca372b4d-2b9f-4692-911c-f8754572cb11" testId="ea99b741-5cb4-d96d-5ec7-2bc3b38584e3" testName="LiteCad.Tests.FirstClosedSquareRegressionTests.FirstAndSecondClosedSquares_BothCreateFaces" computerName="DESKTOP-UIGURGP" duration="00:00:00.0009576" startTime="2026-08-19T13:21:27.7908062+03:00" endTime="2026-08-19T13:21:27.7918612+03:00" testType="13cdc9d9-ddb5-4fa4-a97d-d965ccfc6d4b" outcome="Passed" testListId="8c84fa94-04c1-424b-9868-57a2d4851a1d" relativeResultsDirectory="ca372b4d-2b9f-4692-911c-f8754572cb11">
      <Output>
        <StdOut>edges=4, vertices=4, faces=1, suppressed=0&#xD;
  edge 246122eb-0bb6-49af-aa5e-53323d29b77b: (0,0) -&gt; (1,0)&#xD;
  edge 131f66fd-4698-48a9-89b9-2cd61ad53583: (1,0) -&gt; (1,1)&#xD;
  edge ea38fbf0-7c04-4822-972f-7396fd4a03b1: (1,1) -&gt; (0,1)&#xD;
  edge c8842203-1af7-413e-8555-04059cb380eb: (0,1) -&gt; (0,0)&#xD;
edges=8, vertices=8, faces=2, suppressed=0&#xD;
  edge 246122eb-0bb6-49af-aa5e-53323d29b77b: (0,0) -&gt; (1,0)&#xD;
  edge 131f66fd-4698-48a9-89b9-2cd61ad53583: (1,0) -&gt; (1,1)&#xD;
  edge ea38fbf0-7c04-4822-972f-7396fd4a03b1: (1,1) -&gt; (0,1)&#xD;
  edge c8842203-1af7-413e-8555-04059cb380eb: (0,1) -&gt; (0,0)&#xD;
  edge 21e884f5-e783-4e4a-b166-127d790e2871: (2,0) -&gt; (3,0)&#xD;
  edge 49e5f7af-0f6a-4f94-8f5f-38eb77b7d87b: (3,0) -&gt; (3,1)&#xD;
  edge 40e0ca2f-21c7-496f-8fd7-ff8a9497bca9: (3,1) -&gt; (2,1)&#xD;
  edge 37998273-28ee-4a03-bd57-1152fc549d7c: (2,1) -&gt; (2,0)</StdOut>
      </Output>
    </UnitTestResult>
    <UnitTestResult executionId="50bacf35-b59f-43cd-8f0a-b4a1647442c5" testId="b241ffbb-cfbf-2ada-863e-87cffb2547ef" testName="LiteCad.Tests.PolygonBuilderTests.SyncFaces_SuppressedFaceGeometryKey_IsNotRecreated" computerName="DESKTOP-UIGURGP" duration="00:00:00.0002152" startTime="2026-08-19T13:21:27.9482704+03:00" endTime="2026-08-19T13:21:27.9483208+03:00" testType="13cdc9d9-ddb5-4fa4-a97d-d965ccfc6d4b" outcome="Passed" testListId="8c84fa94-04c1-424b-9868-57a2d4851a1d" relativeResultsDirectory="50bacf35-b59f-43cd-8f0a-b4a1647442c5" />
    <UnitTestResult executionId="1224a5a1-0b47-4190-a802-9bf33b839f66" testId="0ff302a7-1722-5572-b1f6-fbc94752efff" testName="LiteCad.Tests.RectangleToolTests.Rectangle_DragNegativeXAndY(width: -100, height: 80)" computerName="DESKTOP-UIGURGP" duration="00:00:00.0011060" startTime="2026-08-19T13:21:28.4747784+03:00" endTime="2026-08-19T13:21:28.4758283+03:00" testType="13cdc9d9-ddb5-4fa4-a97d-d965ccfc6d4b" outcome="Passed" testListId="8c84fa94-04c1-424b-9868-57a2d4851a1d" relativeResultsDirectory="1224a5a1-0b47-4190-a802-9bf33b839f66" />
    <UnitTestResult executionId="636a0613-aa9e-4d64-869f-cb5d88060c10" testId="947043cc-76b0-30e6-5cf8-538d0036804f" testName="LiteCad.Tests.LanguageSelectorTests.Popup_ClosesAfterSelection" computerName="DESKTOP-UIGURGP" duration="00:00:00.0503629" startTime="2026-08-19T13:21:27.6944844+03:00" endTime="2026-08-19T13:21:27.7447365+03:00" testType="13cdc9d9-ddb5-4fa4-a97d-d965ccfc6d4b" outcome="Passed" testListId="8c84fa94-04c1-424b-9868-57a2d4851a1d" relativeResultsDirectory="636a0613-aa9e-4d64-869f-cb5d88060c10" />
    <UnitTestResult executionId="a783ce6b-96e3-4845-83bc-8a37b73ec98a" testId="8ff71eb6-84b8-9b95-0e8e-e7f66390e320" testName="LiteCad.Tests.SectorToolTests.Sector_ExactAngle270_Applies270" computerName="DESKTOP-UIGURGP" duration="00:00:00.0028783" startTime="2026-08-19T13:21:26.4463464+03:00" endTime="2026-08-19T13:21:26.4491529+03:00" testType="13cdc9d9-ddb5-4fa4-a97d-d965ccfc6d4b" outcome="Passed" testListId="8c84fa94-04c1-424b-9868-57a2d4851a1d" relativeResultsDirectory="a783ce6b-96e3-4845-83bc-8a37b73ec98a" />
    <UnitTestResult executionId="86dad677-d5c3-4f99-9a94-3655339fd917" testId="c55ac488-4d38-3f27-b524-fcf37e8ccd96" testName="LiteCad.Tests.TopologyTests.RecreateEdgeRestoresFace" computerName="DESKTOP-UIGURGP" duration="00:00:00.0002729" startTime="2026-08-19T13:21:27.6619317+03:00" endTime="2026-08-19T13:21:27.6619961+03:00" testType="13cdc9d9-ddb5-4fa4-a97d-d965ccfc6d4b" outcome="Passed" testListId="8c84fa94-04c1-424b-9868-57a2d4851a1d" relativeResultsDirectory="86dad677-d5c3-4f99-9a94-3655339fd917" />
    <UnitTestResult executionId="782f79f5-c3bd-4f00-8f81-e287b2b9d2ae" testId="eb9e6bea-a2db-9ef3-5f07-4fb63a6fe85c" testName="LiteCad.Tests.DocumentHistoryTests.Undo_RestoresSnapServiceCornerVertexId" computerName="DESKTOP-UIGURGP" duration="00:00:00.0005008" startTime="2026-08-19T13:21:27.9617687+03:00" endTime="2026-08-19T13:21:27.9621776+03:00" testType="13cdc9d9-ddb5-4fa4-a97d-d965ccfc6d4b" outcome="Passed" testListId="8c84fa94-04c1-424b-9868-57a2d4851a1d" relativeResultsDirectory="782f79f5-c3bd-4f00-8f81-e287b2b9d2ae" />
    <UnitTestResult executionId="c6094829-ece7-4c9d-baad-6020c34f890b" testId="28698432-4c87-e771-606c-f9e721d636d4" testName="LiteCad.Tests.MoveToolTests.RightClick_DoesNotCreateUndoEntry" computerName="DESKTOP-UIGURGP" duration="00:00:00.0015242" startTime="2026-08-19T13:21:27.0277495+03:00" endTime="2026-08-19T13:21:27.0291505+03:00" testType="13cdc9d9-ddb5-4fa4-a97d-d965ccfc6d4b" outcome="Passed" testListId="8c84fa94-04c1-424b-9868-57a2d4851a1d" relativeResultsDirectory="c6094829-ece7-4c9d-baad-6020c34f890b" />
    <UnitTestResult executionId="4f57a34e-7eae-4c0f-b267-897203c891d9" testId="7f36601e-3359-c9b4-2ddb-ffc3fdd49b5e" testName="LiteCad.Tests.MovePropertiesOrthoTests.MoveOrthoToggle_HiddenForLineTool" computerName="DESKTOP-UIGURGP" duration="00:00:00.0616394" startTime="2026-08-19T13:21:28.0588572+03:00" endTime="2026-08-19T13:21:28.1180159+03:00" testType="13cdc9d9-ddb5-4fa4-a97d-d965ccfc6d4b" outcome="Passed" testListId="8c84fa94-04c1-424b-9868-57a2d4851a1d" relativeResultsDirectory="4f57a34e-7eae-4c0f-b267-897203c891d9" />
    <UnitTestResult executionId="fc25fcb1-80c8-400a-be18-5f6fe334eed5" testId="8349b9c3-8fa4-e15c-18b7-be3e51f2f4bd" testName="LiteCad.Tests.MoveExactInputTests.MoveOrthoVerticalPositiveDistance" computerName="DESKTOP-UIGURGP" duration="00:00:00.0190848" startTime="2026-08-19T13:21:26.6956409+03:00" endTime="2026-08-19T13:21:26.7146310+03:00" testType="13cdc9d9-ddb5-4fa4-a97d-d965ccfc6d4b" outcome="Passed" testListId="8c84fa94-04c1-424b-9868-57a2d4851a1d" relativeResultsDirectory="fc25fcb1-80c8-400a-be18-5f6fe334eed5" />
    <UnitTestResult executionId="bc4aa4da-cd88-49d9-b088-27aefc9ecd13" testId="a7afb73c-c27a-5970-ccbd-644d9111a7cc" testName="LiteCad.Tests.StretchToolTests.StretchTool_InvalidEdge_HasNoPlan" computerName="DESKTOP-UIGURGP" duration="00:00:00.0077649" startTime="2026-08-19T13:21:28.2112080+03:00" endTime="2026-08-19T13:21:28.2183271+03:00" testType="13cdc9d9-ddb5-4fa4-a97d-d965ccfc6d4b" outcome="Passed" testListId="8c84fa94-04c1-424b-9868-57a2d4851a1d" relativeResultsDirectory="bc4aa4da-cd88-49d9-b088-27aefc9ecd13" />
    <UnitTestResult executionId="df8d6c8c-23a8-401b-bf30-2f6705ede459" testId="ccd8c519-a84f-fd29-9a63-edb5b99195d1" testName="LiteCad.Tests.HandToolTests.Pan_DoesNotRecordUndo" computerName="DESKTOP-UIGURGP" duration="00:00:00.0033344" startTime="2026-08-19T13:21:27.9493373+03:00" endTime="2026-08-19T13:21:27.9526283+03:00" testType="13cdc9d9-ddb5-4fa4-a97d-d965ccfc6d4b" outcome="Passed" testListId="8c84fa94-04c1-424b-9868-57a2d4851a1d" relativeResultsDirectory="df8d6c8c-23a8-401b-bf30-2f6705ede459" />
    <UnitTestResult executionId="e5d8bf17-a2d1-4d3f-b54b-652164e51163" testId="a9509bfb-c11f-41f9-482e-e523b56cee9a" testName="LiteCad.Tests.MoveExactInputDistanceSemanticsTests.YPositiveUnchanged" computerName="DESKTOP-UIGURGP" duration="00:00:00.0171317" startTime="2026-08-19T13:21:26.5994068+03:00" endTime="2026-08-19T13:21:26.6164188+03:00" testType="13cdc9d9-ddb5-4fa4-a97d-d965ccfc6d4b" outcome="Passed" testListId="8c84fa94-04c1-424b-9868-57a2d4851a1d" relativeResultsDirectory="e5d8bf17-a2d1-4d3f-b54b-652164e51163" />
    <UnitTestResult executionId="132d2fbe-b4e5-49c7-8db1-4a50cbf1e43c" testId="6faba1e1-5d15-c2a9-c619-61611cc1992b" testName="LiteCad.Tests.LineToolSnapContractTests.FirstPoint_OnEdgeInterior_AllowsOnEdgeSnap" computerName="DESKTOP-UIGURGP" duration="00:00:00.0001950" startTime="2026-08-19T13:21:27.5611278+03:00" endTime="2026-08-19T13:21:27.5611841+03:00" testType="13cdc9d9-ddb5-4fa4-a97d-d965ccfc6d4b" outcome="Passed" testListId="8c84fa94-04c1-424b-9868-57a2d4851a1d" relativeResultsDirectory="132d2fbe-b4e5-49c7-8db1-4a50cbf1e43c" />
    <UnitTestResult executionId="e4ff9119-51a0-4746-9cab-2bd072737a9f" testId="9de74993-cb46-708a-6f54-1c7d8a6e8f81" testName="LiteCad.Tests.StretchToolTests.StretchTool_CommitStretchesRectangle" computerName="DESKTOP-UIGURGP" duration="00:00:00.0026610" startTime="2026-08-19T13:21:28.2710346+03:00" endTime="2026-08-19T13:21:28.2726108+03:00" testType="13cdc9d9-ddb5-4fa4-a97d-d965ccfc6d4b" outcome="Passed" testListId="8c84fa94-04c1-424b-9868-57a2d4851a1d" relativeResultsDirectory="e4ff9119-51a0-4746-9cab-2bd072737a9f" />
    <UnitTestResult executionId="d795f4b0-4f59-4ca9-acfb-778219a119a3" testId="db1ab0ef-4b71-1d3e-3449-5072927be544" testName="LiteCad.Tests.TopologyToleranceTests.OnEdgeUiSnap_StillUsesUiToleranceIndependently" computerName="DESKTOP-UIGURGP" duration="00:00:00.0002880" startTime="2026-08-19T13:21:28.0280323+03:00" endTime="2026-08-19T13:21:28.0282228+03:00" testType="13cdc9d9-ddb5-4fa4-a97d-d965ccfc6d4b" outcome="Passed" testListId="8c84fa94-04c1-424b-9868-57a2d4851a1d" relativeResultsDirectory="d795f4b0-4f59-4ca9-acfb-778219a119a3" />
    <UnitTestResult executionId="cc9507b1-1c3d-454e-9e34-0ab7c20d7af4" testId="24a74ee9-f13a-a8f3-8b02-9fdd3214b12e" testName="LiteCad.Tests.RectangleSizeInputTests.Alt_DoesNotCancelRectangle" computerName="DESKTOP-UIGURGP" duration="00:00:00.0228850" startTime="2026-08-19T13:21:27.3885699+03:00" endTime="2026-08-19T13:21:27.4113480+03:00" testType="13cdc9d9-ddb5-4fa4-a97d-d965ccfc6d4b" outcome="Passed" testListId="8c84fa94-04c1-424b-9868-57a2d4851a1d" relativeResultsDirectory="cc9507b1-1c3d-454e-9e34-0ab7c20d7af4" />
    <UnitTestResult executionId="e847ac2f-70bd-4998-a285-b029558cf78e" testId="ff50d2b4-4205-b389-46a6-e0afddd9ddf2" testName="LiteCad.Tests.RectangleToolTests.Rectangle_ExactSizeInput" computerName="DESKTOP-UIGURGP" duration="00:00:00.0010311" startTime="2026-08-19T13:21:28.4848160+03:00" endTime="2026-08-19T13:21:28.4857161+03:00" testType="13cdc9d9-ddb5-4fa4-a97d-d965ccfc6d4b" outcome="Passed" testListId="8c84fa94-04c1-424b-9868-57a2d4851a1d" relativeResultsDirectory="e847ac2f-70bd-4998-a285-b029558cf78e" />
    <UnitTestResult executionId="2bacc55b-aec5-4a4e-a4cd-7686a0467918" testId="c9b37051-f3af-8340-2f42-3c497132b0c0" testName="LiteCad.Tests.CopyToolTests.CopyDoesNotShareVertexReferencesWithOriginal" computerName="DESKTOP-UIGURGP" duration="00:00:00.0008417" startTime="2026-08-19T13:21:27.9882198+03:00" endTime="2026-08-19T13:21:27.9889500+03:00" testType="13cdc9d9-ddb5-4fa4-a97d-d965ccfc6d4b" outcome="Passed" testListId="8c84fa94-04c1-424b-9868-57a2d4851a1d" relativeResultsDirectory="2bacc55b-aec5-4a4e-a4cd-7686a0467918" />
    <UnitTestResult executionId="120bb074-40a9-4eed-9d8e-12e0f2cf61ac" testId="d8dd67f7-dcba-87a9-a1c2-0edaa5f893cd" testName="LiteCad.Tests.ParallelLinesAddSegmentAuditTests.Audit_ParallelLinesAtSnapToleranceDistance_y12_tol12" computerName="DESKTOP-UIGURGP" duration="00:00:00.0001961" startTime="2026-08-19T13:21:27.5581969+03:00" endTime="2026-08-19T13:21:27.5582730+03:00" testType="13cdc9d9-ddb5-4fa4-a97d-d965ccfc6d4b" outcome="Passed" testListId="8c84fa94-04c1-424b-9868-57a2d4851a1d" relativeResultsDirectory="120bb074-40a9-4eed-9d8e-12e0f2cf61ac">
      <Output>
        <StdOut>=== AddSegment audit [parallel offset=SnapToleranceWorld@zoom=1] (tolerance=12) ===&#xD;
Existing: (0,0) -&gt; (100,0)&#xD;
New:      (0,12) -&gt; (120,12)&#xD;
&#xD;
--- Geometry2D pre-checks ---&#xD;
AreDirectionsParallel: True&#xD;
DistanceToLine existingStart-&gt;new segment: 12 (&lt;=tol ? True)&#xD;
DistanceToLine existingEnd-&gt;new segment:   12 (&lt;=tol ? True)&#xD;
AreSegmentsCollinear: True&#xD;
TryGetCollinearSegmentOverlap: TRUE overlap=(0,12)-&gt;(100,12)&#xD;
TryGetSegmentIntersection: FALSE&#xD;
IsPointOnSegmentInterior newStart on existing: False&#xD;
IsPointOnSegmentInterior newEnd on existing:   False&#xD;
IsPointOnSegmentInterior existingEnd on new:    True&#xD;
IsPointOnSegmentInterior existingStart on new:  False&#xD;
&#xD;
--- Simulated AddSegment(new) pipeline ---&#xD;
Initial breakpoints: (0,12), (120,12)&#xD;
RemoveCollinearOverlaps WOULD TrimEdgeOverlap on existing with overlap=(0,12)-&gt;(100,12)&#xD;
  TrimEdgeOverlap params on existing: tStart=0, tEnd=1&#xD;
Final breakpoints after SortPointsAlongSegment: (0,12), (120,12)&#xD;
Would create 1 sub-segment(s) from breakpoints&#xD;
&#xD;
--- After AddSegment(existing) ---&#xD;
Edges=1, Vertices=2&#xD;
  Vertex (0, 0)&#xD;
  Vertex (100, 0)&#xD;
  Edge (0,0) -&gt; (100,0)&#xD;
&#xD;
--- After AddSegment(new) ---&#xD;
Edges=2, Vertices=4&#xD;
  Vertex (0, 0)&#xD;
  Vertex (100, 0)&#xD;
  Vertex (0, 12)&#xD;
  Vertex (120, 12)&#xD;
  Edge (0,0) -&gt; (100,0)&#xD;
  Edge (0,12) -&gt; (120,12)</StdOut>
      </Output>
    </UnitTestResult>
    <UnitTestResult executionId="e95ff397-0ee5-45dd-9cf4-b15ba9ce3aa2" testId="30e05ee9-7359-b7b3-f6ed-91be8f7cbfb1" testName="LiteCad.Tests.LanguageSelectorTests.Selector_DisplaysCurrentLanguageCode" computerName="DESKTOP-UIGURGP" duration="00:00:00.0362884" startTime="2026-08-19T13:21:27.7533929+03:00" endTime="2026-08-19T13:21:27.7888737+03:00" testType="13cdc9d9-ddb5-4fa4-a97d-d965ccfc6d4b" outcome="Passed" testListId="8c84fa94-04c1-424b-9868-57a2d4851a1d" relativeResultsDirectory="e95ff397-0ee5-45dd-9cf4-b15ba9ce3aa2" />
    <UnitTestResult executionId="3678f252-576b-4db1-8821-d4a32d0e90f8" testId="4c521434-8be6-148f-260b-04581e4ab40c" testName="LiteCad.Tests.TopologyTests.NoDuplicateVerticesAtIntersection" computerName="DESKTOP-UIGURGP" duration="00:00:00.0003471" startTime="2026-08-19T13:21:27.6621956+03:00" endTime="2026-08-19T13:21:27.6622545+03:00" testType="13cdc9d9-ddb5-4fa4-a97d-d965ccfc6d4b" outcome="Passed" testListId="8c84fa94-04c1-424b-9868-57a2d4851a1d" relativeResultsDirectory="3678f252-576b-4db1-8821-d4a32d0e90f8" />
    <UnitTestResult executionId="8b3983a7-122c-4385-b41b-5f7d018696ab" testId="8db81eff-e746-e58d-e987-4e8cfd9414cf" testName="LiteCad.Tests.ParallelLinesAddSegmentAuditTests.Audit_ParallelLinesAddSegment_PipelineTrace(tolerance: 24)" computerName="DESKTOP-UIGURGP" duration="00:00:00.0001845" startTime="2026-08-19T13:21:27.5575640+03:00" endTime="2026-08-19T13:21:27.5576666+03:00" testType="13cdc9d9-ddb5-4fa4-a97d-d965ccfc6d4b" outcome="Passed" testListId="8c84fa94-04c1-424b-9868-57a2d4851a1d" relativeResultsDirectory="8b3983a7-122c-4385-b41b-5f7d018696ab">
      <Output>
        <StdOut>=== AddSegment audit [exact repro y=20] (tolerance=24) ===&#xD;
Existing: (0,0) -&gt; (100,0)&#xD;
New:      (0,20) -&gt; (120,20)&#xD;
&#xD;
--- Geometry2D pre-checks ---&#xD;
AreDirectionsParallel: True&#xD;
DistanceToLine existingStart-&gt;new segment: 20 (&lt;=tol ? True)&#xD;
DistanceToLine existingEnd-&gt;new segment:   20 (&lt;=tol ? True)&#xD;
AreSegmentsCollinear: True&#xD;
TryGetCollinearSegmentOverlap: TRUE overlap=(0,20)-&gt;(100,20)&#xD;
TryGetSegmentIntersection: FALSE&#xD;
IsPointOnSegmentInterior newStart on existing: False&#xD;
IsPointOnSegmentInterior newEnd on existing:   False&#xD;
IsPointOnSegmentInterior existingEnd on new:    False&#xD;
IsPointOnSegmentInterior existingStart on new:  False&#xD;
&#xD;
--- Simulated AddSegment(new) pipeline ---&#xD;
Initial breakpoints: (0,20), (120,20)&#xD;
RemoveCollinearOverlaps WOULD TrimEdgeOverlap on existing with overlap=(0,20)-&gt;(100,20)&#xD;
  TrimEdgeOverlap params on existing: tStart=0, tEnd=1&#xD;
Final breakpoints after SortPointsAlongSegment: (0,20), (120,20)&#xD;
Would create 1 sub-segment(s) from breakpoints&#xD;
&#xD;
--- After AddSegment(existing) ---&#xD;
Edges=1, Vertices=2&#xD;
  Vertex (0, 0)&#xD;
  Vertex (100, 0)&#xD;
  Edge (0,0) -&gt; (100,0)&#xD;
&#xD;
--- After AddSegment(new) ---&#xD;
Edges=2, Vertices=4&#xD;
  Vertex (0, 0)&#xD;
  Vertex (100, 0)&#xD;
  Vertex (0, 20)&#xD;
  Vertex (120, 20)&#xD;
  Edge (0,0) -&gt; (100,0)&#xD;
  Edge (0,20) -&gt; (120,20)</StdOut>
      </Output>
    </UnitTestResult>
    <UnitTestResult executionId="012a4388-2b65-4022-bbba-0e253da31376" testId="acf17400-e84e-ea37-139d-86a4d624741b" testName="LiteCad.Tests.SnapTopologyDiagnosticsTests.Square_DoesNotCreateDuplicateVertexPositionsWithinTolerance" computerName="DESKTOP-UIGURGP" duration="00:00:00.0082236" startTime="2026-08-19T13:21:27.0298996+03:00" endTime="2026-08-19T13:21:27.0384274+03:00" testType="13cdc9d9-ddb5-4fa4-a97d-d965ccfc6d4b" outcome="Passed" testListId="8c84fa94-04c1-424b-9868-57a2d4851a1d" relativeResultsDirectory="012a4388-2b65-4022-bbba-0e253da31376">
      <Output>
        <StdOut>=== Exact LineTool square (tolerance=12) ===&#xD;
Edge count: 4&#xD;
Vertex count: 4&#xD;
&#xD;
Canonical vertices:&#xD;
  acac0c9b-ffca-491c-96f3-a858752c60e1: (0, 0)&#xD;
  550fca2c-4f8c-44c6-9180-69726607754e: (100, 0)&#xD;
  9d874731-76ff-435b-94d2-cee742a144e8: (100, 100)&#xD;
  e4db8ea2-f1ea-4f22-946e-8eec0b76d598: (0, 100)&#xD;
&#xD;
All Edge endpoints:&#xD;
  1fdc6184-455b-4c4e-99bf-cb6528324e37: Start=(0, 0) End=(100, 0)&#xD;
  fd2139c6-49fb-4577-ae00-e980f8f65630: Start=(100, 0) End=(100, 100)&#xD;
  fc3fe095-6eb2-4b5c-a6e4-8f82c59717fb: Start=(100, 100) End=(0, 100)&#xD;
  c7157622-9557-4e60-a5bb-71ef98da3c3d: Start=(0, 100) End=(0, 0)&#xD;
&#xD;
Expected corners: 4&#xD;
  Corner (0, 0): visible-snaps=1, vertex-snaps=1&#xD;
  Corner (0, 100): visible-snaps=1, vertex-snaps=1&#xD;
  Corner (100, 0): visible-snaps=1, vertex-snaps=1&#xD;
  Corner (100, 100): visible-snaps=1, vertex-snaps=1</StdOut>
      </Output>
    </UnitTestResult>
    <UnitTestResult executionId="b08699e2-a0c6-4bc4-aaa9-5f2fc5bbf1dc" testId="cd7d85c5-96f0-b4cf-7397-a4de809888b0" testName="LiteCad.Tests.FaceRestorationTests.Test1_CreateSquare_FaceCountIsOne" computerName="DESKTOP-UIGURGP" duration="00:00:00.0001863" startTime="2026-08-19T13:21:27.0438566+03:00" endTime="2026-08-19T13:21:27.0438997+03:00" testType="13cdc9d9-ddb5-4fa4-a97d-d965ccfc6d4b" outcome="Passed" testListId="8c84fa94-04c1-424b-9868-57a2d4851a1d" relativeResultsDirectory="b08699e2-a0c6-4bc4-aaa9-5f2fc5bbf1dc" />
    <UnitTestResult executionId="b08094c4-f684-44fc-aabf-0aef75c603f3" testId="3a3cae8b-33e6-1e2e-52bb-aecac4bcf00c" testName="LiteCad.Tests.SnapServiceTests.LineToolFlow_StartFromExistingCorner_ReturnsCanonicalVertexSnap" computerName="DESKTOP-UIGURGP" duration="00:00:00.0005092" startTime="2026-08-19T13:21:27.0562506+03:00" endTime="2026-08-19T13:21:27.0566838+03:00" testType="13cdc9d9-ddb5-4fa4-a97d-d965ccfc6d4b" outcome="Passed" testListId="8c84fa94-04c1-424b-9868-57a2d4851a1d" relativeResultsDirectory="b08094c4-f684-44fc-aabf-0aef75c603f3" />
    <UnitTestResult executionId="84761cb7-e235-4f7a-9b8e-cfb1e4bdafab" testId="dc95ad98-bef3-7941-0f7d-3a9c135cc85e" testName="LiteCad.Tests.ResourceMigrationTests.StringsResx_IsEmbeddedResource" computerName="DESKTOP-UIGURGP" duration="00:00:00.0004663" startTime="2026-08-19T13:21:26.2274616+03:00" endTime="2026-08-19T13:21:26.2278029+03:00" testType="13cdc9d9-ddb5-4fa4-a97d-d965ccfc6d4b" outcome="Passed" testListId="8c84fa94-04c1-424b-9868-57a2d4851a1d" relativeResultsDirectory="84761cb7-e235-4f7a-9b8e-cfb1e4bdafab" />
    <UnitTestResult executionId="8fd1b180-443d-4cc4-a6ad-deeff36afc62" testId="d89e077e-06b6-5799-f687-9e8b66cb5bd7" testName="LiteCad.Tests.ParallelLinesAddSegmentAuditTests.Audit_ParallelLinesAddSegment_PipelineTrace(tolerance: 12)" computerName="DESKTOP-UIGURGP" duration="00:00:00.0002857" startTime="2026-08-19T13:21:27.5573234+03:00" endTime="2026-08-19T13:21:27.5574462+03:00" testType="13cdc9d9-ddb5-4fa4-a97d-d965ccfc6d4b" outcome="Passed" testListId="8c84fa94-04c1-424b-9868-57a2d4851a1d" relativeResultsDirectory="8fd1b180-443d-4cc4-a6ad-deeff36afc62">
      <Output>
        <StdOut>=== AddSegment audit [exact repro y=20] (tolerance=12) ===&#xD;
Existing: (0,0) -&gt; (100,0)&#xD;
New:      (0,20) -&gt; (120,20)&#xD;
&#xD;
--- Geometry2D pre-checks ---&#xD;
AreDirectionsParallel: True&#xD;
DistanceToLine existingStart-&gt;new segment: 20 (&lt;=tol ? False)&#xD;
DistanceToLine existingEnd-&gt;new segment:   20 (&lt;=tol ? False)&#xD;
AreSegmentsCollinear: False&#xD;
TryGetCollinearSegmentOverlap: FALSE&#xD;
TryGetSegmentIntersection: FALSE&#xD;
IsPointOnSegmentInterior newStart on existing: False&#xD;
IsPointOnSegmentInterior newEnd on existing:   False&#xD;
IsPointOnSegmentInterior existingEnd on new:    False&#xD;
IsPointOnSegmentInterior existingStart on new:  False&#xD;
&#xD;
--- Simulated AddSegment(new) pipeline ---&#xD;
Initial breakpoints: (0,20), (120,20)&#xD;
RemoveCollinearOverlaps: no collinear overlap (existing edge skipped)&#xD;
Final breakpoints after SortPointsAlongSegment: (0,20), (120,20)&#xD;
Would create 1 sub-segment(s) from breakpoints&#xD;
&#xD;
--- After AddSegment(existing) ---&#xD;
Edges=1, Vertices=2&#xD;
  Vertex (0, 0)&#xD;
  Vertex (100, 0)&#xD;
  Edge (0,0) -&gt; (100,0)&#xD;
&#xD;
--- After AddSegment(new) ---&#xD;
Edges=2, Vertices=4&#xD;
  Vertex (0, 0)&#xD;
  Vertex (100, 0)&#xD;
  Vertex (0, 20)&#xD;
  Vertex (120, 20)&#xD;
  Edge (0,0) -&gt; (100,0)&#xD;
  Edge (0,20) -&gt; (120,20)</StdOut>
      </Output>
    </UnitTestResult>
    <UnitTestResult executionId="a327ebfa-2cc8-4de7-8405-476c3cbad717" testId="afa209cf-021b-91a6-5ce1-76448b8f7ab0" testName="LiteCad.Tests.NestedContourFaceTests.C_NestedThreeContours_ThreeSolidFaces" computerName="DESKTOP-UIGURGP" duration="00:00:00.0005207" startTime="2026-08-19T13:21:28.0238625+03:00" endTime="2026-08-19T13:21:28.0239122+03:00" testType="13cdc9d9-ddb5-4fa4-a97d-d965ccfc6d4b" outcome="Passed" testListId="8c84fa94-04c1-424b-9868-57a2d4851a1d" relativeResultsDirectory="a327ebfa-2cc8-4de7-8405-476c3cbad717" />
    <UnitTestResult executionId="f6eb3891-350b-4dd7-ad4e-e6e074867198" testId="a32794a9-835b-08f8-25a8-ecc56bcd3422" testName="LiteCad.Tests.EraserToolTests.Eraser_OneClick_OneObject" computerName="DESKTOP-UIGURGP" duration="00:00:00.0038990" startTime="2026-08-19T13:21:28.0500175+03:00" endTime="2026-08-19T13:21:28.0536368+03:00" testType="13cdc9d9-ddb5-4fa4-a97d-d965ccfc6d4b" outcome="Passed" testListId="8c84fa94-04c1-424b-9868-57a2d4851a1d" relativeResultsDirectory="f6eb3891-350b-4dd7-ad4e-e6e074867198" />
    <UnitTestResult executionId="4a3b1312-fac9-441b-8304-9e9c23d299dd" testId="a8a091f9-c780-1402-08b6-96487c07fc21" testName="LiteCad.Tests.SectorGeometryTests.ComputeSegmentCount_MatchesSpec(angleDegrees: 360, expectedCount: 36)" computerName="DESKTOP-UIGURGP" duration="00:00:00.0002101" startTime="2026-08-19T13:21:27.0492877+03:00" endTime="2026-08-19T13:21:27.0493288+03:00" testType="13cdc9d9-ddb5-4fa4-a97d-d965ccfc6d4b" outcome="Passed" testListId="8c84fa94-04c1-424b-9868-57a2d4851a1d" relativeResultsDirectory="4a3b1312-fac9-441b-8304-9e9c23d299dd" />
    <UnitTestResult executionId="155794ef-9043-482d-a6e6-d765bbfe0371" testId="94edbb89-53a4-4032-a99e-6c7756fae59f" testName="LiteCad.Tests.RectangleSizeInputTests.Alt_SwitchesFromWidthToHeight" computerName="DESKTOP-UIGURGP" duration="00:00:00.0308801" startTime="2026-08-19T13:21:27.3064932+03:00" endTime="2026-08-19T13:21:27.3373343+03:00" testType="13cdc9d9-ddb5-4fa4-a97d-d965ccfc6d4b" outcome="Passed" testListId="8c84fa94-04c1-424b-9868-57a2d4851a1d" relativeResultsDirectory="155794ef-9043-482d-a6e6-d765bbfe0371" />
    <UnitTestResult executionId="ef01e21c-a91d-4bb2-bd8a-bd45043ed344" testId="a123a490-7632-bc21-8b05-2f303baaf9ec" testName="LiteCad.Tests.MoveExactInputEnterCommitTests.MoveInput_InvalidValueIsNotCleared" computerName="DESKTOP-UIGURGP" duration="00:00:00.0180636" startTime="2026-08-19T13:21:27.2439772+03:00" endTime="2026-08-19T13:21:27.2619190+03:00" testType="13cdc9d9-ddb5-4fa4-a97d-d965ccfc6d4b" outcome="Passed" testListId="8c84fa94-04c1-424b-9868-57a2d4851a1d" relativeResultsDirectory="ef01e21c-a91d-4bb2-bd8a-bd45043ed344" />
    <UnitTestResult executionId="2f307369-aa00-448e-8fe9-a6125deb4c17" testId="dc83c89d-3f7e-c5e7-ab09-4364345ec61d" testName="LiteCad.Tests.StretchToolTests.StretchDistanceInput_ClearsAfterCommit" computerName="DESKTOP-UIGURGP" duration="00:00:00.0232495" startTime="2026-08-19T13:21:28.3826224+03:00" endTime="2026-08-19T13:21:28.4057816+03:00" testType="13cdc9d9-ddb5-4fa4-a97d-d965ccfc6d4b" outcome="Failed" testListId="8c84fa94-04c1-424b-9868-57a2d4851a1d" relativeResultsDirectory="2f307369-aa00-448e-8fe9-a6125deb4c17">
      <Output>
        <ErrorInfo>
          <Message>System.ArgumentNullException : Value cannot be null. (Parameter 'inputSource')</Message>
          <StackTrace>   at System.ArgumentNullException.Throw(String paramName)&#xD;
   at System.ArgumentNullException.ThrowIfNull(Object argument, String paramName)&#xD;
   at System.Windows.Input.KeyEventArgs..ctor(KeyboardDevice keyboard, PresentationSource inputSource, Int32 timestamp, Key key)&#xD;
   at LiteCad.Tests.StretchToolTests.StretchHarness.PressDistanceEnter() in C:\Users\Admin\source\repos\LiteCad\LiteCad.Tests\StretchToolTests.cs:line 704&#xD;
   at LiteCad.Tests.StretchToolTests.&lt;&gt;c.&lt;StretchDistanceInput_ClearsAfterCommit&gt;b__21_0() in C:\Users\Admin\source\repos\LiteCad\LiteCad.Tests\StretchToolTests.cs:line 347&#xD;
   at LiteCad.Tests.StretchToolTests.&lt;&gt;c__DisplayClass40_0.&lt;RunSta&gt;b__0() in C:\Users\Admin\source\repos\LiteCad\LiteCad.Tests\StretchToolTests.cs:line 588&#xD;
--- End of stack trace from previous location ---&#xD;
   at LiteCad.Tests.StretchToolTests.RunSta(Action action) in C:\Users\Admin\source\repos\LiteCad\LiteCad.Tests\StretchToolTests.cs:line 602&#xD;
   at LiteCad.Tests.StretchToolTests.StretchDistanceInput_ClearsAfterCommit() in C:\Users\Admin\source\repos\LiteCad\LiteCad.Tests\StretchToolTests.cs:line 339&#xD;
   at System.Reflection.MethodBaseInvoker.InterpretedInvoke_Method(Object obj, IntPtr* args)&#xD;
   at System.Reflection.MethodBaseInvoker.InvokeWithNoArgs(Object obj, BindingFlags invokeAttr)</StackTrace>
        </ErrorInfo>
      </Output>
    </UnitTestResult>
    <UnitTestResult executionId="dbee9bbc-e891-475b-9828-bae5f2d232db" testId="857926ac-4fa8-6425-b685-c33d832b6fca" testName="LiteCad.Tests.TopologyTests.ExplicitFaceSuppressionStillWorks" computerName="DESKTOP-UIGURGP" duration="00:00:00.0005113" startTime="2026-08-19T13:21:27.6624412+03:00" endTime="2026-08-19T13:21:27.6625076+03:00" testType="13cdc9d9-ddb5-4fa4-a97d-d965ccfc6d4b" outcome="Passed" testListId="8c84fa94-04c1-424b-9868-57a2d4851a1d" relativeResultsDirectory="dbee9bbc-e891-475b-9828-bae5f2d232db" />
    <UnitTestResult executionId="767aadd6-10c0-4d14-af1b-a3b5288fea2d" testId="77a63704-7092-345c-9d01-78f2101c9787" testName="LiteCad.Tests.MoveExactInputTests.MoveOrthoHorizontalPositiveDistance_EnterCommits" computerName="DESKTOP-UIGURGP" duration="00:00:00.0268759" startTime="2026-08-19T13:21:26.9363781+03:00" endTime="2026-08-19T13:21:26.9631523+03:00" testType="13cdc9d9-ddb5-4fa4-a97d-d965ccfc6d4b" outcome="Passed" testListId="8c84fa94-04c1-424b-9868-57a2d4851a1d" relativeResultsDirectory="767aadd6-10c0-4d14-af1b-a3b5288fea2d" />
    <UnitTestResult executionId="9741c80d-c189-4c8d-9415-0578246eca75" testId="402a3942-d81d-437b-6620-c7413f791e4c" testName="LiteCad.Tests.SectorGeometryTests.ComputeSegmentCount_MatchesSpec(angleDegrees: 90, expectedCount: 9)" computerName="DESKTOP-UIGURGP" duration="00:00:00.0000064" startTime="2026-08-19T13:21:27.0494108+03:00" endTime="2026-08-19T13:21:27.0494518+03:00" testType="13cdc9d9-ddb5-4fa4-a97d-d965ccfc6d4b" outcome="Passed" testListId="8c84fa94-04c1-424b-9868-57a2d4851a1d" relativeResultsDirectory="9741c80d-c189-4c8d-9415-0578246eca75" />
    <UnitTestResult executionId="4befab9d-559f-4aa3-9359-5595eeec757a" testId="1fd180a2-4697-50fd-99d6-a36b06582d24" testName="LiteCad.Tests.MoveToolTests.MoveMultipleEdges_AsOneSelection" computerName="DESKTOP-UIGURGP" duration="00:00:00.0014463" startTime="2026-08-19T13:21:27.0003688+03:00" endTime="2026-08-19T13:21:27.0017000+03:00" testType="13cdc9d9-ddb5-4fa4-a97d-d965ccfc6d4b" outcome="Passed" testListId="8c84fa94-04c1-424b-9868-57a2d4851a1d" relativeResultsDirectory="4befab9d-559f-4aa3-9359-5595eeec757a" />
    <UnitTestResult executionId="9b4ad274-d9c8-44f6-92bf-37d6ed4c6da5" testId="2ea41c95-86f9-0130-dfd1-f92cdcf0b73f" testName="LiteCad.Tests.DocumentHistoryTests.UndoRedo_RebuildsFacesWithoutDuplicateOrDanglingReferences" computerName="DESKTOP-UIGURGP" duration="00:00:00.0057803" startTime="2026-08-19T13:21:27.9630939+03:00" endTime="2026-08-19T13:21:27.9688289+03:00" testType="13cdc9d9-ddb5-4fa4-a97d-d965ccfc6d4b" outcome="Passed" testListId="8c84fa94-04c1-424b-9868-57a2d4851a1d" relativeResultsDirectory="9b4ad274-d9c8-44f6-92bf-37d6ed4c6da5" />
    <UnitTestResult executionId="0ffb4f13-a183-4366-8c45-64dcf05b7c5e" testId="cbccfa1d-ac2e-c69f-527f-17dd06622786" testName="LiteCad.Tests.StretchToolTests.TryCreatePlan_RectangleBottomEdge_Succeeds" computerName="DESKTOP-UIGURGP" duration="00:00:00.0002208" startTime="2026-08-19T13:21:28.4642419+03:00" endTime="2026-08-19T13:21:28.4642946+03:00" testType="13cdc9d9-ddb5-4fa4-a97d-d965ccfc6d4b" outcome="Passed" testListId="8c84fa94-04c1-424b-9868-57a2d4851a1d" relativeResultsDirectory="0ffb4f13-a183-4366-8c45-64dcf05b7c5e" />
    <UnitTestResult executionId="5ae30f7c-aad9-4fc7-8a80-7d9722b25e4b" testId="d8fd5c3b-331c-1df1-4fcc-fdafa4811e79" testName="LiteCad.Tests.TopologyToleranceTests.CrossingLineStillSplits" computerName="DESKTOP-UIGURGP" duration="00:00:00.0010187" startTime="2026-08-19T13:21:28.0283607+03:00" endTime="2026-08-19T13:21:28.0293017+03:00" testType="13cdc9d9-ddb5-4fa4-a97d-d965ccfc6d4b" outcome="Passed" testListId="8c84fa94-04c1-424b-9868-57a2d4851a1d" relativeResultsDirectory="5ae30f7c-aad9-4fc7-8a80-7d9722b25e4b" />
    <UnitTestResult executionId="9d2fc736-cff8-411f-8f22-eafa573221de" testId="67d99081-a272-7211-52e4-22f2b7c6daac" testName="LiteCad.Tests.LanguageSelectorTests.NextStartup_RestoresRussian" computerName="DESKTOP-UIGURGP" duration="00:00:00.0055138" startTime="2026-08-19T13:21:27.7506886+03:00" endTime="2026-08-19T13:21:27.7524755+03:00" testType="13cdc9d9-ddb5-4fa4-a97d-d965ccfc6d4b" outcome="Passed" testListId="8c84fa94-04c1-424b-9868-57a2d4851a1d" relativeResultsDirectory="9d2fc736-cff8-411f-8f22-eafa573221de" />
    <UnitTestResult executionId="b20f867a-5cd3-47b9-a7fb-b94057d11e7b" testId="68bdafe8-e2ea-d405-0e52-0454e181be04" testName="LiteCad.Tests.MoveExactInputTests.PreviewDoesNotMutateDocument" computerName="DESKTOP-UIGURGP" duration="00:00:00.0211175" startTime="2026-08-19T13:21:26.8933829+03:00" endTime="2026-08-19T13:21:26.9144490+03:00" testType="13cdc9d9-ddb5-4fa4-a97d-d965ccfc6d4b" outcome="Passed" testListId="8c84fa94-04c1-424b-9868-57a2d4851a1d" relativeResultsDirectory="b20f867a-5cd3-47b9-a7fb-b94057d11e7b" />
    <UnitTestResult executionId="2c4176e1-bfb9-4ae1-a277-640d45e25a2e" testId="80d536cd-994d-745b-e6e5-236c060ae7a5" testName="LiteCad.Tests.SectorToolTests.Sector_ExactAngle361_Applies360" computerName="DESKTOP-UIGURGP" duration="00:00:00.0035395" startTime="2026-08-19T13:21:26.2857792+03:00" endTime="2026-08-19T13:21:26.2892211+03:00" testType="13cdc9d9-ddb5-4fa4-a97d-d965ccfc6d4b" outcome="Passed" testListId="8c84fa94-04c1-424b-9868-57a2d4851a1d" relativeResultsDirectory="2c4176e1-bfb9-4ae1-a277-640d45e25a2e" />
    <UnitTestResult executionId="38e3adcb-d511-4470-8f21-17a7f8296a1f" testId="945fed85-f250-c48b-d0f1-276036e9ce50" testName="LiteCad.Tests.RectangleToolTests.Rectangle_DragNegativeXAndY(width: 100, height: -80)" computerName="DESKTOP-UIGURGP" duration="00:00:00.0010207" startTime="2026-08-19T13:21:28.4773686+03:00" endTime="2026-08-19T13:21:28.4782566+03:00" testType="13cdc9d9-ddb5-4fa4-a97d-d965ccfc6d4b" outcome="Passed" testListId="8c84fa94-04c1-424b-9868-57a2d4851a1d" relativeResultsDirectory="38e3adcb-d511-4470-8f21-17a7f8296a1f" />
    <UnitTestResult executionId="c8956122-05af-4060-8a12-21845d425de4" testId="d1777029-f2e5-4c4b-4222-31d86030a707" testName="LiteCad.Tests.RectangleToolTests.RectangleSizeInputParser_ParsesFormats(input: &quot;4000 × 3000&quot;, width: 4000, height: 3000)" computerName="DESKTOP-UIGURGP" duration="00:00:00.0004592" startTime="2026-08-19T13:21:28.4834819+03:00" endTime="2026-08-19T13:21:28.4835377+03:00" testType="13cdc9d9-ddb5-4fa4-a97d-d965ccfc6d4b" outcome="Passed" testListId="8c84fa94-04c1-424b-9868-57a2d4851a1d" relativeResultsDirectory="c8956122-05af-4060-8a12-21845d425de4" />
    <UnitTestResult executionId="96d71a17-fc46-4355-96b0-979815d2ea2d" testId="29e33d1a-e7b5-815f-5467-29897742b768" testName="LiteCad.Tests.NestedContourFaceTests.D_NestedFourContours_FourSolidFaces" computerName="DESKTOP-UIGURGP" duration="00:00:00.0005488" startTime="2026-08-19T13:21:28.0215820+03:00" endTime="2026-08-19T13:21:28.0220498+03:00" testType="13cdc9d9-ddb5-4fa4-a97d-d965ccfc6d4b" outcome="Passed" testListId="8c84fa94-04c1-424b-9868-57a2d4851a1d" relativeResultsDirectory="96d71a17-fc46-4355-96b0-979815d2ea2d" />
    <UnitTestResult executionId="41be848a-b346-4b59-b0a2-9a90c22d819c" testId="a64bd268-a4e9-4121-c0a4-592cb7a651c8" testName="LiteCad.Tests.MoveToolTests.MoveSingleEdge_RecreatesGeometry" computerName="DESKTOP-UIGURGP" duration="00:00:00.0004824" startTime="2026-08-19T13:21:27.0211181+03:00" endTime="2026-08-19T13:21:27.0214424+03:00" testType="13cdc9d9-ddb5-4fa4-a97d-d965ccfc6d4b" outcome="Passed" testListId="8c84fa94-04c1-424b-9868-57a2d4851a1d" relativeResultsDirectory="41be848a-b346-4b59-b0a2-9a90c22d819c" />
    <UnitTestResult executionId="ad85fd60-223d-42e2-8149-1e81f56bc995" testId="cde4a6a2-ddc3-e701-3be5-2a26b89fbd76" testName="LiteCad.Tests.SnapServiceTests.NormalMidpoint_IsPreservedWhenNotAtVertex" computerName="DESKTOP-UIGURGP" duration="00:00:00.0005890" startTime="2026-08-19T13:21:27.0615315+03:00" endTime="2026-08-19T13:21:27.0619824+03:00" testType="13cdc9d9-ddb5-4fa4-a97d-d965ccfc6d4b" outcome="Passed" testListId="8c84fa94-04c1-424b-9868-57a2d4851a1d" relativeResultsDirectory="ad85fd60-223d-42e2-8149-1e81f56bc995" />
    <UnitTestResult executionId="4d909519-e0be-41b8-9447-f7e64bbf1fb8" testId="076372be-ad57-0cb3-a043-63ee5a53246c" testName="LiteCad.Tests.NestedContourFaceTests.B_NestedTwoContours_TwoSolidFaces" computerName="DESKTOP-UIGURGP" duration="00:00:00.0003022" startTime="2026-08-19T13:21:28.0244786+03:00" endTime="2026-08-19T13:21:28.0246838+03:00" testType="13cdc9d9-ddb5-4fa4-a97d-d965ccfc6d4b" outcome="Passed" testListId="8c84fa94-04c1-424b-9868-57a2d4851a1d" relativeResultsDirectory="4d909519-e0be-41b8-9447-f7e64bbf1fb8" />
    <UnitTestResult executionId="013d2d86-1317-4957-8116-62c5519274e6" testId="f182f826-1250-85ad-b075-5ee7dfc15305" testName="LiteCad.Tests.LineToolSnapContractTests.SecondPoint_NearIntersection_StillSnapsToIntersection" computerName="DESKTOP-UIGURGP" duration="00:00:00.0004043" startTime="2026-08-19T13:21:27.5609239+03:00" endTime="2026-08-19T13:21:27.5609795+03:00" testType="13cdc9d9-ddb5-4fa4-a97d-d965ccfc6d4b" outcome="Passed" testListId="8c84fa94-04c1-424b-9868-57a2d4851a1d" relativeResultsDirectory="013d2d86-1317-4957-8116-62c5519274e6" />
    <UnitTestResult executionId="84257673-0935-4d6c-a304-32cbc7b5b4a8" testId="672d5ab8-6f86-4410-e853-a5c3bf6dc2e6" testName="LiteCad.Tests.FaceRestorationTests.Test2_DeleteOneEdge_FaceCountIsZero" computerName="DESKTOP-UIGURGP" duration="00:00:00.0001581" startTime="2026-08-19T13:21:27.0453948+03:00" endTime="2026-08-19T13:21:27.0454791+03:00" testType="13cdc9d9-ddb5-4fa4-a97d-d965ccfc6d4b" outcome="Passed" testListId="8c84fa94-04c1-424b-9868-57a2d4851a1d" relativeResultsDirectory="84257673-0935-4d6c-a304-32cbc7b5b4a8" />
    <UnitTestResult executionId="e5614de5-25d2-4e42-9c99-3b0de7e7b9fb" testId="1047f530-85b3-4389-7eef-349453bddd35" testName="LiteCad.Tests.RectangleToolTests.RectangleSizeInputParser_ParsesFormats(input: &quot;4000,3000&quot;, width: 4000, height: 3000)" computerName="DESKTOP-UIGURGP" duration="00:00:00.0019650" startTime="2026-08-19T13:21:28.4808444+03:00" endTime="2026-08-19T13:21:28.4827110+03:00" testType="13cdc9d9-ddb5-4fa4-a97d-d965ccfc6d4b" outcome="Passed" testListId="8c84fa94-04c1-424b-9868-57a2d4851a1d" relativeResultsDirectory="e5614de5-25d2-4e42-9c99-3b0de7e7b9fb" />
    <UnitTestResult executionId="84541c38-c049-450d-b3c8-e30fbe146b4f" testId="035a0e86-b3d4-fd1e-1d24-406bbfe91de9" testName="LiteCad.Tests.SnapServiceTests.MultipleEdgePairsAtSameIntersection_ReturnSingleIntersectionSnap" computerName="DESKTOP-UIGURGP" duration="00:00:00.0005145" startTime="2026-08-19T13:21:27.0610455+03:00" endTime="2026-08-19T13:21:27.0611027+03:00" testType="13cdc9d9-ddb5-4fa4-a97d-d965ccfc6d4b" outcome="Passed" testListId="8c84fa94-04c1-424b-9868-57a2d4851a1d" relativeResultsDirectory="84541c38-c049-450d-b3c8-e30fbe146b4f" />
    <UnitTestResult executionId="83077f18-0549-499d-988d-5d0af1321371" testId="5187347d-9b1a-e465-d87f-35fd9bc4a05f" testName="LiteCad.Tests.LineToolSnapContractTests.SecondPoint_AlignmentSnap_StillWorks" computerName="DESKTOP-UIGURGP" duration="00:00:00.0002896" startTime="2026-08-19T13:21:27.5588643+03:00" endTime="2026-08-19T13:21:27.5590704+03:00" testType="13cdc9d9-ddb5-4fa4-a97d-d965ccfc6d4b" outcome="Passed" testListId="8c84fa94-04c1-424b-9868-57a2d4851a1d" relativeResultsDirectory="83077f18-0549-499d-988d-5d0af1321371" />
    <UnitTestResult executionId="f611cf55-fadd-47a2-b753-2e0951134261" testId="fe0bdebb-5dfe-c777-a831-177e01d06601" testName="LiteCad.Tests.SnapTopologyDiagnosticsTests.Square_ImpreciseCornerEndpoints_PreservesDistinctTopologyVertices" computerName="DESKTOP-UIGURGP" duration="00:00:00.0007600" startTime="2026-08-19T13:21:27.0388188+03:00" endTime="2026-08-19T13:21:27.0392598+03:00" testType="13cdc9d9-ddb5-4fa4-a97d-d965ccfc6d4b" outcome="Passed" testListId="8c84fa94-04c1-424b-9868-57a2d4851a1d" relativeResultsDirectory="f611cf55-fadd-47a2-b753-2e0951134261">
      <Output>
        <StdOut>=== Imprecise corner square (tolerance=12) ===&#xD;
Edge count: 5&#xD;
Vertex count: 6&#xD;
&#xD;
Canonical vertices:&#xD;
  368a10bc-438c-4315-b3f5-de254d3e3a4b: (0, 0)&#xD;
  9816fb3f-bafc-409a-9720-831a79acebe8: (100, 0)&#xD;
  20f9481a-57d3-4f51-8e3d-9b0fea24b281: (100, 0,0010000000474974513)&#xD;
  dd84535f-3fa9-4466-b104-6a40fe982edd: (100, 100)&#xD;
  3a9fbc5d-b65e-497a-bc0a-b5b3a8ba3ac5: (0, 99,999000549316406)&#xD;
  6ec3c328-ba94-4fc0-91ca-b4e36b2a71a6: (0, 100)&#xD;
&#xD;
All Edge endpoints:&#xD;
  9e8c7c2d-8329-441a-ab9d-86ed309fafc2: Start=(0, 0) End=(100, 0)&#xD;
  881c3a0b-0ff9-4060-8a1b-6501aac48510: Start=(100, 0,0010000000474974513) End=(100, 100)&#xD;
  86d9ba9e-a490-4dac-9c75-d6c37366da38: Start=(100, 100) End=(0, 99,999000549316406)&#xD;
  cbfd4b60-bb2f-4254-97ce-808591ad027a: Start=(0, 100) End=(0, 99,999000549316406)&#xD;
  763d388a-80f9-409d-8a60-af3f50f59caf: Start=(0, 99,999000549316406) End=(0, 0)&#xD;
&#xD;
Expected corners: 6&#xD;
  Corner (0, 0): visible-snaps=1, vertex-snaps=1&#xD;
  Corner (0, 99,9990005): visible-snaps=1, vertex-snaps=1&#xD;
  Corner (0, 100): visible-snaps=1, vertex-snaps=1&#xD;
  Corner (100, 0): visible-snaps=1, vertex-snaps=1&#xD;
  Corner (100, 0,00100000005): visible-snaps=1, vertex-snaps=1&#xD;
  Corner (100, 100): visible-snaps=1, vertex-snaps=1</StdOut>
      </Output>
    </UnitTestResult>
    <UnitTestResult executionId="0907ceb7-f701-4de9-b719-ef6a9dfc7f77" testId="22ebb754-0467-6069-18e5-ca7bd9c1b0ec" testName="LiteCad.Tests.StretchToolTests.StretchRebuildsFaces" computerName="DESKTOP-UIGURGP" duration="00:00:00.0128833" startTime="2026-08-19T13:21:28.4076734+03:00" endTime="2026-08-19T13:21:28.4195816+03:00" testType="13cdc9d9-ddb5-4fa4-a97d-d965ccfc6d4b" outcome="Passed" testListId="8c84fa94-04c1-424b-9868-57a2d4851a1d" relativeResultsDirectory="0907ceb7-f701-4de9-b719-ef6a9dfc7f77" />
    <UnitTestResult executionId="2011cdfa-3215-4986-a8cf-463c8a7705eb" testId="29430226-7cb3-f724-ebc2-df4d1c9addac" testName="LiteCad.Tests.StretchToolTests.ApplyStretch_PreservesOuterVertices" computerName="DESKTOP-UIGURGP" duration="00:00:00.0007470" startTime="2026-08-19T13:21:28.2728469+03:00" endTime="2026-08-19T13:21:28.2734079+03:00" testType="13cdc9d9-ddb5-4fa4-a97d-d965ccfc6d4b" outcome="Passed" testListId="8c84fa94-04c1-424b-9868-57a2d4851a1d" relativeResultsDirectory="2011cdfa-3215-4986-a8cf-463c8a7705eb" />
    <UnitTestResult executionId="f77eb81d-8447-42a3-8624-504d60950dbf" testId="aacc2c01-077f-e76c-115f-6d2ae073beb3" testName="LiteCad.Tests.MoveToolTests.MoveVertex_UndoRedo" computerName="DESKTOP-UIGURGP" duration="00:00:00.0005130" startTime="2026-08-19T13:21:26.9940482+03:00" endTime="2026-08-19T13:21:26.9940984+03:00" testType="13cdc9d9-ddb5-4fa4-a97d-d965ccfc6d4b" outcome="Passed" testListId="8c84fa94-04c1-424b-9868-57a2d4851a1d" relativeResultsDirectory="f77eb81d-8447-42a3-8624-504d60950dbf" />
    <UnitTestResult executionId="e9e5928f-c2e5-4527-a287-7ff961416da2" testId="67dd6d5f-2ce4-7d46-d93e-7b2a870ae7c9" testName="LiteCad.Tests.FaceIdentityTests.CreateLoop_DifferentBoundaries_ProduceDifferentIdentities" computerName="DESKTOP-UIGURGP" duration="00:00:00.0002908" startTime="2026-08-19T13:21:27.9734483+03:00" endTime="2026-08-19T13:21:27.9735056+03:00" testType="13cdc9d9-ddb5-4fa4-a97d-d965ccfc6d4b" outcome="Passed" testListId="8c84fa94-04c1-424b-9868-57a2d4851a1d" relativeResultsDirectory="e9e5928f-c2e5-4527-a287-7ff961416da2" />
    <UnitTestResult executionId="93d384b4-df1c-4093-9ed4-b4e3bac695ef" testId="98aaee7b-1e65-5353-628d-4409a1ad7d0b" testName="LiteCad.Tests.NestedContourFaceTests.J_DeleteB_DoesNotDeleteA" computerName="DESKTOP-UIGURGP" duration="00:00:00.0008367" startTime="2026-08-19T13:21:28.0194531+03:00" endTime="2026-08-19T13:21:28.0202865+03:00" testType="13cdc9d9-ddb5-4fa4-a97d-d965ccfc6d4b" outcome="Passed" testListId="8c84fa94-04c1-424b-9868-57a2d4851a1d" relativeResultsDirectory="93d384b4-df1c-4093-9ed4-b4e3bac695ef" />
    <UnitTestResult executionId="160eb8d7-eb0c-431d-9efa-7ae47918e931" testId="6ffe198b-677b-a95f-7981-b686a27b76d1" testName="LiteCad.Tests.DocumentHistoryTests.DerivedFaceIdsAreNotStableAcrossUndoRebuild" computerName="DESKTOP-UIGURGP" duration="00:00:00.0004951" startTime="2026-08-19T13:21:27.9696478+03:00" endTime="2026-08-19T13:21:27.9699577+03:00" testType="13cdc9d9-ddb5-4fa4-a97d-d965ccfc6d4b" outcome="Passed" testListId="8c84fa94-04c1-424b-9868-57a2d4851a1d" relativeResultsDirectory="160eb8d7-eb0c-431d-9efa-7ae47918e931" />
    <UnitTestResult executionId="046ec085-fa2b-4d42-9106-64636d700977" testId="d2f50a7a-f489-c8b6-0116-67ed1197cb33" testName="LiteCad.Tests.StretchToolTests.StretchDistanceInput_EnterCommitsImmediately" computerName="DESKTOP-UIGURGP" duration="00:00:00.0066851" startTime="2026-08-19T13:21:28.4553640+03:00" endTime="2026-08-19T13:21:28.4619147+03:00" testType="13cdc9d9-ddb5-4fa4-a97d-d965ccfc6d4b" outcome="Passed" testListId="8c84fa94-04c1-424b-9868-57a2d4851a1d" relativeResultsDirectory="046ec085-fa2b-4d42-9106-64636d700977" />
    <UnitTestResult executionId="e0f0ef79-2bdc-4382-97d2-492b42bd1ff0" testId="118f95cc-429a-cfd5-2356-f3a91d932f7c" testName="LiteCad.Tests.MoveExactInputDistanceSemanticsTests.OrthoDown_Distance200_ProducesMinus200" computerName="DESKTOP-UIGURGP" duration="00:00:00.0160526" startTime="2026-08-19T13:21:26.5128964+03:00" endTime="2026-08-19T13:21:26.5289147+03:00" testType="13cdc9d9-ddb5-4fa4-a97d-d965ccfc6d4b" outcome="Passed" testListId="8c84fa94-04c1-424b-9868-57a2d4851a1d" relativeResultsDirectory="e0f0ef79-2bdc-4382-97d2-492b42bd1ff0" />
    <UnitTestResult executionId="4319fd11-3325-4ddc-9ba5-368f6dd7d13c" testId="876d02cf-ae3b-a7bf-8685-f59726d8951e" testName="LiteCad.Tests.TopologyTests.OverlappingEdgeDoesNotDuplicate" computerName="DESKTOP-UIGURGP" duration="00:00:00.0001409" startTime="2026-08-19T13:21:27.6656742+03:00" endTime="2026-08-19T13:21:27.6657294+03:00" testType="13cdc9d9-ddb5-4fa4-a97d-d965ccfc6d4b" outcome="Passed" testListId="8c84fa94-04c1-424b-9868-57a2d4851a1d" relativeResultsDirectory="4319fd11-3325-4ddc-9ba5-368f6dd7d13c" />
    <UnitTestResult executionId="a2b6ea08-de8a-4149-b9ba-85d05e36ac67" testId="caae216f-8d0f-7c0f-659d-d0c210c70d8b" testName="LiteCad.Tests.ResourceMigrationTests.MoveInputMode_DoesNotDependOnDistanceLabelText" computerName="DESKTOP-UIGURGP" duration="00:00:00.5040711" startTime="2026-08-19T13:21:25.7242469+03:00" endTime="2026-08-19T13:21:26.2188284+03:00" testType="13cdc9d9-ddb5-4fa4-a97d-d965ccfc6d4b" outcome="Passed" testListId="8c84fa94-04c1-424b-9868-57a2d4851a1d" relativeResultsDirectory="a2b6ea08-de8a-4149-b9ba-85d05e36ac67" />
    <UnitTestResult executionId="61074d4c-67da-4799-a8a9-804cd8caaea2" testId="bd6b63bc-33f6-2a14-0cd2-6a8728baf283" testName="LiteCad.Tests.FaceRestorationTests.Test6_DeleteDiagonal_OneFaceRemains" computerName="DESKTOP-UIGURGP" duration="00:00:00.0002441" startTime="2026-08-19T13:21:27.0443592+03:00" endTime="2026-08-19T13:21:27.0445249+03:00" testType="13cdc9d9-ddb5-4fa4-a97d-d965ccfc6d4b" outcome="Passed" testListId="8c84fa94-04c1-424b-9868-57a2d4851a1d" relativeResultsDirectory="61074d4c-67da-4799-a8a9-804cd8caaea2" />
    <UnitTestResult executionId="d18c22d2-3d5d-4838-aedf-497185b204c3" testId="158eec34-741c-153f-89c9-88f1c5c0c5be" testName="LiteCad.Tests.RectangleSizeInputTests.Alt_PreservesHeightText" computerName="DESKTOP-UIGURGP" duration="00:00:00.0227997" startTime="2026-08-19T13:21:27.5091764+03:00" endTime="2026-08-19T13:21:27.5318741+03:00" testType="13cdc9d9-ddb5-4fa4-a97d-d965ccfc6d4b" outcome="Passed" testListId="8c84fa94-04c1-424b-9868-57a2d4851a1d" relativeResultsDirectory="d18c22d2-3d5d-4838-aedf-497185b204c3" />
    <UnitTestResult executionId="dc0dab6f-e9e9-4b87-9332-643f23cf033e" testId="1c6bb9b5-49f1-66ea-42a5-be7c7d798728" testName="LiteCad.Tests.EraserToolTests.Eraser_DoesNotRequireSelection" computerName="DESKTOP-UIGURGP" duration="00:00:00.0023690" startTime="2026-08-19T13:21:28.0540294+03:00" endTime="2026-08-19T13:21:28.0560711+03:00" testType="13cdc9d9-ddb5-4fa4-a97d-d965ccfc6d4b" outcome="Passed" testListId="8c84fa94-04c1-424b-9868-57a2d4851a1d" relativeResultsDirectory="dc0dab6f-e9e9-4b87-9332-643f23cf033e" />
    <UnitTestResult executionId="ec8cace9-8744-4e32-b003-3630ad4092a9" testId="b6941dfc-ee0f-2a25-1b84-1ce2f38ecfc4" testName="LiteCad.Tests.SnapServiceTests.AlignmentSnap_StillWorks" computerName="DESKTOP-UIGURGP" duration="00:00:00.0013070" startTime="2026-08-19T13:21:27.0542740+03:00" endTime="2026-08-19T13:21:27.0554999+03:00" testType="13cdc9d9-ddb5-4fa4-a97d-d965ccfc6d4b" outcome="Passed" testListId="8c84fa94-04c1-424b-9868-57a2d4851a1d" relativeResultsDirectory="ec8cace9-8744-4e32-b003-3630ad4092a9" />
    <UnitTestResult executionId="62848fa8-1194-4d04-8586-83a367e8d642" testId="b4427a26-5566-80d2-ffc1-ac57c5e89bba" testName="LiteCad.Tests.SectorGeometryTests.ComputeSegmentCount_MatchesSpec(angleDegrees: 31, expectedCount: 4)" computerName="DESKTOP-UIGURGP" duration="00:00:00.0000022" startTime="2026-08-19T13:21:27.0496736+03:00" endTime="2026-08-19T13:21:27.0497144+03:00" testType="13cdc9d9-ddb5-4fa4-a97d-d965ccfc6d4b" outcome="Passed" testListId="8c84fa94-04c1-424b-9868-57a2d4851a1d" relativeResultsDirectory="62848fa8-1194-4d04-8586-83a367e8d642" />
    <UnitTestResult executionId="d49c5d36-8e82-4bee-908b-9da674e9086d" testId="ef6c02b0-9354-425a-c83c-d4b8a3fbea03" testName="LiteCad.Tests.MoveExactInputDistanceSemanticsTests.OrthoRight_Distance200_ProducesPlus200" computerName="DESKTOP-UIGURGP" duration="00:00:00.0193099" startTime="2026-08-19T13:21:26.5318493+03:00" endTime="2026-08-19T13:21:26.5482821+03:00" testType="13cdc9d9-ddb5-4fa4-a97d-d965ccfc6d4b" outcome="Passed" testListId="8c84fa94-04c1-424b-9868-57a2d4851a1d" relativeResultsDirectory="d49c5d36-8e82-4bee-908b-9da674e9086d" />
    <UnitTestResult executionId="d4ed8c91-6fbb-41c6-89a0-01083fd40757" testId="26f997fd-e4f6-7de8-5fd5-9481a77d6df2" testName="LiteCad.Tests.MoveExactInputDistanceSemanticsTests.XPositiveUnchanged" computerName="DESKTOP-UIGURGP" duration="00:00:00.0167480" startTime="2026-08-19T13:21:26.6336584+03:00" endTime="2026-08-19T13:21:26.6498349+03:00" testType="13cdc9d9-ddb5-4fa4-a97d-d965ccfc6d4b" outcome="Passed" testListId="8c84fa94-04c1-424b-9868-57a2d4851a1d" relativeResultsDirectory="d4ed8c91-6fbb-41c6-89a0-01083fd40757" />
    <UnitTestResult executionId="2ed6476f-5a8c-4eb7-aff4-7a05196a8c98" testId="1c29ac73-bd02-4b87-020e-5608a99dcc4b" testName="LiteCad.Tests.MoveToolTests.MoveTwoRooms_PreservesTwoFaces" computerName="DESKTOP-UIGURGP" duration="00:00:00.0043473" startTime="2026-08-19T13:21:27.0166335+03:00" endTime="2026-08-19T13:21:27.0209664+03:00" testType="13cdc9d9-ddb5-4fa4-a97d-d965ccfc6d4b" outcome="Passed" testListId="8c84fa94-04c1-424b-9868-57a2d4851a1d" relativeResultsDirectory="2ed6476f-5a8c-4eb7-aff4-7a05196a8c98" />
    <UnitTestResult executionId="dc1e6092-eab2-4946-a481-3402643bc61a" testId="8b452f2d-2dd2-b2ed-f669-826341c27fe3" testName="LiteCad.Tests.FaceIdentityTests.CreateRegion_InnerLoopOrder_DoesNotChangeRegionIdentity" computerName="DESKTOP-UIGURGP" duration="00:00:00.0021285" startTime="2026-08-19T13:21:27.9701949+03:00" endTime="2026-08-19T13:21:27.9722392+03:00" testType="13cdc9d9-ddb5-4fa4-a97d-d965ccfc6d4b" outcome="Passed" testListId="8c84fa94-04c1-424b-9868-57a2d4851a1d" relativeResultsDirectory="dc1e6092-eab2-4946-a481-3402643bc61a" />
    <UnitTestResult executionId="ed2f10ed-bc7a-4016-bb74-59beb57061de" testId="6aa419be-10ec-9d2a-cbef-a5fbdff70676" testName="LiteCad.Tests.MoveExactInputTests.MoveDistanceExactDelta" computerName="DESKTOP-UIGURGP" duration="00:00:00.0194469" startTime="2026-08-19T13:21:26.7148552+03:00" endTime="2026-08-19T13:21:26.7341583+03:00" testType="13cdc9d9-ddb5-4fa4-a97d-d965ccfc6d4b" outcome="Passed" testListId="8c84fa94-04c1-424b-9868-57a2d4851a1d" relativeResultsDirectory="ed2f10ed-bc7a-4016-bb74-59beb57061de" />
    <UnitTestResult executionId="535e0299-dd64-45f8-afad-54dba5a41890" testId="a654b565-67c1-4692-12ad-11c8f162dfb4" testName="LiteCad.Tests.StretchToolTests.Stretch_LeftClick_ReplacesPreviousEdge" computerName="DESKTOP-UIGURGP" duration="00:00:00.0123432" startTime="2026-08-19T13:21:28.4199289+03:00" endTime="2026-08-19T13:21:28.4320599+03:00" testType="13cdc9d9-ddb5-4fa4-a97d-d965ccfc6d4b" outcome="Passed" testListId="8c84fa94-04c1-424b-9868-57a2d4851a1d" relativeResultsDirectory="535e0299-dd64-45f8-afad-54dba5a41890" />
    <UnitTestResult executionId="24caf383-962b-4949-974f-8b1edb3d8c97" testId="f0460e61-e65f-d7ab-b6e9-b7711204fa7f" testName="LiteCad.Tests.MoveToolTests.RightClick_ClearsSelectionWhileStayingInMoveTool" computerName="DESKTOP-UIGURGP" duration="00:00:00.0011573" startTime="2026-08-19T13:21:27.0126647+03:00" endTime="2026-08-19T13:21:27.0136188+03:00" testType="13cdc9d9-ddb5-4fa4-a97d-d965ccfc6d4b" outcome="Passed" testListId="8c84fa94-04c1-424b-9868-57a2d4851a1d" relativeResultsDirectory="24caf383-962b-4949-974f-8b1edb3d8c97" />
    <UnitTestResult executionId="744944b6-4739-406d-b437-71e9ef980504" testId="a7599c73-a94f-4e17-b149-48507a2e8672" testName="LiteCad.Tests.CopyToolTests.CopyCommit_RequiresLeftClick" computerName="DESKTOP-UIGURGP" duration="00:00:00.0012682" startTime="2026-08-19T13:21:28.0173978+03:00" endTime="2026-08-19T13:21:28.0185201+03:00" testType="13cdc9d9-ddb5-4fa4-a97d-d965ccfc6d4b" outcome="Passed" testListId="8c84fa94-04c1-424b-9868-57a2d4851a1d" relativeResultsDirectory="744944b6-4739-406d-b437-71e9ef980504" />
    <UnitTestResult executionId="f3e27e01-e89e-406c-8bea-be3d4be9d4ad" testId="f563a34c-716e-3ef4-2454-bc1e72bbe354" testName="LiteCad.Tests.NestedContourFaceTests.L_RepeatedSync_PreservesFaceIdentitySet" computerName="DESKTOP-UIGURGP" duration="00:00:00.0008842" startTime="2026-08-19T13:21:28.0251734+03:00" endTime="2026-08-19T13:21:28.0259253+03:00" testType="13cdc9d9-ddb5-4fa4-a97d-d965ccfc6d4b" outcome="Passed" testListId="8c84fa94-04c1-424b-9868-57a2d4851a1d" relativeResultsDirectory="f3e27e01-e89e-406c-8bea-be3d4be9d4ad" />
    <UnitTestResult executionId="b5d61b4e-db13-468e-a561-ecde2d1399f1" testId="55e34941-32d1-31fa-8e35-e8c166580b42" testName="LiteCad.Tests.PolygonBuilderTests.SyncFaces_SimpleSquare_CreatesOneFaceWithFourEdges" computerName="DESKTOP-UIGURGP" duration="00:00:00.0005123" startTime="2026-08-19T13:21:27.9487288+03:00" endTime="2026-08-19T13:21:27.9491437+03:00" testType="13cdc9d9-ddb5-4fa4-a97d-d965ccfc6d4b" outcome="Passed" testListId="8c84fa94-04c1-424b-9868-57a2d4851a1d" relativeResultsDirectory="b5d61b4e-db13-468e-a561-ecde2d1399f1" />
    <UnitTestResult executionId="37a96260-b79d-4ccb-9125-52727a884e1d" testId="b6e4357f-3bca-553f-211e-afc98b391b04" testName="LiteCad.Tests.MoveExactInputDistanceSemanticsTests.XNegativeUnchanged" computerName="DESKTOP-UIGURGP" duration="00:00:00.0164536" startTime="2026-08-19T13:21:26.6165978+03:00" endTime="2026-08-19T13:21:26.6329638+03:00" testType="13cdc9d9-ddb5-4fa4-a97d-d965ccfc6d4b" outcome="Passed" testListId="8c84fa94-04c1-424b-9868-57a2d4851a1d" relativeResultsDirectory="37a96260-b79d-4ccb-9125-52727a884e1d" />
    <UnitTestResult executionId="fb7e2691-b82c-4290-a3d0-3fd81a592568" testId="f9af55bd-c39f-e005-eccf-b5ad4fde5de1" testName="LiteCad.Tests.CopyToolTests.CopyTwoRooms_PreservesTwoFaces" computerName="DESKTOP-UIGURGP" duration="00:00:00.0007667" startTime="2026-08-19T13:21:28.0171930+03:00" endTime="2026-08-19T13:21:28.0172504+03:00" testType="13cdc9d9-ddb5-4fa4-a97d-d965ccfc6d4b" outcome="Passed" testListId="8c84fa94-04c1-424b-9868-57a2d4851a1d" relativeResultsDirectory="fb7e2691-b82c-4290-a3d0-3fd81a592568" />
    <UnitTestResult executionId="f994077f-592f-45b5-969a-228fcc5b7836" testId="b119efde-12a4-f221-f65b-2ba129aacd82" testName="LiteCad.Tests.SectorGeometryTests.IsFullCircle_DetectsCompleteRevolution(angle: 359,99900000000002, expected: False)" computerName="DESKTOP-UIGURGP" duration="00:00:00.0002050" startTime="2026-08-19T13:21:27.0486228+03:00" endTime="2026-08-19T13:21:27.0486724+03:00" testType="13cdc9d9-ddb5-4fa4-a97d-d965ccfc6d4b" outcome="Passed" testListId="8c84fa94-04c1-424b-9868-57a2d4851a1d" relativeResultsDirectory="f994077f-592f-45b5-969a-228fcc5b7836" />
    <UnitTestResult executionId="5d86cef5-7496-41db-b5b9-4d7f9a5d7803" testId="d2b698e0-a57c-b753-de10-79d56cd0b9ea" testName="LiteCad.Tests.MoveExactInputDistanceSemanticsTests.EnterCommitsCorrectSignedDelta" computerName="DESKTOP-UIGURGP" duration="00:00:00.0171184" startTime="2026-08-19T13:21:26.5823019+03:00" endTime="2026-08-19T13:21:26.5992274+03:00" testType="13cdc9d9-ddb5-4fa4-a97d-d965ccfc6d4b" outcome="Passed" testListId="8c84fa94-04c1-424b-9868-57a2d4851a1d" relativeResultsDirectory="5d86cef5-7496-41db-b5b9-4d7f9a5d7803" />
    <UnitTestResult executionId="ff3be8ca-f4ce-459c-914d-ca4754919a28" testId="c6a95d96-fb44-5617-0825-5d12ec60a6b6" testName="LiteCad.Tests.EdgeOperationsTests.AddSegment_OnPartialOverlap_TrimsExistingAndAddsNewSegment" computerName="DESKTOP-UIGURGP" duration="00:00:00.0005882" startTime="2026-08-19T13:21:28.4651075+03:00" endTime="2026-08-19T13:21:28.4655900+03:00" testType="13cdc9d9-ddb5-4fa4-a97d-d965ccfc6d4b" outcome="Passed" testListId="8c84fa94-04c1-424b-9868-57a2d4851a1d" relativeResultsDirectory="ff3be8ca-f4ce-459c-914d-ca4754919a28" />
    <UnitTestResult executionId="bd64e136-a147-486b-81e2-2075a651110c" testId="c7e192fb-a942-bb9b-3fb7-ae98778f5fdc" testName="LiteCad.Tests.DocumentHistoryTests.SquareThenDiagonal_Undo_RestoresOneValidFace" computerName="DESKTOP-UIGURGP" duration="00:00:00.0016092" startTime="2026-08-19T13:21:27.9607301+03:00" endTime="2026-08-19T13:21:27.9616178+03:00" testType="13cdc9d9-ddb5-4fa4-a97d-d965ccfc6d4b" outcome="Passed" testListId="8c84fa94-04c1-424b-9868-57a2d4851a1d" relativeResultsDirectory="bd64e136-a147-486b-81e2-2075a651110c" />
    <UnitTestResult executionId="26104acc-01cc-4dd1-a2b8-2579f05c7b7f" testId="053b8e65-c3e6-71f5-70bf-72e96282803f" testName="LiteCad.Tests.FirstClosedSquareRegressionTests.NewDocument_ClearsSuppression_AllowsFirstSquareFace" computerName="DESKTOP-UIGURGP" duration="00:00:00.0006419" startTime="2026-08-19T13:21:27.7920284+03:00" endTime="2026-08-19T13:21:27.7924410+03:00" testType="13cdc9d9-ddb5-4fa4-a97d-d965ccfc6d4b" outcome="Passed" testListId="8c84fa94-04c1-424b-9868-57a2d4851a1d" relativeResultsDirectory="26104acc-01cc-4dd1-a2b8-2579f05c7b7f" />
    <UnitTestResult executionId="6878bfb3-74f1-4d7a-8327-c571d173fcd8" testId="9ec3bf81-a3ac-9fe8-5255-1cbe9a8e79db" testName="LiteCad.Tests.CircleToolTests.Circle_CreatesFace" computerName="DESKTOP-UIGURGP" duration="00:00:00.0053312" startTime="2026-08-19T13:21:27.8620521+03:00" endTime="2026-08-19T13:21:27.8672010+03:00" testType="13cdc9d9-ddb5-4fa4-a97d-d965ccfc6d4b" outcome="Passed" testListId="8c84fa94-04c1-424b-9868-57a2d4851a1d" relativeResultsDirectory="6878bfb3-74f1-4d7a-8327-c571d173fcd8" />
    <UnitTestResult executionId="c9945edf-314d-4d6b-8d45-a17bad7e5c8e" testId="d0e1a626-def5-7ab5-3fa2-92224dfafc1a" testName="LiteCad.Tests.MovePropertiesOrthoTests.MoveOrthoToggle_DuringActiveMove_UpdatesPreviewWithoutCommit" computerName="DESKTOP-UIGURGP" duration="00:00:00.0142702" startTime="2026-08-19T13:21:28.1182354+03:00" endTime="2026-08-19T13:21:28.1324376+03:00" testType="13cdc9d9-ddb5-4fa4-a97d-d965ccfc6d4b" outcome="Passed" testListId="8c84fa94-04c1-424b-9868-57a2d4851a1d" relativeResultsDirectory="c9945edf-314d-4d6b-8d45-a17bad7e5c8e" />
    <UnitTestResult executionId="c751ed40-afc3-4e56-8597-794aa552c35e" testId="81f9715c-47d6-4d00-83cf-0d37ef98cf21" testName="LiteCad.Tests.MoveExactInputTests.ExistingObjectMoveStillWorks" computerName="DESKTOP-UIGURGP" duration="00:00:00.0218898" startTime="2026-08-19T13:21:26.6501485+03:00" endTime="2026-08-19T13:21:26.6720736+03:00" testType="13cdc9d9-ddb5-4fa4-a97d-d965ccfc6d4b" outcome="Passed" testListId="8c84fa94-04c1-424b-9868-57a2d4851a1d" relativeResultsDirectory="c751ed40-afc3-4e56-8597-794aa552c35e" />
    <UnitTestResult executionId="baa9b01d-248d-490f-8011-dd1c6c30cc48" testId="5b3e1948-1d5f-3a49-c9a2-cc1a3710a1b7" testName="LiteCad.Tests.NestedContourFaceTests.M_UndoRedoNestedContours_PreservesFaceCountAndIdentities" computerName="DESKTOP-UIGURGP" duration="00:00:00.0004514" startTime="2026-08-19T13:21:28.0207025+03:00" endTime="2026-08-19T13:21:28.0210577+03:00" testType="13cdc9d9-ddb5-4fa4-a97d-d965ccfc6d4b" outcome="Passed" testListId="8c84fa94-04c1-424b-9868-57a2d4851a1d" relativeResultsDirectory="baa9b01d-248d-490f-8011-dd1c6c30cc48" />
    <UnitTestResult executionId="d399ee9f-857b-41a2-9d28-04e54397e4cc" testId="71f6120d-a385-aa6d-f7a3-5c8529af273c" testName="LiteCad.Tests.StretchToolTests.StretchTool_PreviewDoesNotMutateDocument" computerName="DESKTOP-UIGURGP" duration="00:00:00.0017195" startTime="2026-08-19T13:21:28.3381508+03:00" endTime="2026-08-19T13:21:28.3387070+03:00" testType="13cdc9d9-ddb5-4fa4-a97d-d965ccfc6d4b" outcome="Passed" testListId="8c84fa94-04c1-424b-9868-57a2d4851a1d" relativeResultsDirectory="d399ee9f-857b-41a2-9d28-04e54397e4cc" />
    <UnitTestResult executionId="0d9d2238-b455-47b3-83db-c5d853778a19" testId="235f788a-ac30-496b-f912-d95d4d610505" testName="LiteCad.Tests.RectangleToolTests.Rectangle_AfterExistingGeometry" computerName="DESKTOP-UIGURGP" duration="00:00:00.0056018" startTime="2026-08-19T13:21:28.4858690+03:00" endTime="2026-08-19T13:21:28.4914741+03:00" testType="13cdc9d9-ddb5-4fa4-a97d-d965ccfc6d4b" outcome="Passed" testListId="8c84fa94-04c1-424b-9868-57a2d4851a1d" relativeResultsDirectory="0d9d2238-b455-47b3-83db-c5d853778a19" />
    <UnitTestResult executionId="2b0023b7-a4b6-45d0-b74c-baa6ffa7e275" testId="c2c50cc3-1b2a-ba08-9d42-696d15d27612" testName="LiteCad.Tests.SectorGeometryTests.IsFullCircle_DetectsCompleteRevolution(angle: 90, expected: False)" computerName="DESKTOP-UIGURGP" duration="00:00:00.0000048" startTime="2026-08-19T13:21:27.0487689+03:00" endTime="2026-08-19T13:21:27.0488125+03:00" testType="13cdc9d9-ddb5-4fa4-a97d-d965ccfc6d4b" outcome="Passed" testListId="8c84fa94-04c1-424b-9868-57a2d4851a1d" relativeResultsDirectory="2b0023b7-a4b6-45d0-b74c-baa6ffa7e275" />
    <UnitTestResult executionId="f822daf4-307a-4c4e-b760-751e2f601546" testId="023e7088-3d66-c2e4-efe5-a14ad4f88af3" testName="LiteCad.Tests.CircleToolTests.Circle_Radius1000" computerName="DESKTOP-UIGURGP" duration="00:00:00.0026868" startTime="2026-08-19T13:21:27.8461113+03:00" endTime="2026-08-19T13:21:27.8486557+03:00" testType="13cdc9d9-ddb5-4fa4-a97d-d965ccfc6d4b" outcome="Passed" testListId="8c84fa94-04c1-424b-9868-57a2d4851a1d" relativeResultsDirectory="f822daf4-307a-4c4e-b760-751e2f601546" />
    <UnitTestResult executionId="68cd5ea8-b7fc-491d-9176-3ad3866fd52e" testId="62049bb7-80af-433e-8d0c-b5928314eaae" testName="LiteCad.Tests.RectangleSizeInputTests.Alt_PreservesWidthText" computerName="DESKTOP-UIGURGP" duration="00:00:00.0215274" startTime="2026-08-19T13:21:27.4115891+03:00" endTime="2026-08-19T13:21:27.4329891+03:00" testType="13cdc9d9-ddb5-4fa4-a97d-d965ccfc6d4b" outcome="Passed" testListId="8c84fa94-04c1-424b-9868-57a2d4851a1d" relativeResultsDirectory="68cd5ea8-b7fc-491d-9176-3ad3866fd52e" />
    <UnitTestResult executionId="c16414f4-120d-410c-b7c5-bde8d20bf97d" testId="f5f8beee-91f2-dd72-d599-70cd3316528f" testName="LiteCad.Tests.ArcToolTests.Arc_31Degrees_CreatesFourEdges" computerName="DESKTOP-UIGURGP" duration="00:00:00.0017097" startTime="2026-08-19T13:21:27.6347716+03:00" endTime="2026-08-19T13:21:27.6364133+03:00" testType="13cdc9d9-ddb5-4fa4-a97d-d965ccfc6d4b" outcome="Passed" testListId="8c84fa94-04c1-424b-9868-57a2d4851a1d" relativeResultsDirectory="c16414f4-120d-410c-b7c5-bde8d20bf97d" />
    <UnitTestResult executionId="e5e0e6fc-e5a3-4730-9096-46fca9f159ca" testId="b35abe1c-0a48-2ef3-ccd1-322eaf5f1151" testName="LiteCad.Tests.SnapServiceTests.FindBestSnap_PrefersVertexOverCloserMidpoint" computerName="DESKTOP-UIGURGP" duration="00:00:00.0004181" startTime="2026-08-19T13:21:27.0612319+03:00" endTime="2026-08-19T13:21:27.0613254+03:00" testType="13cdc9d9-ddb5-4fa4-a97d-d965ccfc6d4b" outcome="Passed" testListId="8c84fa94-04c1-424b-9868-57a2d4851a1d" relativeResultsDirectory="e5e0e6fc-e5a3-4730-9096-46fca9f159ca" />
    <UnitTestResult executionId="482294c5-8339-4e16-8eea-80c28e3f4933" testId="b35a052a-53b4-9466-739f-71e2a5d50986" testName="LiteCad.Tests.StretchToolTests.StretchRejectsNonPerpendicularConnections" computerName="DESKTOP-UIGURGP" duration="00:00:00.0007852" startTime="2026-08-19T13:21:28.3141630+03:00" endTime="2026-08-19T13:21:28.3146628+03:00" testType="13cdc9d9-ddb5-4fa4-a97d-d965ccfc6d4b" outcome="Passed" testListId="8c84fa94-04c1-424b-9868-57a2d4851a1d" relativeResultsDirectory="482294c5-8339-4e16-8eea-80c28e3f4933" />
    <UnitTestResult executionId="07b606d0-e29b-4eb2-8b9a-f4df5399f028" testId="55c4d7c9-1a77-3691-23a9-aa6ea67285fb" testName="LiteCad.Tests.ResourceMigrationTests.ToolId_IsIndependentFromDisplayText" computerName="DESKTOP-UIGURGP" duration="00:00:00.0003749" startTime="2026-08-19T13:21:26.2279259+03:00" endTime="2026-08-19T13:21:26.2282096+03:00" testType="13cdc9d9-ddb5-4fa4-a97d-d965ccfc6d4b" outcome="Passed" testListId="8c84fa94-04c1-424b-9868-57a2d4851a1d" relativeResultsDirectory="07b606d0-e29b-4eb2-8b9a-f4df5399f028" />
    <UnitTestResult executionId="4cbb9c7f-d531-4a7c-aaf1-828ec277e43b" testId="799127e9-0a06-be24-408e-1165dbd86eab" testName="LiteCad.Tests.FaceIdentityTests.CreateLoop_RecreatedEdgeIdsWithSameVertices_ProducesSameIdentity" computerName="DESKTOP-UIGURGP" duration="00:00:00.0002677" startTime="2026-08-19T13:21:27.9740274+03:00" endTime="2026-08-19T13:21:27.9740790+03:00" testType="13cdc9d9-ddb5-4fa4-a97d-d965ccfc6d4b" outcome="Passed" testListId="8c84fa94-04c1-424b-9868-57a2d4851a1d" relativeResultsDirectory="4cbb9c7f-d531-4a7c-aaf1-828ec277e43b" />
    <UnitTestResult executionId="af3bbc6f-2ab4-43fa-84f0-ea4e3e010911" testId="fe66ccfa-2621-a7ee-776b-369b9cf6277a" testName="LiteCad.Tests.CircleToolTests.Circle_PreviewDoesNotMutateDocument" computerName="DESKTOP-UIGURGP" duration="00:00:00.0010887" startTime="2026-08-19T13:21:27.8031718+03:00" endTime="2026-08-19T13:21:27.8041186+03:00" testType="13cdc9d9-ddb5-4fa4-a97d-d965ccfc6d4b" outcome="Passed" testListId="8c84fa94-04c1-424b-9868-57a2d4851a1d" relativeResultsDirectory="af3bbc6f-2ab4-43fa-84f0-ea4e3e010911" />
    <UnitTestResult executionId="4d4a3050-6aea-4edd-b387-101c24caf09f" testId="525c1ba1-2b01-3049-8a12-948d81757180" testName="LiteCad.Tests.CopyToolTests.CopyCreatesSingleUndoEntry" computerName="DESKTOP-UIGURGP" duration="00:00:00.0022185" startTime="2026-08-19T13:21:28.0080506+03:00" endTime="2026-08-19T13:21:28.0102260+03:00" testType="13cdc9d9-ddb5-4fa4-a97d-d965ccfc6d4b" outcome="Passed" testListId="8c84fa94-04c1-424b-9868-57a2d4851a1d" relativeResultsDirectory="4d4a3050-6aea-4edd-b387-101c24caf09f" />
    <UnitTestResult executionId="2b57ca91-409c-4981-8398-c1e8875a995e" testId="10ea2048-a6a7-c315-9ece-0d3268eb6ad9" testName="LiteCad.Tests.MoveToolTests.MoveVertex_RebuildsFace" computerName="DESKTOP-UIGURGP" duration="00:00:00.0016617" startTime="2026-08-19T13:21:27.0018319+03:00" endTime="2026-08-19T13:21:27.0033875+03:00" testType="13cdc9d9-ddb5-4fa4-a97d-d965ccfc6d4b" outcome="Passed" testListId="8c84fa94-04c1-424b-9868-57a2d4851a1d" relativeResultsDirectory="2b57ca91-409c-4981-8398-c1e8875a995e" />
    <UnitTestResult executionId="a3c55b14-b774-4cb0-855b-bee77651c180" testId="4972d3ca-9fb6-d7d0-502c-15c9baa553f1" testName="LiteCad.Tests.TopologyTests.OutsideToleranceCreatesDifferentVertex" computerName="DESKTOP-UIGURGP" duration="00:00:00.0001736" startTime="2026-08-19T13:21:27.6609528+03:00" endTime="2026-08-19T13:21:27.6610382+03:00" testType="13cdc9d9-ddb5-4fa4-a97d-d965ccfc6d4b" outcome="Passed" testListId="8c84fa94-04c1-424b-9868-57a2d4851a1d" relativeResultsDirectory="a3c55b14-b774-4cb0-855b-bee77651c180" />
    <UnitTestResult executionId="c55185b5-ad0f-44e0-8ab1-cd66e7eca2e6" testId="5570e13b-af9f-04f0-d110-67739b8937de" testName="LiteCad.Tests.FaceRestorationTests.Test3_DeleteEdgeRecreateSameEdge_FaceRestored" computerName="DESKTOP-UIGURGP" duration="00:00:00.0007308" startTime="2026-08-19T13:21:27.0446568+03:00" endTime="2026-08-19T13:21:27.0452859+03:00" testType="13cdc9d9-ddb5-4fa4-a97d-d965ccfc6d4b" outcome="Passed" testListId="8c84fa94-04c1-424b-9868-57a2d4851a1d" relativeResultsDirectory="c55185b5-ad0f-44e0-8ab1-cd66e7eca2e6" />
[...]
    <TestEntry testId="12804470-82b8-3932-5899-9da722f7fac9" executionId="f4d9a9b1-43c7-465f-8678-b0f4878512b7" testListId="8c84fa94-04c1-424b-9868-57a2d4851a1d" />
    <TestEntry testId="e592e66e-5483-c978-c579-f2827197bfe9" executionId="a68ab4a8-7e91-422c-8361-8ba7c4732e59" testListId="8c84fa94-04c1-424b-9868-57a2d4851a1d" />
    <TestEntry testId="3bea380a-6a8b-be36-505b-4a1590753409" executionId="ece2f6f7-236e-40e6-b053-6291fdb6d981" testListId="8c84fa94-04c1-424b-9868-57a2d4851a1d" />
    <TestEntry testId="3b2fd7dd-8c53-e2cc-8572-d4808a5cac65" executionId="ae66002b-4b66-46e2-951f-5f5fe28a0ed1" testListId="8c84fa94-04c1-424b-9868-57a2d4851a1d" />
    <TestEntry testId="651ccdd7-c82f-d693-12a1-92b50a5e800f" executionId="59a843d1-7fc8-4274-8e07-b6422026084f" testListId="8c84fa94-04c1-424b-9868-57a2d4851a1d" />
    <TestEntry testId="ac4bf0d5-269f-de7f-a49e-31eea8f86805" executionId="f23b880e-c2a4-4021-be8d-9633223bb0ba" testListId="8c84fa94-04c1-424b-9868-57a2d4851a1d" />
    <TestEntry testId="a1acb193-f0c3-a9ae-60f3-f351975a4cea" executionId="ea4c57c5-837a-44cd-b979-a5abf5a3f38a" testListId="8c84fa94-04c1-424b-9868-57a2d4851a1d" />
    <TestEntry testId="d8c8b125-e43e-b55e-8529-a880e6080476" executionId="286ab277-7e52-48f0-8248-f09700aa591c" testListId="8c84fa94-04c1-424b-9868-57a2d4851a1d" />
    <TestEntry testId="6612d549-f85f-1d52-e708-b78870aaaf2d" executionId="68b635bd-32b7-4467-ba4e-38cc1f5e8ed8" testListId="8c84fa94-04c1-424b-9868-57a2d4851a1d" />
    <TestEntry testId="1e6d4a8b-6456-bc8b-67f6-b9ead60249d4" executionId="9f08ae83-7b01-4690-90be-6f8b3ce18eb1" testListId="8c84fa94-04c1-424b-9868-57a2d4851a1d" />
    <TestEntry testId="598e986f-94d3-c998-c39d-4f3493e6ac30" executionId="a38fb290-48b9-48e4-99d2-a4d30cd166e3" testListId="8c84fa94-04c1-424b-9868-57a2d4851a1d" />
    <TestEntry testId="b3ad2a2d-90af-b6fa-13db-f8a009e72919" executionId="5537ff16-74f7-472d-b47a-3d9539fb2e3b" testListId="8c84fa94-04c1-424b-9868-57a2d4851a1d" />
    <TestEntry testId="822ac997-84d8-a6cb-cc98-8eb090b0a550" executionId="cefe3767-1c11-4b05-951a-6e141589b92d" testListId="8c84fa94-04c1-424b-9868-57a2d4851a1d" />
    <TestEntry testId="8a47ce15-e251-7b80-411d-a27cae709aa9" executionId="ff0bbdc3-affc-4069-ba53-c7f3fde49865" testListId="8c84fa94-04c1-424b-9868-57a2d4851a1d" />
    <TestEntry testId="1afca7e8-2ab9-b6cd-91fe-46f944bfb38c" executionId="eb8df42b-2e2a-4662-9d51-32e3ec37dfcf" testListId="8c84fa94-04c1-424b-9868-57a2d4851a1d" />
    <TestEntry testId="ceb02fdf-71c7-2d6c-a3f4-6d67832ee8bf" executionId="5873e419-3347-40f8-9c10-e1ffe82d87fd" testListId="8c84fa94-04c1-424b-9868-57a2d4851a1d" />
    <TestEntry testId="b766a1a5-ef8e-081e-8845-a84c8c4e1424" executionId="4fd75dbb-adc1-4b65-b3ab-634eb348e373" testListId="8c84fa94-04c1-424b-9868-57a2d4851a1d" />
    <TestEntry testId="17657e27-1699-c9da-b1d0-dffab8353195" executionId="5b3f49f1-1e63-4499-94ce-6b8f4c26c38d" testListId="8c84fa94-04c1-424b-9868-57a2d4851a1d" />
    <TestEntry testId="56f7cff9-f5e0-e203-685f-a712b0b1adc6" executionId="44ccc43d-7e4d-49d8-8239-107b1dd314e3" testListId="8c84fa94-04c1-424b-9868-57a2d4851a1d" />
    <TestEntry testId="e2866046-f7d7-6f93-a4c1-22103904b6c2" executionId="f336b7da-cdf4-4186-ac4f-4f6e26da6f9f" testListId="8c84fa94-04c1-424b-9868-57a2d4851a1d" />
    <TestEntry testId="1c8bc08c-f9e5-e041-4ece-75c515a268ea" executionId="843ee53e-d1d0-4f42-8a60-52f07e27c7e9" testListId="8c84fa94-04c1-424b-9868-57a2d4851a1d" />
    <TestEntry testId="ccb958a8-5fe4-2959-dd45-dcdac2f8aeb0" executionId="fa64bf44-628b-4078-8d35-7165977bb356" testListId="8c84fa94-04c1-424b-9868-57a2d4851a1d" />
    <TestEntry testId="d9669ea1-a585-073e-5655-96576bac54ea" executionId="3c7ae8f5-4d4f-4dae-a147-75c47e03a40f" testListId="8c84fa94-04c1-424b-9868-57a2d4851a1d" />
    <TestEntry testId="5f92207b-f280-959e-a9e0-f6a6c1159e9b" executionId="c37f7464-05e4-47f8-8229-91d28ae040fb" testListId="8c84fa94-04c1-424b-9868-57a2d4851a1d" />
    <TestEntry testId="5dfb9b31-1881-dca9-b1c0-a7ea6c98b8de" executionId="cbe12ac1-cf7c-4fc3-accb-c9511ab9d893" testListId="8c84fa94-04c1-424b-9868-57a2d4851a1d" />
    <TestEntry testId="844ff9e4-68e6-4976-06bd-5cb49cae5712" executionId="85a15088-a9e9-4ae4-8ba1-acb033f0c924" testListId="8c84fa94-04c1-424b-9868-57a2d4851a1d" />
    <TestEntry testId="4b8c175e-92c0-00db-d7e3-6baf110ef779" executionId="c5db01cc-c46c-4ef7-98f9-44fb4a99473e" testListId="8c84fa94-04c1-424b-9868-57a2d4851a1d" />
    <TestEntry testId="559acba8-5197-1c62-3b97-edab75d6f409" executionId="a215d5e2-4df2-484c-82af-0fa2da02d2e0" testListId="8c84fa94-04c1-424b-9868-57a2d4851a1d" />
    <TestEntry testId="6745420a-ce6c-4556-ec23-a6793cfe6ec8" executionId="951b7131-02e0-406d-a8c3-a0d7a26d9049" testListId="8c84fa94-04c1-424b-9868-57a2d4851a1d" />
    <TestEntry testId="17a638d9-670c-dcab-d625-d9969e3b0089" executionId="28dfa7f2-a4ec-44d8-b8f7-a9cbc491445e" testListId="8c84fa94-04c1-424b-9868-57a2d4851a1d" />
    <TestEntry testId="058b5414-688c-1ca3-c8a2-2d641b0d5ca3" executionId="27e21a6f-dee5-41e0-a307-94b2f48ab49b" testListId="8c84fa94-04c1-424b-9868-57a2d4851a1d" />
    <TestEntry testId="a291d0ca-13ea-b0c1-b55e-bcd4ea08bf6a" executionId="4ab4d459-9fef-4e54-9c42-48c1ac14f5c8" testListId="8c84fa94-04c1-424b-9868-57a2d4851a1d" />
    <TestEntry testId="6c40a7f7-e734-c809-1e3a-ab390e213763" executionId="5b36a7f8-696a-4400-8afe-0060e147e363" testListId="8c84fa94-04c1-424b-9868-57a2d4851a1d" />
    <TestEntry testId="89db96c7-d208-cb3f-7152-f6bb73aa698b" executionId="3164374b-78fe-4f95-8268-685b64f93d37" testListId="8c84fa94-04c1-424b-9868-57a2d4851a1d" />
    <TestEntry testId="e61e61c9-2415-2221-e10e-5bdea4f41f46" executionId="b70cb612-8b44-433c-bbcb-7c91f79cd0d8" testListId="8c84fa94-04c1-424b-9868-57a2d4851a1d" />
    <TestEntry testId="93f85a5f-a91e-ec44-a87b-6f4f38e40bd8" executionId="dcfd1f62-47d6-4f9e-96b9-6498855e0352" testListId="8c84fa94-04c1-424b-9868-57a2d4851a1d" />
    <TestEntry testId="8a3829ec-d14b-150d-06ae-c6778599b814" executionId="c1999c9b-b77f-4603-bf51-f2386d445b90" testListId="8c84fa94-04c1-424b-9868-57a2d4851a1d" />
    <TestEntry testId="9685fd93-f93f-d55d-66bc-ead0ba8e0470" executionId="45eecf47-1d72-40f6-b212-5e2d53d0093d" testListId="8c84fa94-04c1-424b-9868-57a2d4851a1d" />
    <TestEntry testId="1da1d1af-3aa4-30c9-bbf3-21a8595f94bc" executionId="5cbe2b0e-d6fe-4c6c-8d00-8f7d41d5303f" testListId="8c84fa94-04c1-424b-9868-57a2d4851a1d" />
    <TestEntry testId="0aedee8f-b7ae-cca9-e3bc-526d064045d9" executionId="c62d9ded-5e3a-4a19-8f36-875b88b02540" testListId="8c84fa94-04c1-424b-9868-57a2d4851a1d" />
    <TestEntry testId="4802faa0-2eac-4e15-f524-4491449aaf31" executionId="7eb414a8-c1d5-4cc3-9995-39c4caadafe1" testListId="8c84fa94-04c1-424b-9868-57a2d4851a1d" />
    <TestEntry testId="0d2a17c4-6850-fe91-42f2-9366af325bf9" executionId="61d4f696-15b2-465b-897d-61aa3823bc9e" testListId="8c84fa94-04c1-424b-9868-57a2d4851a1d" />
    <TestEntry testId="00cc7e4a-d44d-74b7-bd71-c7464371aea6" executionId="28fcd782-7d1f-4877-891d-4376110e3e61" testListId="8c84fa94-04c1-424b-9868-57a2d4851a1d" />
    <TestEntry testId="d81399d2-bea7-1ee2-22c6-f929395d226c" executionId="ef4b9bb1-58cb-4329-92f9-842674877a7f" testListId="8c84fa94-04c1-424b-9868-57a2d4851a1d" />
    <TestEntry testId="f0f02a5f-25a9-d001-1c4c-f0b3f982f125" executionId="fc8f027e-685d-44ce-8872-181d5751d1d2" testListId="8c84fa94-04c1-424b-9868-57a2d4851a1d" />
    <TestEntry testId="eeb946d2-d68e-58f6-3acc-3ec51f6d5281" executionId="524285d1-1555-4386-8b08-68915490b34c" testListId="8c84fa94-04c1-424b-9868-57a2d4851a1d" />
    <TestEntry testId="6dd6b108-a831-17ca-3b7d-9deefe034914" executionId="64da0a5d-8dbc-41dc-a900-0588cfe8df15" testListId="8c84fa94-04c1-424b-9868-57a2d4851a1d" />
    <TestEntry testId="a6688f70-b2d7-8b31-4cff-541964c135ef" executionId="50860c63-8e0b-400c-aff9-4e715978ee6f" testListId="8c84fa94-04c1-424b-9868-57a2d4851a1d" />
    <TestEntry testId="643ffe7e-feb4-e063-7939-b21dacba080d" executionId="3e6086cb-b880-4321-b7d4-c094cf22920b" testListId="8c84fa94-04c1-424b-9868-57a2d4851a1d" />
    <TestEntry testId="7bae5737-cc22-a261-275c-4c4eba4c124f" executionId="8b90de25-66c6-4b46-b49b-420071b5323d" testListId="8c84fa94-04c1-424b-9868-57a2d4851a1d" />
    <TestEntry testId="d745db1d-d8b8-9cde-1061-e8d9f080e607" executionId="481d0364-e2b4-4a0e-9c99-224afb4b8849" testListId="8c84fa94-04c1-424b-9868-57a2d4851a1d" />
    <TestEntry testId="29f9a41d-1aec-c15a-1f64-d1725c868544" executionId="f0ae7a7b-8050-4e15-b5bf-95b0ffdb47c5" testListId="8c84fa94-04c1-424b-9868-57a2d4851a1d" />
    <TestEntry testId="4627c9f1-9d6c-7113-d0eb-8ad9ea4c10d9" executionId="d5952d28-308e-4905-b5d1-246cae467754" testListId="8c84fa94-04c1-424b-9868-57a2d4851a1d" />
    <TestEntry testId="b8dce92a-6110-a6a0-c34b-e902559a0c36" executionId="473f4fe3-283a-4556-ba94-9b4065bd0681" testListId="8c84fa94-04c1-424b-9868-57a2d4851a1d" />
    <TestEntry testId="a87d5229-83ca-7bbd-a63a-d4ec348bd380" executionId="889e6e25-53f7-48c8-9900-c21813896a53" testListId="8c84fa94-04c1-424b-9868-57a2d4851a1d" />
    <TestEntry testId="1e1ed379-c0a3-ecb6-84cb-7b84afbf8729" executionId="ad6a2777-26e2-4c83-8cb0-7daaef0a20e5" testListId="8c84fa94-04c1-424b-9868-57a2d4851a1d" />
    <TestEntry testId="ac19c1a2-7869-4bc1-231a-9316a15d5092" executionId="e3708e47-3b13-46bd-8c8f-59fcda0c5536" testListId="8c84fa94-04c1-424b-9868-57a2d4851a1d" />
    <TestEntry testId="9b8ef517-953b-ce46-eaf4-18e6d9ce135e" executionId="7d220a5d-feea-4e1b-acb1-ba21e0918152" testListId="8c84fa94-04c1-424b-9868-57a2d4851a1d" />
    <TestEntry testId="1117b3fa-e62a-c648-b598-1d93af3f9c2b" executionId="93ba57a1-8259-48d8-a822-c8ea9916c257" testListId="8c84fa94-04c1-424b-9868-57a2d4851a1d" />
    <TestEntry testId="dc16c0f0-227f-090b-077c-29376233385d" executionId="fa8f747d-df95-48d5-a0cc-d1685032a443" testListId="8c84fa94-04c1-424b-9868-57a2d4851a1d" />
    <TestEntry testId="3566c7e8-8adf-77a5-961e-f93076d5541e" executionId="5d2cbcd4-7039-448f-9696-3e86d88a2150" testListId="8c84fa94-04c1-424b-9868-57a2d4851a1d" />
    <TestEntry testId="9878abda-8ad1-a232-43a9-19ccfa07a231" executionId="8f48da13-cc9e-486e-bac5-8ba2b43eab85" testListId="8c84fa94-04c1-424b-9868-57a2d4851a1d" />
    <TestEntry testId="867ef145-a97a-e078-839c-d7bf1b2071ec" executionId="168dc1d2-ee04-4286-b0d4-b583852507c9" testListId="8c84fa94-04c1-424b-9868-57a2d4851a1d" />
    <TestEntry testId="9a57e412-a6f3-ada7-fe15-2aa3af4c212c" executionId="0c15f95e-631f-4e3d-bdab-91de1770288d" testListId="8c84fa94-04c1-424b-9868-57a2d4851a1d" />
    <TestEntry testId="2cef3964-acf7-7e49-4120-7f37cd344411" executionId="90c151af-7178-45d4-8ea4-ce3d7c1e1aaf" testListId="8c84fa94-04c1-424b-9868-57a2d4851a1d" />
    <TestEntry testId="2b8e7c6d-d5ab-317a-3a6b-a6c846ff2248" executionId="0ace1e95-1c6f-486c-9963-841b449138ad" testListId="8c84fa94-04c1-424b-9868-57a2d4851a1d" />
    <TestEntry testId="4a562c84-56c3-5573-261d-3baf94e03ebf" executionId="33307817-5489-4c4e-b901-f80c72b1c074" testListId="8c84fa94-04c1-424b-9868-57a2d4851a1d" />
    <TestEntry testId="0132699a-8986-ae81-fc9a-2acd808fe6a6" executionId="5ce69bf6-3ef1-4879-877c-417edaadfd82" testListId="8c84fa94-04c1-424b-9868-57a2d4851a1d" />
    <TestEntry testId="945e7315-a8a4-dd06-1439-fffb5238dcad" executionId="8e9da498-d156-49ae-9e10-390b40d0bf3b" testListId="8c84fa94-04c1-424b-9868-57a2d4851a1d" />
    <TestEntry testId="717015d7-049a-25b2-afcc-9144a7c589ce" executionId="b29dd190-7d03-4251-84a4-8625c39ef4df" testListId="8c84fa94-04c1-424b-9868-57a2d4851a1d" />
    <TestEntry testId="e09daa4d-ea9a-cf0b-1f16-ad645417fc40" executionId="36544404-27b3-4580-b2c8-79a2b7ecb190" testListId="8c84fa94-04c1-424b-9868-57a2d4851a1d" />
    <TestEntry testId="95bf116d-4f5e-4410-5142-55c82f197476" executionId="55c1abe8-a52e-4b65-9da6-41a13467889d" testListId="8c84fa94-04c1-424b-9868-57a2d4851a1d" />
    <TestEntry testId="5d8c4cc3-d23a-4d48-cb8b-94e7196c40bd" executionId="05d0cdb3-ee90-469f-b4c9-b610b70c7eed" testListId="8c84fa94-04c1-424b-9868-57a2d4851a1d" />
    <TestEntry testId="243458a0-5dea-3f4e-40a5-283676aa52ca" executionId="9e00079c-c7d0-4d5c-8aac-267ad9a51c7d" testListId="8c84fa94-04c1-424b-9868-57a2d4851a1d" />
    <TestEntry testId="e53548ea-bc4b-10c0-153d-2553cbf7346b" executionId="5dcb7f16-2fef-4ede-9631-bf9dc9661299" testListId="8c84fa94-04c1-424b-9868-57a2d4851a1d" />
    <TestEntry testId="36c84823-7f94-e67b-6275-cf5ded3ee22b" executionId="d7e2cc09-66c0-4ec6-ad43-cf800c0e390d" testListId="8c84fa94-04c1-424b-9868-57a2d4851a1d" />
    <TestEntry testId="82d656bd-0ea5-f81c-2855-2e041a7ccf77" executionId="4759e9cc-06fc-44dd-b6d6-fae90f11b51d" testListId="8c84fa94-04c1-424b-9868-57a2d4851a1d" />
    <TestEntry testId="fd7ee24a-1f64-2b32-6a24-498eb385dffe" executionId="688db014-8f32-4663-bc60-45d703083955" testListId="8c84fa94-04c1-424b-9868-57a2d4851a1d" />
    <TestEntry testId="48636cb2-5253-b6d0-26e5-a23b0315d5ec" executionId="2712a90a-6d92-40c8-b886-61c72e7b646d" testListId="8c84fa94-04c1-424b-9868-57a2d4851a1d" />
    <TestEntry testId="da895449-3d31-6bf1-a495-d4f598a9c47a" executionId="b7a94586-2abe-4d87-959e-c27c4de7aa74" testListId="8c84fa94-04c1-424b-9868-57a2d4851a1d" />
    <TestEntry testId="cd59c953-34a1-19bf-a3e5-7ea18be607ef" executionId="cb728d36-7495-4316-8089-b8e74df611a3" testListId="8c84fa94-04c1-424b-9868-57a2d4851a1d" />
    <TestEntry testId="6d37833c-2583-0a63-00fd-bbb9ee8ab215" executionId="7f1514f6-f4c7-4191-bdc9-82ee3e5edc74" testListId="8c84fa94-04c1-424b-9868-57a2d4851a1d" />
    <TestEntry testId="e78c11ef-87b3-d35e-c021-42c5f53218a5" executionId="de593a67-5208-443e-b941-0e301ff2b5ff" testListId="8c84fa94-04c1-424b-9868-57a2d4851a1d" />
    <TestEntry testId="8b1123e1-c070-ee4f-961f-c4c3061c6faa" executionId="e6603a61-b637-4fb5-8d0e-c4d73eb3e22c" testListId="8c84fa94-04c1-424b-9868-57a2d4851a1d" />
    <TestEntry testId="a876adb2-d8e1-8c11-c81c-05096f2bdbe8" executionId="a3cdb908-4b6b-495b-bf6e-c3b3f9f97fa4" testListId="8c84fa94-04c1-424b-9868-57a2d4851a1d" />
    <TestEntry testId="5c8caa87-6fe9-cead-3c7f-5cf3e86274a6" executionId="8f63db2d-5336-4c81-92bc-866358d5cc22" testListId="8c84fa94-04c1-424b-9868-57a2d4851a1d" />
    <TestEntry testId="57f34c79-2879-8e14-692e-f58e465bdadc" executionId="919d1963-37d3-4a5f-9f9f-6b27615e5417" testListId="8c84fa94-04c1-424b-9868-57a2d4851a1d" />
    <TestEntry testId="8843b006-3f6a-e234-4e73-50af672471a1" executionId="a1e9baaf-73c7-4497-ad75-689c9a82764e" testListId="8c84fa94-04c1-424b-9868-57a2d4851a1d" />
    <TestEntry testId="248ece36-52e8-981f-40e3-8dec796f0576" executionId="61a4f03d-4e15-4bdf-97cf-bc333e1e2bb4" testListId="8c84fa94-04c1-424b-9868-57a2d4851a1d" />
  </TestEntries>
  <TestLists>
    <TestList name="Список результатов" id="8c84fa94-04c1-424b-9868-57a2d4851a1d" />
    <TestList name="Все загруженные результаты" id="19431567-8539-422a-85d7-44ee4e166bda" />
  </TestLists>
  <ResultSummary outcome="Failed">
    <Counters total="339" executed="339" passed="337" failed="2" error="0" timeout="0" aborted="0" inconclusive="0" passedButRunAborted="0" notRunnable="0" notExecuted="0" disconnected="0" warning="0" completed="0" inProgress="0" pending="0" />
    <Output>
      <StdOut>[xUnit.net 00:00:00.00] xUnit.net VSTest Adapter v3.1.4+50e68bbb8b (64-bit .NET 10.0.11)&#xD;
[xUnit.net 00:00:00.09]   Discovering: LiteCad.Tests&#xD;
[xUnit.net 00:00:00.16]   Discovered:  LiteCad.Tests&#xD;
[xUnit.net 00:00:00.21]   Starting:    LiteCad.Tests&#xD;
[xUnit.net 00:00:02.80]       System.ArgumentNullException : Value cannot be null. (Parameter 'inputSource')&#xD;
[xUnit.net 00:00:02.80]       Stack Trace:&#xD;
[xUnit.net 00:00:02.80]            at System.ArgumentNullException.Throw(String paramName)&#xD;
[xUnit.net 00:00:02.80]            at System.ArgumentNullException.ThrowIfNull(Object argument, String paramName)&#xD;
[xUnit.net 00:00:02.80]            at System.Windows.Input.KeyEventArgs..ctor(KeyboardDevice keyboard, PresentationSource inputSource, Int32 timestamp, Key key)&#xD;
[xUnit.net 00:00:02.80]         C:\Users\Admin\source\repos\LiteCad\LiteCad.Tests\StretchToolTests.cs(704,0): at LiteCad.Tests.StretchToolTests.StretchHarness.PressDistanceEnter()&#xD;
[xUnit.net 00:00:02.80]         C:\Users\Admin\source\repos\LiteCad\LiteCad.Tests\StretchToolTests.cs(363,0): at LiteCad.Tests.StretchToolTests.&lt;&gt;c.&lt;StretchDistanceInput_InvalidValuePreserved&gt;b__22_0()&#xD;
[xUnit.net 00:00:02.80]         C:\Users\Admin\source\repos\LiteCad\LiteCad.Tests\StretchToolTests.cs(588,0): at LiteCad.Tests.StretchToolTests.&lt;&gt;c__DisplayClass40_0.&lt;RunSta&gt;b__0()&#xD;
[xUnit.net 00:00:02.80]         --- End of stack trace from previous location ---&#xD;
[xUnit.net 00:00:02.80]         C:\Users\Admin\source\repos\LiteCad\LiteCad.Tests\StretchToolTests.cs(602,0): at LiteCad.Tests.StretchToolTests.RunSta(Action action)&#xD;
[xUnit.net 00:00:02.80]         C:\Users\Admin\source\repos\LiteCad\LiteCad.Tests\StretchToolTests.cs(355,0): at LiteCad.Tests.StretchToolTests.StretchDistanceInput_InvalidValuePreserved()&#xD;
[xUnit.net 00:00:02.80]            at System.Reflection.MethodBaseInvoker.InterpretedInvoke_Method(Object obj, IntPtr* args)&#xD;
[xUnit.net 00:00:02.80]            at System.Reflection.MethodBaseInvoker.InvokeWithNoArgs(Object obj, BindingFlags invokeAttr)&#xD;
[xUnit.net 00:00:02.94]       System.ArgumentNullException : Value cannot be null. (Parameter 'inputSource')&#xD;
[xUnit.net 00:00:02.94]       Stack Trace:&#xD;
[xUnit.net 00:00:02.94]            at System.ArgumentNullException.Throw(String paramName)&#xD;
[xUnit.net 00:00:02.94]            at System.ArgumentNullException.ThrowIfNull(Object argument, String paramName)&#xD;
[xUnit.net 00:00:02.94]            at System.Windows.Input.KeyEventArgs..ctor(KeyboardDevice keyboard, PresentationSource inputSource, Int32 timestamp, Key key)&#xD;
[xUnit.net 00:00:02.94]         C:\Users\Admin\source\repos\LiteCad\LiteCad.Tests\StretchToolTests.cs(704,0): at LiteCad.Tests.StretchToolTests.StretchHarness.PressDistanceEnter()&#xD;
[xUnit.net 00:00:02.94]         C:\Users\Admin\source\repos\LiteCad\LiteCad.Tests\StretchToolTests.cs(347,0): at LiteCad.Tests.StretchToolTests.&lt;&gt;c.&lt;StretchDistanceInput_ClearsAfterCommit&gt;b__21_0()&#xD;
[xUnit.net 00:00:02.94]         C:\Users\Admin\source\repos\LiteCad\LiteCad.Tests\StretchToolTests.cs(588,0): at LiteCad.Tests.StretchToolTests.&lt;&gt;c__DisplayClass40_0.&lt;RunSta&gt;b__0()&#xD;
[xUnit.net 00:00:02.94]         --- End of stack trace from previous location ---&#xD;
[xUnit.net 00:00:02.94]         C:\Users\Admin\source\repos\LiteCad\LiteCad.Tests\StretchToolTests.cs(602,0): at LiteCad.Tests.StretchToolTests.RunSta(Action action)&#xD;
[xUnit.net 00:00:02.94]         C:\Users\Admin\source\repos\LiteCad\LiteCad.Tests\StretchToolTests.cs(339,0): at LiteCad.Tests.StretchToolTests.StretchDistanceInput_ClearsAfterCommit()&#xD;
[xUnit.net 00:00:02.94]            at System.Reflection.MethodBaseInvoker.InterpretedInvoke_Method(Object obj, IntPtr* args)&#xD;
[xUnit.net 00:00:02.94]            at System.Reflection.MethodBaseInvoker.InvokeWithNoArgs(Object obj, BindingFlags invokeAttr)&#xD;
[xUnit.net 00:00:03.06]   Finished:    LiteCad.Tests&#xD;
</StdOut>
    </Output>
    <RunInfos>
      <RunInfo computerName="DESKTOP-UIGURGP" outcome="Error" timestamp="2026-08-19T13:21:28.2610692+03:00">
        <Text>[xUnit.net 00:00:02.79]     LiteCad.Tests.StretchToolTests.StretchDistanceInput_InvalidValuePreserved [FAIL]</Text>
      </RunInfo>
      <RunInfo computerName="DESKTOP-UIGURGP" outcome="Error" timestamp="2026-08-19T13:21:28.4062122+03:00">
        <Text>[xUnit.net 00:00:02.94]     LiteCad.Tests.StretchToolTests.StretchDistanceInput_ClearsAfterCommit [FAIL]</Text>
      </RunInfo>
    </RunInfos>
  </ResultSummary>
</TestRun>